0.0000 1041
0.3032 1040
0.3214 1039
0.3420 1038
0.3605 1037
0.3624 1036
0.4062 1035
0.4255 1034
0.4264 1033
0.4446 1032
0.4632 1031
0.4833 1030
0.5021 1029
0.5204 1028
0.5388 1027
0.5396 1026
0.5568 1025
0.5756 1024
0.5940 1023
0.6137 1022
0.6146 1021
0.6487 1020
0.6660 1019
0.6828 1018
0.7019 1017
0.7038 1016
0.7244 1015
0.7432 1014
0.7617 1013
0.7821 1012
0.8231 1011
0.8240 1010
0.8428 1009
0.8806 1008
0.9002 1007
0.9381 1006
0.9574 1005
0.9737 1004
0.9921 1003
1.0117 1002
1.0299 1001
1.0489 1000
1.0672 999
1.0680 998
1.0864 997
1.0872 996
1.1072 995
1.1080 994
1.1261 993
1.1435 992
1.1618 991
1.1786 990
1.1951 989
1.2148 988
1.2330 987
1.2534 986
1.2729 985
1.3098 984
1.3283 983
1.3639 982
1.3820 981
1.3994 980
1.4170 979
1.4371 978
1.4540 977
1.4737 976
1.4922 975
1.5464 974
1.5641 973
1.5834 972
1.6020 971
1.6212 970
1.6404 969
1.6412 968
1.6609 967
1.6618 966
1.6817 965
1.7016 964
1.7189 963
1.7371 962
1.7379 961
1.7753 960
1.7931 959
1.8113 958
1.8481 957
1.8669 956
1.8838 955
1.8847 954
1.8866 953
1.9036 952
1.9211 951
1.9410 950
1.9600 949
1.9783 948
1.9975 947
2.0505 946
2.0681 945
2.0854 944
2.1039 943
2.1245 942
2.1427 941
2.1596 940
2.1605 939
2.1769 938
2.1950 937
2.2126 936
2.2291 935
2.2467 934
2.2829 933
2.2837 932
2.3022 931
2.3179 930
2.3187 929
2.3519 928
2.3690 927
2.3698 926
2.3706 925
2.3874 924
2.4043 923
2.4050 922
2.4218 921
2.4236 920
2.4405 919
2.4578 918
2.4748 917
2.4926 916
2.4934 915
2.5264 914
2.5424 913
2.5581 912
2.5754 911
2.5922 910
2.6269 909
2.6277 908
2.6445 907
2.6619 906
2.6626 905
2.6785 904
2.7138 903
2.7301 902
2.7452 901
2.7609 900
2.7768 899
2.7776 898
2.7948 897
2.8253 896
2.8415 895
2.8423 894
2.8573 893
2.8581 892
2.8751 891
2.8911 890
2.9240 889
2.9404 888
2.9563 887
2.9738 886
2.9913 885
3.0057 884
3.0221 883
3.0394 882
3.0571 881
3.0731 880
3.0902 879
3.1050 878
3.1057 877
3.1065 876
3.1385 875
3.1555 874
3.1709 873
3.1858 872
3.2016 871
3.2189 870
3.2355 869
3.2514 868
3.2688 867
3.2850 866
3.3005 865
3.3177 864
3.3345 863
3.3352 862
3.3519 861
3.3671 860
3.3813 859
3.3974 858
3.3982 857
3.4112 856
3.4120 855
3.4258 854
3.4428 853
3.4586 852
3.4741 851
3.5038 850
3.5171 849
3.5319 848
3.5632 847
3.5780 846
3.5914 845
3.6065 844
3.6216 843
3.6352 842
3.6503 841
3.6659 840
3.6824 839
3.6831 838
3.7148 837
3.7307 836
3.7469 835
3.8087 834
3.8223 833
3.8385 832
3.8542 831
3.8701 830
3.8856 829
3.9010 828
3.9175 827
3.9336 826
3.9345 825
3.9497 824
3.9806 823
3.9813 822
3.9982 821
4.0149 820
4.0303 819
4.0623 818
4.0767 817
4.0922 816
4.1069 815
4.1223 814
4.1384 813
4.1545 812
4.1705 811
4.1713 810
4.1883 809
4.2036 808
4.2194 807
4.2662 806
4.2951 805
4.3411 804
4.3560 803
4.3873 802
4.4032 801
4.4170 800
4.4650 799
4.4805 798
4.4813 797
4.4956 796
4.5226 795
4.5363 794
4.5370 793
4.5516 792
4.5671 791
4.5821 790
4.5954 789
4.6081 788
4.6683 787
4.6812 786
4.6819 785
4.6973 784
4.7251 783
4.7405 782
4.7553 781
4.7698 780
4.8419 779
4.8567 778
4.8573 777
4.8580 776
4.8874 775
4.9021 774
4.9163 773
4.9285 772
4.9434 771
4.9558 770
4.9709 769
4.9717 768
4.9859 767
4.9984 766
5.0124 765
5.0254 764
5.0388 763
5.0799 762
5.0952 761
5.1094 760
5.1237 759
5.1368 758
5.1500 757
5.1643 756
5.1779 755
5.1909 754
5.2037 753
5.2044 752
5.2051 751
5.2182 750
5.2469 749
5.2620 748
5.2747 747
5.2886 746
5.3025 745
5.3151 744
5.3291 743
5.3402 742
5.3539 741
5.3668 740
5.3798 739
5.4061 738
5.4196 737
5.4324 736
5.4593 735
5.4998 734
5.5144 733
5.5267 732
5.5408 731
5.5545 730
5.5689 729
5.5696 728
5.5829 727
5.5964 726
5.6082 725
5.6213 724
5.6343 723
5.6487 722
5.6613 721
5.6738 720
5.6874 719
5.7395 718
5.7403 717
5.7538 716
5.7663 715
5.7804 714
5.7930 713
5.8055 712
5.8168 711
5.8439 710
5.8578 709
5.8716 708
5.8843 707
5.8969 706
5.9096 705
5.9227 704
5.9483 703
5.9626 702
5.9752 701
5.9886 700
6.0015 699
6.0144 698
6.0270 697
6.0400 696
6.0536 695
6.0799 694
6.0921 693
6.1717 692
6.1835 691
6.1956 690
6.2222 689
6.2339 688
6.2463 687
6.2705 686
6.2842 685
6.3101 684
6.3365 683
6.3371 682
6.3488 681
6.3616 680
6.3751 679
6.3880 678
6.4019 677
6.4391 676
6.4523 675
6.4781 674
6.4903 673
6.5038 672
6.5150 671
6.5271 670
6.5383 669
6.5767 668
6.5892 667
6.6029 666
6.6153 665
6.6279 664
6.6286 663
6.6400 662
6.6512 661
6.6647 660
6.6766 659
6.6887 658
6.7011 657
6.7126 656
6.7240 655
6.7350 654
6.7457 653
6.7701 652
6.7830 651
6.7943 650
6.8064 649
6.8070 648
6.8176 647
6.8287 646
6.8409 645
6.8643 644
6.8757 643
6.8882 642
6.9132 641
6.9237 640
6.9355 639
6.9469 638
6.9582 637
6.9685 636
6.9798 635
6.9920 634
7.0271 633
7.0386 632
7.0501 631
7.0618 630
7.0754 629
7.0867 628
7.0980 627
7.1437 626
7.1556 625
7.1668 624
7.1674 623
7.1806 622
7.1923 621
7.2024 620
7.2141 619
7.2252 618
7.2372 617
7.2596 616
7.2741 615
7.2988 614
7.3214 613
7.3221 612
7.3332 611
7.3440 610
7.3569 609
7.3887 608
7.3998 607
7.4112 606
7.4227 605
7.4237 604
7.4454 603
7.4549 602
7.4645 601
7.4752 600
7.4862 599
7.4978 598
7.5095 597
7.5328 596
7.5441 595
7.5448 594
7.5454 593
7.5564 592
7.5666 591
7.5773 590
7.5882 589
7.5992 588
7.6104 587
7.6213 586
7.6317 585
7.6427 584
7.6538 583
7.6643 582
7.6744 581
7.6856 580
7.6960 579
7.7072 578
7.7170 577
7.8232 576
7.8441 575
7.8536 574
7.8642 573
7.8846 572
7.8947 571
7.9053 570
7.9150 569
7.9459 568
7.9584 567
7.9685 566
7.9790 565
7.9893 564
8.0014 563
8.0222 562
8.0326 561
8.0630 560
8.0837 559
8.0941 558
8.1049 557
8.1144 556
8.1242 555
8.1439 554
8.1534 553
8.1630 552
8.1929 551
8.2141 550
8.2239 549
8.2329 548
8.2419 547
8.2714 546
8.2806 545
8.2894 544
8.3089 543
8.3473 542
8.3569 541
8.3669 540
8.3675 539
8.3757 538
8.3847 537
8.3937 536
8.4032 535
8.4130 534
8.4215 533
8.4308 532
8.4500 531
8.4590 530
8.4952 529
8.5046 528
8.5138 527
8.5233 526
8.5328 525
8.5416 524
8.5597 523
8.5683 522
8.5773 521
8.5858 520
8.5956 519
8.6141 518
8.6321 517
8.6330 516
8.6423 515
8.6514 514
8.6605 513
8.6697 512
8.7050 511
8.7142 510
8.7323 509
8.7408 508
8.7494 507
8.7585 506
8.7677 505
8.7770 504
8.7852 503
8.7942 502
8.8022 501
8.8113 500
8.8197 499
8.8283 498
8.8377 497
8.8468 496
8.8549 495
8.8631 494
8.8636 493
8.8723 492
8.8805 491
8.8890 490
8.8976 489
8.9251 488
8.9330 487
8.9418 486
8.9679 485
8.9770 484
8.9859 483
8.9938 482
9.0125 481
9.0212 480
9.0479 479
9.0563 478
9.0651 477
9.0736 476
9.0825 475
9.1082 474
9.1168 473
9.1258 472
9.1347 471
9.1438 470
9.1524 469
9.1704 468
9.1792 467
9.2132 466
9.2223 465
9.2660 464
9.2745 463
9.2836 462
9.3089 461
9.3173 460
9.3256 459
9.3348 458
9.3353 457
9.3434 456
9.3515 455
9.3598 454
9.3685 453
9.4012 452
9.4092 451
9.4671 450
9.4755 449
9.4993 448
9.5075 447
9.5243 446
9.5325 445
9.5408 444
9.5578 443
9.5744 442
9.5822 441
9.6055 440
9.6129 439
9.6210 438
9.6285 437
9.6362 436
9.6966 435
9.7042 434
9.7347 433
9.7571 432
10.0365 431
10.0745 430
10.0820 429
10.0901 428
10.2302 427
10.2379 426
10.2537 425
10.2615 424
10.2903 423
10.2978 422
10.3051 421
10.3125 420
10.3273 419
10.3800 418
10.4173 417
10.4249 416
10.4391 415
10.8213 414
11.0221 413
11.0891 412
11.1115 411
11.1191 410
11.1268 409
11.1343 408
11.1872 407
11.1952 406
11.2031 405
11.2182 404
11.2264 403
11.2341 402
11.2878 401
11.2950 400
12.3109 399
12.3182 398
12.5349 397
12.5487 396
12.7383 395
12.7456 394
12.8703 393
12.9055 392
13.1042 391
13.1527 390
13.4395 389
13.5555 388
13.6432 387
13.6729 386
18.8719 385
21.4290 384
21.4364 383
21.4434 382
21.6809 381
21.6949 380
21.8608 379
21.8959 378
21.9032 377
21.9240 376
23.3493 375
23.3780 374
23.5284 373
23.5357 372
24.2174 371
24.2514 370
24.9385 369
24.9452 368
25.0044 367
26.2889 366
28.6605 365
28.6804 364
28.7267 363
28.7877 362
28.8651 361
28.8728 360
28.8995 359
28.9192 358
28.9515 357
28.9645 356
28.9904 355
29.6584 354
30.1781 353
30.2493 352
30.3345 351
30.4763 350
30.4893 349
30.5545 348
30.5611 347
30.5678 346
30.5806 345
266.5354 344
266.6346 343
266.6416 342
406.3674 341
406.3938 340
406.4066 339
406.4506 338
406.5142 337
506.9316 336
531.3937 335
640.8912 334
728.3463 333
728.3651 332
728.3903 331
728.6097 330
889.2155 329
