0.0000 1055
0.3001 1054
0.3222 1053
0.3443 1052
0.3657 1051
0.3872 1050
0.4075 1049
0.4273 1048
0.4493 1047
0.4698 1046
0.4887 1045
0.5087 1044
0.5294 1043
0.5489 1042
0.5698 1041
0.5887 1040
0.6101 1039
0.6288 1038
0.6489 1037
0.6700 1036
0.6872 1035
0.7105 1034
0.7540 1033
0.7754 1032
0.8181 1031
0.8382 1030
0.8601 1029
0.8808 1028
0.8817 1027
0.8826 1026
0.9240 1025
0.9252 1024
0.9435 1023
0.9660 1022
0.9840 1021
0.9849 1020
1.0047 1019
1.0456 1018
1.0663 1017
1.0674 1016
1.0683 1015
1.0893 1014
1.0902 1013
1.1112 1012
1.1312 1011
1.1514 1010
1.1704 1009
1.1712 1008
1.1904 1007
1.1914 1006
1.1923 1005
1.2110 1004
1.2119 1003
1.2321 1002
1.2499 1001
1.2692 1000
1.2904 999
1.3097 998
1.3280 997
1.3664 996
1.3856 995
1.4033 994
1.4220 993
1.4410 992
1.4607 991
1.4791 990
1.4978 989
1.5565 988
1.5574 987
1.5788 986
1.5797 985
1.5808 984
1.6027 983
1.6231 982
1.6419 981
1.6606 980
1.6985 979
1.7186 978
1.7599 977
1.7790 976
1.7986 975
1.8189 974
1.8386 973
1.8594 972
1.8800 971
1.9003 970
1.9011 969
1.9390 968
1.9580 967
1.9756 966
1.9929 965
2.0120 964
2.0288 963
2.0451 962
2.1172 961
2.1366 960
2.1375 959
2.1563 958
2.1752 957
2.1942 956
2.2133 955
2.2333 954
2.2511 953
2.2692 952
2.2872 951
2.3052 950
2.3230 949
2.3416 948
2.3578 947
2.3587 946
2.3767 945
2.3945 944
2.4309 943
2.4477 942
2.4641 941
2.5007 940
2.5179 939
2.5351 938
2.5535 937
2.5716 936
2.5898 935
2.5907 934
2.6073 933
2.6275 932
2.6474 931
2.6483 930
2.6680 929
2.6863 928
2.7035 927
2.7398 926
2.7571 925
2.7579 924
2.7754 923
2.7919 922
2.7927 921
2.8112 920
2.8282 919
2.8458 918
2.8631 917
2.8808 916
2.8816 915
2.8825 914
2.9002 913
2.9190 912
2.9381 911
2.9556 910
2.9725 909
2.9912 908
3.0066 907
3.0246 906
3.0428 905
3.0590 904
3.0761 903
3.1099 902
3.1258 901
3.1602 900
3.1965 899
3.2125 898
3.2315 897
3.2495 896
3.2650 895
3.2658 894
3.2667 893
3.2841 892
3.3004 891
3.3882 890
3.4059 889
3.4067 888
3.4549 887
3.4735 886
3.4744 885
3.4905 884
3.5089 883
3.5097 882
3.5611 881
3.5786 880
3.5944 879
3.6111 878
3.6270 877
3.6421 876
3.6601 875
3.6771 874
3.6944 873
3.6953 872
3.7114 871
3.7279 870
3.7455 869
3.7622 868
3.8130 867
3.8294 866
3.8615 865
3.8765 864
3.9287 863
3.9454 862
3.9613 861
3.9769 860
3.9938 859
4.0103 858
4.0267 857
4.0275 856
4.0436 855
4.0792 854
4.0951 853
4.1095 852
4.1264 851
4.1424 850
4.1578 849
4.1745 848
4.2225 847
4.2380 846
4.2546 845
4.2716 844
4.2878 843
4.2886 842
4.3049 841
4.3357 840
4.3660 839
4.4119 838
4.4271 837
4.4421 836
4.4729 835
4.5037 834
4.5221 833
4.5373 832
4.5526 831
4.5674 830
4.5820 829
4.5828 828
4.5989 827
4.6145 826
4.6318 825
4.6481 824
4.6631 823
4.6783 822
4.6954 821
4.6962 820
4.7702 819
4.8627 818
4.8946 817
4.9098 816
4.9250 815
4.9397 814
4.9542 813
4.9690 812
4.9841 811
5.0002 810
5.0162 809
5.0170 808
5.0313 807
5.0462 806
5.0765 805
5.0908 804
5.1065 803
5.1073 802
5.1245 801
5.1399 800
5.1695 799
5.1705 798
5.1851 797
5.1989 796
5.2129 795
5.2281 794
5.2426 793
5.2573 792
5.2726 791
5.2869 790
5.3011 789
5.3159 788
5.3289 787
5.3430 786
5.3718 785
5.3726 784
5.3870 783
5.4025 782
5.4172 781
5.4617 780
5.4765 779
5.4922 778
5.5075 777
5.5349 776
5.5495 775
5.5894 774
5.6039 773
5.6330 772
5.6467 771
5.6474 770
5.6609 769
5.6616 768
5.6773 767
5.6921 766
5.7082 765
5.7221 764
5.7365 763
5.7515 762
5.7669 761
5.7793 760
5.7946 759
5.8092 758
5.8241 757
5.8381 756
5.8528 755
5.8662 754
5.8794 753
5.9097 752
5.9240 751
5.9383 750
5.9536 749
5.9937 748
6.0061 747
6.0196 746
6.0320 745
6.0327 744
6.0477 743
6.0608 742
6.0742 741
6.0877 740
6.1139 739
6.1146 738
6.1269 737
6.1677 736
6.1812 735
6.1952 734
6.2085 733
6.2210 732
6.2346 731
6.2471 730
6.2605 729
6.2752 728
6.2883 727
6.3006 726
6.3142 725
6.3282 724
6.3419 723
6.3554 722
6.3685 721
6.3802 720
6.4214 719
6.4613 718
6.4732 717
6.4849 716
6.4856 715
6.4988 714
6.5114 713
6.5241 712
6.5364 711
6.5492 710
6.5742 709
6.5863 708
6.5985 707
6.6261 706
6.6511 705
6.6631 704
6.6885 703
6.7013 702
6.7147 701
6.7272 700
6.7279 699
6.7401 698
6.7663 697
6.7794 696
6.7923 695
6.8040 694
6.8167 693
6.8288 692
6.8418 691
6.8547 690
6.8676 689
6.8802 688
6.8926 687
6.9057 686
6.9451 685
6.9583 684
6.9710 683
6.9829 682
6.9948 681
7.0073 680
7.0625 679
7.0742 678
7.1095 677
7.1223 676
7.1340 675
7.1460 674
7.1578 673
7.1699 672
7.1829 671
7.1933 670
7.2050 669
7.2171 668
7.2423 667
7.2661 666
7.2789 665
7.2916 664
7.3042 663
7.3159 662
7.3277 661
7.4132 660
7.4254 659
7.4380 658
7.4625 657
7.4633 656
7.5239 655
7.5712 654
7.5822 653
7.5940 652
7.6055 651
7.6180 650
7.6298 649
7.6416 648
7.6524 647
7.6640 646
7.6883 645
7.6999 644
7.7112 643
7.7221 642
7.7338 641
7.7453 640
7.7560 639
7.7914 638
7.8029 637
7.8141 636
7.8246 635
7.8371 634
7.8488 633
7.8608 632
7.8719 631
7.8726 630
7.8844 629
7.8963 628
7.9077 627
7.9205 626
7.9326 625
7.9434 624
7.9548 623
7.9661 622
7.9770 621
7.9876 620
7.9984 619
8.0100 618
8.0210 617
8.0430 616
8.0544 615
8.0651 614
8.0771 613
8.0894 612
8.1006 611
8.1331 610
8.1435 609
8.1537 608
8.1643 607
8.1747 606
8.1858 605
8.2074 604
8.2191 603
8.2407 602
8.2519 601
8.2627 600
8.2725 599
8.2830 598
8.2930 597
8.3031 596
8.3241 595
8.3348 594
8.3555 593
8.3657 592
8.3760 591
8.3864 590
8.4086 589
8.4191 588
8.4311 587
8.4419 586
8.4530 585
8.4628 584
8.4735 583
8.4840 582
8.4940 581
8.5048 580
8.5156 579
8.5553 578
8.5653 577
8.5750 576
8.5859 575
8.5965 574
8.6171 573
8.6270 572
8.6373 571
8.6471 570
8.6576 569
8.6676 568
8.7082 567
8.7176 566
8.7468 565
8.7962 564
8.8250 563
8.8356 562
8.8362 561
8.8465 560
8.8665 559
8.8763 558
8.8952 557
8.9051 556
8.9152 555
8.9250 554
8.9353 553
8.9453 552
8.9459 551
8.9660 550
8.9946 549
9.0046 548
9.0148 547
9.0236 546
9.0623 545
9.0720 544
9.0813 543
9.0907 542
9.1093 541
9.1184 540
9.1278 539
9.1372 538
9.1554 537
9.1644 536
9.1744 535
9.1934 534
9.2322 533
9.2412 532
9.2504 531
9.2592 530
9.2683 529
9.2770 528
9.2867 527
9.2960 526
9.3135 525
9.3226 524
9.3317 523
9.3407 522
9.3493 521
9.3580 520
9.3662 519
9.3754 518
9.4018 517
9.4111 516
9.4201 515
9.4295 514
9.4382 513
9.4472 512
9.4560 511
9.5392 510
9.5480 509
9.5655 508
9.5742 507
9.5826 506
9.5917 505
9.6010 504
9.6100 503
9.6195 502
9.6279 501
9.6453 500
9.6540 499
9.7669 498
9.7850 497
9.8024 496
9.8111 495
9.8195 494
9.8282 493
9.8364 492
9.8449 491
9.8529 490
9.8612 489
9.8696 488
9.8962 487
9.9054 486
9.9142 485
9.9230 484
9.9409 483
9.9587 482
9.9671 481
9.9763 480
9.9927 479
10.0009 478
10.0015 477
10.0177 476
10.0261 475
10.0344 474
10.0426 473
10.0505 472
10.0586 471
10.0746 470
10.0824 469
10.0903 468
10.1067 467
10.1073 466
10.1156 465
10.1238 464
10.1316 463
10.1403 462
10.1488 461
10.1650 460
10.1825 459
10.1988 458
10.2071 457
10.2150 456
10.2692 455
10.2768 454
10.2846 453
10.2925 452
10.3002 451
10.3079 450
10.3160 449
10.3625 448
10.3865 447
10.4096 446
10.4180 445
10.4267 444
10.4354 443
10.4522 442
10.4676 441
10.4750 440
10.4990 439
10.5065 438
10.5143 437
10.5296 436
10.5373 435
10.5529 434
10.5603 433
10.5684 432
10.5766 431
10.5847 430
10.5919 429
10.6065 428
10.6214 427
10.6290 426
10.6369 425
10.6513 424
10.6587 423
10.6670 422
10.7263 421
10.7339 420
10.7708 419
10.8686 418
10.8901 417
10.8974 416
10.9050 415
10.9354 414
10.9503 413
10.9574 412
10.9933 411
11.0076 410
11.0148 409
11.1756 408
11.2115 407
11.4250 406
11.4399 405
11.4541 404
11.5109 403
11.5951 402
11.6244 401
11.6742 400
12.0488 399
12.0561 398
12.0632 397
12.2192 396
12.2402 395
12.3189 394
12.4183 393
12.4259 392
12.4610 391
12.7516 390
13.0471 389
13.5118 388
13.5190 387
13.5263 386
13.5337 385
13.6750 384
13.8021 382
13.8163 381
13.9063 380
13.9212 379
13.9713 378
14.0894 377
19.4526 376
19.8452 375
19.9635 374
19.9773 373
21.7498 372
21.7771 371
21.7851 370
22.0411 369
22.2657 368
22.2938 367
22.3089 366
22.4033 365
22.4437 364
22.5435 363
22.5570 362
22.8540 361
22.8609 360
23.9675 359
24.0004 358
24.0200 357
24.1750 356
32.8828 355
32.9441 354
49.6444 353
50.9792 352
60.2008 351
60.2276 350
85.7503 349
85.9767 348
114.1220 347
114.1355 346
114.1561 345
