0.0000 1025
0.3122 1024
0.3342 1023
0.3548 1022
0.3770 1021
0.3779 1020
0.4183 1019
0.4387 1018
0.4584 1017
0.4593 1016
0.4801 1015
0.4993 1014
0.5195 1013
0.5204 1012
0.5213 1011
0.5417 1010
0.5618 1009
0.5829 1008
0.5838 1007
0.6047 1006
0.6257 1005
0.6679 1004
0.6907 1003
0.6917 1002
0.6926 1001
0.7713 1000
0.7965 999
0.8191 998
0.8393 997
0.8585 996
0.8805 995
0.9015 994
0.9440 993
0.9650 992
0.9838 991
1.0028 990
1.1092 989
1.1294 988
1.1705 987
1.1716 986
1.1914 985
1.2113 984
1.2317 983
1.2514 982
1.2715 981
1.2921 980
1.3111 979
1.3324 978
1.3500 977
1.3691 976
1.3886 975
1.4072 974
1.4248 973
1.4257 972
1.4265 971
1.4462 970
1.4657 969
1.4859 968
1.5067 967
1.5254 966
1.5450 965
1.5640 964
1.6471 963
1.6672 962
1.6877 961
1.6886 960
1.7075 959
1.7271 958
1.7473 957
1.7481 956
1.7666 955
1.7888 954
1.8080 953
1.8275 952
1.8454 951
1.8645 950
1.8849 949
1.8860 948
1.8869 947
1.9065 946
1.9245 945
1.9443 944
1.9632 943
1.9822 942
2.0003 941
2.0172 940
2.0354 939
2.0363 938
2.0550 937
2.0917 936
2.1095 935
2.1309 934
2.1508 933
2.1692 932
2.2080 931
2.2093 930
2.2461 929
2.2471 928
2.2845 927
2.3029 926
2.3222 925
2.3410 924
2.3420 923
2.3619 922
2.3802 921
2.3813 920
2.3821 919
2.4211 918
2.4222 917
2.4407 916
2.4588 915
2.4777 914
2.4971 913
2.5324 912
2.5521 911
2.5682 910
2.5841 909
2.5850 908
2.6191 907
2.6201 906
2.6381 905
2.6573 904
2.6748 903
2.6913 902
2.7090 901
2.7276 900
2.7443 899
2.7606 898
2.7786 897
2.7957 896
2.8141 895
2.8508 894
2.8708 893
2.9086 892
2.9267 891
2.9277 890
2.9449 889
2.9626 888
2.9801 887
3.0017 886
3.0187 885
3.0367 884
3.0552 883
3.1096 882
3.1282 881
3.1444 880
3.1619 879
3.1808 878
3.2002 877
3.2181 876
3.2192 875
3.2385 874
3.2394 873
3.2749 872
3.2759 871
3.2949 870
3.3135 869
3.3499 868
3.3675 867
3.3683 866
3.3850 865
3.4025 864
3.4204 863
3.4212 862
3.4394 861
3.4585 860
3.4764 859
3.5104 858
3.5265 857
3.5414 856
3.5578 855
3.5730 854
3.5909 853
3.6252 852
3.6423 851
3.6611 850
3.6797 849
3.7132 848
3.7282 847
3.7619 846
3.7798 845
3.7971 844
3.8644 843
3.8818 842
3.8993 841
3.9172 840
3.9335 839
3.9490 838
3.9848 837
4.0021 836
4.0187 835
4.0351 834
4.0526 833
4.0697 832
4.0860 831
4.1013 830
4.1174 829
4.1325 828
4.1490 827
4.1676 826
4.1861 825
4.2183 824
4.2192 823
4.2342 822
4.2505 821
4.2516 820
4.2690 819
4.2839 818
4.3014 817
4.3022 816
4.3168 815
4.3667 814
4.3833 813
4.3995 812
4.4004 811
4.4186 810
4.4351 809
4.4496 808
4.4677 807
4.4842 806
4.4985 805
4.5136 804
4.5446 803
4.5456 802
4.5622 801
4.5785 800
4.5945 799
4.6096 798
4.6242 797
4.6375 796
4.6535 795
4.6543 794
4.6551 793
4.6700 792
4.6861 791
4.7139 790
4.7297 789
4.7449 788
4.7614 787
4.7782 786
4.7790 785
4.7941 784
4.8108 783
4.8420 782
4.8589 781
4.8742 780
4.8889 779
4.9039 778
4.9186 777
4.9343 776
4.9492 775
4.9639 774
4.9807 773
4.9954 772
5.0100 771
5.0109 770
5.0560 769
5.0719 768
5.1046 767
5.1058 766
5.1206 765
5.1493 764
5.1500 763
5.1508 762
5.1643 761
5.1799 760
5.1952 759
5.2093 758
5.2236 757
5.2382 756
5.2518 755
5.2811 754
5.2961 753
5.2969 752
5.3107 751
5.3248 750
5.3556 749
5.3704 748
5.3993 747
5.4117 746
5.4249 745
5.4393 744
5.4553 743
5.4709 742
5.4833 741
5.4840 740
5.5265 739
5.5407 738
5.5415 737
5.5563 736
5.5714 735
5.5866 734
5.6015 733
5.6161 732
5.6311 731
5.6439 730
5.6576 729
5.6583 728
5.6726 727
5.6873 726
5.7005 725
5.7156 724
5.7286 723
5.7418 722
5.7694 721
5.7825 720
5.7955 719
5.8111 718
5.8247 717
5.8376 716
5.8512 715
5.8637 714
5.8762 713
5.9032 712
5.9039 711
5.9171 710
5.9458 709
5.9732 708
5.9856 707
5.9989 706
6.0130 705
6.0137 704
6.0537 703
6.0675 702
6.0937 701
6.1072 700
6.1201 699
6.1337 698
6.1464 697
6.1593 696
6.1847 695
6.1978 694
6.2125 693
6.2260 692
6.2400 691
6.2656 690
6.2783 689
6.2912 688
6.2923 687
6.3063 686
6.3197 685
6.3329 684
6.3454 683
6.3585 682
6.3593 681
6.3709 680
6.3845 679
6.3979 678
6.3986 677
6.4122 676
6.4377 675
6.4512 674
6.4640 673
6.4769 672
6.4903 671
6.5030 670
6.5162 669
6.5297 668
6.5436 667
6.5563 666
6.5700 665
6.5832 664
6.5954 663
6.6084 662
6.6507 661
6.6649 660
6.6656 659
6.6777 658
6.6897 657
6.7173 656
6.7294 655
6.7418 654
6.7546 653
6.7679 652
6.7803 651
6.7923 650
6.8043 649
6.8166 648
6.8283 647
6.8401 646
6.8651 645
6.8764 644
6.8884 643
6.9005 642
6.9129 641
6.9261 640
6.9390 639
6.9513 638
6.9627 637
6.9635 636
6.9759 635
6.9891 634
7.0012 633
7.0126 632
7.0240 631
7.0250 630
7.0367 629
7.0483 628
7.0598 627
7.0609 626
7.0729 625
7.0849 624
7.0973 623
7.1107 622
7.1239 621
7.1917 620
7.2044 619
7.2175 618
7.2286 617
7.2399 616
7.2514 615
7.2521 614
7.2636 613
7.2756 612
7.2873 611
7.2992 610
7.3000 609
7.3007 608
7.3126 607
7.3133 606
7.3248 605
7.3367 604
7.3374 603
7.3485 602
7.3600 601
7.3715 600
7.3839 599
7.3955 598
7.4064 597
7.4184 596
7.4299 595
7.4405 594
7.4531 593
7.4646 592
7.4758 591
7.4865 590
7.4971 589
7.5087 588
7.5191 587
7.5314 586
7.5415 585
7.5532 584
7.5635 583
7.5750 582
7.5878 581
7.5992 580
7.6106 579
7.6211 578
7.6317 577
7.6421 576
7.6525 575
7.6641 574
7.6760 573
7.6877 572
7.6983 571
7.7080 570
7.7194 569
7.7293 568
7.7401 567
7.7500 566
7.7613 565
7.7718 564
7.7822 563
7.7932 562
7.7945 561
7.8037 560
7.8133 559
7.8231 558
7.8335 557
7.8441 556
7.8548 555
7.8650 554
7.8750 553
7.8854 552
7.8952 551
7.9048 550
7.9149 549
7.9253 548
7.9350 547
7.9449 546
7.9546 545
7.9648 544
7.9748 543
7.9858 542
7.9959 541
8.0059 540
8.0167 539
8.0262 538
8.0363 537
8.0460 536
8.0563 535
8.0667 534
8.0774 533
8.0873 532
8.0970 531
8.1077 530
8.1170 529
8.1267 528
8.1372 527
8.1462 526
8.1557 525
8.1652 524
8.1748 523
8.1850 522
8.1946 521
8.1955 520
8.2058 519
8.2162 518
8.2258 517
8.2362 516
8.2452 515
8.2542 514
8.2630 513
8.2720 512
8.2815 511
8.2907 510
8.3003 509
8.3095 508
8.3193 507
8.3290 506
8.3386 505
8.3483 504
8.3571 503
8.3665 502
8.3761 501
8.3873 500
8.4048 499
8.4139 498
8.4229 497
