0.0000 993
0.3143 992
0.3344 991
0.3548 990
0.3557 989
0.3762 988
0.3930 987
0.4339 986
0.4543 985
0.4551 984
0.4751 983
0.4941 982
0.5156 981
0.5351 980
0.5535 979
0.5543 978
0.6098 977
0.6295 976
0.6304 975
0.6495 974
0.6866 973
0.7050 972
0.7255 971
0.7632 970
0.7641 969
0.7812 968
0.7999 967
0.8008 966
0.8183 965
0.8360 964
0.8543 963
0.8755 962
0.8958 961
0.9139 960
0.9150 959
0.9338 958
0.9513 957
0.9706 956
1.0084 955
1.0283 954
1.0487 953
1.0652 952
1.0847 951
1.0855 950
1.1043 949
1.1239 948
1.1420 947
1.1799 946
1.1965 945
1.1974 944
1.2148 943
1.2339 942
1.2504 941
1.2690 940
1.2870 939
1.3047 938
1.3055 937
1.3244 936
1.3429 935
1.3617 934
1.3792 933
1.3800 932
1.4161 931
1.4170 930
1.4340 929
1.4692 928
1.4701 927
1.4878 926
1.5058 925
1.5258 924
1.5266 923
1.5274 922
1.5459 921
1.5792 920
1.5968 919
1.6334 918
1.6515 917
1.6683 916
1.6841 915
1.7013 914
1.7176 913
1.7335 912
1.7496 911
1.7691 910
1.7866 909
1.8024 908
1.8198 907
1.8392 906
1.8586 905
1.8755 904
1.8928 903
1.9469 902
1.9801 901
1.9977 900
2.0350 899
2.0514 898
2.0681 897
2.0849 896
2.1024 895
2.1203 894
2.1384 893
2.1551 892
2.2050 891
2.2387 890
2.2551 889
2.2736 888
2.3092 887
2.3100 886
2.3263 885
2.3271 884
2.3449 883
2.3605 882
2.3770 881
2.3935 880
2.4114 879
2.4273 878
2.4432 877
2.4612 876
2.4777 875
2.4939 874
2.5122 873
2.5293 872
2.5448 871
2.5599 870
2.5755 869
2.5909 868
2.6081 867
2.6430 866
2.6608 865
2.7606 864
2.7779 863
2.7958 862
2.8109 861
2.8273 860
2.8447 859
2.8616 858
2.8770 857
2.8778 856
2.9432 855
2.9441 854
2.9608 853
2.9770 852
2.9919 851
3.0092 850
3.0254 849
3.0393 848
3.0560 847
3.0732 846
3.0894 845
3.1051 844
3.1520 843
3.1680 842
3.1825 841
3.1833 840
3.1983 839
3.1991 838
3.2154 837
3.2303 836
3.2454 835
3.2623 834
3.2631 833
3.2782 832
3.2931 831
3.2939 830
3.3272 829
3.3438 828
3.3617 827
3.3771 826
3.3924 825
3.3932 824
3.4589 823
3.4741 822
3.4893 821
3.5050 820
3.5202 819
3.5361 818
3.5682 817
3.5836 816
3.5997 815
3.6472 814
3.6622 813
3.6800 812
3.6807 811
3.6958 810
3.6966 809
3.7125 808
3.7590 807
3.7744 806
3.7896 805
3.8067 804
3.8409 803
3.8556 802
3.8706 801
3.8714 800
3.8845 799
3.8853 798
3.9145 797
3.9442 796
3.9587 795
3.9745 794
3.9900 793
3.9908 792
4.0061 791
4.0069 790
4.0362 789
4.0371 788
4.0520 787
4.0669 786
4.1110 785
4.1282 784
4.1721 783
4.1729 782
4.1879 781
4.2029 780
4.2176 779
4.2320 778
4.2463 777
4.2470 776
4.2478 775
4.2773 774
4.2917 773
4.3060 772
4.3201 771
4.3491 770
4.3648 769
4.4088 768
4.4233 767
4.4517 766
4.4656 765
4.4663 764
4.4807 763
4.5090 762
4.5241 761
4.5523 760
4.5723 759
4.5867 758
4.7229 757
4.7373 756
4.7502 755
4.7641 754
4.7783 753
4.7921 752
4.8809 751
4.9091 750
4.9222 749
4.9371 748
4.9508 747
4.9519 746
5.0442 745
5.0578 744
5.0719 743
5.0726 742
5.0862 741
5.1006 740
5.1160 739
5.1299 738
5.1432 737
5.1572 736
5.3225 735
5.3924 734
5.3932 733
5.4078 732
5.4219 731
5.4373 730
5.4735 729
5.5300 728
5.5451 727
5.5588 726
5.5879 725
5.6015 724
5.6287 723
5.6435 722
5.6568 721
5.6705 720
5.7132 719
5.7263 718
5.7270 717
5.7403 716
5.7539 715
5.7669 714
5.7808 713
5.7945 712
5.8069 711
5.8482 710
5.8491 709
5.9018 708
5.9148 707
5.9156 706
5.9283 705
5.9415 704
5.9541 703
5.9680 702
5.9800 701
5.9932 700
6.0184 699
6.0322 698
6.0453 697
6.0586 696
6.0713 695
6.0844 694
6.0966 693
6.1094 692
6.1359 691
6.1490 690
6.1611 689
6.1733 688
6.1844 687
6.1955 686
6.2091 685
6.2214 684
6.2737 683
6.2858 682
6.3380 681
6.4052 680
6.4178 679
6.4297 678
6.4412 677
6.4538 676
6.4665 675
6.4781 674
6.4909 673
6.5036 672
6.5151 671
6.5275 670
6.5792 669
6.5928 668
6.6053 667
6.6179 666
6.6308 665
6.6429 664
6.6564 663
6.6679 662
6.6817 661
6.6948 660
6.7071 659
6.7196 658
6.7203 657
6.7325 656
6.7460 655
6.7587 654
6.7693 653
6.8162 652
6.8289 651
6.8523 650
6.8640 649
6.8766 648
6.9022 647
6.9145 646
6.9261 645
6.9380 644
6.9493 643
6.9611 642
6.9729 641
6.9975 640
7.0112 639
7.0231 638
7.0350 637
7.0469 636
7.0585 635
7.0701 634
7.0944 633
7.1060 632
7.1183 631
7.1190 630
7.1304 629
7.1415 628
7.1530 627
7.1779 626
7.1893 625
7.2009 624
7.2128 623
7.2244 622
7.2352 621
7.2463 620
7.2573 619
7.2580 618
7.2693 617
7.3159 616
7.3270 615
7.3392 614
7.3508 613
7.3624 612
7.3733 611
7.3838 610
7.3950 609
7.4056 608
7.4280 607
7.4384 606
7.4483 605
7.4595 604
7.4892 603
7.5003 602
7.5124 601
7.5248 600
7.5358 599
7.5572 598
7.5579 597
7.5693 596
7.5799 595
7.5900 594
7.6009 593
7.6115 592
7.6465 591
7.6569 590
7.6671 589
7.6775 588
7.7085 587
7.7192 586
7.7293 585
7.7395 584
7.7602 583
7.7700 582
7.7897 581
7.8435 580
7.8443 579
7.8559 578
7.8670 577
7.8788 576
7.8914 575
7.9221 574
7.9319 573
7.9420 572
7.9515 571
7.9716 570
7.9818 569
7.9923 568
8.0135 567
8.0234 566
8.0329 565
8.0428 564
8.0526 563
8.0631 562
8.0732 561
8.0839 560
8.0941 559
8.1036 558
8.1248 557
8.1255 556
8.1357 555
8.1455 554
8.1564 553
8.1571 552
8.1672 551
8.1778 550
8.1875 549
8.1964 548
8.2062 547
8.2154 546
8.2247 545
8.2338 544
8.2435 543
8.2528 542
8.2621 541
8.2719 540
8.2905 539
8.3006 538
8.3101 537
8.3309 536
8.3494 535
8.3587 534
8.3873 533
8.4063 532
8.4356 531
8.4450 530
8.4547 529
8.4640 528
8.4731 527
8.4822 526
8.4918 525
8.5011 524
8.5104 523
8.5195 522
8.5295 521
8.5389 520
8.5758 519
8.5852 518
8.5942 517
8.6134 516
8.6227 515
8.6320 514
8.6408 513
8.6586 512
8.6682 511
8.7438 510
8.7530 509
8.7642 508
8.7733 507
8.7827 506
8.8289 505
8.8473 504
8.8566 503
8.9019 502
8.9107 501
8.9195 500
8.9283 499
8.9375 498
8.9458 497
8.9544 496
8.9895 495
8.9976 494
9.0072 493
9.0247 492
9.0254 491
9.0260 490
9.0344 489
9.0428 488
9.0511 487
9.0765 486
9.1027 485
9.1114 484
9.1200 483
9.1286 482
9.1627 481
9.1803 480
9.1892 479
9.1976 478
9.2057 477
9.2140 476
9.2227 475
9.2721 474
9.2804 473
9.3148 472
9.3229 471
9.3235 470
9.3317 469
9.3561 468
9.4145 467
9.4233 466
9.4480 465
9.4646 464
9.4725 463
9.4812 462
9.5062 461
9.5151 460
9.5157 459
9.5319 458
9.5404 457
9.5568 456
9.5655 455
9.6069 454
9.6163 453
9.7307 452
9.7390 451
9.7881 450
9.7971 449
9.8639 448
9.8970 447
9.9318 446
9.9484 445
9.9565 444
9.9644 443
9.9812 442
9.9893 441
9.9972 440
10.0216 439
10.0302 438
10.0386 437
10.0467 436
10.0472 435
10.0561 434
10.0640 433
10.0928 432
10.1010 431
10.1169 430
10.1341 429
10.1432 428
10.1913 427
10.2073 426
10.2151 425
10.2230 424
10.3387 423
10.3470 422
10.3710 421
10.3793 420
10.5809 419
10.5886 418
10.6042 417
10.6355 416
10.6437 415
10.6515 414
10.6593 413
10.6754 412
10.8434 411
10.8760 410
10.9280 409
10.9512 408
10.9590 407
10.9668 406
10.9972 405
11.0120 404
11.0275 403
11.0949 402
11.0958 401
11.1108 400
11.1888 399
11.2642 398
11.2866 397
11.3016 396
11.3163 395
11.3316 394
13.1331 393
13.6086 392
13.7067 391
13.7427 390
13.8539 389
13.8685 388
13.8997 387
13.9215 386
15.8925 385
19.1027 384
20.7169 383
20.7246 382
21.0830 381
21.1193 380
21.1410 379
21.2884 378
21.4436 377
21.8306 376
22.0726 375
22.0869 374
22.1142 373
22.1281 372
22.1352 371
22.1490 370
22.8877 369
23.0321 368
23.0606 367
23.2183 366
23.2255 365
23.3474 364
