0.0000 1013
0.2953 1012
0.3140 1011
0.3341 1010
0.3528 1009
0.3725 1008
0.3746 1007
0.4146 1006
0.4334 1005
0.4542 1004
0.4733 1003
0.4917 1002
0.5315 1001
0.5514 1000
0.5710 999
0.5908 998
0.5917 997
0.6102 996
0.6317 995
0.6717 994
0.6921 993
0.6930 992
0.7116 991
0.7324 990
0.7333 989
0.7551 988
0.7754 987
0.7961 986
0.8375 985
0.8586 984
0.8767 983
0.8961 982
0.9176 981
0.9387 980
0.9590 979
0.9788 978
1.0005 977
1.0195 976
1.0204 975
1.0602 974
1.0796 973
1.0989 972
1.0999 971
1.1180 970
1.1379 969
1.2369 968
1.2563 967
1.2767 966
1.3130 965
1.3518 964
1.3914 963
1.4311 962
1.4711 961
1.4917 960
1.5317 959
1.5327 958
1.5519 957
1.5705 956
1.5904 955
1.6094 954
1.6103 953
1.6267 952
1.6438 951
1.6619 950
1.6627 949
1.6800 948
1.6970 947
1.6979 946
1.7170 945
1.7547 944
1.7730 943
1.7905 942
1.8089 941
1.8274 940
1.8628 939
1.8807 938
1.8997 937
1.9188 936
1.9384 935
1.9393 934
1.9402 933
1.9586 932
1.9764 931
1.9937 930
1.9946 929
2.0372 928
2.0554 927
2.0891 926
2.1062 925
2.1233 924
2.1412 923
2.1573 922
2.1749 921
2.1758 920
2.1928 919
2.2109 918
2.2118 917
2.2305 916
2.2314 915
2.2483 914
2.2491 913
2.2658 912
2.2823 911
2.3003 910
2.3168 909
2.3325 908
2.3531 907
2.3704 906
2.3888 905
2.3897 904
2.4248 903
2.4440 902
2.4785 901
2.4794 900
2.4972 899
2.5154 898
2.5332 897
2.5518 896
2.5686 895
2.5865 894
2.6030 893
2.6208 892
2.6216 891
2.6382 890
2.6565 889
2.6745 888
2.6754 887
2.6933 886
2.7090 885
2.7274 884
2.7455 883
2.7464 882
2.7650 881
2.7833 880
2.8187 879
2.8366 878
2.8551 877
2.8730 876
2.8911 875
2.9067 874
2.9415 873
2.9759 872
2.9931 871
3.0114 870
3.0312 869
3.0482 868
3.0652 867
3.0818 866
3.0984 865
3.1158 864
3.1167 863
3.1319 862
3.1487 861
3.2065 860
3.2236 859
3.2581 858
3.2766 857
3.3110 856
3.3276 855
3.3441 854
3.3598 853
3.3606 852
3.3614 851
3.3925 850
3.4083 849
3.4279 848
3.4289 847
3.4298 846
3.4463 845
3.4624 844
3.4949 843
3.5110 842
3.5289 841
3.5298 840
3.5306 839
3.5970 838
3.6128 837
3.6136 836
3.6968 835
3.7134 834
3.7308 833
3.7478 832
3.7637 831
3.7828 830
3.7991 829
3.8138 828
3.8289 827
3.8439 826
3.8598 825
3.8605 824
3.8933 823
3.9098 822
3.9255 821
3.9397 820
3.9567 819
3.9760 818
3.9909 817
4.0061 816
4.0205 815
4.0361 814
4.0673 813
4.0827 812
4.0990 811
4.1135 810
4.1493 809
4.1652 808
4.1809 807
4.1817 806
4.1825 805
4.1966 804
4.2294 803
4.2431 802
4.3366 801
4.3514 800
4.3644 799
4.3805 798
4.3813 797
4.3974 796
4.4444 795
4.4601 794
4.4609 793
4.4941 792
4.5115 791
4.5256 790
4.5401 789
4.5554 788
4.5562 787
4.5712 786
4.5873 785
4.6028 784
4.6195 783
4.6358 782
4.6517 781
4.6670 780
4.6804 779
4.6961 778
4.7117 777
4.7413 776
4.7553 775
4.7707 774
4.7860 773
4.8173 772
4.8324 771
4.8480 770
4.8631 769
4.8781 768
4.8923 767
4.9065 766
4.9226 765
4.9398 764
4.9869 763
5.0014 762
5.0162 761
5.0303 760
5.0439 759
5.0732 758
5.0872 757
5.1016 756
5.1027 755
5.1179 754
5.1320 753
5.1471 752
5.2485 751
5.3239 750
5.4551 749
5.5168 748
5.5321 747
5.5477 746
5.5484 745
5.5616 744
5.5624 743
5.6378 742
5.6517 741
5.6652 740
5.6795 739
5.6947 738
5.6954 737
5.6962 736
5.7100 735
5.7244 734
5.7386 733
5.7515 732
5.7659 731
5.7805 730
5.7958 729
5.8100 728
5.8242 727
5.8387 726
5.8522 725
5.8667 724
5.8795 723
5.8925 722
5.9049 721
5.9183 720
5.9312 719
5.9445 718
5.9737 717
5.9866 716
5.9992 715
6.0132 714
6.0269 713
6.0393 712
6.0521 711
6.0648 710
6.0775 709
6.1439 708
6.1448 707
6.1689 706
6.1811 705
6.1929 704
6.2062 703
6.2192 702
6.2308 701
6.2428 700
6.2437 699
6.2569 698
6.2691 697
6.2821 696
6.2946 695
6.3109 694
6.3246 693
6.3378 692
6.3515 691
6.3639 690
6.3773 689
6.3911 688
6.4045 687
6.4053 686
6.4185 685
6.4314 684
6.4442 683
6.4450 682
6.4571 681
6.4968 680
6.5232 679
6.5358 678
6.5489 677
6.5615 676
6.5734 675
6.5857 674
6.5864 673
6.5987 672
6.6120 671
6.6374 670
6.6513 669
6.6642 668
6.6996 667
6.7117 666
6.7240 665
6.7382 664
6.7516 663
6.7905 662
6.8147 661
6.8278 660
6.8398 659
6.8525 658
6.8779 657
6.8892 656
6.9024 655
6.9132 654
6.9254 653
6.9388 652
6.9504 651
6.9622 650
6.9737 649
6.9868 648
6.9999 647
7.0124 646
7.0243 645
7.0364 644
7.0485 643
7.0611 642
7.0730 641
7.0737 640
7.0962 639
7.1079 638
7.1198 637
7.1438 636
7.1547 635
7.1796 634
7.1914 633
7.1921 632
7.2041 631
7.2149 630
7.2267 629
7.2384 628
7.2491 627
7.2621 626
7.2739 625
7.2850 624
7.2981 623
7.3081 622
7.3204 621
7.3975 620
7.4105 619
7.4233 618
7.4368 617
7.4486 616
7.4599 615
7.4813 614
7.4929 613
7.5038 612
7.5148 611
7.5374 610
7.5483 609
7.5607 608
7.5988 607
7.6112 606
7.6224 605
7.6458 604
7.6573 603
7.6682 602
7.6799 601
7.6924 600
7.7500 599
7.7610 598
7.7715 597
7.7832 596
7.7947 595
7.7956 594
7.8184 593
7.8291 592
7.8519 591
7.8636 590
7.8749 589
7.8854 588
7.9205 587
7.9320 586
7.9432 585
7.9644 584
7.9752 583
7.9870 582
7.9977 581
8.0078 580
8.0183 579
8.0288 578
8.1053 577
8.1154 576
8.1260 575
8.1375 574
8.1598 573
8.2134 572
8.2245 571
8.2350 570
8.2454 569
8.2560 568
8.2672 567
8.2771 566
8.2881 565
8.2989 564
8.3090 563
8.3407 562
8.3510 561
8.3613 560
8.3728 559
8.3923 558
8.4022 557
8.4239 556
8.4340 555
8.4440 554
8.4545 553
8.4643 552
8.4849 551
8.4948 550
8.5043 549
8.5050 548
8.5155 547
8.5259 546
8.5365 545
8.5474 544
8.5583 543
8.5683 542
8.5888 541
8.5983 540
8.6082 539
8.6181 538
8.6276 537
8.6463 536
8.6549 535
8.6648 534
8.6739 533
8.6839 532
8.6934 531
8.7142 530
8.7241 529
8.7347 528
8.7446 527
8.7548 526
8.7745 525
8.7842 524
8.8430 523
8.8528 522
8.8622 521
8.8717 520
8.8811 519
8.8914 518
8.9004 517
8.9097 516
8.9189 515
8.9571 514
8.9662 513
8.9755 512
8.9845 511
8.9939 510
9.0029 509
9.0123 508
9.0214 507
9.0304 506
9.0590 505
9.0685 504
9.0784 503
9.0876 502
9.0966 501
9.1060 500
9.1147 499
9.1240 498
9.1325 497
9.1417 496
9.1513 495
9.1610 494
9.1788 493
9.1795 492
9.1893 491
9.2337 490
9.2422 489
9.2516 488
9.2960 487
9.3045 486
9.3130 485
9.3216 484
9.3306 483
9.3395 482
9.3487 481
9.3571 480
9.3658 479
9.3742 478
9.3912 477
9.3998 476
9.4082 475
9.4261 474
9.4350 473
9.4784 472
9.5197 471
9.5282 470
9.5371 469
9.5460 468
9.5545 467
9.5632 466
9.5717 465
9.5971 464
9.6136 463
9.6225 462
9.6232 461
9.6322 460
9.6489 458
9.6575 457
9.6666 456
9.6748 455
9.6828 454
9.7000 453
9.7079 452
9.7165 451
9.7257 450
9.7338 449
9.8038 448
9.8123 447
9.8434 446
9.8674 445
9.8754 444
9.8841 443
9.8928 442
9.9011 441
9.9096 440
9.9174 439
9.9642 438
9.9723 437
9.9803 436
9.9887 435
10.0039 434
10.0187 433
10.0193 432
10.0497 431
10.0717 430
10.0791 429
10.0945 428
10.1022 427
10.1098 426
10.1542 425
10.1764 424
10.1909 423
10.2054 422
10.2204 421
10.2348 420
10.9007 419
10.9082 418
10.9683 417
10.9829 416
11.0051 415
11.0130 414
11.0205 413
11.0282 412
11.0444 411
11.0519 410
11.0598 409
11.0675 408
11.0825 407
11.1050 406
11.1345 405
11.6471 404
11.6991 403
11.7215 402
11.7569 401
11.8102 400
11.8176 399
11.8399 398
11.8544 397
12.5476 396
12.6248 395
12.6457 394
12.6605 393
12.6681 392
12.6828 391
12.9154 390
12.9226 389
12.9777 388
12.9983 387
13.0052 386
13.0127 385
13.3290 384
13.6163 383
13.6641 382
13.6711 381
14.7563 380
22.1303 379
22.1440 378
22.1783 377
22.6454 376
22.6925 375
22.7465 374
22.7599 373
22.7799 372
22.7999 371
23.0273 370
23.0754 369
23.1644 368
30.8782 367
30.8853 366
31.2528 365
31.2729 364
31.3333 363
31.3533 362
31.8304 361
31.8380 360
31.9233 359
32.0805 358
32.1075 357
32.1731 356
32.2535 355
32.2883 354
32.2955 353
67.5996 352
67.6390 351
106.1584 350
150.8548 349
151.1196 348
151.1395 347
151.1850 346
211.5032 345
252.3961 344
252.4483 343
252.7395 342
295.6657 341
295.6865 340
295.6937 339
295.7396 338
295.9791 337
296.1306 336
473.3155 335
727.2072 334
727.2602 333
779.5997 332
