0.0000 1031
0.2861 1030
0.3063 1029
0.3274 1028
0.3848 1027
0.4061 1026
0.4283 1025
0.4482 1024
0.4686 1023
0.4880 1022
0.5288 1021
0.5500 1020
0.5687 1019
0.5902 1018
0.5910 1017
0.6107 1016
0.6116 1015
0.6125 1014
0.6336 1013
0.6535 1012
0.6733 1011
0.6933 1010
0.7133 1009
0.7332 1008
0.7757 1007
0.7963 1006
0.8140 1005
0.8149 1004
0.8547 1003
0.9128 1002
0.9310 1001
0.9495 1000
0.9504 999
0.9683 998
1.0065 997
1.0239 996
1.0633 995
1.0815 994
1.1013 993
1.1202 992
1.1406 991
1.1592 990
1.1785 989
1.1794 988
1.1978 987
1.2161 986
1.2170 985
1.2751 984
1.2928 983
1.3330 982
1.3502 981
1.3688 980
1.3874 979
1.4079 978
1.4283 977
1.4476 976
1.4673 975
1.4864 974
1.4872 973
1.5059 972
1.5251 971
1.5259 970
1.5459 969
1.5666 968
1.5841 967
1.6027 966
1.6035 965
1.6224 964
1.6400 963
1.6609 962
1.6814 961
1.6997 960
1.7187 959
1.7568 958
1.7768 957
1.7952 956
1.8135 955
1.8145 954
1.8336 953
1.8527 952
1.8720 951
1.9099 950
1.9287 949
1.9492 948
2.0266 947
2.0559 946
2.0750 945
2.0933 944
2.1129 943
2.1309 942
2.1698 941
2.1878 940
2.2070 939
2.2080 938
2.2445 937
2.2624 936
2.2805 935
2.2991 934
2.3178 933
2.3350 932
2.3526 931
2.3695 930
2.3859 929
2.4044 928
2.4220 927
2.4411 926
2.4595 925
2.4779 924
2.4956 923
2.5148 922
2.5415 921
2.5597 920
2.5764 919
2.5773 918
2.5946 917
2.6109 916
2.6274 915
2.6282 914
2.6474 913
2.6636 912
2.6999 911
2.7166 910
2.7324 909
2.7496 908
2.7677 907
2.7685 906
2.7693 905
2.7862 904
2.8052 903
2.8216 902
2.8574 901
2.8761 900
2.8945 899
2.9336 898
2.9533 897
2.9748 896
2.9927 895
3.0144 894
3.0152 893
3.0309 892
3.0501 891
3.0685 890
3.0912 889
3.1105 888
3.1116 887
3.1301 886
3.1479 885
3.1907 884
3.2079 883
3.2280 882
3.2463 881
3.2666 880
3.2966 879
3.4009 878
3.4180 877
3.4353 876
3.4523 875
3.4689 874
3.4871 873
3.5832 872
3.6008 871
3.6181 870
3.6403 869
3.6581 868
3.6755 867
3.6945 866
3.6953 865
3.7305 864
3.7452 863
3.7620 862
3.7788 861
3.8482 860
3.8654 859
3.8821 858
3.9008 857
3.9736 856
4.0077 855
4.0237 854
4.0393 853
4.0553 852
4.0719 851
4.0868 850
4.1037 849
4.1190 848
4.1350 847
4.1509 846
4.1654 845
4.2143 844
4.2485 843
4.2633 842
4.2796 841
4.3130 840
4.3461 839
4.3643 838
4.3798 837
4.3972 836
4.4132 835
4.4298 834
4.4466 833
4.4640 832
4.4808 831
4.4984 830
4.5136 829
4.5287 828
4.5437 827
4.5597 826
4.5917 825
4.6069 824
4.6245 823
4.6407 822
4.6579 821
4.7237 820
4.7415 819
4.7578 818
4.7875 817
4.8216 816
4.8371 815
4.8539 814
4.8843 813
4.9332 812
4.9498 811
4.9659 810
4.9828 809
4.9995 808
5.0318 807
5.0486 806
5.0645 805
5.0820 804
5.0966 803
5.1135 802
5.1739 801
5.1894 800
5.2042 799
5.2525 798
5.2666 797
5.3006 796
5.3169 795
5.3320 794
5.3517 793
5.3677 792
5.3685 791
5.3833 790
5.3843 789
5.3999 788
5.4140 787
5.4448 786
5.4619 785
5.4754 784
5.5061 783
5.5215 782
5.5369 781
5.5516 780
5.5655 779
5.6085 778
5.6093 777
5.6244 776
5.6409 775
5.6558 774
5.6693 773
5.6847 772
5.7003 771
5.7146 770
5.7758 769
5.7916 768
5.8599 767
5.8767 766
5.8927 765
5.9078 764
5.9240 763
5.9395 762
5.9542 761
5.9687 760
5.9849 759
6.0138 758
6.0567 757
6.0712 756
6.1003 755
6.1150 754
6.1288 753
6.1426 752
6.1572 751
6.1712 750
6.1860 749
6.2013 748
6.2150 747
6.2302 746
6.2437 745
6.2578 744
6.2872 743
6.2880 742
6.3023 741
6.3170 740
6.3309 739
6.3455 738
6.3599 737
6.3744 736
6.3752 735
6.3892 734
6.4044 733
6.4332 732
6.4477 731
6.4485 730
6.4503 729
6.4511 728
6.4800 727
6.4946 726
6.4954 725
6.5104 724
6.5246 723
6.5254 722
6.5390 721
6.5522 720
6.5657 719
6.5798 718
6.5951 717
6.6087 716
6.6372 715
6.6513 714
6.6648 713
6.6784 712
6.6918 711
6.7041 710
6.7167 709
6.7300 708
6.7424 707
6.7555 706
6.7700 705
6.7707 704
6.8128 703
6.8248 702
6.8655 701
6.8910 700
6.8918 699
6.9047 698
6.9176 697
6.9314 696
6.9322 695
6.9443 694
6.9573 693
6.9703 692
7.0278 691
7.0417 690
7.0558 689
7.0798 688
7.0807 687
7.0964 686
7.1095 685
7.1242 684
7.1502 683
7.1630 682
7.1766 681
7.1887 680
7.2022 679
7.2029 678
7.2174 677
7.2182 676
7.2428 675
7.2711 674
7.2973 673
7.2981 672
7.3509 671
7.3517 670
7.3633 669
7.3756 668
7.3872 667
7.4286 666
7.4578 665
7.4702 664
7.5197 663
7.5312 662
7.5459 661
7.5577 660
7.5976 659
7.6112 658
7.6250 657
7.6379 656
7.6508 655
7.6628 654
7.6755 653
7.6864 652
7.6989 651
7.7110 650
7.7231 649
7.7355 648
7.7475 647
7.7592 646
7.7699 645
7.7810 644
7.7933 643
7.8049 642
7.8180 641
7.8544 640
7.8666 639
7.8673 638
7.8782 637
7.8902 636
7.9017 635
7.9123 634
7.9241 633
7.9249 632
7.9363 631
7.9468 630
7.9585 629
7.9805 628
7.9915 627
8.0028 626
8.0148 625
8.0505 624
8.0622 623
8.0867 622
8.1091 621
8.1217 620
8.1338 619
8.1570 618
8.1685 617
8.1812 616
8.1930 615
8.2053 614
8.2286 613
8.2392 612
8.2501 611
8.2612 610
8.2721 609
8.2728 608
8.2855 607
8.2967 606
8.3083 605
8.3196 604
8.3311 603
8.3431 602
8.3532 601
8.3647 600
8.3762 599
8.3870 598
8.3983 597
8.4098 596
8.4200 595
8.4431 594
8.4539 593
8.4644 592
8.4760 591
8.4869 590
8.4986 589
8.4992 588
8.5085 587
8.5195 586
8.5306 585
8.5410 584
8.5522 583
8.5628 582
8.5748 581
8.5956 580
8.6056 579
8.6276 578
8.6483 577
8.6596 576
8.6717 575
8.6840 574
8.6944 573
8.7054 572
8.7151 571
8.7157 570
8.7374 569
8.7487 568
8.7592 567
8.7708 566
8.7817 565
8.8128 564
8.8344 563
8.8452 562
8.8557 561
8.8655 560
8.9152 559
8.9370 558
8.9470 557
8.9574 556
8.9672 555
8.9772 554
8.9978 553
9.0085 552
9.0520 551
9.0723 550
9.0820 549
9.0917 548
9.1013 547
9.1019 546
9.1117 545
9.1219 544
9.1318 543
9.1412 542
9.1627 541
9.1724 540
9.1917 539
9.2007 538
9.2101 537
9.2203 536
9.2299 535
9.2405 534
9.2603 533
9.2798 532
9.2896 531
9.3005 530
9.3096 529
9.3739 528
9.3885 527
9.3985 526
9.4088 525
9.4287 524
9.4385 523
9.4483 522
9.4677 521
9.4771 520
9.4862 519
9.4955 518
9.5062 517
9.5259 516
9.5451 515
9.5545 514
9.5637 513
9.5730 512
9.5926 511
9.6105 510
9.6198 509
9.6292 508
9.6579 507
9.6757 506
9.6848 505
9.6936 504
9.7112 503
9.7197 502
9.7571 501
9.7661 500
9.7753 499
9.7840 498
9.8024 497
9.8110 496
9.8206 495
9.8295 494
9.8302 493
9.8308 492
9.8391 491
9.8485 490
9.8573 489
9.8657 488
9.8741 487
9.8825 486
9.8909 485
9.9172 484
9.9263 483
9.9529 482
9.9699 481
10.0052 480
10.0142 479
10.0513 478
10.0600 477
10.0688 476
10.0777 475
10.0872 474
10.0960 473
10.1390 472
10.1648 471
10.1655 470
10.1820 469
10.1911 468
10.2080 467
10.2167 466
10.2336 465
10.2596 464
10.2775 463
10.2856 462
10.2941 461
10.3102 460
10.3184 459
10.3268 458
10.3344 457
10.3769 456
10.3857 455
10.3942 454
10.4022 453
10.4368 452
10.4451 451
10.4541 450
10.4627 449
10.4806 448
10.4899 447
10.5061 446
10.5152 445
10.5240 444
10.5408 443
10.5571 442
10.5819 441
10.7032 440
10.7200 439
10.7528 438
10.7685 437
10.7765 436
10.7851 435
10.8086 434
10.8979 433
10.9060 432
10.9138 431
10.9532 430
10.9613 429
11.3306 428
11.3466 427
11.4257 426
11.4337 425
11.4646 424
11.4725 423
11.4874 422
11.4953 421
11.5031 420
11.5110 419
11.5192 418
11.5426 417
11.5507 416
11.5817 415
11.6984 414
11.7290 413
11.7516 412
11.7806 411
11.7879 410
11.8097 409
11.8172 408
11.8252 407
11.8335 406
12.2474 405
12.3380 404
12.3765 403
12.3924 402
12.4298 401
12.4897 400
12.8247 399
12.8400 398
13.6659 397
13.6870 396
13.7569 395
13.8230 394
14.4603 393
14.4990 392
14.5205 391
14.5569 390
14.8721 389
18.5115 388
18.5186 387
18.5323 386
18.6465 385
18.6822 384
22.1222 383
22.4075 382
22.5889 381
22.6033 380
22.6103 379
22.6390 378
22.6528 377
22.6601 376
22.7998 375
23.1035 374
23.1106 373
23.1522 372
23.1596 371
23.1939 370
23.2141 369
23.2209 368
30.6702 367
30.6772 366
30.7259 365
30.7677 364
31.4179 363
31.4787 362
31.4921 361
31.4989 360
31.5482 359
31.8317 358
31.9516 357
31.9584 356
31.9651 355
31.9720 354
40.3962 353
40.4701 352
40.6222 351
40.6356 350
95.0675 349
95.2270 348
95.3114 347
129.1152 346
211.4386 345
220.1038 344
220.1252 343
315.5680 342
315.6421 341
315.6552 340
315.6681 339
315.8762 338
332.0358 337
