0.0000 995
0.2722 994
0.2905 993
0.3095 992
0.3268 991
0.3277 990
0.3462 989
0.3841 988
0.4026 987
0.4194 986
0.4389 985
0.4573 984
0.4582 983
0.4766 982
0.4958 981
0.5361 980
0.5564 979
0.5573 978
0.5582 977
0.5775 976
0.5978 975
0.6169 974
0.6377 973
0.6589 972
0.6786 971
0.6989 970
0.7189 969
0.7409 968
0.7600 967
0.7782 966
0.7977 965
0.8930 964
0.9111 963
0.9294 962
0.9488 961
0.9496 960
0.9669 959
0.9862 958
1.0052 957
1.0236 956
1.0607 955
1.0795 954
1.0991 953
1.1188 952
1.1391 951
1.1562 950
1.1571 949
1.1766 948
1.1956 947
1.2133 946
1.2331 945
1.2506 944
1.2696 943
1.2900 942
1.3101 941
1.3289 940
1.3297 939
1.3490 938
1.3684 937
1.3874 936
1.4054 935
1.4241 934
1.4613 933
1.4796 932
1.4975 931
1.5152 930
1.5340 929
1.5508 928
1.5679 927
1.5859 926
1.6039 925
1.6209 924
1.6384 923
1.6563 922
1.6572 921
1.6738 920
1.6920 919
1.7094 918
1.7280 917
1.7457 916
1.7624 915
1.7816 914
1.7825 913
1.8001 912
1.8373 911
1.8552 910
1.8729 909
1.8914 908
1.9087 907
1.9278 906
1.9431 905
1.9439 904
1.9606 903
1.9777 902
1.9939 901
2.0104 900
2.0270 899
2.0441 898
2.0603 897
2.0761 896
2.0770 895
2.0950 894
2.1116 893
2.1300 892
2.1463 891
2.1621 890
2.1782 889
2.1790 888
2.1978 887
2.1986 886
2.2161 885
2.2501 884
2.2663 883
2.2814 882
2.2974 881
2.2982 880
2.3135 879
2.3470 878
2.3642 877
2.3794 876
2.3944 875
2.4113 874
2.4273 873
2.4292 872
2.4446 871
2.4604 870
2.4612 869
2.4620 868
2.4788 867
2.4958 866
2.5113 865
2.5437 864
2.5613 863
2.5753 862
2.6230 861
2.6372 860
2.6510 859
2.6675 858
2.6826 857
2.7141 856
2.7295 855
2.7437 854
2.7445 853
2.7608 852
2.7771 851
2.7914 850
2.8091 849
2.8417 848
2.8566 847
2.8574 846
2.8722 845
2.8730 844
2.8898 843
2.9051 842
2.9199 841
2.9354 840
2.9511 839
2.9668 838
2.9676 837
2.9683 836
2.9691 835
2.9847 834
3.0011 833
3.0182 832
3.0488 831
3.0645 830
3.0968 829
3.0981 828
3.1151 827
3.1629 826
3.1907 825
3.2209 824
3.2659 823
3.2813 822
3.2952 821
3.3100 820
3.3257 819
3.3265 818
3.3416 817
3.3571 816
3.3718 815
3.3879 814
3.4032 813
3.4179 812
3.4315 811
3.4470 810
3.4764 809
3.4902 808
3.5054 807
3.5203 806
3.5214 805
3.5360 804
3.5511 803
3.5652 802
3.5947 801
3.6104 800
3.6252 799
3.6407 798
3.6547 797
3.7152 796
3.7291 795
3.7441 794
3.7588 793
3.7730 792
3.7879 791
3.8024 790
3.8167 789
3.8299 788
3.8432 787
3.8440 786
3.9186 785
3.9499 784
3.9646 783
3.9937 782
4.0065 781
4.0215 780
4.0357 779
4.0531 778
4.0947 777
4.1075 776
4.1212 775
4.1350 774
4.1933 773
4.2065 772
4.2214 771
4.2356 770
4.2490 769
4.2625 768
4.2897 767
4.3032 766
4.3180 765
4.3318 764
4.3458 763
4.3914 762
4.4049 761
4.4192 760
4.4724 759
4.4858 758
4.5007 757
4.5154 756
4.5308 755
4.5435 754
4.5583 753
4.5734 752
4.5866 751
4.6005 750
4.6159 749
4.6588 748
4.6726 747
4.6866 746
4.7559 745
4.7692 744
4.7823 743
4.7964 742
4.8095 741
4.8222 740
4.8382 739
4.8640 738
4.8779 737
4.8914 736
4.9041 735
4.9187 734
4.9302 733
4.9421 732
4.9709 731
4.9979 730
4.9986 729
5.0254 728
5.0396 727
5.0534 726
5.0670 725
5.0677 724
5.0959 723
5.1087 722
5.1217 721
5.1359 720
5.1625 719
5.1909 718
5.2044 717
5.2176 716
5.2306 715
5.2436 714
5.2697 713
5.2848 712
5.2982 711
5.3103 710
5.3239 709
5.3366 708
5.3509 707
5.3644 706
5.3651 705
5.3770 704
5.3884 703
5.4006 702
5.4240 701
5.4367 700
5.4374 699
5.4497 698
5.4745 697
5.4872 696
5.5002 695
5.5134 694
5.5256 693
5.5374 692
5.5502 691
5.5632 690
5.5640 689
5.5768 688
5.5886 687
5.6267 686
5.6393 685
5.6515 684
5.6636 683
5.6643 682
5.6765 681
5.6945 680
5.6964 679
5.7511 678
5.7751 677
5.7874 676
5.7998 675
5.8124 674
5.8377 673
5.8501 672
5.8622 671
5.8744 670
5.8872 669
5.8979 668
5.9098 667
5.9489 666
5.9622 665
5.9873 664
5.9880 663
5.9887 662
6.0010 661
6.0232 660
6.0347 659
6.0357 658
6.0364 657
6.0488 656
6.0617 655
6.0745 654
6.0871 653
6.0991 652
6.1109 651
6.1225 650
6.1232 649
6.1352 648
6.1464 647
6.1584 646
6.1945 645
6.2198 644
6.2436 643
6.2677 642
6.2797 641
6.2915 640
6.3033 639
6.3164 638
6.3290 637
6.3401 636
6.3642 635
6.3765 634
6.3868 633
6.3972 632
6.4086 631
6.4215 630
6.4441 629
6.4448 628
6.4682 627
6.4792 626
6.4799 625
6.4911 624
6.5156 623
6.5290 622
6.5411 621
6.5533 620
6.6025 619
6.6132 618
6.6250 617
6.6473 616
6.6691 615
6.6933 614
6.7165 613
6.7278 612
6.7385 611
6.7490 610
6.7609 609
6.7729 608
6.7843 607
6.7967 606
6.8079 605
6.8201 604
6.8316 603
6.8557 602
6.8665 601
6.8769 600
6.8886 599
6.9106 598
6.9216 597
6.9434 596
6.9554 595
6.9562 594
6.9569 593
6.9692 592
6.9799 591
6.9920 590
7.0146 589
7.0259 588
7.0363 587
7.0468 586
7.0573 585
7.0679 584
7.0896 583
7.1004 582
7.1110 581
7.1221 580
7.1532 579
7.1642 578
7.1734 577
7.2041 576
7.2143 575
7.2247 574
7.2355 573
7.2460 572
7.2576 571
7.2679 570
7.2786 569
7.2898 568
7.3004 567
7.3107 566
7.3203 565
7.3304 564
7.3414 563
7.3522 562
7.3625 561
7.3844 560
7.3962 559
7.4068 558
7.4176 557
7.4279 556
7.4493 555
7.4598 554
7.4808 553
7.4815 552
7.4915 551
7.5024 550
7.5211 549
7.5413 548
7.5613 547
7.5714 546
7.5896 545
7.5998 544
7.6093 543
7.6193 542
7.6295 541
7.6489 540
7.6586 539
7.6690 538
7.6789 537
7.6886 536
7.6983 535
7.7082 534
7.7172 533
7.7263 532
7.7361 531
7.7559 530
7.7656 529
7.7751 528
7.7851 527
7.7960 526
7.8057 525
7.8257 524
7.8264 523
7.8467 522
7.8663 521
7.8761 520
7.8864 519
7.9068 518
7.9258 517
7.9358 516
7.9455 515
7.9541 514
7.9739 513
7.9837 512
7.9940 511
8.0034 510
8.0126 509
8.0212 508
8.0307 507
8.0496 506
8.0594 505
8.0689 504
8.0781 503
8.0972 502
8.1063 501
8.1251 500
8.1344 499
8.1614 498
8.1879 497
8.2260 496
8.2348 495
8.2439 494
8.2528 493
8.2615 492
8.2700 491
8.2791 490
8.2878 489
8.2965 488
8.3054 487
8.3430 486
8.3699 485
8.3792 484
8.3873 483
8.4035 482
8.4203 481
8.4639 480
8.4885 479
8.4974 478
8.5054 477
8.5140 476
8.5224 475
8.5308 474
8.5393 473
8.5561 472
8.5645 471
8.5807 470
8.5894 469
8.5982 468
8.6065 467
8.6319 466
8.6492 465
8.6579 464
8.6660 463
8.7233 462
8.7714 461
8.7792 460
8.7873 459
8.8033 458
8.8114 457
8.8195 456
8.8282 455
8.8364 454
8.8523 453
8.8603 452
8.8757 451
8.8834 450
8.8987 449
8.9063 448
8.9287 447
8.9364 446
8.9442 445
8.9518 444
8.9595 443
8.9755 442
8.9908 441
9.0139 440
9.0679 439
9.0756 438
9.1060 437
9.1138 436
9.1759 435
9.1840 434
9.1920 433
9.3422 432
9.3503 431
9.3878 430
9.3953 429
9.4103 428
9.4179 427
9.4325 426
9.6056 425
9.6210 424
9.6847 423
9.6930 422
9.9455 421
9.9622 420
9.9700 419
9.9781 418
9.9936 417
10.0497 416
10.0661 415
10.0813 414
10.1210 413
10.2770 412
10.2849 411
10.3896 410
10.4050 409
10.4129 408
10.4348 407
11.0095 406
11.0692 405
11.0770 404
12.3074 403
12.3225 402
12.3593 401
12.4184 400
12.4332 399
12.4870 398
12.4948 397
12.5321 396
12.5395 395
12.9512 394
12.9741 393
12.9889 392
12.9965 391
13.0332 390
13.0677 389
13.1319 388
15.4982 387
15.5055 386
18.1053 385
19.4059 384
19.4265 383
19.6526 382
19.6597 381
19.7007 380
21.1883 379
21.3335 378
21.5616 377
21.5687 376
21.5830 375
21.5970 374
21.6302 373
21.6636 372
21.6704 371
21.9499 370
26.5028 369
26.5097 368
30.0229 367
30.0500 366
30.7652 365
30.7986 364
30.8184 363
30.8579 362
30.9057 361
30.9465 360
31.3914 359
31.4253 358
31.4385 357
31.6556 356
32.2299 355
32.3417 354
50.9257 353
67.4421 352
115.8369 351
116.7749 350
143.1751 349
143.2402 348
143.3003 347
174.1063 346
174.1130 345
176.4598 344
176.4666 343
176.4799 342
176.8276 341
176.9446 340
185.7836 339
255.0836 338
528.5866 337
528.8133 336
528.8265 335
528.8519 334
528.9739 333
528.9804 332
900.0343 332
