0.0000 965
0.2932 964
0.3125 963
0.3133 962
0.3321 961
0.3522 960
0.3698 959
0.3875 958
0.4076 957
0.4243 956
0.4430 955
0.4594 954
0.4778 953
0.4958 952
0.5315 951
0.5493 950
0.5665 949
0.5831 948
0.6003 947
0.6011 946
0.6197 945
0.6547 944
0.6918 943
0.7098 942
0.7282 941
0.7454 940
0.7650 939
0.7833 938
0.8023 937
0.8192 936
0.8558 935
0.8737 934
0.9461 933
0.9810 932
0.9818 931
0.9985 930
1.0168 929
1.0331 928
1.0500 927
1.0663 926
1.1008 925
1.1184 924
1.1353 923
1.1540 922
1.1720 921
1.2236 920
1.2407 919
1.2588 918
1.2751 917
1.2933 916
1.3102 915
1.3286 914
1.3483 913
1.3652 912
1.3997 911
1.4006 910
1.4179 909
1.4343 908
1.4351 907
1.4509 906
1.4985 905
1.5341 904
1.5515 903
1.5690 902
1.5854 901
1.6021 900
1.6203 899
1.6377 898
1.6548 897
1.6709 896
1.6717 895
1.6887 894
1.7049 893
1.7212 892
1.7381 891
1.7554 890
1.7721 889
1.7892 888
1.8035 887
1.8200 886
1.8367 885
1.8540 884
1.8867 883
1.9370 882
1.9527 881
1.9684 880
1.9869 879
2.0030 878
2.0179 877
2.0333 876
2.0489 875
2.0842 874
2.0849 873
2.1340 872
2.1494 871
2.1633 870
2.1795 869
2.2126 868
2.2280 867
2.2621 866
2.2760 865
2.2920 864
2.3082 863
2.3236 862
2.3243 861
2.3405 860
2.3730 859
2.3738 858
2.3893 857
2.4058 856
2.4204 855
2.4663 854
2.4817 853
2.4966 852
2.4977 851
2.5135 850
2.5289 849
2.5445 848
2.5599 847
2.5896 846
2.6062 845
2.6225 844
2.6382 843
2.6707 842
2.6856 841
2.7014 840
2.7179 839
2.7341 838
2.7511 837
2.7519 836
2.7837 835
2.7988 834
2.8169 833
2.8316 832
2.8469 831
2.8638 830
2.8970 829
2.9119 828
2.9267 827
2.9431 826
3.0030 825
3.0176 824
3.0330 823
3.0485 822
3.1007 821
3.1320 820
3.1485 819
3.1640 818
3.1798 817
3.1955 816
3.2104 815
3.2112 814
3.2280 813
3.2595 812
3.2929 811
3.3082 810
3.3383 809
3.3544 808
3.3703 807
3.3999 806
3.4163 805
3.4171 804
3.4325 803
3.4475 802
3.4943 801
3.5083 800
3.5394 799
3.5678 798
3.5805 797
3.5813 796
3.6116 795
3.6261 794
3.6268 793
3.6546 792
3.6693 791
3.6841 790
3.7429 789
3.7571 788
3.7717 787
3.7863 786
3.8008 785
3.8293 784
3.8429 783
3.8584 782
3.8866 781
3.9146 780
3.9292 779
3.9435 778
3.9726 777
3.9733 776
3.9870 775
4.0165 774
4.0173 773
4.0600 772
4.0874 771
4.1001 770
4.1134 769
4.1288 768
4.1563 767
4.1706 766
4.1855 765
4.1988 764
4.2264 763
4.2402 762
4.2548 761
4.2692 760
4.2838 759
4.2978 758
4.3128 757
4.3253 756
4.3526 755
4.3670 754
4.3805 753
4.3946 752
4.4077 751
4.4208 750
4.4215 749
4.4358 748
4.4501 747
4.4628 746
4.4755 745
4.4884 744
4.5016 743
4.5150 742
4.5266 741
4.5390 740
4.5526 739
4.5658 738
4.5794 737
4.5928 736
4.6055 735
4.6190 734
4.6317 733
4.6592 732
4.6724 731
4.6863 730
4.6991 729
4.7116 728
4.7242 727
4.7385 726
4.7652 725
4.7783 724
4.7908 723
4.8055 722
4.8195 721
4.8316 720
4.8452 719
4.8459 718
4.8465 717
4.8588 716
4.8864 715
4.8872 714
4.8996 713
4.9125 712
4.9251 711
4.9258 710
4.9265 709
4.9377 708
4.9632 707
4.9760 706
4.9894 705
5.0018 704
5.0025 703
5.0032 702
5.0434 701
5.0561 700
5.0682 699
5.0801 698
5.0932 697
5.1181 696
5.1302 695
5.1433 694
5.1546 693
5.1668 692
5.1788 691
5.1914 690
5.2043 689
5.2167 688
5.2282 687
5.2531 686
5.2662 685
5.2804 684
5.2922 683
5.3167 682
5.3293 681
5.3300 680
5.3411 679
5.3513 678
5.3900 677
5.4022 676
5.4277 675
5.4395 674
5.4402 673
5.4792 672
5.4912 671
5.5030 670
5.5159 669
5.5273 668
5.5280 667
5.5536 666
5.5661 665
5.5789 664
5.5922 663
5.6189 662
5.6552 661
5.6680 660
5.6686 659
5.6808 658
5.6918 657
5.7026 656
5.7033 655
5.7151 654
5.7261 653
5.7377 652
5.7384 651
5.7500 650
5.7629 649
5.7758 648
5.8112 647
5.8232 646
5.8351 645
5.8732 644
5.8856 643
5.8983 642
5.9360 641
5.9703 640
5.9940 639
6.0057 638
6.0172 637
6.0278 636
6.0387 635
6.0613 634
6.0737 633
6.0744 632
6.0982 631
6.0990 630
6.0997 629
6.1107 628
6.1220 627
6.1337 626
6.1696 625
6.1706 624
6.1813 623
6.2148 622
6.2385 621
6.2485 620
6.2599 619
6.2713 618
6.2829 617
6.3072 616
6.3177 615
6.3300 614
6.3528 613
6.3636 612
6.3984 611
6.4099 610
6.4213 609
6.4311 608
6.4536 607
6.4639 606
6.4745 605
6.4851 604
6.4965 603
6.5073 602
6.5182 601
6.5287 600
6.5397 599
6.5511 598
6.5617 597
6.5725 596
6.5837 595
6.5936 594
6.6038 593
6.6151 592
6.6263 591
6.6370 590
6.6476 589
6.6579 588
6.6692 587
6.6799 586
6.6909 585
6.7027 584
6.7142 583
6.7256 582
6.7454 581
6.7574 580
6.7771 579
6.7880 578
6.7979 577
6.8087 576
6.8183 575
6.8283 574
6.8375 573
6.8475 572
6.8574 571
6.8672 570
6.8773 569
6.8870 568
6.8980 567
6.9085 566
6.9184 565
6.9476 564
6.9577 563
6.9670 562
6.9775 561
6.9988 560
7.0081 559
7.0186 558
7.0596 557
7.0604 556
7.0716 555
7.0818 554
7.1013 553
7.1120 552
7.1312 551
7.1408 550
7.1500 549
7.1595 548
7.1687 547
7.1787 546
7.1885 545
7.1977 544
7.2081 543
7.2181 542
7.2557 541
7.2649 540
7.2741 539
7.2838 538
7.2930 537
7.3017 536
7.3104 535
7.3305 534
7.3391 533
7.3487 532
7.3956 531
7.4051 530
7.4150 529
7.4240 528
7.4338 527
7.4522 526
7.4615 525
7.4704 524
7.4902 523
7.5006 522
7.5098 521
7.5190 520
7.5275 519
7.5460 518
7.5548 517
7.5642 516
7.5725 515
7.5821 514
7.5908 513
7.6001 512
7.6090 511
7.6183 510
7.6269 509
7.6355 508
7.6442 507
7.6530 506
7.6624 505
7.6706 504
7.6878 503
7.7150 502
7.7240 501
7.7325 500
7.7417 499
7.7501 498
7.7583 497
7.7669 496
7.7752 495
7.7842 494
7.7938 493
7.8021 492
7.8454 491
7.8543 490
7.8633 489
7.8721 488
7.8814 487
7.8902 486
7.9514 485
7.9598 484
7.9684 483
7.9764 482
7.9845 481
7.9929 480
8.0017 479
8.0101 478
8.0353 477
8.0441 476
8.0686 475
8.0770 474
8.0852 473
8.0931 472
8.1010 471
8.1090 470
8.1168 469
8.1248 468
8.1492 467
8.1568 466
8.2374 465
8.2461 464
8.2635 463
8.2884 462
8.4301 461
8.4469 460
8.4552 459
8.4634 458
8.4888 457
8.4969 456
8.5048 455
8.5132 454
8.5215 453
8.5297 452
8.5302 451
8.5474 450
8.5564 449
8.5645 448
8.5727 447
8.5967 446
8.6047 445
8.6126 444
8.6284 443
8.6369 442
8.6448 441
8.6527 440
8.6611 439
8.6692 438
8.6772 437
8.6930 436
8.7158 435
8.7477 434
8.7636 433
8.8786 432
8.8943 431
8.9314 430
8.9392 429
9.2027 428
9.2177 427
9.2547 426
9.2624 425
9.2698 424
9.2778 423
9.3004 422
9.3076 421
9.3149 420
9.3842 419
9.3917 418
9.4071 417
9.4151 416
9.4224 415
9.4373 414
9.4456 413
9.5626 412
9.5705 411
9.5859 410
9.5937 409
9.6083 408
9.6392 407
9.6470 406
10.2847 405
10.2998 404
11.0763 403
11.1509 402
11.1628 401
11.1707 400
11.1845 399
11.1925 398
11.3829 397
11.3905 396
11.4361 395
11.4519 394
11.4882 393
11.6616 392
11.6934 391
11.7215 390
11.7703 389
11.8195 388
12.1807 387
12.2516 386
12.2670 385
12.2744 384
12.3237 383
12.3940 382
12.4014 381
12.4096 380
12.6217 379
12.6706 378
12.7470 377
12.8313 376
12.9696 375
13.2522 374
18.9353 373
20.2534 372
20.2606 371
20.2676 370
20.2750 369
26.9234 368
26.9306 367
26.9377 366
26.9517 365
26.9801 364
28.1669 363
36.2414 362
36.2622 361
36.3049 360
36.3334 359
36.6448 358
36.6660 357
63.3677 356
63.7240 355
63.8039 354
64.1631 353
84.7337 352
85.2235 351
85.2427 350
85.6978 349
127.4440 348
127.5763 347
127.6823 346
127.8180 345
127.8377 344
128.0846 343
128.2925 342
128.3486 341
316.6071 340
411.1922 339
419.4750 338
756.2628 337
