0.0000 979
0.3126 978
0.3309 977
0.3679 976
0.3875 975
0.3884 974
0.4072 973
0.4250 972
0.4796 971
0.4986 970
0.5164 969
0.5341 968
0.5528 967
0.5537 966
0.5714 965
0.5905 964
0.6112 963
0.6303 962
0.6312 961
0.6703 960
0.6903 959
0.7096 958
0.7490 957
0.7672 956
0.7681 955
0.7861 954
0.8035 953
0.8218 952
0.8410 951
0.8619 950
0.9177 949
0.9369 948
0.9546 947
0.9728 946
0.9921 945
1.0088 944
1.0277 943
1.0629 942
1.0819 941
1.0828 940
1.1215 939
1.1389 938
1.1571 937
1.1744 936
1.2114 935
1.2123 934
1.2133 933
1.2339 932
1.2517 931
1.2895 930
1.3066 929
1.3240 928
1.3609 927
1.3783 926
1.4303 925
1.4664 924
1.4854 923
1.5044 922
1.5739 921
1.5907 920
1.6102 919
1.6269 918
1.6452 917
1.6622 916
1.7005 915
1.7014 914
1.7182 913
1.7341 912
1.7522 911
1.7690 910
1.7877 909
1.8064 908
1.8229 907
1.8412 906
1.8583 905
1.8769 904
1.8949 903
1.9119 902
1.9306 901
1.9481 900
1.9656 899
1.9832 898
2.0006 897
2.0179 896
2.0341 895
2.0684 894
2.0846 893
2.1021 892
2.1178 891
2.1367 890
2.1531 889
2.1692 888
2.1854 887
2.2023 886
2.2198 885
2.2369 884
2.2377 883
2.2570 882
2.2740 881
2.2927 880
2.3271 879
2.3279 878
2.3459 877
2.3617 876
2.3766 875
2.3927 874
2.4076 873
2.4250 872
2.4419 871
2.4439 870
2.4614 869
2.4950 868
2.5093 867
2.5243 866
2.5403 865
2.5563 864
2.5741 863
2.5912 862
2.6072 861
2.6225 860
2.6404 859
2.6572 858
2.6723 857
2.6900 856
2.7057 855
2.7224 854
2.7521 853
2.7686 852
2.7850 851
2.8029 850
2.8185 849
2.8349 848
2.8515 847
2.8683 846
2.8691 845
2.9007 844
2.9176 843
2.9184 842
2.9192 841
2.9364 840
2.9508 839
2.9670 838
2.9678 837
2.9825 836
2.9987 835
3.0154 834
3.0318 833
3.0454 832
3.0462 831
3.0614 830
3.0622 829
3.0784 828
3.0942 827
3.1248 826
3.1394 825
3.1540 824
3.1688 823
3.1843 822
3.1994 821
3.2147 820
3.2310 819
3.2467 818
3.2611 817
3.2935 816
3.3081 815
3.3234 814
3.3559 813
3.3736 812
3.3888 811
3.4196 810
3.4360 809
3.4518 808
3.4671 807
3.4827 806
3.4977 805
3.5116 804
3.5263 803
3.5406 802
3.5548 801
3.5702 800
3.5862 799
3.6182 798
3.6478 797
3.6777 796
3.6935 795
3.7088 794
3.7254 793
3.7416 792
3.7557 791
3.7714 790
3.7867 789
3.8028 788
3.8353 787
3.8490 786
3.8631 785
3.8774 784
3.8924 783
3.9075 782
3.9083 781
3.9223 780
3.9371 779
3.9517 778
3.9656 777
3.9809 776
3.9937 775
4.0092 774
4.0232 773
4.0379 772
4.0387 771
4.0530 770
4.0682 769
4.0817 768
4.1131 767
4.1267 766
4.1426 765
4.1551 764
4.1559 763
4.1711 762
4.1852 761
4.1996 760
4.2280 759
4.2422 758
4.2553 757
4.2828 756
4.2972 755
4.3106 754
4.3233 753
4.3362 752
4.3499 751
4.3639 750
4.3778 749
4.3909 748
4.4049 747
4.4179 746
4.4329 745
4.4475 744
4.4612 743
4.4745 742
4.4881 741
4.4889 740
4.5019 739
4.5153 738
4.5300 737
4.5451 736
4.5769 735
4.5918 734
4.6050 733
4.6198 732
4.6358 731
4.6516 730
4.6839 729
4.7586 728
4.7721 727
4.7905 726
4.8047 725
4.8055 724
4.8199 723
4.8336 722
4.8479 721
4.8678 720
4.8686 719
4.8826 718
4.8965 717
4.9094 716
4.9233 715
4.9367 714
4.9504 713
4.9883 712
5.0020 711
5.0164 710
5.0172 709
5.0179 708
5.0321 707
5.0460 706
5.0604 705
5.0847 704
5.0971 703
5.1237 702
5.1379 701
5.1511 700
5.2028 699
5.2036 698
5.2044 697
5.2180 696
5.2298 695
5.2420 694
5.2552 693
5.2712 692
5.2843 691
5.3011 690
5.3144 689
5.3271 688
5.3398 687
5.3529 686
5.3652 685
5.3779 684
5.3905 683
5.3913 682
5.4044 681
5.4051 680
5.4173 679
5.4298 678
5.4416 677
5.4543 676
5.4671 675
5.4792 674
5.5024 673
5.5515 672
5.5643 671
5.5763 670
5.5885 669
5.6009 668
5.6121 667
5.6137 666
5.6252 665
5.6511 664
5.6631 663
5.6748 662
5.6982 661
5.7104 660
5.7348 659
5.7479 658
5.7612 657
5.7739 656
5.7984 655
5.8226 654
5.8343 653
5.8723 652
5.8834 651
5.8943 650
5.9060 649
5.9183 648
5.9297 647
5.9402 646
5.9645 645
5.9766 644
5.9867 643
5.9982 642
6.0095 641
6.0215 640
6.0333 639
6.0555 638
6.0662 637
6.0768 636
6.0880 635
6.0985 634
6.0992 633
6.1342 632
6.1459 631
6.1716 630
6.2187 629
6.2414 628
6.2522 627
6.2529 626
6.2640 625
6.2747 624
6.2859 623
6.2866 622
6.2985 621
6.3095 620
6.3220 619
6.3332 618
6.3462 617
6.3881 616
6.3982 615
6.4215 614
6.4340 613
6.4452 612
6.4571 611
6.4683 610
6.4786 609
6.5275 608
6.5386 607
6.5624 606
6.5737 605
6.5845 604
6.5958 603
6.6080 602
6.6195 601
6.6319 600
6.6327 599
6.6436 598
6.6774 597
6.6876 596
6.7096 595
6.7306 594
6.7413 593
6.7520 592
6.7635 591
6.7849 590
6.7957 589
6.8064 588
6.8181 587
6.8391 586
6.8397 585
6.8495 584
6.8592 583
6.8693 582
6.8801 581
6.8907 580
6.9126 579
6.9225 578
6.9321 577
6.9418 576
6.9518 575
6.9620 574
6.9734 573
6.9741 572
6.9851 571
6.9951 570
7.0062 569
7.0161 568
7.0260 567
7.0365 566
7.0472 565
7.0576 564
7.0679 563
7.0779 562
7.0785 561
7.0884 560
7.1286 559
7.1381 558
7.1576 557
7.1677 556
7.1769 555
7.1868 554
7.1961 553
7.2054 552
7.2259 551
7.2351 550
7.2446 549
7.2540 548
7.2633 547
7.2942 546
7.3039 545
7.3140 544
7.3234 543
7.3523 542
7.3622 541
7.3718 540
7.3819 539
7.3912 538
7.4009 537
7.4106 536
7.4198 535
7.4299 534
7.4485 533
7.4764 532
7.4854 531
7.4945 530
7.5041 529
7.5130 528
7.5406 527
7.5586 526
7.5674 525
7.6051 524
7.6142 523
7.6236 522
7.6325 521
7.6414 520
7.6507 519
7.6598 518
7.6692 517
7.6781 516
7.7063 515
7.7147 514
7.7230 513
7.7322 512
7.7599 511
7.7694 510
7.7790 509
7.7796 508
7.8269 507
7.8459 506
7.8465 505
7.8551 504
7.8650 503
7.8928 502
7.9013 501
7.9101 500
7.9276 499
7.9360 498
7.9456 497
7.9642 496
8.0062 495
8.0068 494
8.0242 493
8.0424 492
8.0682 491
8.0765 490
8.1109 489
8.1197 488
8.1281 487
8.1364 486
8.1453 485
8.1623 484
8.1709 483
8.1791 482
8.2045 481
8.2218 480
8.2305 479
8.2477 478
8.2561 477
8.2648 476
8.2736 475
8.2824 474
8.2911 473
8.3083 472
8.3167 471
8.3729 470
8.3814 469
8.3893 468
8.3978 467
8.4472 466
8.4551 465
8.4964 464
8.5421 463
8.5548 462
8.5637 461
8.5723 460
8.5815 459
8.5896 458
8.5974 457
8.6057 456
8.6136 455
8.6213 454
8.6689 453
8.6922 452
8.7229 451
8.7307 450
8.7463 449
8.7624 448
8.7945 447
8.8108 446
8.8561 445
8.8716 444
8.9186 443
8.9263 442
8.9497 441
8.9658 440
8.9734 439
9.0277 438
9.0352 437
9.0428 436
9.0868 435
9.0946 434
9.1029 433
9.1179 432
9.1262 431
9.1340 430
9.1567 429
9.1644 428
9.1790 427
9.1866 426
9.2304 425
9.2378 424
9.2451 423
9.3345 422
9.3566 421
9.3794 420
9.3948 419
9.4022 418
9.4098 417
9.4389 416
9.4538 415
9.4611 414
9.4755 413
9.4829 412
9.4901 411
9.4974 410
9.5191 409
9.5267 408
9.5411 407
9.5552 406
9.5763 405
9.5837 404
9.5912 403
9.6914 402
9.8603 401
9.8675 400
9.8816 399
10.8630 398
11.1451 397
11.4795 396
12.1879 395
12.2032 394
12.3182 393
12.3255 392
12.3334 391
12.3475 390
12.5202 389
12.5415 388
12.5690 387
12.7486 386
12.8240 385
12.9286 384
12.9494 383
12.9899 382
13.1145 381
13.3873 380
13.4639 379
13.5047 378
13.7762 377
22.1861 376
22.2268 375
22.2971 374
22.3182 373
22.3251 372
22.4541 371
22.6064 370
22.6140 369
23.0020 368
23.0494 367
23.1711 366
23.3757 365
23.3827 364
23.4028 363
23.4975 362
23.5049 361
24.2395 360
24.2534 359
58.2936 358
66.1964 357
66.2516 356
66.2590 355
66.2728 354
66.3277 353
66.8034 352
66.8445 351
66.9842 350
67.0415 349
67.1427 348
233.3050 347
277.7129 346
626.2303 345
626.2643 344
675.7835 343
736.1460 342
798.3497 341
874.9795 340
875.1296 339
