0.0000 1010
0.2741 1009
0.2935 1008
0.3135 1007
0.3336 1006
0.3543 1005
0.3722 1004
0.3918 1003
0.4099 1002
0.4305 1001
0.4501 1000
0.4685 999
0.5065 998
0.5260 997
0.5464 996
0.5636 995
0.5829 994
0.6016 993
0.6306 992
0.6316 991
0.6511 990
0.6722 989
0.6926 988
0.7110 987
0.7295 986
0.7493 985
0.7683 984
0.7886 983
0.8080 982
0.8273 981
0.8443 980
0.8634 979
0.8643 978
0.8819 977
0.9010 976
0.9182 975
0.9372 974
0.9380 973
0.9559 972
0.9761 971
1.0135 970
1.0315 969
1.0492 968
1.0691 967
1.0886 966
1.1258 965
1.1434 964
1.1823 963
1.1832 962
1.2010 961
1.2019 960
1.2205 959
1.2400 958
1.2603 957
1.2792 956
1.2991 955
1.3374 954
1.3383 953
1.3768 952
1.4157 951
1.4338 950
1.5078 949
1.5262 948
1.5448 947
1.5627 946
1.5825 945
1.6016 944
1.6213 943
1.6404 942
1.6588 941
1.6789 940
1.6984 939
1.6992 938
1.7736 937
1.7918 936
1.8084 935
1.8266 934
1.8443 933
1.8617 932
1.8625 931
1.8814 930
1.8994 929
1.9186 928
1.9362 927
1.9526 926
1.9886 925
2.0235 924
2.0394 923
2.0577 922
2.0771 921
2.0939 920
2.1133 919
2.1300 918
2.1483 917
2.1641 916
2.1805 915
2.1967 914
2.1975 913
2.2537 912
2.2866 911
2.3042 910
2.3196 909
2.3383 908
2.3558 907
2.3739 906
2.3905 905
2.4439 904
2.4605 903
2.4774 902
2.4960 901
2.4968 900
2.5136 899
2.5310 898
2.5491 897
2.5663 896
2.5825 895
2.5999 894
2.6174 893
2.6339 892
2.6498 891
2.6660 890
2.6811 889
2.6979 888
2.7359 887
2.7539 886
2.7697 885
2.7869 884
2.8041 883
2.8205 882
2.8385 881
2.8554 880
2.8728 879
2.8889 878
2.9040 877
2.9221 876
2.9395 875
2.9559 874
2.9718 873
2.9881 872
3.0030 871
3.0194 870
3.0352 869
3.0532 868
3.0693 867
3.0875 866
3.1042 865
3.1051 864
3.1240 863
3.1406 862
3.1571 861
3.1732 860
3.1885 859
3.2029 858
3.2204 857
3.2212 856
3.2378 855
3.2554 854
3.2719 853
3.2726 852
3.2882 851
3.3043 850
3.3207 849
3.3367 848
3.3531 847
3.3686 846
3.3694 845
3.3863 844
3.4186 843
3.4497 842
3.4681 841
3.4690 840
3.4831 839
3.4999 838
3.5157 837
3.5309 836
3.5460 835
3.6073 834
3.6081 833
3.6256 832
3.6398 831
3.6565 830
3.6721 829
3.6729 828
3.6888 827
3.7035 826
3.7194 825
3.7358 824
3.7510 823
3.7518 822
3.7677 821
3.7974 820
3.7982 819
3.7990 818
3.8168 817
3.8323 816
3.8485 815
3.8795 814
3.8945 813
3.9098 812
3.9232 811
3.9385 810
3.9676 809
3.9821 808
3.9972 807
4.0119 806
4.0277 805
4.0433 804
4.0728 803
4.0883 802
4.1042 801
4.1334 800
4.1477 799
4.1623 798
4.1763 797
4.1922 796
4.2081 795
4.2232 794
4.2382 793
4.2532 792
4.2554 791
4.2686 790
4.2839 789
4.3154 788
4.3308 787
4.3611 786
4.3756 785
4.3884 784
4.4026 783
4.4169 782
4.4310 781
4.4317 780
4.4775 779
4.4934 778
4.5211 777
4.5779 776
4.5917 775
4.6061 774
4.6201 773
4.6351 772
4.6488 771
4.6642 770
4.6789 769
4.6934 768
4.7087 767
4.7689 766
4.7830 765
4.7972 764
4.7980 763
4.8121 762
4.8252 761
4.8379 760
4.8514 759
4.8794 758
4.8938 757
4.9257 756
4.9396 755
4.9536 754
4.9543 753
4.9673 752
4.9814 751
5.0246 750
5.0385 749
5.0522 748
5.0666 747
5.0795 746
5.0936 745
5.1087 744
5.1231 743
5.1375 742
5.1503 741
5.1636 740
5.1910 739
5.2053 738
5.2180 737
5.2319 736
5.2864 735
5.3287 734
5.3411 733
5.3550 732
5.3958 731
5.4105 730
5.4366 729
5.4610 728
5.4739 727
5.5005 726
5.5135 725
5.5268 724
5.5670 723
5.5813 722
5.5933 721
5.6056 720
5.6178 719
5.6315 718
5.6442 717
5.6570 716
5.6690 715
5.6836 714
5.6979 713
5.7262 712
5.7392 711
5.7531 710
5.7677 709
5.8076 708
5.8194 707
5.8318 706
5.8467 705
5.8596 704
5.8714 703
5.8964 702
5.9095 701
5.9492 700
5.9616 699
5.9737 698
5.9866 697
5.9988 696
6.0501 695
6.0757 694
6.0888 693
6.1019 692
6.1146 691
6.1260 690
6.1394 689
6.1910 688
6.2035 687
6.2167 686
6.2302 685
6.2435 684
6.2569 683
6.2704 682
6.2833 681
6.3088 680
6.3215 679
6.3335 678
6.3583 677
6.3696 676
6.3811 675
6.3923 674
6.4050 673
6.4177 672
6.4436 671
6.4624 670
6.4882 669
6.5001 668
6.5512 667
6.5766 666
6.5773 665
6.5891 664
6.6003 663
6.6114 662
6.6237 661
6.6860 660
6.7002 659
6.7120 658
6.7264 657
6.7389 656
6.7511 655
6.7634 654
6.7753 653
6.7876 652
6.7988 651
6.8109 650
6.8244 649
6.8364 648
6.8484 647
6.8599 646
6.8702 645
6.8820 644
6.8935 643
6.9052 642
6.9170 641
6.9292 640
6.9397 639
6.9506 638
6.9743 637
6.9859 636
6.9976 635
7.0087 634
7.0202 633
7.0315 632
7.0426 631
7.0536 630
7.0642 629
7.0747 628
7.0864 627
7.0978 626
7.1088 625
7.1200 624
7.1312 623
7.1427 622
7.1541 621
7.1638 620
7.1855 619
7.1961 618
7.2072 617
7.2079 616
7.2188 615
7.2528 614
7.2753 613
7.2864 612
7.2980 611
7.3097 610
7.3217 609
7.3443 608
7.3560 607
7.3669 606
7.3846 605
7.3965 604
7.4078 603
7.4189 602
7.4303 601
7.4408 600
7.4415 599
7.4531 598
7.4640 597
7.4752 596
7.4854 595
7.5063 594
7.5388 593
7.5485 592
7.5591 591
7.5697 590
7.5796 589
7.5899 588
7.6009 587
7.6108 586
7.6202 585
7.6303 584
7.6403 583
7.6511 582
7.6619 581
7.6725 580
7.6838 579
7.6941 578
7.7045 577
7.7148 576
7.7463 575
7.7563 574
7.7670 573
7.7778 572
7.7886 571
7.7985 570
7.8093 569
7.8187 568
7.8281 567
7.8486 566
7.8594 565
7.8906 564
7.9105 563
7.9595 562
7.9688 561
7.9786 560
7.9879 559
7.9980 558
8.0074 557
8.0168 556
8.0470 555
8.0664 554
8.0869 553
8.0955 552
8.1049 551
8.1157 550
8.1259 549
8.1463 548
8.1565 547
8.1664 546
8.1760 545
8.2150 544
8.2248 543
8.2357 542
8.2570 541
8.2675 540
8.2767 539
8.2947 538
8.3039 537
8.3323 536
8.3422 535
8.3523 534
8.3617 533
8.3704 532
8.3711 531
8.3801 530
8.3888 529
8.4075 528
8.4268 527
8.4356 526
8.4440 525
8.4526 524
8.4610 523
8.4700 522
8.4885 521
8.4975 520
8.5066 519
8.5153 518
8.5240 517
8.5424 516
8.5514 515
8.5601 514
8.5683 513
8.5953 512
8.6038 511
8.6570 510
8.6659 509
8.6743 508
8.6826 507
8.7007 506
8.7663 505
8.7753 504
8.7844 503
8.7850 502
8.7856 501
8.7940 500
8.8020 499
8.8106 498
8.8287 497
8.8386 496
8.8482 495
8.8672 494
8.8759 493
8.8925 492
8.9013 491
8.9369 490
8.9458 489
8.9635 488
8.9968 487
9.0218 486
9.0304 485
9.0388 484
9.0830 483
9.1352 482
9.1440 481
9.1522 480
9.1607 479
9.1689 478
9.1850 477
9.1935 476
9.2019 475
9.2193 474
9.2364 473
9.2534 472
9.2618 471
9.2704 470
9.2786 469
9.2947 468
9.3023 467
9.3106 466
9.3264 465
9.3514 464
9.3594 463
9.3836 462
9.3998 461
9.4161 460
9.4239 459
9.4406 458
9.4485 457
9.4563 456
9.4892 455
9.4971 454
9.5133 453
9.5211 452
9.5291 451
9.5705 450
9.5782 449
9.6080 448
9.6230 447
9.6379 446
9.6459 445
9.6541 444
9.6847 443
9.6922 442
9.6999 441
9.7967 440
9.8122 439
9.8275 438
9.8591 437
9.8667 436
9.8894 435
9.8972 434
9.9048 433
9.9123 432
9.9199 431
9.9279 430
9.9427 429
9.9967 428
10.0045 427
10.0864 426
10.0943 425
10.3919 424
10.4826 423
10.6927 422
10.7006 421
10.7083 420
10.7160 419
10.7303 418
10.7531 417
10.7614 416
10.7691 415
10.9092 414
10.9320 413
10.9393 412
10.9679 411
10.9752 410
11.5888 409
11.5964 408
11.6039 407
11.6334 406
11.8238 405
11.8311 404
11.8452 403
11.9750 402
12.0622 401
12.0696 400
12.0768 399
12.1558 398
12.1696 397
12.2992 396
12.3703 395
12.3924 394
12.4440 393
12.8940 392
13.1554 391
13.3150 390
13.3914 389
13.4691 388
13.4834 387
18.5222 386
20.1508 385
20.2080 384
20.2153 383
20.2371 382
21.5037 381
21.5175 380
21.5517 379
21.5586 378
21.6327 377
21.6796 376
21.7341 375
21.8102 374
22.1705 373
22.1973 372
22.4345 371
22.5477 370
22.5889 369
22.7426 368
23.0111 367
23.0513 366
23.0648 365
30.9946 364
31.0018 363
31.0841 362
31.1256 361
31.1590 360
31.2266 359
31.3327 358
31.5274 357
31.5948 356
39.6488 355
39.9112 354
48.1723 353
48.6761 352
48.9716 351
