0.0000 989
0.2840 988
0.3017 987
0.3202 986
0.3706 985
0.3715 984
0.3904 983
0.3912 982
0.4108 981
0.4281 980
0.4462 979
0.4645 978
0.4853 977
0.5031 976
0.5230 975
0.5433 974
0.5826 973
0.6002 972
0.6192 971
0.6389 970
0.6564 969
0.6738 968
0.6950 967
0.7115 966
0.7280 965
0.7288 964
0.7296 963
0.7304 962
0.7312 961
0.7490 960
0.7675 959
0.8193 958
0.8387 957
0.8578 956
0.8944 955
0.9115 954
0.9303 953
0.9484 952
0.9658 951
0.9845 950
1.0208 949
1.0546 948
1.0725 947
1.1078 946
1.1253 945
1.1431 944
1.1591 943
1.1770 942
1.1960 941
1.2156 940
1.2333 939
1.2499 938
1.2663 937
1.2853 936
1.3027 935
1.3216 934
1.3402 933
1.3577 932
1.3735 931
1.3890 930
1.4065 929
1.4246 928
1.4410 927
1.4418 926
1.4597 925
1.4772 924
1.4947 923
1.4954 922
1.5131 921
1.5313 920
1.5490 919
1.5498 918
1.5683 917
1.5866 916
1.6035 915
1.6044 914
1.6052 913
1.6059 912
1.6218 911
1.6588 910
1.6597 909
1.6764 908
1.6930 907
1.6938 906
1.7123 905
1.7292 904
1.7450 903
1.7958 902
1.8128 901
1.8301 900
1.8463 899
1.8627 898
1.8795 897
1.8963 896
1.9142 895
1.9317 894
1.9506 893
1.9666 892
1.9826 891
2.0167 890
2.0334 889
2.0342 888
2.0511 887
2.0828 886
2.0997 885
2.1157 884
2.1310 883
2.1457 882
2.1615 881
2.1773 880
2.1935 879
2.2081 878
2.2089 877
2.2255 876
2.2421 875
2.2608 874
2.2771 873
2.2931 872
2.3100 871
2.3256 870
2.3581 869
2.3734 868
2.3900 867
2.3908 866
2.4060 865
2.4214 864
2.4373 863
2.5022 862
2.5176 861
2.5364 860
2.5508 859
2.5658 858
2.6297 857
2.6443 856
2.6602 855
2.6609 854
2.6776 853
2.6930 852
2.7096 851
2.7257 850
2.7427 849
2.7588 848
2.7769 847
2.7955 846
2.8124 845
2.8131 844
2.8281 843
2.8451 842
2.8459 841
2.8467 840
2.8643 839
2.8806 838
2.8956 837
2.9119 836
2.9281 835
2.9288 834
2.9296 833
2.9622 832
2.9774 831
2.9927 830
3.0096 829
3.0251 828
3.0409 827
3.0556 826
3.0564 825
3.0718 824
3.0878 823
3.1022 822
3.1186 821
3.1503 820
3.1650 819
3.1659 818
3.1821 817
3.1974 816
3.2410 815
3.2419 814
3.2575 813
3.2717 812
3.2725 811
3.2889 810
3.3041 809
3.3204 808
3.3520 807
3.3688 806
3.3844 805
3.4003 804
3.4167 803
3.4316 802
3.4444 801
3.4924 800
3.4932 799
3.5362 798
3.5506 797
3.5651 796
3.5782 795
3.5789 794
3.5932 793
3.6074 792
3.6081 791
3.6234 790
3.6381 789
3.6684 788
3.6828 787
3.6986 786
3.7131 785
3.7298 784
3.7460 783
3.7614 782
3.7760 781
3.7922 780
3.8080 779
3.8234 778
3.8394 777
3.8524 776
3.8674 775
3.8826 774
3.8833 773
3.8975 772
3.9126 771
3.9266 770
3.9415 769
3.9548 768
3.9817 767
3.9961 766
4.0095 765
4.0246 764
4.0385 763
4.0816 762
4.0964 761
4.1126 760
4.1269 759
4.1418 758
4.1547 757
4.1681 756
4.1810 755
4.2075 754
4.2210 753
4.2345 752
4.2486 751
4.2493 750
4.2639 749
4.2786 748
4.2941 747
4.3074 746
4.3215 745
4.3345 744
4.3476 743
4.3744 742
4.3872 741
4.4001 740
4.4135 739
4.4266 738
4.4392 737
4.4525 736
4.4656 735
4.4789 734
4.4932 733
4.5061 732
4.5341 731
4.5472 730
4.5604 729
4.5753 728
4.6030 727
4.6162 726
4.6169 725
4.6304 724
4.6441 723
4.6558 722
4.6699 721
4.6828 720
4.6964 719
4.7087 718
4.7220 717
4.7349 716
4.7778 715
4.7921 714
4.8195 713
4.8327 712
4.8472 711
4.8615 710
4.8757 709
4.8871 708
4.9000 707
4.9122 706
4.9252 705
4.9380 704
4.9493 703
4.9624 702
4.9758 701
4.9893 700
5.0006 699
5.0119 698
5.0126 697
5.0244 696
5.0367 695
5.0503 694
5.0630 693
5.0757 692
5.0874 691
5.1004 690
5.1131 689
5.1400 688
5.2455 687
5.2586 686
5.2719 685
5.2991 684
5.3110 683
5.3232 682
5.3358 681
5.3472 680
5.3606 679
5.3731 678
5.3737 677
5.3854 676
5.3989 675
5.3995 674
5.4103 673
5.4224 672
5.4332 671
5.4460 670
5.4578 669
5.4704 668
5.4956 667
5.5214 666
5.5333 665
5.5808 664
5.5928 663
5.6041 662
5.6404 661
5.6520 660
5.6631 659
5.6734 658
5.6857 657
5.6967 656
5.7070 655
5.7076 654
5.7303 653
5.7414 652
5.7647 651
5.7769 650
5.7890 649
5.7998 648
5.8119 647
5.8241 646
5.8361 645
5.8487 644
5.8606 643
5.8846 642
5.8962 641
5.9085 640
5.9309 639
5.9427 638
5.9546 637
5.9655 636
5.9665 635
5.9789 634
5.9912 633
6.0025 632
6.0147 631
6.0252 630
6.0262 629
6.0378 628
6.0492 627
6.0607 626
6.0729 625
6.0845 624
6.0963 623
6.1085 622
6.1223 621
6.1342 620
6.1446 619
6.1453 618
6.1672 617
6.1782 616
6.1895 615
6.2011 614
6.2129 613
6.2230 612
6.2337 611
6.2672 610
6.2896 609
6.3124 608
6.3228 607
6.3344 606
6.3460 605
6.3573 604
6.3684 603
6.3915 602
6.4027 601
6.4140 600
6.4359 599
6.4462 598
6.4574 597
6.4663 596
6.4990 595
6.5100 594
6.5206 593
6.5305 592
6.5415 591
6.5534 590
6.5540 589
6.5662 588
6.5764 587
6.5876 586
6.5981 585
6.6094 584
6.6207 583
6.6309 582
6.6422 581
6.6526 580
6.6636 579
6.6738 578
6.6836 577
6.6928 576
6.7706 575
6.7815 574
6.7915 573
6.8011 572
6.8117 571
6.8214 570
6.8318 569
6.8414 568
6.8509 567
6.8935 566
6.9040 565
6.9142 564
6.9243 563
6.9438 562
6.9537 561
6.9639 560
6.9761 559
6.9873 558
7.0000 557
7.0160 556
7.0279 555
7.0481 554
7.0577 553
7.0769 552
7.1058 551
7.1163 550
7.1270 549
7.1372 548
7.1568 547
7.1576 546
7.1673 545
7.1772 544
7.1869 543
7.1959 542
7.2047 541
7.2142 540
7.2239 539
7.2338 538
7.2433 537
7.2932 536
7.2938 535
7.3137 534
7.3232 533
7.3322 532
7.3604 531
7.3799 530
7.4078 529
7.4176 528
7.4265 527
7.4358 526
7.4453 525
7.4548 524
7.4735 523
7.4823 522
7.4921 521
7.5038 520
7.5135 519
7.5230 518
7.5651 517
7.5750 516
7.5845 515
7.5940 514
7.6134 513
7.6232 512
7.6330 511
7.6428 510
7.6515 509
7.6610 508
7.6704 507
7.6798 506
7.6891 505
7.6977 504
7.7297 503
7.7969 502
7.8065 501
7.8165 500
7.8255 499
7.8262 498
7.8359 497
7.8445 496
7.8723 495
7.8818 494
7.8908 493
7.9002 492
7.9189 491
7.9372 490
7.9483 489
7.9568 488
7.9658 487
7.9664 486
8.0133 485
8.0232 484
8.0411 483
8.0505 482
8.0591 481
8.0678 480
8.0764 479
8.0851 478
8.1023 477
8.1299 476
8.1396 475
8.1579 474
8.1753 473
8.1845 472
8.1934 471
8.2107 470
8.2193 469
8.2280 468
8.2365 467
8.2545 466
8.2631 465
8.2811 464
8.2897 463
8.2979 462
8.3063 461
8.3232 460
8.3399 459
8.3406 458
8.3493 457
8.3579 456
8.4256 455
8.4344 454
8.4434 453
8.4520 452
8.4600 451
8.4684 450
8.4854 449
8.4939 448
8.5018 447
8.5177 446
8.5262 445
8.5348 444
8.5502 443
8.5651 442
8.5734 441
8.6937 440
8.7774 439
8.8009 438
8.8164 437
8.8323 436
8.8482 435
8.8712 434
8.8795 433
8.8950 432
8.9029 431
8.9115 430
8.9357 429
8.9436 428
8.9515 427
8.9594 426
8.9670 425
8.9755 424
8.9831 423
9.1827 422
9.2064 421
9.2143 420
9.2226 419
9.2443 418
9.2816 417
9.3866 416
9.3946 415
9.4821 414
9.6775 413
9.7124 412
9.7641 411
9.8075 410
9.8147 409
9.8220 408
9.9597 407
10.0021 406
10.0095 405
11.5673 404
11.5894 403
11.6920 402
11.7503 401
11.9765 400
11.9841 399
11.9914 398
12.0133 397
12.3842 396
12.3984 395
14.4235 394
14.6654 393
14.6865 392
14.6935 391
14.7212 390
17.0949 389
17.1365 388
17.1582 387
17.1654 386
17.1724 385
17.1797 384
17.2007 383
17.2292 382
17.2562 381
17.3240 380
17.3508 379
17.5394 378
17.7121 377
17.7659 376
25.2235 375
25.2305 374
33.0185 373
33.0454 372
33.0590 371
33.0990 370
38.2210 369
42.4734 368
42.5002 367
42.5687 366
42.6240 365
43.0195 364
43.0534 363
43.0675 362
43.1763 361
51.5287 360
51.6004 359
51.6617 358
52.1967 357
52.2291 356
52.2484 355
52.3212 354
52.3740 353
60.3439 352
60.6766 351
60.7347 350
61.8923 349
61.9313 348
61.9379 347
71.2696 346
71.7640 345
80.9411 344
88.5428 343
88.7375 342
88.8386 341
88.9158 340
88.9609 339
121.2263 338
121.5490 337
121.5928 336
121.5992 335
140.8582 334
504.3501 333
