0.0000 972
0.2746 971
0.2926 970
0.3115 969
0.3317 968
0.3505 967
0.3705 966
0.3713 965
0.3916 964
0.4111 963
0.4131 962
0.4310 961
0.4485 960
0.4675 959
0.4880 958
0.4889 957
0.5072 956
0.5247 955
0.5255 954
0.5448 953
0.5616 952
0.5803 951
0.5812 950
0.5986 949
0.6160 948
0.6338 947
0.6712 946
0.6915 945
0.7116 944
0.7313 943
0.7503 942
0.7681 941
0.7868 940
0.8068 939
0.8432 938
0.8616 937
0.8967 936
0.9126 935
0.9308 934
0.9469 933
0.9640 932
0.9648 931
0.9832 930
1.0011 929
1.0169 928
1.0367 927
1.0542 926
1.0940 925
1.0949 924
1.0958 923
1.1326 922
1.1500 921
1.1664 920
1.2032 919
1.2209 918
1.2219 917
1.2426 916
1.2794 915
1.2970 914
1.3159 913
1.3355 912
1.3934 911
1.4182 910
1.4363 909
1.4701 908
1.4867 907
1.5039 906
1.5233 905
1.5418 904
1.5592 903
1.5756 902
1.6315 901
1.6497 900
1.6664 899
1.6852 898
1.7023 897
1.7216 896
1.7224 895
1.7394 894
1.7570 893
1.7750 892
1.7921 891
1.7929 890
1.8110 889
1.8297 888
1.8464 887
1.8641 886
1.8820 885
1.8977 884
1.8987 883
1.9166 882
1.9344 881
1.9352 880
1.9536 879
1.9704 878
1.9712 877
1.9883 876
2.0068 875
2.0247 874
2.0606 873
2.0769 872
2.0939 871
2.0948 870
2.1112 869
2.1283 868
2.1476 867
2.1826 866
2.2022 865
2.2193 864
2.2350 863
2.2527 862
2.2537 861
2.2546 860
2.2706 859
2.2715 858
2.2883 857
2.2892 856
2.2900 855
2.3070 854
2.3239 853
2.3411 852
2.3583 851
2.3739 850
2.3912 849
2.4418 848
2.4573 847
2.4737 846
2.5085 845
2.5259 844
2.5425 843
2.5595 842
2.5782 841
2.5960 840
2.6638 839
2.6813 838
2.6979 837
2.7316 836
2.7472 835
2.7626 834
2.7795 833
2.7961 832
2.8110 831
2.8264 830
2.8766 829
2.8937 828
2.9098 827
2.9258 826
2.9413 825
2.9572 824
2.9749 823
2.9919 822
3.0075 821
3.0261 820
3.0442 819
3.0608 818
3.0763 817
3.0938 816
3.1095 815
3.1103 814
3.1284 813
3.1455 812
3.1621 811
3.2126 810
3.2278 809
3.2420 808
3.2572 807
3.2751 806
3.3358 805
3.3368 804
3.3512 803
3.3663 802
3.3804 801
3.3955 800
3.3963 799
3.4133 798
3.4275 797
3.4446 796
3.4599 795
3.4751 794
3.4909 793
3.5071 792
3.5377 791
3.5542 790
3.5694 789
3.5868 788
3.6030 787
3.6178 786
3.6331 785
3.6632 784
3.6791 783
3.6959 782
3.7111 781
3.7121 780
3.7131 779
3.7278 778
3.7285 777
3.7443 776
3.7589 775
3.7732 774
3.7875 773
3.8029 772
3.8180 771
3.8314 770
3.8468 769
3.8632 768
3.9064 767
3.9198 766
3.9359 765
3.9499 764
3.9633 763
3.9641 762
3.9933 761
3.9941 760
4.0223 759
4.0381 758
4.0551 757
4.0865 756
4.1161 755
4.1170 754
4.1677 753
4.1842 752
4.1851 751
4.2473 750
4.2632 749
4.2781 748
4.2932 747
4.3090 746
4.3233 745
4.3381 744
4.3540 743
4.3827 742
4.3836 741
4.3990 740
4.4135 739
4.4279 738
4.4576 737
4.4863 736
4.5015 735
4.5162 734
4.5284 733
4.5582 732
4.5591 731
4.5883 730
4.5893 729
4.6031 728
4.6163 727
4.6310 726
4.6441 725
4.6600 724
4.6900 723
4.7034 722
4.7179 721
4.7607 720
4.7750 719
4.7883 718
4.8445 717
4.8574 716
4.8711 715
4.8834 714
4.9096 713
4.9222 712
4.9619 711
4.9627 710
4.9926 709
5.0062 708
5.0193 707
5.0312 706
5.0438 705
5.0701 704
5.0854 703
5.0983 702
5.1103 701
5.1222 700
5.1359 699
5.1507 698
5.1636 697
5.1763 696
5.1888 695
5.2019 694
5.2146 693
5.2515 692
5.2659 691
5.2666 690
5.2799 689
5.2925 688
5.3447 687
5.3586 686
5.3714 685
5.3722 684
5.3729 683
5.4403 682
5.4691 681
5.4830 680
5.4837 679
5.4844 678
5.4962 677
5.5094 676
5.5229 675
5.5494 674
5.5618 673
5.5750 672
5.5882 671
5.6006 670
5.6401 669
5.6792 668
5.6928 667
5.7059 666
5.7179 665
5.7322 664
5.7440 663
5.7566 662
5.7686 661
5.7814 660
5.8052 659
5.8684 658
5.8810 657
5.9192 656
5.9326 655
5.9447 654
5.9562 653
5.9682 652
5.9920 651
6.0029 650
6.0036 649
6.0042 648
6.0283 647
6.0631 646
6.0749 645
6.0881 644
6.1001 643
6.1125 642
6.1250 641
6.1357 640
6.1474 639
6.1727 638
6.1979 637
6.2095 636
6.2202 635
6.2309 634
6.2411 633
6.2418 632
6.2763 631
6.3008 630
6.3125 629
6.3132 628
6.3246 627
6.3354 626
6.3806 625
6.3911 624
6.4019 623
6.4139 622
6.4246 621
6.4474 620
6.4595 619
6.4730 618
6.4857 617
6.4972 616
6.5092 615
6.5194 614
6.5442 613
6.5584 612
6.5825 611
6.5951 610
6.6068 609
6.6410 608
6.6523 607
6.6624 606
6.6975 605
6.7083 604
6.7425 603
6.7537 602
6.7634 601
6.7857 600
6.7970 599
6.8071 598
6.8175 597
6.8634 596
6.8741 595
6.8836 594
6.8946 593
6.9044 592
6.9053 591
6.9812 590
6.9916 589
7.0037 588
7.0268 587
7.0277 586
7.0511 585
7.1146 584
7.1263 583
7.1821 582
7.1929 581
7.2034 580
7.2143 579
7.2258 578
7.2368 577
7.2472 576
7.2684 575
7.2891 574
7.2997 573
7.3107 572
7.3114 571
7.3214 570
7.3314 569
7.3750 568
7.3869 567
7.3965 566
7.4075 565
7.4081 564
7.4187 563
7.4287 562
7.4392 561
7.4493 560
7.4500 559
7.4601 558
7.4710 557
7.4825 556
7.4926 555
7.5030 554
7.5135 553
7.5228 552
7.5426 551
7.5529 550
7.5628 549
7.5726 548
7.5833 547
7.5929 546
7.6034 545
7.6133 544
7.6229 543
7.6324 542
7.6430 541
7.6528 540
7.6637 539
7.7317 538
7.7413 537
7.7505 536
7.7600 535
7.7704 534
7.7907 533
7.7998 532
7.8185 531
7.8274 530
7.8554 529
7.8648 528
7.8738 527
7.8829 526
7.9007 525
7.9097 524
7.9184 523
7.9279 522
7.9467 521
7.9554 520
7.9926 519
8.0020 518
8.0110 517
8.0198 516
8.0286 515
8.0468 514
8.0736 513
8.0830 512
8.0919 511
8.1002 510
8.1097 509
8.1189 508
8.1286 507
8.1471 506
8.1566 505
8.1753 504
8.1942 503
8.2031 502
8.2114 501
8.2199 500
8.2371 499
8.2457 498
8.2544 497
8.2729 496
8.2901 495
8.2987 494
8.3170 493
8.3272 492
8.3361 491
8.3451 490
8.3539 489
8.3920 488
8.4010 487
8.4099 486
8.4622 485
8.4709 484
8.4798 483
8.4887 482
8.5069 481
8.5160 480
8.5433 479
8.5514 478
8.5597 477
8.5691 476
8.5783 475
8.5876 474
8.5971 473
8.6065 472
8.6326 471
8.6411 470
8.6496 469
8.6681 468
8.6768 467
8.6856 466
8.6935 465
8.7100 464
8.7182 463
8.7268 462
8.7750 461
8.8001 460
8.8084 459
8.8572 458
8.8652 457
8.8812 456
8.8891 455
8.8970 454
8.9051 453
8.9129 452
8.9215 451
8.9378 450
8.9458 449
8.9701 448
8.9870 447
8.9952 446
9.0031 445
9.0115 444
9.0198 443
9.0448 442
9.0533 441
9.0620 440
9.0781 439
9.2626 438
9.2793 437
9.2872 436
9.3557 435
9.3964 434
9.4049 433
9.4130 432
9.4611 431
9.4765 430
9.4850 429
9.5080 428
9.5159 427
9.5395 426
9.5625 425
9.5706 424
9.6024 423
9.6104 422
9.6513 421
9.6668 420
9.7151 419
9.8043 418
9.9032 417
9.9186 416
9.9266 415
9.9341 414
9.9566 413
9.9645 412
10.0454 411
10.0602 410
10.0961 409
10.1034 408
10.1488 407
10.3505 406
10.3656 405
10.3877 404
10.4029 403
10.4110 402
12.4347 401
12.5165 400
12.5382 399
12.5759 398
12.5833 397
12.5906 396
12.6330 395
12.6833 394
12.6908 393
12.8195 392
12.8270 391
12.8344 390
12.8910 389
12.9121 388
13.1517 387
15.7708 386
15.8136 385
17.0458 384
19.9558 383
19.9629 382
20.0538 381
20.0688 380
20.1119 379
20.3211 378
20.3282 377
20.3420 376
21.7350 375
22.3315 374
22.4006 373
22.4364 372
22.4944 371
22.6568 370
22.8029 369
30.6491 368
30.9634 367
30.9703 366
31.0044 365
31.0316 364
31.3508 363
31.3852 362
39.9931 361
40.3325 360
40.4124 359
40.6014 358
40.6223 357
40.6491 356
40.6629 355
40.7090 354
40.7812 353
40.8692 352
40.8970 351
49.7940 350
50.4804 349
94.2623 348
137.8232 347
137.8891 346
137.9087 345
137.9156 344
137.9222 343
138.1354 342
232.3394 341
241.1101 340
241.1170 339
241.6358 338
277.2931 337
308.7987 336
