0.0000 986
0.2828 985
0.3021 984
0.3238 983
0.3424 982
0.4209 981
0.4396 980
0.4597 979
0.4806 978
0.5003 977
0.5205 976
0.5376 975
0.5560 974
0.5740 973
0.5920 972
0.6107 971
0.6115 970
0.6298 969
0.6307 968
0.6495 967
0.6684 966
0.6894 965
0.7081 964
0.7282 963
0.7478 962
0.7676 961
0.7857 960
0.8061 959
0.8070 958
0.8254 957
0.8427 956
0.8606 955
0.8793 954
0.8959 953
0.9143 952
0.9334 951
0.9342 950
0.9532 949
0.9541 948
0.9713 947
0.9721 946
0.9729 945
1.0647 944
1.0820 943
1.1003 942
1.1186 941
1.1351 940
1.1728 939
1.1916 938
1.2106 937
1.2288 936
1.2467 935
1.2649 934
1.2830 933
1.3019 932
1.3205 931
1.3381 930
1.3556 929
1.3564 928
1.3745 927
1.3926 926
1.3935 925
1.3944 924
1.3952 923
1.4123 922
1.4295 921
1.4469 920
1.4665 919
1.5038 918
1.5407 917
1.5579 916
1.5776 915
1.5953 914
1.6137 913
1.6312 912
1.6505 911
1.6874 910
1.7051 909
1.7231 908
1.7417 907
1.7790 906
1.7799 905
1.7974 904
1.8154 903
1.8331 902
1.8498 901
1.8666 900
1.9375 899
1.9556 898
1.9739 897
1.9912 896
2.0083 895
2.0256 894
2.0421 893
2.0429 892
2.0615 891
2.0624 890
2.0792 889
2.1121 888
2.1305 887
2.1313 886
2.1861 885
2.2041 884
2.2217 883
2.2377 882
2.2534 881
2.2702 880
2.2710 879
2.2859 878
2.3032 877
2.3188 876
2.3196 875
2.3359 874
2.3523 873
2.3686 872
2.3858 871
2.4029 870
2.4369 869
2.4535 868
2.4695 867
2.4853 866
2.4861 865
2.5012 864
2.5178 863
2.5681 862
2.5835 861
2.5992 860
2.6139 859
2.6309 858
2.6462 857
2.6470 856
2.6636 855
2.6798 854
2.7283 853
2.7609 852
2.7766 851
2.7903 850
2.8053 849
2.8209 848
2.8526 847
2.8686 846
2.8866 845
2.9015 844
2.9349 843
2.9499 842
2.9652 841
2.9815 840
2.9986 839
3.0153 838
3.0318 837
3.0326 836
3.0484 835
3.0643 834
3.0956 833
3.1122 832
3.1130 831
3.1269 830
3.1410 829
3.1549 828
3.2035 827
3.2194 826
3.2349 825
3.2518 824
3.2676 823
3.2827 822
3.2835 821
3.2992 820
3.3136 819
3.3279 818
3.3441 817
3.3582 816
3.3710 815
3.4162 814
3.4332 813
3.4653 812
3.4803 811
3.4948 810
3.5103 809
3.5253 808
3.5410 807
3.5567 806
3.5739 805
3.6254 804
3.6421 803
3.6582 802
3.6729 801
3.6736 800
3.8203 799
3.8347 798
3.8496 797
3.8642 796
3.8780 795
3.8787 794
3.9247 793
3.9403 792
3.9561 791
4.0024 790
4.0167 789
4.0337 788
4.0482 787
4.0490 786
4.0497 785
4.0633 784
4.0767 783
4.0913 782
4.1243 781
4.1402 780
4.1718 779
4.1876 778
4.2029 777
4.2478 776
4.2614 775
4.2747 774
4.2896 773
4.3042 772
4.3049 771
4.3187 770
4.3327 769
4.3458 768
4.3609 767
4.3745 766
4.3879 765
4.4014 764
4.4166 763
4.4297 762
4.4435 761
4.4575 760
4.4725 759
4.4871 758
4.4879 757
4.5033 756
4.5181 755
4.5312 754
4.5461 753
4.5604 752
4.5746 751
4.5878 750
4.6144 749
4.6285 748
4.6415 747
4.7420 746
4.7689 745
4.7831 744
4.7970 743
4.8106 742
4.8248 741
4.8392 740
4.8528 739
4.8654 738
4.8781 737
4.8931 736
4.9066 735
4.9195 734
4.9335 733
4.9465 732
4.9606 731
4.9874 730
4.9881 729
5.0026 728
5.0159 727
5.0696 726
5.0950 725
5.1094 724
5.1235 723
5.1368 722
5.1505 721
5.1651 720
5.1772 719
5.1908 718
5.2031 717
5.2038 716
5.2173 715
5.2303 714
5.2440 713
5.2576 712
5.2724 711
5.2996 710
5.3112 709
5.3240 708
5.3247 707
5.3379 706
5.3502 705
5.3633 704
5.3886 703
5.4010 702
5.4141 701
5.4384 700
5.4509 699
5.4632 698
5.4765 697
5.4892 696
5.5012 695
5.5019 694
5.5151 693
5.5283 692
5.5407 691
5.5550 690
5.5557 689
5.5691 688
5.5945 687
5.6069 686
5.6189 685
5.6308 684
5.6427 683
5.6548 682
5.6664 681
5.6801 680
5.6931 679
5.7048 678
5.7056 677
5.7177 676
5.7300 675
5.7429 674
5.7549 673
5.7671 672
5.7678 671
5.7816 670
5.7947 669
5.8063 668
5.8180 667
5.8304 666
5.8420 665
5.8532 664
5.8643 663
5.8768 662
5.8884 661
5.9019 660
5.9136 659
5.9600 658
5.9717 657
5.9829 656
5.9941 655
6.0180 654
6.0304 653
6.0438 652
6.0445 651
6.0584 650
6.0704 649
6.0811 648
6.0818 647
6.0946 646
6.1062 645
6.1168 644
6.1406 643
6.1526 642
6.1655 641
6.1767 640
6.1880 639
6.1989 638
6.2115 637
6.2337 636
6.2457 635
6.2564 634
6.2679 633
6.2794 632
6.2910 631
6.3126 630
6.3351 629
6.3460 628
6.3900 627
6.4010 626
6.4017 625
6.4128 624
6.4241 623
6.4343 622
6.4454 621
6.4461 620
6.4566 619
6.4777 618
6.4880 617
6.5111 616
6.5237 615
6.5352 614
6.5465 613
6.5583 612
6.5815 611
6.5920 610
6.6040 609
6.6151 608
6.6476 607
6.6591 606
6.7040 605
6.7149 604
6.7367 603
6.7374 602
6.7586 601
6.7689 600
6.7801 599
6.7907 598
6.8011 597
6.8124 596
6.8332 595
6.8431 594
6.8644 593
6.8735 592
6.8831 591
6.8929 590
6.9137 589
6.9245 588
6.9349 587
6.9551 586
6.9647 585
6.9749 584
6.9847 583
7.0168 582
7.0278 581
7.0382 580
7.0482 579
7.0694 578
7.0795 577
7.1320 576
7.1422 575
7.1513 574
7.1716 573
7.1820 572
7.2041 571
7.2137 570
7.2237 569
7.2554 568
7.2646 567
7.2737 566
7.2835 565
7.2940 564
7.3044 563
7.3138 562
7.3235 561
7.3330 560
7.3427 559
7.3527 558
7.3627 557
7.3720 556
7.3809 555
7.4004 554
7.4098 553
7.4196 552
7.4292 551
7.4390 550
7.4486 549
7.4576 548
7.4761 547
7.4859 546
7.4952 545
7.5064 544
7.5157 543
7.5347 542
7.5440 541
7.5541 540
7.5832 539
7.5923 538
7.6016 537
7.6110 536
7.6473 535
7.6575 534
7.6863 533
7.6962 532
7.7153 531
7.7261 530
7.7353 529
7.7531 528
7.7621 527
7.7802 526
7.7896 525
7.7993 524
7.8087 523
7.8175 522
7.8270 521
7.8649 520
7.8739 519
7.8832 518
7.8918 517
7.9011 516
7.9017 515
7.9104 514
7.9198 513
7.9282 512
7.9374 511
7.9472 510
7.9556 509
7.9640 508
7.9726 507
7.9898 506
7.9990 505
8.0080 504
8.0432 503
8.0516 502
8.0601 501
8.0781 500
8.0868 499
8.0950 498
8.1123 497
8.1459 496
8.1543 495
8.1717 494
8.1805 493
8.1889 492
8.1979 491
8.2065 490
8.2153 489
8.2248 488
8.2523 487
8.2612 486
8.2787 485
8.3037 484
8.3125 483
8.3376 482
8.3382 481
8.3468 480
8.3802 479
8.3961 478
8.4037 477
8.4116 476
8.4289 475
8.4376 474
8.4460 473
8.4963 472
8.5048 471
8.5128 470
8.5209 469
8.5551 468
8.5633 467
8.5722 466
8.5802 465
8.5879 464
8.5959 463
8.6042 462
8.6279 461
8.6437 460
8.6919 459
8.7082 458
8.7160 457
8.7402 456
8.7481 455
8.7558 454
8.7639 453
8.7718 452
8.7797 451
8.7877 450
8.7952 449
8.8029 448
8.8109 447
8.8189 446
8.8269 445
8.8349 444
8.8434 443
8.8588 442
8.8737 441
8.8814 440
8.8894 439
8.8969 438
8.9119 437
8.9200 436
8.9435 435
8.9659 434
8.9811 433
8.9967 432
9.0040 431
9.0504 430
9.0743 429
9.0818 428
9.0893 427
9.5950 426
9.6032 425
9.6176 424
9.6326 423
9.6404 422
9.6480 421
9.6554 420
9.7674 419
9.7750 418
9.7899 417
9.7974 416
9.8049 415
9.8121 414
9.8192 413
9.8267 412
9.8623 411
9.8694 410
9.8766 409
10.1530 408
10.1606 407
10.1684 406
10.1761 405
10.2483 404
10.3071 403
10.3144 402
10.9019 401
10.9298 400
10.9372 399
10.9667 398
11.0019 397
11.0227 396
11.1011 395
11.1718 394
11.2303 393
11.3562 392
11.3841 391
11.3913 390
11.6216 389
11.8207 388
11.8414 387
11.8484 386
11.8905 385
11.9187 384
11.9257 383
11.9327 382
11.9397 381
11.9467 380
12.0773 379
12.0909 378
12.3560 377
12.3633 376
12.3976 375
12.4943 374
12.6811 373
12.7558 372
12.8163 371
12.8643 370
12.8779 369
20.3117 368
20.3321 367
20.3534 366
20.4289 365
21.0887 364
21.2139 363
21.2347 362
21.4563 361
21.5749 360
21.7638 359
21.8106 358
31.4997 357
60.7986 356
60.8581 355
60.9166 354
60.9817 353
61.0145 352
61.1201 351
61.1856 350
61.1991 349
96.8136 348
97.0531 347
97.2811 346
105.5085 345
105.5473 344
105.6796 343
105.7931 342
169.6029 341
169.7136 340
238.7381 339
238.7648 338
289.6819 337
382.4934 336
698.8615 336
