0.0000 1004
0.2465 1003
0.2474 1002
0.2665 1001
0.2673 1000
0.2845 999
0.3039 998
0.3047 997
0.3229 996
0.3396 995
0.3583 994
0.3958 993
0.4161 992
0.4169 991
0.4354 990
0.4362 989
0.4550 988
0.4738 987
0.5134 986
0.5332 985
0.5527 984
0.5721 983
0.5904 982
0.6084 981
0.6267 980
0.6441 979
0.6460 978
0.6650 977
0.6845 976
0.7031 975
0.7211 974
0.7219 973
0.7390 972
0.7560 971
0.7568 970
0.7751 969
0.7939 968
0.8104 967
0.8112 966
0.8120 965
0.8302 964
0.8473 963
0.8635 962
0.8805 961
0.8993 960
0.9167 959
0.9725 958
0.9898 957
1.0089 956
1.0268 955
1.0465 954
1.0817 953
1.0987 952
1.1163 951
1.1490 950
1.1498 949
1.1674 948
1.1850 947
1.2036 946
1.2213 945
1.2408 944
1.2577 943
1.2750 942
1.2930 941
1.3114 940
1.3123 939
1.3306 938
1.3477 937
1.3643 936
1.3651 935
1.3815 934
1.3997 933
1.4005 932
1.4181 931
1.4344 930
1.4705 929
1.4884 928
1.5056 927
1.5235 926
1.5412 925
1.5596 924
1.5767 923
1.5946 922
1.6126 921
1.6288 920
1.6448 919
1.6610 918
1.6770 917
1.6940 916
1.7102 915
1.7109 914
1.7279 913
1.7464 912
1.7798 911
1.7976 910
1.8134 909
1.8305 908
1.8469 907
1.8632 906
1.8795 905
1.9155 904
1.9304 903
1.9453 902
1.9622 901
1.9784 900
1.9934 899
2.0090 898
2.0232 897
2.0239 896
2.0577 895
2.0727 894
2.0735 893
2.0904 892
2.1059 891
2.1067 890
2.1236 889
2.1243 888
2.1406 887
2.1571 886
2.1739 885
2.1899 884
2.2053 883
2.2220 882
2.2386 881
2.2533 880
2.2693 879
2.2858 878
2.3024 877
2.3348 876
2.3505 875
2.3669 874
2.3835 873
2.4163 872
2.4495 871
2.4503 870
2.4651 869
2.4812 868
2.4991 867
2.4999 866
2.5161 865
2.5169 864
2.5325 863
2.5480 862
2.5649 861
2.5807 860
2.5969 859
2.6131 858
2.6279 857
2.6578 856
2.6585 855
2.6719 854
2.7194 853
2.7514 852
2.7673 851
2.7824 850
2.7831 849
2.7838 848
2.7980 847
2.8139 846
2.8290 845
2.8438 844
2.8445 843
2.8592 842
2.8750 841
2.8896 840
2.9049 839
2.9203 838
2.9505 837
2.9645 836
2.9791 835
2.9950 834
3.0267 833
3.0413 832
3.0575 831
3.0732 830
3.0880 829
3.1039 828
3.1179 827
3.1186 826
3.1352 825
3.1645 824
3.1797 823
3.2090 822
3.2220 821
3.2361 820
3.2654 819
3.2806 818
3.2939 817
3.3095 816
3.3261 815
3.3431 814
3.3577 813
3.3729 812
3.3896 811
3.4054 810
3.4358 809
3.4504 808
3.4645 807
3.5107 806
3.5246 805
3.5390 804
3.5520 803
3.5669 802
3.5821 801
3.5965 800
3.6256 799
3.6539 798
3.6693 797
3.7122 796
3.7129 795
3.7285 794
3.7435 793
3.7581 792
3.7704 791
3.7843 790
3.7851 789
3.7994 788
3.8143 787
3.8294 786
3.8421 785
3.8714 784
3.8998 783
3.9137 782
3.9144 781
3.9280 780
3.9419 779
3.9676 778
3.9809 777
3.9944 776
4.0085 775
4.0220 774
4.0361 773
4.0488 772
4.0646 771
4.0794 770
4.0932 769
4.1082 768
4.1217 767
4.1348 766
4.1487 765
4.1634 764
4.1642 763
4.1780 762
4.1918 761
4.2181 760
4.2308 759
4.3117 758
4.3257 757
4.3387 756
4.3514 755
4.3642 754
4.3781 753
4.3926 752
4.4071 751
4.4469 750
4.4880 749
4.5019 748
4.5149 747
4.5287 746
4.5414 745
4.5540 744
4.5547 743
4.5687 742
4.5814 741
4.5821 740
4.5948 739
4.6092 738
4.6374 737
4.6512 736
4.6650 735
4.6782 734
4.6906 733
4.7165 732
4.7172 731
4.7298 730
4.7418 729
4.7553 728
4.7794 727
4.7928 726
4.8040 725
4.8168 724
4.8296 723
4.8429 722
4.8436 721
4.8442 720
4.8569 719
4.8701 718
4.8823 717
4.8830 716
4.8951 715
4.9086 714
4.9205 713
5.0340 712
5.0463 711
5.0726 710
5.0854 709
5.0981 708
5.1104 707
5.1222 706
5.1348 705
5.1480 704
5.1599 703
5.1714 702
5.1841 701
5.2104 700
5.2214 699
5.2346 698
5.2469 697
5.2592 696
5.2711 695
5.2825 694
5.2951 693
5.3195 692
5.3459 691
5.3600 690
5.3963 689
5.3972 688
5.4096 687
5.4102 686
5.4223 685
5.4463 684
5.4583 683
5.4823 682
5.5231 681
5.5355 680
5.5470 679
5.5477 678
5.5600 677
5.5712 676
5.5836 675
5.5959 674
5.6076 673
5.6313 672
5.6424 671
5.6659 670
5.6898 669
5.7017 668
5.7135 667
5.7242 666
5.7364 665
5.7484 664
5.7491 663
5.7593 662
5.7704 661
5.7827 660
5.7946 659
5.8059 658
5.8295 657
5.8412 656
5.8535 655
5.8543 654
5.8778 653
5.8909 652
5.9027 651
5.9146 650
5.9366 649
5.9485 648
5.9491 647
5.9616 646
5.9736 645
6.0099 644
6.0339 643
6.0464 642
6.0690 641
6.0815 640
6.0822 639
6.0944 638
6.1063 637
6.1412 636
6.1531 635
6.1643 634
6.1771 633
6.1891 632
6.2005 631
6.2126 630
6.2243 629
6.2363 628
6.2594 627
6.2702 626
6.2709 625
6.2831 624
6.2939 623
6.3045 622
6.3051 621
6.3151 620
6.3275 619
6.3281 618
6.3378 617
6.3485 616
6.3589 615
6.3704 614
6.3946 613
6.4045 612
6.4153 611
6.4255 610
6.4360 609
6.4797 608
6.4903 607
6.5130 606
6.5242 605
6.5356 604
6.5455 603
6.5558 602
6.5671 601
6.5789 600
6.5796 599
6.6023 598
6.6350 597
6.6460 596
6.6565 595
6.6661 594
6.6782 593
6.7124 592
6.7243 591
6.7249 590
6.7464 589
6.7565 588
6.7666 587
6.7776 586
6.7982 585
6.8090 584
6.8194 583
6.8406 582
6.8627 581
6.8633 580
6.8639 579
6.8829 578
6.9451 577
6.9661 576
6.9762 575
6.9982 574
7.0084 573
7.0200 572
7.0856 571
7.0968 570
7.0974 569
7.1086 568
7.1201 567
7.1317 566
7.1432 565
7.1558 564
7.1863 563
7.2474 562
7.2672 561
7.2890 560
7.3305 559
7.3409 558
7.3523 557
7.3743 556
7.3859 555
7.4108 554
7.4212 553
7.4323 552
7.4422 551
7.4533 550
7.4730 549
7.5045 548
7.5144 547
7.5237 546
7.5333 545
7.5427 544
7.5518 543
7.5608 542
7.5911 541
7.6004 540
7.6193 539
7.6284 538
7.6374 537
7.6699 536
7.7007 535
7.7102 534
7.7109 533
7.7218 532
7.7321 531
7.7422 530
7.7519 529
7.7624 528
7.7819 527
7.7923 526
7.8023 525
7.8117 524
7.8209 523
7.8312 522
7.8410 521
7.8507 520
7.8601 519
7.8789 518
7.8884 517
7.8975 516
7.9067 515
7.9163 514
7.9256 513
7.9350 512
7.9542 511
7.9638 510
7.9731 509
8.0014 508
8.0109 507
8.0199 506
8.0293 505
8.0489 504
8.1236 503
8.1324 502
8.1417 501
8.1513 500
8.1614 499
8.1897 498
8.1989 497
8.2086 496
8.2367 495
8.2460 494
8.2552 493
8.2634 492
8.2724 491
8.2820 490
8.2905 489
8.2996 488
8.3089 487
8.3178 486
8.3433 485
8.3530 484
8.4774 483
8.4869 482
8.5232 481
8.5327 480
8.5333 479
8.5698 478
8.6062 477
8.6146 476
8.6235 475
8.6498 474
8.6578 473
8.6668 472
8.6847 471
8.6928 470
8.7023 469
8.7113 468
8.7197 467
8.7286 466
8.7368 465
8.7542 464
8.8926 463
8.9103 462
8.9195 461
8.9286 460
8.9372 459
8.9464 458
8.9714 457
8.9797 456
8.9876 455
8.9962 454
9.0127 453
9.0214 452
9.0546 451
9.0633 450
9.0711 449
9.0795 448
9.0877 447
9.1048 446
9.1138 445
9.1308 444
9.1388 443
9.1549 442
9.2317 441
9.2400 440
9.2481 439
9.2640 438
9.2724 437
9.3045 436
9.3129 435
9.3364 434
9.3443 433
9.3521 432
9.3601 431
9.3764 430
9.3978 429
9.4780 428
9.5093 427
9.6099 426
9.6252 425
9.6482 424
9.6637 423
9.6801 422
9.7032 421
9.7490 420
9.7564 419
9.7640 418
9.7860 417
9.7941 416
9.8022 415
9.8098 414
9.8394 413
9.8468 412
9.8618 411
9.8695 410
10.1712 409
10.2089 408
10.2170 407
10.2330 406
10.2418 405
10.2502 404
10.2663 403
10.2815 402
10.3179 401
10.3969 400
10.6815 399
10.6891 398
10.6966 397
10.7044 396
10.7403 395
10.7557 394
11.8297 393
11.8440 392
11.8665 391
11.8749 390
11.8832 389
11.9071 388
11.9228 387
12.1745 386
12.1816 385
12.1888 384
12.3284 383
12.5884 382
12.6184 381
12.6334 380
12.6407 379
12.6698 378
12.7497 377
12.7649 376
12.7720 375
12.8447 374
13.3009 373
13.3698 372
13.3767 371
13.5013 370
21.4385 369
21.4533 368
21.4825 367
21.5101 366
21.7342 365
21.8816 364
21.9579 363
22.1910 362
22.9699 361
39.3548 360
39.3746 359
39.8585 358
40.1098 357
40.2698 356
40.2708 355
48.1405 354
48.1472 353
48.1600 352
48.1859 351
48.2124 350
48.3705 349
79.9618 348
79.9760 347
79.9949 346
80.1579 345
117.0569 344
133.4524 343
182.9945 342
306.6009 341
323.7030 340
323.7429 339
