0.0000 985
0.3296 984
0.3658 983
0.4101 982
0.4112 981
0.4300 980
0.4915 979
0.5095 978
0.5277 977
0.5459 976
0.5647 975
0.5857 974
0.5866 973
0.6040 972
0.6233 971
0.6615 970
0.6815 969
0.7017 968
0.7216 967
0.7226 966
0.7403 965
0.7412 964
0.7589 963
0.7781 962
0.7964 961
0.8156 960
0.8165 959
0.8354 958
0.8548 957
0.8735 956
0.8910 955
0.9083 954
0.9266 953
0.9447 952
0.9990 951
1.0166 950
1.0175 949
1.0372 948
1.0380 947
1.0746 946
1.1122 945
1.1315 944
1.1712 943
1.2116 942
1.2314 941
1.2323 940
1.2516 939
1.2685 938
1.2867 937
1.3056 936
1.3245 935
1.3407 934
1.3582 933
1.3764 932
1.3784 931
1.3966 930
1.4156 929
1.4332 928
1.4340 927
1.4349 926
1.4525 925
1.4878 924
1.5043 923
1.5227 922
1.5409 921
1.5598 920
1.5778 919
1.5970 918
1.5979 917
1.6155 916
1.6323 915
1.6487 914
1.6673 913
1.6849 912
1.7035 911
1.7203 910
1.7370 909
1.7544 908
1.7741 907
1.7915 906
1.8098 905
1.8278 904
1.8642 903
1.8656 902
1.8664 901
1.8852 900
1.9031 899
1.9214 898
1.9380 897
1.9709 896
1.9886 895
2.0057 894
2.0066 893
2.0243 892
2.0402 891
2.0566 890
2.0733 889
2.0910 888
2.0918 887
2.1078 886
2.1086 885
2.1264 884
2.1425 883
2.1767 882
2.1951 881
2.2121 880
2.2279 879
2.2442 878
2.2595 877
2.2750 876
2.3283 875
2.3453 874
2.3626 873
2.3814 872
2.4476 871
2.4653 870
2.4811 869
2.4982 868
2.5155 867
2.5335 866
2.5520 865
2.5662 864
2.5827 863
2.5994 862
2.6325 861
2.6661 860
2.6824 859
2.7152 858
2.7308 857
2.7496 856
2.7657 855
2.7815 854
2.8154 853
2.8320 852
2.8329 851
2.8486 850
2.8643 849
2.8989 848
2.9141 847
2.9312 846
2.9460 845
2.9624 844
2.9788 843
3.0181 842
3.0516 841
3.0675 840
3.0832 839
3.0992 838
3.1154 837
3.1306 836
3.1617 835
3.1776 834
3.1940 833
3.2095 832
3.2263 831
3.2427 830
3.2579 829
3.2756 828
3.3068 827
3.3222 826
3.3229 825
3.3384 824
3.3392 823
3.3535 822
3.3542 821
3.4049 820
3.4213 819
3.4366 818
3.4508 817
3.4659 816
3.5285 815
3.5447 814
3.5604 813
3.5770 812
3.5778 811
3.5926 810
3.6071 809
3.6228 808
3.6378 807
3.6519 806
3.6662 805
3.6976 804
3.7128 803
3.7135 802
3.7455 801
3.7756 800
3.7907 799
3.8188 798
3.8351 797
3.8359 796
3.8525 795
3.8675 794
3.8818 793
3.8963 792
3.9113 791
3.9264 790
3.9401 789
3.9560 788
3.9704 787
3.9858 786
4.0008 785
4.0155 784
4.0309 783
4.0604 782
4.0750 781
4.0885 780
4.1032 779
4.1309 778
4.1449 777
4.1586 776
4.1730 775
4.1855 774
4.2003 773
4.2155 772
4.2285 771
4.2428 770
4.2565 769
4.2700 768
4.2831 767
4.3271 766
4.3279 765
4.3424 764
4.3578 763
4.3724 762
4.3872 761
4.4007 760
4.4147 759
4.4414 758
4.4421 757
4.4561 756
4.4717 755
4.4853 754
4.4988 753
4.5145 752
4.5279 751
4.5430 750
4.5562 749
4.5699 748
4.5964 747
4.6113 746
4.6260 745
4.6547 744
4.6686 743
4.6817 742
4.6958 741
4.7085 740
4.7369 739
4.7512 738
4.7651 737
4.7935 736
4.8070 735
4.8197 734
4.8333 733
4.8479 732
4.8620 731
4.9030 730
4.9037 729
4.9162 728
4.9298 727
4.9563 726
4.9580 725
5.0264 724
5.0406 723
5.0539 722
5.1241 721
5.1386 720
5.1674 719
5.1833 718
5.1984 717
5.2112 716
5.2547 715
5.2679 714
5.2809 713
5.2958 712
5.3097 711
5.3243 710
5.3379 709
5.3528 708
5.3536 707
5.3802 706
5.4194 705
5.4323 704
5.4330 703
5.4467 702
5.4591 701
5.4717 700
5.4961 699
5.5134 698
5.5274 697
5.5407 696
5.5664 695
5.5792 694
5.5966 693
5.6108 692
5.6506 691
5.6636 690
5.6644 689
5.7026 688
5.7148 687
5.7267 686
5.7392 685
5.7527 684
5.7661 683
5.7785 682
5.7906 681
5.8038 680
5.8167 679
5.8435 678
5.8673 677
5.8806 676
5.8813 675
5.8943 674
5.9074 673
5.9195 672
5.9440 671
5.9553 670
5.9673 669
5.9809 668
5.9927 667
6.0154 666
6.0750 665
6.0873 664
6.0985 663
6.1672 662
6.2189 661
6.2322 660
6.2443 659
6.2450 658
6.2698 657
6.3293 656
6.3410 655
6.3535 654
6.3662 653
6.3773 652
6.3894 651
6.4261 650
6.4383 649
6.4507 648
6.4621 647
6.4746 646
6.4753 645
6.5480 644
6.5600 643
6.5718 642
6.5845 641
6.5853 640
6.6078 639
6.6085 638
6.6184 637
6.6291 636
6.6399 635
6.6498 634
6.6614 633
6.6731 632
6.6836 631
6.6944 630
6.7058 629
6.7167 628
6.7282 627
6.7733 626
6.8191 625
6.8300 624
6.8413 623
6.8538 622
6.8654 621
6.8767 620
6.8873 619
6.8975 618
6.9076 617
6.9176 616
6.9287 615
6.9395 614
6.9518 613
6.9630 612
6.9735 611
6.9834 610
6.9953 609
7.0068 608
7.0180 607
7.0187 606
7.0289 605
7.0505 604
7.0624 603
7.0734 602
7.0843 601
7.0942 600
7.1039 599
7.1146 598
7.1245 597
7.1346 596
7.1447 595
7.1673 594
7.1887 593
7.2000 592
7.2134 591
7.2344 590
7.2440 589
7.2551 588
7.2648 587
7.2746 586
7.2953 585
7.3058 584
7.3263 583
7.3375 582
7.3381 581
7.3483 580
7.3590 579
7.3809 578
7.3909 577
7.4017 576
7.4440 575
7.4537 574
7.4735 573
7.4938 572
7.5161 571
7.5253 570
7.5359 569
7.5467 568
7.5563 567
7.5759 566
7.6164 565
7.6359 564
7.6451 563
7.6562 562
7.6662 561
7.6757 560
7.6853 559
7.6956 558
7.7064 557
7.7167 556
7.7267 555
7.7569 554
7.8165 553
7.8263 552
7.8445 551
7.8540 550
7.8637 549
7.8734 548
7.8824 547
7.8830 546
7.8926 545
7.9794 544
7.9888 543
8.0088 542
8.0188 541
8.0282 540
8.0380 539
8.0472 538
8.0567 537
8.0750 536
8.0845 535
8.0934 534
8.1026 533
8.1033 532
8.1215 531
8.1424 530
8.1515 529
8.1893 528
8.1993 527
8.2092 526
8.2185 525
8.2276 524
8.2634 523
8.2725 522
8.2815 521
8.2908 520
8.3189 519
8.3277 518
8.3365 517
8.3458 516
8.3545 515
8.3639 514
8.3915 513
8.4006 512
8.4097 511
8.4183 510
8.4278 509
8.4362 508
8.4449 507
8.4540 506
8.4626 505
8.4796 504
8.4802 503
8.4898 502
8.5179 501
8.5266 500
8.5356 499
8.5521 498
8.5615 497
8.5810 496
8.5902 495
8.5983 494
8.6067 493
8.6153 492
8.6240 491
8.6323 490
8.6766 489
8.6853 488
8.6934 487
8.7023 486
8.7357 485
8.7446 484
8.7531 483
8.7615 482
8.8215 481
8.8297 480
8.8378 479
8.8649 478
8.8819 477
8.8902 476
8.8989 475
8.9163 474
8.9334 473
8.9672 472
8.9751 471
8.9834 470
9.0076 469
9.0158 468
9.0325 467
9.0409 466
9.0493 465
9.0579 464
9.0663 463
9.0743 462
9.0824 461
9.0907 460
9.1067 459
9.1149 458
9.1478 457
9.1562 456
9.1641 455
9.1725 454
9.1801 453
9.1880 452
9.2030 451
9.2107 450
9.2258 449
9.2568 448
9.2645 447
9.2956 446
9.3035 445
9.3116 444
9.3194 443
9.3272 442
9.3353 441
9.3512 440
9.3592 439
9.3750 438
9.3826 437
9.3901 436
9.4828 435
9.5219 434
9.5295 433
9.6437 432
9.6509 431
9.6733 430
9.7267 429
9.7339 428
9.7494 427
9.7570 426
9.7643 425
9.7788 424
10.0026 423
10.0628 422
10.0917 421
10.1142 420
10.1216 419
10.1291 418
10.1368 417
10.1443 416
10.1732 415
10.1806 414
10.3723 413
10.3805 412
10.3879 411
10.4757 410
10.7718 409
10.7860 408
10.8223 407
10.8442 406
10.8524 405
10.8674 404
10.8748 403
10.9454 402
11.1246 401
11.1321 400
11.1601 399
12.9759 398
13.0270 397
13.0348 396
13.0644 395
13.0863 394
13.1012 393
13.1571 392
13.3358 391
13.3845 390
13.3921 389
13.5194 388
13.7050 387
19.3920 386
20.8890 385
21.3448 384
21.3519 383
21.4003 382
21.4708 381
21.5203 380
21.5340 379
21.5486 378
21.6316 377
21.6452 376
21.7204 375
21.7274 374
21.9212 373
21.9913 372
22.5357 371
22.6303 370
23.3237 369
37.5847 368
38.2858 367
38.3589 366
38.3657 365
40.0401 364
40.0470 363
40.1358 362
40.1494 361
40.2036 360
40.2506 359
40.3369 358
40.3566 357
40.3764 356
40.6851 355
40.6920 354
40.7313 353
40.8627 352
155.3307 351
155.3784 350
155.4061 349
155.4131 348
189.1228 347
197.4799 346
197.6233 345
198.3673 344
206.7453 343
206.7850 342
347.7574 341
389.2721 340
389.3678 339
389.4536 338
389.5273 337
449.4463 336
