0.0000 1010
0.2712 1009
0.2910 1008
0.3507 1007
0.3719 1006
0.3923 1005
0.4311 1004
0.4507 1003
0.4714 1002
0.5336 1001
0.5530 1000
0.5739 999
0.5931 998
0.5940 997
0.6138 996
0.6341 995
0.6350 994
0.6547 993
0.6740 992
0.6930 991
0.7115 990
0.7306 989
0.7315 988
0.7505 987
0.7735 986
0.7926 985
0.8126 984
0.8335 983
0.8737 982
0.8924 981
0.9300 980
0.9501 979
0.9711 978
1.0105 977
1.0297 976
1.0500 975
1.0681 974
1.0871 973
1.1063 972
1.1253 971
1.1447 970
1.1645 969
1.1655 968
1.1837 967
1.2038 966
1.2226 965
1.2403 964
1.2413 963
1.2613 962
1.3172 961
1.3363 960
1.3767 959
1.3971 958
1.4172 957
1.4770 956
1.5147 955
1.5323 954
1.5517 953
1.5526 952
1.6179 951
1.6392 950
1.6920 949
1.6929 948
1.7136 947
1.7590 946
1.7789 945
1.7798 944
1.8027 943
1.8590 942
1.8984 941
1.8994 940
1.9813 939
2.0448 938
2.0625 937
2.0806 936
2.0987 935
2.0996 934
2.1288 933
2.1516 932
2.1715 931
2.1891 930
2.2077 929
2.2368 928
2.2543 927
2.2732 926
2.2917 925
2.2929 924
2.2938 923
2.3105 922
2.3113 921
2.3298 920
2.3566 919
2.3767 918
2.4139 917
2.4523 916
2.4964 915
2.4975 914
2.5159 913
2.5531 912
2.5732 911
2.5925 910
2.6120 909
2.6317 908
2.6508 907
2.6699 906
2.6708 905
2.6907 904
2.7096 903
2.7107 902
2.7299 901
2.7487 900
2.7671 899
2.7854 898
2.8019 897
2.8190 896
2.8356 895
2.8527 894
2.8689 893
2.8853 892
2.9036 891
2.9044 890
2.9235 889
2.9395 888
2.9584 887
2.9946 886
3.0129 885
3.0316 884
3.0518 883
3.0691 882
3.0871 881
3.1216 880
3.1397 879
3.1753 878
3.1934 877
3.2094 876
3.2269 875
3.2435 874
3.2612 873
3.2620 872
3.2774 871
3.2955 870
3.3135 869
3.3319 868
3.3644 867
3.3819 866
3.4005 865
3.4013 864
3.4184 863
3.4361 862
3.4711 861
3.4881 860
3.5081 859
3.5250 858
3.5633 857
3.5802 856
3.5967 855
3.6309 854
3.6481 853
3.6659 852
3.6829 851
3.6839 850
3.7014 849
3.7022 848
3.7199 847
3.7486 846
3.7646 845
3.7819 844
3.7987 843
3.8136 842
3.8306 841
3.8314 840
3.8641 839
3.8810 838
3.8962 837
3.9143 836
3.9302 835
3.9452 834
3.9638 833
3.9811 832
3.9958 831
4.0122 830
4.0287 829
4.0452 828
4.0460 827
4.0625 826
4.0775 825
4.0941 824
4.1089 823
4.1254 822
4.1755 821
4.1913 820
4.1921 819
4.2249 818
4.2403 817
4.2562 816
4.2746 815
4.2894 814
4.3385 813
4.3544 812
4.3552 811
4.3709 810
4.3868 809
4.3876 808
4.3884 807
4.4034 806
4.4041 805
4.4211 804
4.4367 803
4.4506 802
4.4828 801
4.4985 800
4.5131 799
4.5280 798
4.5422 797
4.5580 796
4.5589 795
4.5743 794
4.5891 793
4.6034 792
4.6198 791
4.6362 790
4.6371 789
4.6380 788
4.6674 787
4.6834 786
4.7004 785
4.7153 784
4.7773 783
4.7919 782
4.8068 781
4.8075 780
4.8209 779
4.8351 778
4.8514 777
4.8999 776
4.9139 775
4.9307 774
4.9447 773
4.9756 772
4.9913 771
5.0076 770
5.0246 769
5.0406 768
5.0541 767
5.0693 766
5.1010 765
5.1150 764
5.1157 763
5.1325 762
5.1796 761
5.1945 760
5.2102 759
5.2269 758
5.2408 757
5.2546 756
5.2697 755
5.3284 754
5.3416 753
5.3553 752
5.3700 751
5.3842 750
5.4118 749
5.4232 748
5.4388 747
5.4526 746
5.4675 745
5.4683 744
5.4825 743
5.4959 742
5.5100 741
5.5254 740
5.5261 739
5.5414 738
5.5556 737
5.5695 736
5.5832 735
5.5987 734
5.6133 733
5.6293 732
5.6437 731
5.6587 730
5.6722 729
5.6886 728
5.7025 727
5.7167 726
5.7304 725
5.7442 724
5.7582 723
5.7729 722
5.8002 721
5.8011 720
5.8019 719
5.8152 718
5.8304 717
5.8442 716
5.8571 715
5.8816 714
5.8953 713
5.9091 712
5.9219 711
5.9348 710
5.9476 709
5.9622 708
6.0025 707
6.0164 706
6.0301 705
6.0594 704
6.0743 703
6.0897 702
6.1040 701
6.1475 700
6.1613 699
6.1752 698
6.1874 697
6.2290 696
6.2439 695
6.2574 694
6.2830 693
6.2972 692
6.3107 691
6.3265 690
6.3414 689
6.3537 688
6.3544 687
6.3682 686
6.3807 685
6.3939 684
6.4078 683
6.4201 682
6.4212 681
6.4782 680
6.4923 679
6.5066 678
6.5073 677
6.5193 676
6.5319 675
6.5460 674
6.5585 673
6.5715 672
6.5722 671
6.5844 670
6.5972 669
6.6092 668
6.6219 667
6.6348 666
6.6486 665
6.6614 664
6.6866 663
6.6994 662
6.7130 661
6.7259 660
6.7526 659
6.7652 658
6.7776 657
6.7900 656
6.8030 655
6.8279 654
6.8287 653
6.8409 652
6.8541 651
6.8663 650
6.8796 649
6.8919 648
6.9038 647
6.9047 646
6.9180 645
6.9293 644
6.9427 643
6.9547 642
6.9667 641
6.9789 640
6.9901 639
7.0131 638
7.0259 637
7.0394 636
7.0401 635
7.0525 634
7.0651 633
7.0909 632
7.1018 631
7.1130 630
7.1245 629
7.1369 628
7.1496 627
7.1604 626
7.1820 625
7.2407 624
7.2526 623
7.2642 622
7.2761 621
7.2768 620
7.2886 619
7.3116 618
7.3232 617
7.3361 616
7.3474 615
7.3693 614
7.3817 613
7.3937 612
7.4056 611
7.4182 610
7.4299 609
7.4422 608
7.4529 607
7.4645 606
7.4995 605
7.5004 604
7.5110 603
7.5224 602
7.5345 601
7.5455 600
7.5570 599
7.5695 598
7.5801 597
7.6150 596
7.6268 595
7.6380 594
7.6485 593
7.6593 592
7.6814 591
7.6937 590
7.7158 589
7.7263 588
7.7373 587
7.7489 586
7.7606 585
7.7712 584
7.7822 583
7.8040 582
7.8249 581
7.8360 580
7.8576 579
7.9026 578
7.9137 577
7.9351 576
7.9467 575
8.0016 574
8.0352 573
8.0571 572
8.0790 571
8.0894 570
8.1009 569
8.1118 568
8.1220 567
8.1321 566
8.1426 565
8.1527 564
8.1635 563
8.1744 562
8.1856 561
8.1973 560
8.2081 559
8.2089 558
8.2315 557
8.2418 556
8.2516 555
8.2616 554
8.2734 553
8.2851 552
8.2947 551
8.3065 550
8.3165 549
8.3495 548
8.3599 547
8.3704 546
8.3812 545
8.3917 544
8.4010 543
8.4117 542
8.4421 541
8.4528 540
8.4634 539
8.4739 538
8.5182 537
8.5308 536
8.5426 535
8.5630 534
8.5730 533
8.5843 532
8.5943 531
8.6680 530
8.7207 529
8.7214 528
8.7310 527
8.7520 526
8.7627 525
8.7728 524
8.7852 523
8.7955 522
8.8054 521
8.8152 520
8.8637 519
8.8739 518
8.8835 517
8.8930 516
8.9028 515
8.9136 514
8.9230 513
8.9423 512
8.9699 511
8.9795 510
8.9978 509
9.0081 508
9.0179 507
9.0270 506
9.1036 505
9.1126 504
9.1224 503
9.1314 502
9.1410 501
9.1507 500
9.1601 499
9.1697 498
9.1793 497
9.1889 496
9.1993 495
9.2083 494
9.2181 493
9.2277 492
9.2375 491
9.2564 490
9.3393 489
9.3484 488
9.3666 487
9.3760 486
9.3853 485
9.3942 484
9.4047 483
9.4133 482
9.4222 481
9.4311 480
9.4402 479
9.4584 478
9.4761 477
9.4852 476
9.4935 475
9.5026 474
9.5122 473
9.5248 472
9.5644 471
9.5732 470
9.5819 469
9.6000 468
9.6092 467
9.6174 466
9.6258 465
9.6431 464
9.6514 463
9.6597 462
9.6872 461
9.6962 460
9.7759 459
9.7847 458
9.8117 457
9.8208 456
9.8300 455
9.8396 454
9.8481 453
9.8664 452
9.8755 451
9.8854 450
9.9057 449
9.9150 448
9.9240 447
9.9418 446
9.9506 445
9.9762 444
9.9849 443
9.9938 442
10.0204 441
10.0305 440
10.0394 439
10.0484 438
10.0566 437
10.1342 436
10.1423 435
10.1505 434
10.2045 433
10.2297 432
10.2467 431
10.2548 430
10.2631 429
10.2711 428
10.3145 427
10.3314 426
10.3639 425
10.4620 424
10.4701 423
10.4784 422
10.5027 421
10.5594 420
10.6059 419
10.6138 418
10.6218 417
10.6295 416
10.6375 415
10.7219 414
10.7681 413
10.7832 412
10.7912 411
10.8965 410
11.5080 409
11.5603 408
11.5956 407
11.6053 406
11.6133 405
11.6232 404
11.6468 403
11.6710 402
11.6787 401
11.7157 400
12.5112 399
12.5200 398
12.5282 397
12.5360 396
12.5441 395
12.5753 394
12.5904 393
12.6146 392
12.6233 391
12.6313 390
12.6544 389
12.7914 388
12.7990 387
12.8066 386
13.2645 385
13.3014 384
13.3088 383
13.3379 382
13.3882 381
13.4031 380
13.4106 379
13.4252 378
13.4325 377
18.3980 376
18.4054 375
18.4126 374
18.4484 373
18.4922 372
21.4610 371
21.4686 370
22.1457 369
22.1532 368
22.1823 367
22.6876 366
22.6949 365
23.0668 364
23.1170 363
23.1240 362
23.1389 361
23.1457 360
23.3489 359
23.3773 358
46.7429 357
46.7507 356
46.7580 355
65.7148 354
65.7221 353
69.4820 352
86.7142 351
111.7261 350
111.7731 349
111.9534 348
137.2639 347
242.8880 346
242.9433 345
243.2309 344
269.6149 343
406.7464 342
430.5398 341
440.6066 340
440.6454 339
466.9678 338
467.1115 337
467.1389 336
467.2698 335
467.5992 334
