0.0000 974
0.3409 973
0.3610 972
0.3809 971
0.4000 970
0.4198 969
0.4392 968
0.4567 967
0.4759 966
0.4951 965
0.5391 964
0.5585 963
0.5774 962
0.5961 961
0.6159 960
0.6347 959
0.6544 958
0.6738 957
0.6940 956
0.7122 955
0.7306 954
0.7499 953
0.7687 952
0.7696 951
0.7896 950
0.7905 949
0.8097 948
0.8477 947
0.8674 946
0.8684 945
0.8879 944
0.9059 943
0.9226 942
0.9414 941
0.9600 940
0.9772 939
0.9949 938
1.0132 937
1.0312 936
1.0321 935
1.0503 934
1.0511 933
1.0692 932
1.0868 931
1.1043 930
1.1051 929
1.1224 928
1.1399 927
1.1584 926
1.1755 925
1.2124 924
1.2132 923
1.2310 922
1.2504 921
1.2696 920
1.2889 919
1.3437 918
1.3603 917
1.3787 916
1.3977 915
1.4159 914
1.4350 913
1.4542 912
1.4891 911
1.4901 910
1.5082 909
1.5262 908
1.5450 907
1.5790 906
1.6519 905
1.6704 904
1.6898 903
1.7079 902
1.7254 901
1.7443 900
1.7624 899
1.7796 898
1.7987 897
1.8159 896
1.8364 895
1.8562 894
1.8740 893
1.8936 892
1.9446 891
1.9631 890
1.9820 889
2.0203 888
2.0369 887
2.0550 886
2.0734 885
2.0918 884
2.1103 883
2.1286 882
2.1450 881
2.1625 880
2.1801 879
2.1973 878
2.2510 877
2.2693 876
2.2883 875
2.3052 874
2.3060 873
2.3213 872
2.3222 871
2.3425 870
2.3939 869
2.4106 868
2.4285 867
2.4457 866
2.4623 865
2.4631 864
2.4639 863
2.4812 862
2.4979 861
2.5165 860
2.5493 859
2.5660 858
2.5831 857
2.6171 856
2.6496 855
2.6658 854
2.6834 853
2.6994 852
2.7628 851
2.7851 850
2.8026 849
2.8202 848
2.8372 847
2.8536 846
2.8701 845
2.9063 844
2.9232 843
2.9403 842
2.9562 841
2.9722 840
3.0044 839
3.0221 838
3.0373 837
3.0534 836
3.0699 835
3.0853 834
3.1030 833
3.1038 832
3.1203 831
3.1354 830
3.1363 829
3.3412 828
3.3592 827
3.3933 826
3.4419 825
3.4737 824
3.5071 823
3.5231 822
3.5565 821
3.5728 820
3.5873 819
3.5881 818
3.6212 817
3.6367 816
3.6534 815
3.6682 814
3.6843 813
3.7002 812
3.7158 811
3.7318 810
3.7496 809
3.7642 808
3.7650 807
3.7816 806
3.7962 805
3.8118 804
3.8126 803
3.8279 802
3.8436 801
3.8596 800
3.8766 799
3.8933 798
3.9105 797
3.9265 796
3.9416 795
4.0226 794
4.0394 793
4.0550 792
4.0833 791
4.0988 790
4.1147 789
4.1305 788
4.1449 787
4.1613 786
4.2274 785
4.2426 784
4.2592 783
4.2742 782
4.2908 781
4.3054 780
4.3207 779
4.3365 778
4.3524 777
4.3850 776
4.4321 775
4.4485 774
4.4654 773
4.4664 772
4.4832 771
4.4998 770
4.5144 769
4.5300 768
4.5467 767
4.5625 766
4.5788 765
4.5939 764
4.6090 763
4.6264 762
4.6273 761
4.6426 760
4.6575 759
4.6723 758
4.7031 757
4.7188 756
4.7515 755
4.7674 754
4.7825 753
4.7967 752
4.8120 751
4.8263 750
4.8417 749
4.8568 748
4.8727 747
4.8867 746
4.9015 745
4.9159 744
4.9305 743
4.9436 742
4.9747 741
4.9756 740
4.9918 739
5.0081 738
5.0228 737
5.0236 736
5.1639 735
5.1789 734
5.1929 733
5.2092 732
5.2248 731
5.2386 730
5.2654 729
5.2790 728
5.3102 727
5.3111 726
5.3119 725
5.3273 724
5.3280 723
5.3467 722
5.3615 721
5.3742 720
5.3878 719
5.4004 718
5.4314 717
5.4471 716
5.4479 715
5.4621 714
5.4882 713
5.4891 712
5.5051 711
5.5177 710
5.5489 709
5.5656 708
5.5664 707
5.5819 706
5.5942 705
5.6084 704
5.6223 703
5.6356 702
5.6619 701
5.6765 700
5.7019 699
5.7407 698
5.7550 697
5.7684 696
5.7941 695
5.8075 694
5.8198 693
5.8338 692
5.8465 691
5.8602 690
5.8610 689
5.8742 688
5.9141 687
5.9261 686
5.9389 685
5.9650 684
5.9786 683
5.9914 682
6.0055 681
6.0434 680
6.0572 679
6.0832 678
6.0840 677
6.0971 676
6.1104 675
6.1238 674
6.1382 673
6.1511 672
6.1642 671
6.1761 670
6.1902 669
6.2295 668
6.2569 667
6.2693 666
6.2820 665
6.2950 664
6.3085 663
6.3216 662
6.3344 661
6.3464 660
6.3600 659
6.3607 658
6.3733 657
6.3876 656
6.4002 655
6.4146 654
6.4275 653
6.4402 652
6.4665 651
6.4799 650
6.4930 649
6.5054 648
6.5206 647
6.5357 646
6.5485 645
6.5604 644
6.5724 643
6.5846 642
6.5963 641
6.6216 640
6.6339 639
6.6465 638
6.6596 637
6.6723 636
6.6846 635
6.6969 634
6.7087 633
6.7200 632
6.7328 631
6.7463 630
6.7595 629
6.7711 628
6.7835 627
6.7947 626
6.8076 625
6.8212 624
6.8327 623
6.8459 622
6.8577 621
6.8699 620
6.8817 619
6.8925 618
6.9040 617
6.9048 616
6.9165 615
6.9291 614
6.9408 613
6.9522 612
6.9625 611
6.9731 610
6.9849 609
6.9943 608
7.0062 607
7.0168 606
7.0287 605
7.0397 604
7.0404 603
7.0518 602
7.0633 601
7.0640 600
7.0740 599
7.0865 598
7.0969 597
7.1080 596
7.1195 595
7.1311 594
7.1422 593
7.1522 592
7.1631 591
7.1729 590
7.1842 589
7.1955 588
7.2069 587
7.2174 586
7.2322 585
7.2478 584
7.2607 583
7.2883 582
7.3067 581
7.3179 580
7.3306 579
7.3411 578
7.3529 577
7.3640 576
7.3754 575
7.3859 574
7.3980 573
7.4083 572
7.4190 571
7.4286 570
7.4400 569
7.4503 568
7.4612 567
7.4717 566
7.4818 565
7.4927 564
7.5039 563
7.5141 562
7.5254 561
7.5361 560
7.5473 559
7.5581 558
7.5679 557
7.5782 556
7.5882 555
7.5990 554
7.6095 553
7.6215 552
7.6321 551
7.6428 550
7.6536 549
7.6647 548
7.6751 547
7.6856 546
7.6954 545
7.7055 544
7.7147 543
7.7261 542
7.7269 541
7.7377 540
7.7499 539
7.7642 538
7.7769 537
7.7883 536
7.7988 535
7.8081 534
7.8090 533
7.8194 532
7.8290 531
7.8395 530
7.8498 529
7.8613 528
7.8711 527
7.8816 526
7.8925 525
7.9037 524
7.9140 523
7.9240 522
7.9344 521
7.9457 520
7.9565 519
7.9659 518
7.9754 517
7.9852 516
7.9955 515
8.0054 514
8.0152 513
8.0160 512
8.0262 511
8.0362 510
8.0465 509
8.0471 508
8.0561 507
8.0657 506
8.0746 505
8.0845 504
8.0940 503
8.1047 502
8.1145 501
8.1261 500
8.1350 499
8.1453 498
8.1540 497
8.1632 496
8.1724 495
8.1817 494
8.1908 493
8.2000 492
8.2090 491
8.2186 490
8.2274 489
8.2366 488
8.2462 487
8.2566 486
8.2668 485
8.2762 484
8.2854 483
8.3022 482
8.3118 481
