0.0000 1031
0.2836 1030
0.3040 1029
0.3443 1028
0.3829 1027
0.4008 1026
0.4205 1025
0.4402 1024
0.4591 1023
0.4781 1022
0.4993 1021
0.5179 1020
0.5347 1019
0.5537 1018
0.5705 1017
0.5724 1016
0.5923 1015
0.6110 1014
0.6311 1013
0.6492 1012
0.6694 1011
0.6889 1010
0.7262 1009
0.7460 1008
0.7468 1007
0.7638 1006
0.7812 1005
0.8000 1004
0.8186 1003
0.8194 1002
0.8402 1001
3.8947 1000
4.0078 999
4.0281 998
4.0894 997
4.0903 996
4.1298 995
4.1306 994
4.1314 993
4.1520 992
4.1529 991
4.1538 990
4.1742 989
4.1958 988
4.2149 987
4.2325 986
4.2488 985
4.2677 984
4.2685 983
4.2862 982
4.3032 981
4.3805 980
4.4019 979
4.4428 978
4.4615 977
4.4805 976
4.4980 975
4.4988 974
4.5327 973
4.5524 972
4.5717 971
4.5906 970
4.6103 969
4.6300 968
4.6487 967
4.6667 966
4.6862 965
4.7052 964
4.7226 963
4.7594 962
4.7770 961
4.7961 960
4.8153 959
4.8346 958
4.8517 957
4.8702 956
4.8710 955
4.9054 954
4.9211 953
4.9386 952
4.9550 951
4.9742 950
4.9918 949
5.0094 948
5.0280 947
5.0464 946
5.0640 945
5.0649 944
5.0832 943
5.1020 942
5.1217 941
5.1575 940
5.1749 939
5.1937 938
5.2119 937
5.2471 936
5.2648 935
5.3187 934
5.3355 933
5.3523 932
5.3696 931
5.3704 930
5.3883 929
5.4248 928
5.4412 927
5.4587 926
5.4739 925
5.4894 924
5.5256 923
5.5431 922
5.5593 921
5.5802 920
5.5980 919
5.6144 918
5.6345 917
5.6518 916
5.6678 915
5.6869 914
5.7191 913
5.7364 912
5.7523 911
5.7698 910
5.7871 909
5.7878 908
5.8050 907
5.8233 906
5.8392 905
5.8561 904
5.8718 903
5.8898 902
5.9062 901
5.9227 900
5.9397 899
5.9558 898
5.9736 897
5.9925 896
6.0086 895
6.0248 894
6.0418 893
6.0585 892
6.0734 891
6.1245 890
6.1425 889
6.1598 888
6.1771 887
6.2093 886
6.2278 885
6.2436 884
6.2592 883
6.2753 882
6.3068 881
6.3224 880
6.3555 879
6.3714 878
6.3877 877
6.4041 876
6.4200 875
6.4343 874
6.4350 873
6.4509 872
6.4657 871
6.4811 870
6.4966 869
6.5311 868
6.5320 867
6.5328 866
6.5489 865
6.5651 864
6.5810 863
6.5980 862
6.6476 861
6.6644 860
6.6795 859
6.6942 858
6.7245 857
6.7901 856
6.8063 855
6.8537 854
6.8706 853
6.9007 852
6.9157 851
6.9316 850
6.9468 849
6.9617 848
6.9768 847
6.9926 846
7.0079 845
7.0240 844
7.0394 843
7.0402 842
7.0868 841
7.1021 840
7.1176 839
7.1337 838
7.1497 837
7.1804 836
7.1956 835
7.2095 834
7.2251 833
7.2410 832
7.2552 831
7.3310 830
7.3612 829
7.3752 828
7.3908 827
7.4066 826
7.4213 825
7.4222 824
7.4377 823
7.4534 822
7.4541 821
7.4689 820
7.5126 819
7.5134 818
7.5289 817
7.5445 816
7.5613 815
7.5766 814
7.5918 813
7.6053 812
7.6060 811
7.6337 810
7.6482 809
7.6634 808
7.6778 807
7.6924 806
7.7070 805
7.7223 804
7.7351 803
7.7483 802
7.7618 801
7.7764 800
7.7910 799
7.8052 798
7.8198 797
7.8349 796
7.8637 795
7.8785 794
7.8793 793
7.8949 792
7.9090 791
7.9230 790
7.9378 789
7.9954 788
8.0528 787
8.0665 786
8.0681 785
8.0834 784
8.0982 783
8.1244 782
8.1403 781
8.1552 780
8.1699 779
8.1983 778
8.1991 777
8.2142 776
8.2277 775
8.2413 774
8.2420 773
8.2557 772
8.2842 771
8.3129 770
8.3265 769
8.3404 768
8.3564 767
8.3978 766
8.4117 765
8.4124 764
8.4262 763
8.4410 762
8.4539 761
8.4546 760
8.4679 759
8.4815 758
8.4955 757
8.5087 756
8.5231 755
8.5347 754
8.5487 753
8.5641 752
8.5906 751
8.6051 750
8.6058 749
8.6195 748
8.6337 747
8.6344 746
8.6490 745
8.6773 744
8.6902 743
8.7048 742
8.7178 741
8.7301 740
8.7440 739
8.7565 738
8.7687 737
8.7694 736
8.7823 735
8.7950 734
8.8078 733
8.8216 732
8.8346 731
8.8486 730
8.8629 729
8.8635 728
8.8642 727
8.8782 726
8.8899 725
8.9026 724
8.9174 723
8.9565 722
8.9708 721
8.9972 720
9.0099 719
9.0238 718
9.0360 717
9.0489 716
9.0620 715
9.1115 714
9.1250 713
9.1370 712
9.1501 711
9.1628 710
9.1766 709
9.1890 708
9.1897 707
9.2027 706
9.2034 705
9.2041 704
9.2161 703
9.2280 702
9.2397 701
9.2531 700
9.2655 699
9.2775 698
9.3288 697
9.3407 696
9.3526 695
9.3764 694
9.3892 693
9.4011 692
9.4127 691
9.4256 690
9.4383 689
9.4509 688
9.4628 687
9.4743 686
9.4879 685
9.5018 684
9.5144 683
9.5266 682
9.5386 681
9.5509 680
9.5739 679
9.5852 678
9.5984 677
9.6106 676
9.6237 675
9.6244 674
9.6362 673
9.6605 672
9.6716 671
9.6824 670
9.7084 669
9.7227 668
9.7234 667
9.7347 666
9.7468 665
9.7584 664
9.7704 663
9.7821 662
9.8052 661
9.8522 660
9.8757 659
9.8879 658
9.8886 657
9.9000 656
9.9123 655
9.9242 654
9.9357 653
9.9468 652
9.9585 651
9.9697 650
9.9919 649
10.0134 648
10.0264 647
10.0380 646
10.0592 645
10.0709 644
10.0829 643
10.0939 642
10.1053 641
10.1273 640
10.1395 639
10.1504 638
10.1617 637
10.1728 636
10.1836 635
10.1955 634
10.2294 633
10.2508 632
10.2515 631
10.2628 630
10.2844 629
10.2953 628
10.3076 627
10.3390 626
10.3495 625
10.3600 624
10.3818 623
10.4048 622
10.4160 621
10.4267 620
10.4371 619
10.4486 618
10.4588 617
10.4688 616
10.4808 615
10.4914 614
10.5032 613
10.5147 612
10.5243 611
10.5579 610
10.5701 609
10.5813 608
10.5921 607
10.5927 606
10.6026 605
10.6127 604
10.6226 603
10.6435 602
10.6534 601
10.6629 600
10.7052 599
10.7400 598
10.7506 597
10.7612 596
10.7719 595
10.7820 594
10.7913 593
10.8018 592
10.8332 591
10.8426 590
10.8432 589
10.8541 588
10.8647 587
10.8752 586
10.8856 585
10.8969 584
10.9283 583
10.9486 582
10.9778 581
10.9877 580
10.9974 579
11.0081 578
11.0292 577
11.0391 576
11.0586 575
11.0682 574
11.0771 573
11.0866 572
11.1066 571
11.1155 570
11.1253 569
11.1356 568
11.1556 567
11.1665 566
11.1768 565
11.1868 564
11.2064 563
11.2161 562
11.2364 561
11.2473 560
11.2567 559
11.2662 558
11.2751 557
11.3332 556
11.3431 555
11.3818 554
11.3916 553
11.4013 552
11.4110 551
11.4698 550
11.4705 549
11.4800 548
11.4992 547
11.5093 546
11.5188 545
11.5276 544
11.5368 543
11.5462 542
11.5556 541
11.5649 540
11.5746 539
11.5837 538
11.5936 537
11.6030 536
11.6393 535
11.6483 534
11.6575 533
11.6664 532
11.6757 531
11.6847 530
11.6934 529
11.7027 528
11.7115 527
11.7213 526
11.7298 525
11.7385 524
11.7476 523
11.7566 522
11.7667 521
11.8015 520
11.8109 519
11.8197 518
11.8289 517
11.8377 516
11.8561 515
11.8651 514
11.8733 513
11.8816 512
11.8899 511
11.9246 510
11.9418 509
11.9506 508
11.9592 507
11.9765 506
11.9946 505
12.0040 504
12.0130 503
12.0397 502
12.0481 501
12.0578 500
12.0661 499
12.1185 498
12.1270 497
12.1541 496
12.1625 495
12.2155 494
12.2235 493
12.2320 492
12.2407 491
12.2841 490
12.2924 489
12.3007 488
12.3193 487
12.3704 486
12.3790 485
12.3871 484
12.3952 483
12.4035 482
12.4119 481
12.4279 480
12.4438 479
12.4599 478
12.4678 477
12.4756 476
12.4835 475
12.4917 474
12.4999 473
12.5163 472
12.5245 471
12.5325 470
12.5409 469
12.5484 468
12.5634 467
12.5713 466
12.5882 465
12.5970 464
12.6447 463
12.6617 462
12.6704 461
12.6789 460
12.6955 459
12.7278 458
12.7361 457
12.7442 456
12.8180 455
12.8260 454
12.8806 453
12.8885 452
12.8962 451
12.9668 450
12.9744 449
12.9821 448
12.9901 447
13.0450 446
13.0610 445
13.0691 444
13.0772 443
13.0927 442
13.1401 441
13.1475 440
13.1555 439
13.2687 438
13.2774 437
13.2942 436
13.3177 435
13.4530 434
13.4612 433
13.4686 432
13.4843 431
13.6094 430
13.6331 429
13.6408 428
13.6720 427
13.7224 426
13.7302 425
13.7464 424
13.7545 423
13.8097 422
13.8179 421
13.8255 420
13.8340 419
13.9221 418
13.9302 417
14.3624 416
14.3934 415
14.4243 414
14.6013 413
14.6093 412
14.6318 411
14.8751 410
14.9101 409
14.9967 408
15.0413 407
15.1056 406
15.2420 405
15.2500 404
15.3949 403
15.5952 402
15.6301 401
15.6440 400
15.6445 399
15.6518 398
15.6589 397
15.6738 396
15.6882 395
15.7946 394
15.9621 393
15.9766 392
16.0049 391
16.1684 390
16.1830 389
16.3458 388
16.3600 387
16.3743 386
16.5255 385
16.5858 384
24.4486 383
24.4703 382
24.5545 381
24.6954 380
24.7023 379
24.9881 378
25.1150 377
25.1509 376
25.4403 375
25.4739 374
25.5224 373
25.7863 372
25.8135 371
25.9666 370
34.4158 369
34.5085 368
34.5229 367
34.6307 366
34.6661 365
214.4666 364
222.1139 363
222.1272 362
222.1676 361
222.1745 360
222.1817 359
222.2023 358
222.7513 357
223.1491 356
223.1817 355
223.5087 354
287.8510 353
287.9739 352
287.9994 351
288.0961 350
288.1358 349
288.5986 348
288.6321 347
296.8244 346
296.8878 345
296.8945 344
329.6299 343
329.7370 342
329.8154 341
410.8733 340
411.1846 339
412.0615 338
412.4850 337
