0.0000 1013
0.2860 1012
0.3059 1011
0.3257 1010
0.3266 1009
0.3457 1008
0.3663 1007
0.3673 1006
0.3874 1005
0.4091 1004
0.4318 1003
0.4519 1002
0.4715 1001
0.4724 1000
0.4901 999
0.4910 998
0.5110 997
0.5699 996
0.5896 995
0.6102 994
0.6320 993
0.6523 992
0.6737 991
0.6947 990
0.7333 989
0.7529 988
0.7539 987
0.7726 986
0.7924 985
0.8150 984
0.8348 983
0.8549 982
0.8741 981
0.8948 980
0.9133 979
0.9143 978
0.9349 977
0.9546 976
1.0163 975
1.0361 974
1.0551 973
1.0749 972
1.0758 971
1.0955 970
1.1160 969
1.1351 968
1.1970 967
1.2389 966
1.2583 965
1.2787 964
1.2969 963
1.3181 962
1.3374 961
1.3570 960
1.3755 959
1.3952 958
1.4161 957
1.4170 956
1.4364 955
1.4559 954
1.4755 953
1.4948 952
1.5145 951
1.5338 950
1.5556 949
1.5752 948
1.5963 947
1.6152 946
1.6333 945
1.7023 944
1.7306 943
1.7492 942
1.7694 941
1.7896 940
1.7904 939
1.7913 938
1.8094 937
1.8288 936
1.8486 935
1.8670 934
1.8854 933
1.9282 932
1.9657 931
1.9835 930
2.0032 929
2.0214 928
2.0411 927
2.0420 926
2.0770 925
2.0957 924
2.1149 923
2.1333 922
2.1511 921
2.1691 920
2.1699 919
2.1887 918
2.2057 917
2.2243 916
2.2419 915
2.2428 914
2.2622 913
2.2972 912
2.3156 911
2.3355 910
2.3544 909
2.3727 908
2.3900 907
2.4110 906
2.4312 905
2.4675 904
2.4849 903
2.5023 902
2.5205 901
2.5380 900
2.5389 899
2.5730 898
2.5750 897
2.5929 896
2.6093 895
2.6265 894
2.6446 893
2.6617 892
2.6788 891
2.7132 890
2.7309 889
2.7482 888
2.7827 887
2.8171 886
2.8357 885
2.8525 884
2.8695 883
2.8865 882
2.9049 881
2.9233 880
2.9401 879
2.9410 878
2.9591 877
2.9751 876
2.9913 875
3.0092 874
3.0444 873
3.0605 872
3.0783 871
3.1346 870
3.1516 869
3.1690 868
3.1856 867
3.2213 866
3.2366 865
3.2522 864
3.2694 863
3.2882 862
3.2890 861
3.3054 860
3.3227 859
3.3398 858
3.3571 857
3.3737 856
3.3907 855
3.4093 854
3.4265 853
3.4273 852
3.4440 851
3.4608 850
3.4617 849
3.4626 848
3.4957 847
3.5101 846
3.5273 845
3.5432 844
3.5601 843
3.5760 842
3.6101 841
3.6287 840
3.6440 839
3.6607 838
3.6773 837
3.6941 836
3.7112 835
3.7443 834
3.7617 833
3.7980 832
3.8163 831
3.8329 830
3.8483 829
3.8812 828
3.8985 827
3.9152 826
3.9161 825
3.9314 824
3.9807 823
3.9970 822
4.0116 821
4.0426 820
4.0580 819
4.0750 818
4.1239 817
4.1397 816
4.1556 815
4.1716 814
4.1853 813
4.2009 812
4.2173 811
4.2339 810
4.2499 809
4.2824 808
4.3451 807
4.3769 806
4.3909 805
4.4062 804
4.5028 803
4.5037 802
4.5342 801
4.5495 800
4.5662 799
4.5825 798
4.5977 797
4.6126 796
4.6288 795
4.6446 794
4.6594 793
4.6602 792
4.6757 791
4.6919 790
4.7084 789
4.7239 788
4.7386 787
4.7545 786
4.7701 785
4.8022 784
4.8159 783
4.8311 782
4.8319 781
4.8327 780
4.8472 779
4.8620 778
4.8777 777
4.8923 776
4.9069 775
4.9077 774
4.9218 773
4.9370 772
4.9661 771
4.9813 770
4.9959 769
4.9968 768
5.0114 767
5.0256 766
5.0398 765
5.0576 764
5.0721 763
5.0875 762
5.1155 761
5.1299 760
5.1435 759
5.1443 758
5.1897 757
5.2042 756
5.2190 755
5.2330 754
5.3113 753
5.3258 752
5.3560 751
5.3712 750
5.3834 749
5.3841 748
5.4148 747
5.4306 746
5.4314 745
5.4740 744
5.5022 743
5.5164 742
5.5308 741
5.5449 740
5.5582 739
5.5731 738
5.5886 737
5.6020 736
5.6155 735
5.6304 734
5.6449 733
5.6591 732
5.6859 731
5.6869 730
5.7001 729
5.7009 728
5.7309 727
5.7454 726
5.7463 725
5.7745 724
5.7754 723
5.7893 722
5.8027 721
5.8167 720
5.8448 719
5.8582 718
5.8719 717
5.8857 716
5.9130 715
5.9276 714
5.9410 713
5.9549 712
5.9694 711
6.0531 710
6.0667 709
6.0797 708
6.1069 707
6.1212 706
6.1342 705
6.1352 704
6.1637 703
6.1772 702
6.1900 701
6.2037 700
6.2310 699
6.2442 698
6.3098 697
6.3352 696
6.3475 695
6.3627 694
6.3757 693
6.3764 692
6.3907 691
6.4036 690
6.4172 689
6.4312 688
6.4319 687
6.4441 686
6.4576 685
6.4718 684
6.4978 683
6.5115 682
6.5221 681
6.5353 680
6.5471 679
6.5599 678
6.5742 677
6.5864 676
6.5994 675
6.6127 674
6.6260 673
6.6392 672
6.6513 671
6.6639 670
6.6775 669
6.6896 668
6.7021 667
6.7146 666
6.7273 665
6.7406 664
6.7528 663
6.7649 662
6.7781 661
6.7903 660
6.8020 659
6.8164 658
6.8288 657
6.8404 656
6.8526 655
6.8635 654
6.8765 653
6.8895 652
6.8996 651
6.9114 650
6.9232 649
6.9350 648
6.9467 647
6.9593 646
6.9604 645
6.9738 644
6.9854 643
6.9975 642
7.0097 641
7.0220 640
7.0330 639
7.0338 638
7.0459 637
7.0589 636
7.0708 635
7.0826 634
7.0937 633
7.1066 632
7.1080 631
7.1199 630
7.1317 629
7.1435 628
7.1558 627
7.1673 626
7.1788 625
7.1902 624
7.2022 623
7.2137 622
7.2271 621
7.2375 620
7.2489 619
7.2607 618
7.2719 617
7.2831 616
7.2949 615
7.3060 614
7.3165 613
7.3275 612
7.3396 611
7.3524 610
7.3631 609
7.3746 608
7.3857 607
7.3966 606
7.4077 605
7.4200 604
7.4307 603
7.4424 602
7.4434 601
7.4547 600
7.4667 599
7.4782 598
7.4792 597
7.4916 596
7.5025 595
7.5142 594
7.5266 593
7.5373 592
7.5490 591
7.5604 590
7.5719 589
7.5825 588
7.5929 587
7.6041 586
7.6152 585
7.6266 584
7.6384 583
7.6491 582
7.6596 581
7.6715 580
7.6818 579
7.6926 578
7.7030 577
7.7128 576
7.7232 575
7.7337 574
7.7439 573
7.7549 572
7.7655 571
7.7765 570
7.7867 569
7.7968 568
7.8072 567
7.8177 566
7.8273 565
7.8464 564
7.8572 563
7.8579 562
7.8681 561
7.8783 560
7.8886 559
7.8984 558
7.9088 557
7.9188 556
7.9290 555
7.9383 554
7.9476 553
7.9579 552
7.9701 551
7.9800 550
7.9904 549
8.0017 548
8.0127 547
8.0233 546
8.0334 545
8.0434 544
8.0456 543
8.0551 542
8.0646 541
8.0740 540
8.0845 539
8.0942 538
8.1040 537
8.1141 536
8.1236 535
8.1335 534
8.1439 533
8.1537 532
8.1632 531
8.1743 530
8.1840 529
8.1940 528
8.2029 527
8.2125 526
8.2218 525
8.2312 524
8.2408 523
8.2506 522
8.2595 521
8.2696 520
8.2784 519
8.2878 518
8.2972 517
