0.0000 1012
0.2737 1011
0.3147 1010
0.3331 1009
0.3529 1008
0.3749 1007
0.4173 1006
0.4371 1005
0.4381 1004
0.4575 1003
0.4781 1002
0.5005 1001
0.5407 1000
0.5619 999
0.5828 998
0.6037 997
0.6242 996
0.6438 995
0.6642 994
0.6827 993
0.7015 992
0.7211 991
0.7407 990
0.7624 989
0.7821 988
0.8210 987
0.8802 986
0.9023 985
0.9203 984
0.9580 983
0.9755 982
0.9946 981
1.0140 980
1.0337 979
1.0720 978
1.1101 977
1.1111 976
1.1119 975
1.1128 974
1.1136 973
1.1323 972
1.1332 971
1.1520 970
1.1709 969
1.1876 968
1.2043 967
1.2212 966
1.2397 965
1.2950 964
1.3507 963
1.3515 962
1.3921 961
1.4483 960
1.4492 959
1.4661 958
1.5035 957
1.5208 956
1.5610 955
1.5797 954
1.5979 953
1.6161 952
1.6534 951
1.6716 950
1.6725 949
1.6922 948
1.7103 947
1.7281 946
1.7455 945
1.7652 944
1.7839 943
1.8009 942
1.8191 941
1.8377 940
1.8557 939
1.8922 938
1.9290 937
1.9461 936
1.9647 935
1.9827 934
2.0171 933
2.0361 932
2.0536 931
2.1085 930
2.1277 929
2.1446 928
2.1612 927
2.1798 926
2.1980 925
2.2167 924
2.2176 923
2.2354 922
2.2363 921
2.2539 920
2.2722 919
2.2905 918
2.3072 917
2.3253 916
2.3417 915
2.3589 914
2.3776 913
2.3952 912
2.4135 911
2.4144 910
2.4152 909
2.4309 908
2.4318 907
2.4483 906
2.4842 905
2.5187 904
2.5357 903
2.5535 902
2.5706 901
2.5877 900
2.6032 899
2.6205 898
2.6379 897
2.6388 896
2.6550 895
2.6697 894
2.6873 893
2.7051 892
2.7207 891
2.7380 890
2.7708 889
2.7880 888
2.8183 887
2.8343 886
2.8836 885
2.9005 884
2.9171 883
2.9363 882
2.9535 881
2.9875 880
2.9883 879
2.9891 878
3.0070 877
3.0246 876
3.0409 875
3.0588 874
3.0758 873
3.0937 872
3.0945 871
3.0953 870
3.1112 869
3.1297 868
3.1487 867
3.1634 866
3.1642 865
3.1792 864
3.1950 863
3.2105 862
3.2411 861
3.2565 860
3.2725 859
3.2899 858
3.3043 857
3.3207 856
3.3368 855
3.3523 854
3.3686 853
3.3837 852
3.4009 851
3.4177 850
3.4327 849
3.4491 848
3.4641 847
3.4825 846
3.4832 845
3.4976 844
3.5139 843
3.5296 842
3.5304 841
3.5468 840
3.6122 839
3.6276 838
3.6436 837
3.6587 836
3.6908 835
3.7721 834
3.7866 833
3.8019 832
3.8172 831
3.8332 830
3.8339 829
3.8483 828
3.8631 827
3.8770 826
3.8930 825
3.9104 824
3.9247 823
3.9393 822
3.9557 821
3.9711 820
3.9870 819
4.0340 818
4.0348 817
4.0507 816
4.0660 815
4.0811 814
4.0948 813
4.1260 812
4.1410 811
4.1726 810
4.1885 809
4.1892 808
4.2200 807
4.2339 806
4.2477 805
4.2636 804
4.2789 803
4.2936 802
4.3082 801
4.3252 800
4.3260 799
4.3405 798
4.3559 797
4.3705 796
4.3843 795
4.4008 794
4.4292 793
4.4435 792
4.4898 791
4.5054 790
4.5202 789
4.5343 788
4.5484 787
4.5627 786
4.5786 785
4.5930 784
4.6082 783
4.6239 782
4.6374 781
4.6508 780
4.6658 779
4.6805 778
4.6958 777
4.7095 776
4.7237 775
4.7376 774
4.7497 773
4.7639 772
4.7917 771
4.8345 770
4.8486 769
4.8611 768
4.8759 767
4.8894 766
4.9044 765
4.9189 764
4.9196 763
4.9204 762
4.9344 761
4.9497 760
4.9634 759
4.9771 758
5.0050 757
5.0057 756
5.0205 755
5.0363 754
5.0499 753
5.1222 752
5.1370 751
5.1530 750
5.1649 749
5.1790 748
5.1945 747
5.2089 746
5.2223 745
5.2370 744
5.2499 743
5.2626 742
5.2769 741
5.3039 740
5.3173 739
5.3301 738
5.3434 737
5.3582 736
5.3722 735
5.3853 734
5.3980 733
5.4113 732
5.4254 731
5.4384 730
5.4520 729
5.4781 728
5.4926 727
5.5188 726
5.5326 725
5.5456 724
5.6009 723
5.6142 722
5.6279 721
5.6411 720
5.6543 719
5.6687 718
5.6820 717
5.6948 716
5.7073 715
5.7214 714
5.7331 713
5.7451 712
5.7468 711
5.7599 710
5.7744 709
5.7883 708
5.8147 707
5.8268 706
5.8675 705
5.8928 704
5.9066 703
5.9200 702
5.9335 701
5.9593 700
5.9706 699
5.9830 698
6.0087 697
6.0200 696
6.0334 695
6.0456 694
6.0589 693
6.0710 692
6.0844 691
6.0962 690
6.1078 689
6.1204 688
6.1331 687
6.1456 686
6.1585 685
6.1711 684
6.1852 683
6.1979 682
6.2106 681
6.2617 680
6.2729 679
6.2975 678
6.3111 677
6.3234 676
6.3353 675
6.3500 674
6.3619 673
6.3731 672
6.3982 671
6.4101 670
6.4226 669
6.4467 668
6.4582 667
6.4705 666
6.4936 665
6.5046 664
6.5276 663
6.5408 662
6.5415 661
6.5526 660
6.5638 659
6.5885 658
6.6005 657
6.6112 656
6.6231 655
6.6569 654
6.6691 653
6.6809 652
6.6931 651
6.7060 650
6.7177 649
6.7285 648
6.7514 647
6.7630 646
6.7737 645
6.7854 644
6.7967 643
6.7974 642
6.8078 641
6.8195 640
6.8313 639
6.8424 638
6.8542 637
6.8647 636
6.8654 635
6.8760 634
6.8864 633
6.8982 632
6.9097 631
6.9105 630
6.9219 629
6.9324 628
6.9571 627
6.9799 626
6.9908 625
7.0134 624
7.0243 623
7.0360 622
7.0463 621
7.0585 620
7.1149 619
7.1259 618
7.1369 617
7.1479 616
7.1592 615
7.1826 614
7.1928 613
7.2042 612
7.2480 611
7.2589 610
7.2696 609
7.2804 608
7.3126 607
7.3237 606
7.3449 605
7.3547 604
7.3640 603
7.3753 602
7.3964 601
7.4080 600
7.4745 599
7.4864 598
7.4962 597
7.5168 596
7.5175 595
7.5266 594
7.5471 593
7.5572 592
7.5668 591
7.5770 590
7.6100 589
7.6201 588
7.6303 587
7.6401 586
7.6496 585
7.6698 584
7.6806 583
7.6906 582
7.7017 581
7.7115 580
7.7210 579
7.7312 578
7.7406 577
7.7505 576
7.7604 575
7.7709 574
7.7801 573
7.8109 572
7.8211 571
7.8414 570
7.8519 569
7.8616 568
7.8822 567
7.8926 566
7.9030 565
7.9136 564
7.9226 563
7.9322 562
7.9415 561
7.9509 560
7.9904 559
7.9999 558
8.0093 557
8.0193 556
8.0301 555
8.0403 554
8.0504 553
8.0711 552
8.0809 551
8.0909 550
8.1126 549
8.1134 548
8.1567 547
8.2082 546
8.2181 545
8.2277 544
8.2467 543
8.2663 542
8.2762 541
8.2862 540
8.2967 539
8.3448 538
8.3858 537
8.3951 536
8.4142 535
8.4242 534
8.4339 533
8.4617 532
8.4713 531
8.4802 530
8.4898 529
8.4992 528
8.5086 527
8.5184 526
8.5281 525
8.5378 524
8.5472 523
8.5565 522
8.5662 521
8.5945 520
8.6224 519
8.6599 518
8.6691 517
8.6870 516
8.7070 515
8.7168 514
8.7251 513
8.7437 512
8.7530 511
8.7617 510
8.7712 509
8.7886 508
8.7977 507
8.8067 506
8.8159 505
8.8247 504
8.8253 503
8.8342 502
8.8427 501
8.8515 500
8.8598 499
8.8781 498
8.8868 497
8.8953 496
8.9043 495
8.9641 494
8.9724 493
8.9810 492
8.9898 491
8.9985 490
9.0070 489
9.0154 488
9.0263 487
9.0805 486
9.0893 485
9.1424 484
9.1509 483
9.1601 482
9.1717 481
9.1901 480
9.2000 479
9.2091 478
9.2182 477
9.2272 476
9.2369 475
9.2730 474
9.2893 473
9.2978 472
9.3145 471
9.3240 470
9.3334 469
9.3517 468
9.3603 467
9.3687 466
9.3863 465
9.3948 464
9.4036 463
9.4121 462
9.4285 461
9.4541 460
9.4627 459
9.4967 458
9.5059 457
9.5151 456
9.5247 455
9.5341 454
9.5434 453
9.5521 452
9.5866 451
9.6041 450
9.6127 449
9.6638 448
9.6803 447
9.6810 446
9.7207 445
9.7517 444
9.7597 443
9.7677 442
9.7924 441
9.8006 440
9.8085 439
9.8694 438
9.8847 437
9.8924 436
9.9077 435
9.9157 434
9.9235 433
9.9387 432
9.9538 431
9.9615 430
9.9696 429
9.9773 428
9.9927 427
10.0002 426
10.0077 425
10.0226 424
10.0382 423
10.1132 422
10.2457 420
10.2604 419
10.2677 418
10.2982 417
10.3730 416
10.4470 415
10.4856 414
10.5310 413
10.5389 412
10.5539 411
10.6451 410
10.6528 409
10.6603 408
11.2141 407
11.2368 406
11.2530 405
11.2839 404
11.3058 403
11.4942 402
11.6509 401
11.8752 400
11.9202 399
11.9428 398
11.9794 397
12.5676 396
12.5749 395
12.6458 394
12.7037 393
12.7531 392
12.7949 391
12.8092 390
12.9083 389
13.1080 388
13.2428 387
16.1373 386
18.3276 385
19.6522 384
19.6801 383
20.4365 382
20.4643 381
20.4987 380
20.5259 379
20.5471 378
20.5612 377
20.5900 376
20.7084 375
20.7158 374
20.7653 373
20.7931 372
20.8001 371
20.8742 370
20.8813 369
21.4520 368
21.4739 367
22.3266 366
22.3478 365
22.4565 364
30.6864 363
31.1541 362
31.4340 361
31.5918 360
46.0261 359
46.0609 358
46.1001 357
46.1133 356
46.2521 355
46.4110 354
47.0871 353
47.1070 352
112.5809 351
129.7586 350
169.9522 349
259.7005 348
259.9705 347
277.4715 346
277.5044 345
277.8377 344
315.5685 343
315.6010 342
315.6139 341
315.6784 340
445.0723 339
445.4285 338
445.4352 337
445.4616 336
463.5123 335
488.7795 334
514.5835 333
532.9884 332
557.8609 331
601.8623 330
900.0662 329
