0.0000 974
0.2905 973
0.2927 972
0.2945 971
0.2962 970
0.2978 969
0.2996 968
0.3018 967
0.3034 966
0.3050 965
0.3067 964
0.3083 963
0.3104 962
0.3121 961
0.3137 960
0.3153 959
0.3169 958
0.3186 957
0.3206 956
0.3227 955
0.3246 954
0.3262 953
0.3278 952
0.3294 951
0.3310 950
0.3328 949
0.3344 948
0.3360 947
0.3375 946
0.3391 945
0.3409 944
0.3425 943
0.3446 942
0.3463 941
0.3478 940
0.3494 939
0.3510 938
0.3526 937
0.3545 936
0.3562 935
0.3578 934
0.3594 933
0.3611 932
0.3626 931
0.3645 930
0.3667 929
0.3687 928
0.3705 927
0.3721 926
0.3736 925
0.3752 924
0.3768 923
0.3783 922
0.3803 921
0.3824 920
0.3844 919
0.3860 918
0.3876 917
0.3892 916
0.3913 915
0.3929 914
0.3946 913
0.3962 912
0.3977 911
0.3993 910
0.4009 909
0.4024 908
0.4039 907
0.4087 906
0.4107 905
0.4125 904
0.4141 903
0.4158 902
0.4173 901
0.4189 900
0.4208 899
0.4226 898
0.4243 897
0.4260 896
0.4275 895
0.4290 894
0.4308 893
0.4326 892
0.4341 891
0.4357 890
0.4372 889
0.4386 888
0.4405 887
0.4422 886
0.4437 885
0.4451 884
0.4466 883
0.4481 882
0.4498 881
0.4517 880
0.4534 879
0.4549 878
0.4563 877
0.4582 876
0.4599 875
0.4616 874
0.4631 873
0.4646 872
0.4662 871
0.4677 870
0.4692 869
0.4710 868
0.4726 867
0.4742 866
0.4759 865
0.4773 864
0.4788 863
0.4805 862
0.4822 861
0.4838 860
0.4853 859
0.4868 858
0.4882 857
0.4898 856
0.4916 855
0.4931 854
0.4945 853
0.4959 852
0.4974 851
0.4988 850
0.5005 849
0.5021 848
0.5036 847
0.5050 846
0.5064 845
0.5081 844
0.5097 843
0.5113 842
0.5128 841
0.5143 840
0.5158 839
0.5174 838
0.5188 837
0.5203 836
0.5219 835
0.5232 834
0.5250 833
0.5264 832
0.5278 831
0.5291 830
0.5305 829
0.5318 828
0.5332 827
0.5349 826
0.5365 825
0.5379 824
0.5393 823
0.5410 822
0.5425 821
0.5441 820
0.5456 819
0.5470 818
0.5484 817
0.5500 816
0.5514 815
0.5528 814
0.5544 813
0.5559 812
0.5575 811
0.5590 810
0.5604 809
0.5617 808
0.5630 807
0.5646 806
0.5663 805
0.5677 804
0.5690 803
0.5703 802
0.5716 801
0.5729 800
0.5742 799
0.5755 798
0.5768 797
0.5781 796
0.5794 795
0.5807 794
0.5819 793
0.5832 792
0.5848 791
0.5864 790
0.5878 789
0.5892 788
0.5905 787
0.5917 786
0.5930 785
0.5946 784
0.5960 783
0.5973 782
0.5986 781
0.5999 780
0.6011 779
0.6024 778
0.6038 777
0.6055 776
0.6070 775
0.6086 774
0.6099 773
0.6112 772
0.6125 771
0.6139 770
0.6157 769
0.6170 768
0.6184 767
0.6197 766
0.6210 765
0.6222 764
0.6235 763
0.6251 762
0.6266 761
0.6282 760
0.6296 759
0.6309 758
0.6321 757
0.6338 756
0.6363 755
0.6380 754
0.6395 753
0.6412 752
0.6426 751
0.6438 750
0.6453 749
0.6467 748
0.6480 747
0.6497 746
0.6512 745
0.6524 744
0.6536 743
0.6550 742
0.6564 741
0.6578 740
0.6591 739
0.6603 738
0.6615 737
0.6628 736
0.6640 735
0.6655 734
0.6669 733
0.6681 732
0.6694 731
0.6706 730
0.6719 729
0.6731 728
0.6743 727
0.6759 726
0.6774 725
0.6788 724
0.6801 723
0.6812 722
0.6824 721
0.6836 720
0.6849 719
0.6864 718
0.6876 717
0.6888 716
0.6900 715
0.6912 714
0.6924 713
0.6936 712
0.6947 711
0.6959 710
0.6971 709
0.6982 708
0.6996 707
0.7009 706
0.7020 705
0.7032 704
0.7044 703
0.7057 702
0.7074 701
0.7086 700
0.7098 699
0.7110 698
0.7121 697
0.7132 696
0.7144 695
0.7156 694
0.7169 693
0.7181 692
0.7192 691
0.7203 690
0.7214 689
0.7225 688
0.7237 687
0.7249 686
0.7264 685
0.7278 684
0.7292 683
0.7304 682
0.7315 681
0.7330 680
0.7343 679
0.7355 678
0.7366 677
0.7377 676
0.7388 675
0.7399 674
0.7410 673
0.7421 672
0.7433 671
0.7444 670
0.7455 669
0.7470 668
0.7485 667
0.7496 666
0.7507 665
0.7521 664
0.7538 663
0.7550 662
0.7565 661
0.7583 660
0.7598 659
0.7621 658
0.7699 657
0.7718 656
0.7752 655
0.7772 654
0.7786 653
0.7798 652
0.7810 651
0.7821 650
0.7833 649
0.7844 648
0.7856 647
0.7868 646
0.7880 645
0.7891 644
0.7904 643
0.7918 642
0.7932 641
0.7946 640
0.7958 639
0.7968 638
0.7983 637
0.7997 636
0.8009 635
0.8022 634
0.8034 633
0.8044 632
0.8055 631
0.8065 630
0.8078 629
0.8088 628
0.8098 627
0.8108 626
0.8118 625
0.8128 624
0.8138 623
0.8148 622
0.8158 621
0.8168 620
0.8178 619
0.8188 618
0.8198 617
0.8208 616
0.8218 615
0.8228 614
0.8239 613
0.8248 612
0.8258 611
0.8268 610
0.8278 609
0.8288 608
0.8298 607
0.8307 606
0.8317 605
0.8327 604
0.8339 603
0.8351 602
0.8363 601
0.8373 600
0.8383 599
0.8392 598
0.8401 597
0.8411 596
0.8421 595
0.8430 594
0.8441 593
0.8450 592
0.8460 591
0.8469 590
0.8478 589
0.8487 588
0.8497 587
0.8506 586
0.8515 585
0.8524 584
0.8534 583
0.8547 582
0.8558 581
0.8569 580
0.8581 579
0.8592 578
0.8603 577
0.8615 576
0.8625 575
0.8634 574
0.8646 573
0.8657 572
0.8668 571
0.8677 570
0.8687 569
0.8695 568
0.8704 567
0.8713 566
0.8722 565
0.8731 564
0.8740 563
0.8749 562
0.8758 561
0.8767 560
0.8775 559
0.8784 558
0.8793 557
0.8801 556
0.8810 555
0.8818 554
0.8827 553
0.8836 552
0.8848 551
0.8858 550
0.8868 549
0.8877 548
0.8885 547
0.8893 546
0.8901 545
0.8910 544
0.8918 543
0.8927 542
0.8935 541
0.8946 540
0.8955 539
0.8964 538
0.8972 537
0.8980 536
0.8988 535
0.8996 534
0.9004 533
0.9012 532
0.9020 531
0.9028 530
0.9036 529
0.9047 528
0.9056 527
0.9065 526
0.9075 525
0.9083 524
0.9091 523
0.9099 522
0.9107 521
0.9115 520
0.9123 519
0.9130 518
0.9139 517
0.9150 516
0.9159 515
0.9167 514
0.9175 513
0.9183 512
0.9191 511
0.9198 510
0.9206 509
0.9213 508
0.9221 507
0.9228 506
0.9235 505
0.9245 504
0.9254 503
0.9262 502
0.9269 501
0.9278 500
0.9287 499
0.9294 498
0.9301 497
0.9308 496
0.9316 495
0.9323 494
0.9330 493
0.9338 492
0.9347 491
0.9355 490
0.9363 489
0.9371 488
0.9378 487
0.9385 486
0.9392 485
0.9399 484
0.9406 483
0.9413 482
0.9419 481
0.9426 480
0.9433 479
0.9442 478
0.9450 477
0.9456 476
0.9463 475
0.9470 474
0.9476 473
0.9483 472
0.9489 471
0.9496 470
0.9503 469
0.9509 468
0.9516 467
0.9522 466
0.9529 465
0.9536 464
0.9544 463
0.9552 462
0.9559 461
0.9566 460
0.9574 459
0.9581 458
0.9588 457
0.9594 456
0.9600 455
0.9607 454
0.9613 453
0.9619 452
0.9625 451
0.9631 450
0.9637 449
0.9646 448
0.9654 447
0.9661 446
0.9667 445
0.9673 444
0.9679 443
0.9685 442
0.9691 441
0.9697 440
0.9703 439
0.9709 438
0.9715 437
0.9721 436
0.9727 435
0.9732 434
0.9739 433
0.9747 432
0.9753 431
0.9759 430
0.9765 429
0.9771 428
0.9778 427
0.9784 426
0.9790 425
0.9796 424
0.9801 423
0.9807 422
0.9812 421
0.9818 420
0.9824 419
0.9830 418
0.9835 417
0.9842 416
0.9849 415
0.9854 414
0.9860 413
0.9865 412
0.9870 411
0.9876 410
0.9882 409
0.9888 408
0.9893 407
0.9898 406
0.9905 405
0.9911 404
0.9916 403
0.9922 402
0.9927 401
0.9932 400
0.9937 399
0.9943 398
0.9949 397
0.9954 396
0.9959 395
0.9963 394
15.8734 393
15.8752 392
36.1158 391
36.1166 390
36.1172 389
48.5351 388
48.5360 387
67.3841 386
67.3860 385
67.3866 384
67.3872 383
80.1118 382
111.0536 381
111.0553 380
111.0558 379
111.0563 378
131.3065 377
131.3083 376
131.3088 375
131.3093 374
143.1280 373
196.5537 372
196.5558 371
196.5564 370
196.5569 369
216.9928 368
216.9941 367
236.9697 365
236.9706 364
260.3375 363
260.3392 362
260.3397 361
260.3402 360
302.5533 359
302.5541 358
302.5546 357
323.1265 356
323.1280 355
323.1285 354
323.1289 353
385.6069 352
385.6085 351
385.6090 350
385.6094 349
385.6098 348
394.1442 347
394.1449 346
601.0367 345
601.0385 344
601.0389 343
601.0394 342
