0.0000 1025
0.3122 1024
0.3139 1023
0.3159 1022
0.3177 1021
0.3194 1020
0.3215 1019
0.3233 1018
0.3252 1017
0.3271 1016
0.3288 1015
0.3305 1014
0.3324 1013
0.3341 1012
0.3362 1011
0.3380 1010
0.3398 1009
0.3417 1008
0.3433 1007
0.3451 1006
0.3472 1005
0.3491 1004
0.3509 1003
0.3526 1002
0.3542 1001
0.3562 1000
0.3580 999
0.3597 998
0.3614 997
0.3630 996
0.3646 995
0.3663 994
0.3680 993
0.3696 992
0.3713 991
0.3729 990
0.3746 989
0.3767 988
0.3786 987
0.3802 986
0.3821 985
0.3839 984
0.3858 983
0.3878 982
0.3895 981
0.3913 980
0.3931 979
0.3948 978
0.3963 977
0.3979 976
0.3995 975
0.4013 974
0.4029 973
0.4050 972
0.4071 971
0.4089 970
0.4109 969
0.4129 968
0.4145 967
0.4163 966
0.4180 965
0.4195 964
0.4215 963
0.4233 962
0.4250 961
0.4267 960
0.4283 959
0.4333 958
0.4351 957
0.4367 956
0.4383 955
0.4399 954
0.4418 953
0.4434 952
0.4450 951
0.4466 950
0.4482 949
0.4498 948
0.4517 947
0.4534 946
0.4549 945
0.4565 944
0.4581 943
0.4597 942
0.4617 941
0.4634 940
0.4652 939
0.4670 938
0.4687 937
0.4705 936
0.4726 935
0.4742 934
0.4758 933
0.4773 932
0.4788 931
0.4805 930
0.4825 929
0.4841 928
0.4856 927
0.4871 926
0.4887 925
0.4902 924
0.4918 923
0.4933 922
0.4948 921
0.4964 920
0.4979 919
0.4994 918
0.5011 917
0.5032 916
0.5048 915
0.5063 914
0.5078 913
0.5093 912
0.5109 911
0.5129 910
0.5146 909
0.5163 908
0.5178 907
0.5193 906
0.5209 905
0.5231 904
0.5250 903
0.5266 902
0.5283 901
0.5299 900
0.5318 899
0.5334 898
0.5349 897
0.5365 896
0.5385 895
0.5402 894
0.5417 893
0.5432 892
0.5447 891
0.5462 890
0.5479 889
0.5494 888
0.5509 887
0.5525 886
0.5540 885
0.5555 884
0.5571 883
0.5586 882
0.5601 881
0.5616 880
0.5631 879
0.5645 878
0.5662 877
0.5681 876
0.5699 875
0.5715 874
0.5730 873
0.5744 872
0.5759 871
0.5777 870
0.5795 869
0.5820 868
0.5836 867
0.5851 866
0.5866 865
0.5883 864
0.5899 863
0.5914 862
0.5929 861
0.5944 860
0.5958 859
0.5975 858
0.5992 857
0.6009 856
0.6025 855
0.6041 854
0.6056 853
0.6071 852
0.6090 851
0.6107 850
0.6122 849
0.6136 848
0.6152 847
0.6169 846
0.6190 845
0.6205 844
0.6219 843
0.6235 842
0.6249 841
0.6263 840
0.6281 839
0.6296 838
0.6310 837
0.6324 836
0.6338 835
0.6352 834
0.6366 833
0.6383 832
0.6400 831
0.6416 830
0.6431 829
0.6445 828
0.6458 827
0.6472 826
0.6490 825
0.6505 824
0.6518 823
0.6532 822
0.6545 821
0.6558 820
0.6572 819
0.6589 818
0.6606 817
0.6622 816
0.6635 815
0.6649 814
0.6662 813
0.6676 812
0.6694 811
0.6709 810
0.6723 809
0.6739 808
0.6752 807
0.6766 806
0.6781 805
0.6798 804
0.6813 803
0.6828 802
0.6842 801
0.6855 800
0.6869 799
0.6884 798
0.6900 797
0.6914 796
0.6928 795
0.6941 794
0.6954 793
0.6967 792
0.6980 791
0.6994 790
0.7007 789
0.7020 788
0.7033 787
0.7046 786
0.7059 785
0.7074 784
0.7091 783
0.7108 782
0.7123 781
0.7136 780
0.7153 779
0.7169 778
0.7184 777
0.7200 776
0.7215 775
0.7229 774
0.7246 773
0.7261 772
0.7276 771
0.7292 770
0.7308 769
0.7325 768
0.7339 767
0.7352 766
0.7365 765
0.7378 764
0.7394 763
0.7407 762
0.7421 761
0.7437 760
0.7453 759
0.7467 758
0.7479 757
0.7492 756
0.7505 755
0.7520 754
0.7536 753
0.7549 752
0.7562 751
0.7574 750
0.7587 749
0.7599 748
0.7614 747
0.7631 746
0.7645 745
0.7658 744
0.7671 743
0.7684 742
0.7696 741
0.7708 740
0.7724 739
0.7736 738
0.7749 737
0.7761 736
0.7774 735
0.7786 734
0.7798 733
0.7810 732
0.7826 731
0.7840 730
0.7854 729
0.7869 728
0.7882 727
0.7895 726
0.7909 725
0.7925 724
0.7939 723
0.7952 722
0.7964 721
0.7976 720
0.7988 719
0.8000 718
0.8012 717
0.8028 716
0.8040 715
0.8052 714
0.8064 713
0.8075 712
0.8089 711
0.8101 710
0.8113 709
0.8127 708
0.8140 707
0.8154 706
0.8166 705
0.8181 704
0.8194 703
0.8206 702
0.8219 701
0.8234 700
0.8246 699
0.8259 698
0.8271 697
0.8287 696
0.8299 695
0.8312 694
0.8326 693
0.8339 692
0.8351 691
0.8363 690
0.8374 689
0.8385 688
0.8397 687
0.8409 686
0.8423 685
0.8438 684
0.8451 683
0.8463 682
0.8475 681
0.8489 680
0.8504 679
0.8516 678
0.8527 677
0.8539 676
0.8553 675
0.8569 674
0.8581 673
0.8592 672
0.8604 671
0.8615 670
0.8626 669
0.8637 668
0.8650 667
0.8664 666
0.8677 665
0.8689 664
0.8701 663
0.8712 662
0.8723 661
0.8735 660
0.8749 659
0.8762 658
0.8774 657
0.8787 656
0.8798 655
0.8809 654
0.8820 653
0.8831 652
0.8842 651
0.8858 650
0.8870 649
0.8881 648
0.8892 647
0.8902 646
0.8913 645
0.8923 644
0.8934 643
0.8948 642
0.8962 641
0.8974 640
0.8984 639
0.8995 638
0.9005 637
0.9016 636
0.9026 635
0.9036 634
0.9049 633
0.9060 632
0.9070 631
0.9080 630
0.9091 629
0.9101 628
0.9111 627
0.9122 626
0.9132 625
0.9143 624
0.9158 623
0.9169 622
0.9180 621
0.9190 620
0.9201 619
0.9211 618
0.9221 617
0.9231 616
0.9241 615
0.9255 614
0.9266 613
0.9278 612
0.9289 611
0.9299 610
0.9309 609
0.9318 608
0.9328 607
0.9338 606
0.9351 605
0.9363 604
0.9373 603
0.9383 602
0.9393 601
0.9402 600
0.9412 599
0.9422 598
0.9432 597
0.9442 596
0.9453 595
0.9463 594
0.9473 593
0.9482 592
0.9495 591
0.9506 590
0.9517 589
0.9528 588
0.9537 587
0.9548 586
0.9561 585
0.9573 584
0.9584 583
0.9594 582
0.9603 581
0.9613 580
0.9622 579
0.9631 578
0.9641 577
0.9653 576
0.9665 575
0.9677 574
0.9688 573
0.9699 572
0.9708 571
0.9717 570
0.9729 569
0.9740 568
0.9751 567
0.9761 566
0.9770 565
0.9779 564
0.9788 563
0.9796 562
0.9805 561
0.9815 560
0.9826 559
0.9834 558
0.9843 557
0.9852 556
0.9861 555
0.9869 554
0.9878 553
0.9887 552
0.9895 551
0.9905 550
0.9914 549
0.9923 548
0.9931 547
0.9940 546
0.9948 545
0.9957 544
0.9965 543
0.9974 542
0.9982 541
0.9991 540
0.9999 539
1.0007 538
1.0016 537
1.0024 536
1.0032 535
1.0040 534
1.0049 533
1.0057 532
1.0065 531
1.0073 530
1.0081 529
1.0089 528
1.0098 527
1.0106 526
1.0114 525
1.0122 524
1.0130 523
1.0138 522
1.0146 521
1.0154 520
1.0162 519
1.0169 518
1.0177 517
1.0185 516
1.0193 515
1.0200 514
1.0208 513
1.0216 512
1.0224 511
1.0231 510
1.0239 509
1.0247 508
1.0254 507
1.0262 506
1.0270 505
1.0277 504
1.0285 503
1.0292 502
1.0300 501
1.0307 500
1.0315 499
1.0322 498
1.0329 497
1.0337 496
1.0344 495
1.0351 494
1.0359 493
1.0366 492
1.0373 491
1.0380 490
1.0387 489
1.0394 488
1.0402 487
1.0409 486
1.0416 485
1.0423 484
1.0430 483
1.0437 482
1.0444 481
1.0450 480
1.0457 479
1.0464 478
1.0471 477
1.0478 476
1.0485 475
1.0491 474
1.0498 473
1.0505 472
1.0512 471
1.0518 470
1.0525 469
1.0531 468
1.0538 467
1.0544 466
1.0551 465
1.0558 464
1.0564 463
1.0571 462
1.0577 461
1.0584 460
1.0590 459
1.0597 458
1.0603 457
1.0609 456
1.0616 455
1.0622 454
1.0628 453
1.0634 452
1.0640 451
1.0647 450
1.0653 449
1.0659 448
1.0665 447
1.0671 446
1.0677 445
1.0683 444
1.0689 443
1.0695 442
1.0701 441
1.0707 440
1.0713 439
1.0719 438
1.0725 437
1.0731 436
1.0737 435
1.0743 434
1.0749 433
1.0754 432
1.0760 431
1.0766 430
1.0772 429
1.0777 428
1.0783 427
1.0789 426
1.0794 425
1.0800 424
1.0806 423
1.0811 422
1.0817 421
1.0822 420
1.0828 419
1.0833 418
1.0839 417
1.0845 416
1.0850 415
1.0855 414
1.0861 413
1.0866 412
1.0871 411
1.0876 410
1.0882 409
1.0887 408
1.0892 407
1.0897 406
1.0902 405
1.0908 404
1.0913 403
1.0918 402
1.0923 401
1.0928 400
1.0933 399
1.0938 398
1.0943 397
1.0948 396
1.0953 395
1.0958 394
1.0962 393
1.0967 392
13.6915 391
13.6927 390
31.8006 389
31.8015 388
56.0350 387
56.0366 386
67.9784 385
83.7520 384
83.7535 383
83.7541 382
83.7546 381
106.3927 380
106.3961 379
106.3967 378
106.3972 377
116.9313 376
129.9317 375
129.9325 374
129.9330 373
140.9393 372
156.8463 371
156.8476 370
167.3144 369
203.7908 367
203.7926 366
203.7930 365
203.7935 364
250.5397 363
250.5413 362
260.9803 361
271.1486 360
285.1574 359
285.1584 358
285.1589 357
327.3844 356
327.3853 355
327.3857 354
348.7211 353
348.7226 352
363.2639 351
363.2646 350
442.2027 349
442.2042 348
442.2047 347
442.2051 346
487.9296 345
487.9311 344
487.9315 343
487.9320 342
487.9324 341
