0.0000 989
0.3238 988
0.3254 987
0.3270 986
0.3286 985
0.3302 984
0.3318 983
0.3338 982
0.3354 981
0.3370 980
0.3386 979
0.3402 978
0.3418 977
0.3434 976
0.3450 975
0.3466 974
0.3482 973
0.3498 972
0.3513 971
0.3529 970
0.3545 969
0.3561 968
0.3576 967
0.3592 966
0.3608 965
0.3624 964
0.3639 963
0.3655 962
0.3672 961
0.3688 960
0.3703 959
0.3719 958
0.3735 957
0.3750 956
0.3766 955
0.3782 954
0.3797 953
0.3813 952
0.3829 951
0.3845 950
0.3860 949
0.3876 948
0.3891 947
0.3907 946
0.3923 945
0.3938 944
0.3954 943
0.3969 942
0.3985 941
0.4000 940
0.4017 939
0.4033 938
0.4049 937
0.4065 936
0.4080 935
0.4096 934
0.4111 933
0.4126 932
0.4142 931
0.4157 930
0.4173 929
0.4188 928
0.4203 927
0.4219 926
0.4234 925
0.4249 924
0.4264 923
0.4280 922
0.4323 921
0.4339 920
0.4355 919
0.4370 918
0.4385 917
0.4401 916
0.4416 915
0.4431 914
0.4446 913
0.4461 912
0.4477 911
0.4492 910
0.4508 909
0.4524 908
0.4540 907
0.4555 906
0.4571 905
0.4586 904
0.4602 903
0.4618 902
0.4634 901
0.4649 900
0.4664 899
0.4680 898
0.4698 897
0.4715 896
0.4730 895
0.4745 894
0.4760 893
0.4775 892
0.4790 891
0.4809 890
0.4827 889
0.4843 888
0.4858 887
0.4873 886
0.4887 885
0.4905 884
0.4921 883
0.4936 882
0.4950 881
0.4965 880
0.4979 879
0.4995 878
0.5014 877
0.5029 876
0.5044 875
0.5061 874
0.5077 873
0.5092 872
0.5110 871
0.5125 870
0.5141 869
0.5156 868
0.5171 867
0.5186 866
0.5200 865
0.5215 864
0.5230 863
0.5244 862
0.5259 861
0.5273 860
0.5287 859
0.5301 858
0.5316 857
0.5330 856
0.5344 855
0.5359 854
0.5372 853
0.5386 852
0.5400 851
0.5414 850
0.5427 849
0.5441 848
0.5455 847
0.5468 846
0.5482 845
0.5496 844
0.5509 843
0.5523 842
0.5536 841
0.5550 840
0.5564 839
0.5577 838
0.5591 837
0.5605 836
0.5619 835
0.5633 834
0.5648 833
0.5662 832
0.5676 831
0.5690 830
0.5704 829
0.5718 828
0.5732 827
0.5746 826
0.5760 825
0.5774 824
0.5787 823
0.5801 822
0.5817 821
0.5831 820
0.5845 819
0.5859 818
0.5873 817
0.5887 816
0.5902 815
0.5915 814
0.5928 813
0.5941 812
0.5954 811
0.5967 810
0.5980 809
0.5996 808
0.6012 807
0.6026 806
0.6040 805
0.6054 804
0.6068 803
0.6082 802
0.6095 801
0.6109 800
0.6122 799
0.6138 798
0.6156 797
0.6170 796
0.6183 795
0.6196 794
0.6209 793
0.6222 792
0.6238 791
0.6255 790
0.6270 789
0.6286 788
0.6300 787
0.6315 786
0.6330 785
0.6344 784
0.6356 783
0.6370 782
0.6385 781
0.6398 780
0.6411 779
0.6423 778
0.6439 777
0.6453 776
0.6466 775
0.6480 774
0.6493 773
0.6505 772
0.6518 771
0.6530 770
0.6542 769
0.6555 768
0.6567 767
0.6580 766
0.6593 765
0.6606 764
0.6618 763
0.6631 762
0.6644 761
0.6657 760
0.6670 759
0.6683 758
0.6696 757
0.6709 756
0.6721 755
0.6734 754
0.6747 753
0.6760 752
0.6772 751
0.6785 750
0.6797 749
0.6810 748
0.6823 747
0.6837 746
0.6849 745
0.6861 744
0.6874 743
0.6888 742
0.6903 741
0.6917 740
0.6930 739
0.6942 738
0.6954 737
0.6966 736
0.6978 735
0.6990 734
0.7003 733
0.7018 732
0.7032 731
0.7045 730
0.7058 729
0.7070 728
0.7081 727
0.7093 726
0.7105 725
0.7117 724
0.7129 723
0.7140 722
0.7152 721
0.7164 720
0.7176 719
0.7187 718
0.7199 717
0.7210 716
0.7222 715
0.7234 714
0.7245 713
0.7257 712
0.7268 711
0.7280 710
0.7291 709
0.7303 708
0.7314 707
0.7326 706
0.7337 705
0.7348 704
0.7360 703
0.7371 702
0.7383 701
0.7394 700
0.7405 699
0.7417 698
0.7428 697
0.7439 696
0.7450 695
0.7461 694
0.7473 693
0.7484 692
0.7495 691
0.7506 690
0.7517 689
0.7528 688
0.7539 687
0.7551 686
0.7562 685
0.7573 684
0.7584 683
0.7595 682
0.7606 681
0.7617 680
0.7628 679
0.7639 678
0.7650 677
0.7661 676
0.7672 675
0.7683 674
0.7693 673
0.7704 672
0.7715 671
0.7726 670
0.7737 669
0.7748 668
0.7758 667
0.7769 666
0.7780 665
0.7790 664
0.7801 663
0.7812 662
0.7822 661
0.7833 660
0.7844 659
0.7854 658
0.7865 657
0.7875 656
0.7886 655
0.7897 654
0.7907 653
0.7918 652
0.7928 651
0.7939 650
0.7949 649
0.7960 648
0.7970 647
0.7981 646
0.7991 645
0.8001 644
0.8011 643
0.8022 642
0.8032 641
0.8042 640
0.8052 639
0.8063 638
0.8073 637
0.8083 636
0.8093 635
0.8103 634
0.8113 633
0.8123 632
0.8133 631
0.8143 630
0.8154 629
0.8164 628
0.8174 627
0.8184 626
0.8194 625
0.8204 624
0.8214 623
0.8224 622
0.8234 621
0.8244 620
0.8253 619
0.8263 618
0.8273 617
0.8283 616
0.8293 615
0.8303 614
0.8313 613
0.8322 612
0.8332 611
0.8342 610
0.8352 609
0.8362 608
0.8372 607
0.8381 606
0.8391 605
0.8400 604
0.8410 603
0.8419 602
0.8429 601
0.8438 600
0.8448 599
0.8457 598
0.8467 597
0.8476 596
0.8485 595
0.8495 594
0.8504 593
0.8514 592
0.8523 591
0.8532 590
0.8541 589
0.8550 588
0.8559 587
0.8569 586
0.8578 585
0.8587 584
0.8596 583
0.8605 582
0.8614 581
0.8624 580
0.8633 579
0.8641 578
0.8650 577
0.8659 576
0.8668 575
0.8677 574
0.8686 573
0.8695 572
0.8703 571
0.8712 570
0.8721 569
0.8730 568
0.8739 567
0.8747 566
0.8756 565
0.8765 564
0.8773 563
0.8782 562
0.8791 561
0.8799 560
0.8808 559
0.8816 558
0.8825 557
0.8834 556
0.8842 555
0.8851 554
0.8859 553
0.8868 552
0.8876 551
0.8884 550
0.8893 549
0.8901 548
0.8910 547
0.8918 546
0.8926 545
0.8935 544
0.8943 543
0.8951 542
0.8960 541
0.8968 540
0.8976 539
0.8984 538
0.8993 537
0.9001 536
0.9009 535
0.9017 534
0.9025 533
0.9033 532
0.9041 531
0.9049 530
0.9057 529
0.9065 528
0.9073 527
0.9081 526
0.9089 525
0.9098 524
0.9106 523
0.9114 522
0.9122 521
0.9130 520
0.9138 519
0.9145 518
0.9153 517
0.9161 516
0.9169 515
0.9176 514
0.9184 513
0.9191 512
0.9199 511
0.9206 510
0.9214 509
0.9221 508
0.9229 507
0.9236 506
0.9244 505
0.9251 504
0.9258 503
0.9266 502
0.9273 501
0.9280 500
0.9287 499
0.9295 498
0.9303 497
0.9310 496
0.9318 495
0.9326 494
0.9333 493
0.9341 492
0.9348 491
0.9356 490
0.9363 489
0.9371 488
0.9378 487
0.9386 486
0.9394 485
0.9403 484
0.9412 483
0.9419 482
0.9426 481
0.9433 480
0.9441 479
0.9449 478
0.9456 477
0.9463 476
0.9469 475
0.9476 474
0.9483 473
0.9490 472
0.9498 471
0.9506 470
0.9513 469
0.9520 468
0.9527 467
0.9535 466
0.9543 465
0.9550 464
0.9558 463
0.9565 462
0.9572 461
0.9579 460
0.9586 459
0.9593 458
0.9599 457
0.9606 456
0.9613 455
0.9620 454
0.9626 453
0.9632 452
0.9638 451
0.9645 450
0.9651 449
0.9657 448
0.9664 447
0.9670 446
0.9676 445
0.9683 444
0.9691 443
0.9699 442
0.9705 441
0.9712 440
0.9718 439
0.9724 438
0.9730 437
0.9736 436
0.9742 435
0.9748 434
0.9754 433
0.9760 432
0.9767 431
0.9774 430
0.9781 429
0.9787 428
0.9792 427
0.9798 426
0.9803 425
0.9809 424
0.9815 423
0.9820 422
0.9827 421
0.9834 420
0.9839 419
0.9845 418
0.9850 417
0.9856 416
0.9861 415
0.9867 414
0.9872 413
0.9877 412
0.9882 411
0.9888 410
0.9894 409
0.9899 408
0.9905 407
0.9910 406
0.9915 405
0.9920 404
0.9925 403
688.7047 402
688.7059 401
688.7065 400
688.7070 399
