0.0000 1041
0.2802 1040
0.2820 1039
0.2837 1038
0.2854 1037
0.2873 1036
0.2899 1035
0.2917 1034
0.2934 1033
0.2951 1032
0.2967 1031
0.2984 1030
0.3001 1029
0.3018 1028
0.3035 1027
0.3051 1026
0.3067 1025
0.3084 1024
0.3101 1023
0.3118 1022
0.3134 1021
0.3150 1020
0.3167 1019
0.3183 1018
0.3200 1017
0.3216 1016
0.3233 1015
0.3249 1014
0.3266 1013
0.3282 1012
0.3298 1011
0.3314 1010
0.3330 1009
0.3349 1008
0.3367 1007
0.3384 1006
0.3400 1005
0.3416 1004
0.3432 1003
0.3451 1002
0.3470 1001
0.3486 1000
0.3503 999
0.3520 998
0.3536 997
0.3552 996
0.3568 995
0.3585 994
0.3601 993
0.3617 992
0.3633 991
0.3649 990
0.3665 989
0.3681 988
0.3697 987
0.3713 986
0.3729 985
0.3746 984
0.3761 983
0.3777 982
0.3794 981
0.3811 980
0.3828 979
0.3844 978
0.3860 977
0.3876 976
0.3891 975
0.3938 974
0.3955 973
0.3971 972
0.3987 971
0.4003 970
0.4019 969
0.4035 968
0.4050 967
0.4066 966
0.4082 965
0.4098 964
0.4114 963
0.4129 962
0.4145 961
0.4161 960
0.4176 959
0.4193 958
0.4208 957
0.4224 956
0.4240 955
0.4255 954
0.4271 953
0.4287 952
0.4302 951
0.4318 950
0.4333 949
0.4349 948
0.4364 947
0.4380 946
0.4396 945
0.4411 944
0.4427 943
0.4443 942
0.4460 941
0.4478 940
0.4495 939
0.4512 938
0.4528 937
0.4544 936
0.4559 935
0.4574 934
0.4590 933
0.4605 932
0.4620 931
0.4636 930
0.4652 929
0.4668 928
0.4686 927
0.4702 926
0.4717 925
0.4736 924
0.4752 923
0.4768 922
0.4783 921
0.4798 920
0.4813 919
0.4831 918
0.4847 917
0.4863 916
0.4878 915
0.4893 914
0.4908 913
0.4924 912
0.4943 911
0.4960 910
0.4976 909
0.4991 908
0.5006 907
0.5022 906
0.5041 905
0.5058 904
0.5074 903
0.5091 902
0.5108 901
0.5123 900
0.5142 899
0.5157 898
0.5172 897
0.5188 896
0.5203 895
0.5218 894
0.5233 893
0.5248 892
0.5263 891
0.5277 890
0.5292 889
0.5307 888
0.5322 887
0.5337 886
0.5352 885
0.5367 884
0.5382 883
0.5397 882
0.5412 881
0.5430 880
0.5446 879
0.5461 878
0.5479 877
0.5494 876
0.5509 875
0.5524 874
0.5539 873
0.5554 872
0.5569 871
0.5584 870
0.5598 869
0.5613 868
0.5628 867
0.5642 866
0.5656 865
0.5671 864
0.5685 863
0.5700 862
0.5714 861
0.5728 860
0.5743 859
0.5757 858
0.5771 857
0.5785 856
0.5800 855
0.5814 854
0.5828 853
0.5842 852
0.5857 851
0.5871 850
0.5885 849
0.5899 848
0.5914 847
0.5929 846
0.5943 845
0.5958 844
0.5972 843
0.5986 842
0.6000 841
0.6042 840
0.6057 839
0.6071 838
0.6086 837
0.6101 836
0.6115 835
0.6129 834
0.6143 833
0.6157 832
0.6171 831
0.6185 830
0.6199 829
0.6213 828
0.6227 827
0.6241 826
0.6256 825
0.6272 824
0.6286 823
0.6301 822
0.6318 821
0.6332 820
0.6346 819
0.6359 818
0.6373 817
0.6391 816
0.6408 815
0.6422 814
0.6435 813
0.6448 812
0.6461 811
0.6474 810
0.6491 809
0.6507 808
0.6522 807
0.6535 806
0.6548 805
0.6562 804
0.6575 803
0.6591 802
0.6606 801
0.6619 800
0.6633 799
0.6646 798
0.6659 797
0.6673 796
0.6686 795
0.6700 794
0.6713 793
0.6726 792
0.6739 791
0.6752 790
0.6765 789
0.6778 788
0.6795 787
0.6808 786
0.6821 785
0.6834 784
0.6847 783
0.6860 782
0.6874 781
0.6889 780
0.6904 779
0.6920 778
0.6934 777
0.6947 776
0.6960 775
0.6973 774
0.6989 773
0.7006 772
0.7021 771
0.7034 770
0.7047 769
0.7060 768
0.7073 767
0.7086 766
0.7099 765
0.7112 764
0.7124 763
0.7137 762
0.7149 761
0.7162 760
0.7174 759
0.7190 758
0.7205 757
0.7218 756
0.7231 755
0.7244 754
0.7259 753
0.7274 752
0.7288 751
0.7303 750
0.7315 749
0.7328 748
0.7344 747
0.7357 746
0.7370 745
0.7382 744
0.7398 743
0.7412 742
0.7426 741
0.7438 740
0.7450 739
0.7463 738
0.7475 737
0.7490 736
0.7507 735
0.7521 734
0.7535 733
0.7548 732
0.7561 731
0.7573 730
0.7588 729
0.7602 728
0.7614 727
0.7626 726
0.7639 725
0.7651 724
0.7667 723
0.7680 722
0.7696 721
0.7710 720
0.7723 719
0.7735 718
0.7747 717
0.7759 716
0.7771 715
0.7784 714
0.7799 713
0.7812 712
0.7826 711
0.7839 710
0.7855 709
0.7870 708
0.7884 707
0.7900 706
0.7913 705
0.7925 704
0.7937 703
0.7950 702
0.7963 701
0.7975 700
0.7988 699
0.8002 698
0.8014 697
0.8026 696
0.8039 695
0.8051 694
0.8063 693
0.8074 692
0.8086 691
0.8100 690
0.8112 689
0.8124 688
0.8136 687
0.8148 686
0.8160 685
0.8171 684
0.8182 683
0.8194 682
0.8205 681
0.8216 680
0.8227 679
0.8239 678
0.8250 677
0.8262 676
0.8273 675
0.8284 674
0.8295 673
0.8308 672
0.8320 671
0.8331 670
0.8342 669
0.8353 668
0.8364 667
0.8375 666
0.8386 665
0.8397 664
0.8407 663
0.8418 662
0.8429 661
0.8440 660
0.8451 659
0.8462 658
0.8473 657
0.8483 656
0.8494 655
0.8504 654
0.8515 653
0.8526 652
0.8536 651
0.8547 650
0.8557 649
0.8568 648
0.8578 647
0.8589 646
0.8599 645
0.8610 644
0.8620 643
0.8631 642
0.8641 641
0.8652 640
0.8662 639
0.8672 638
0.8682 637
0.8693 636
0.8703 635
0.8713 634
0.8723 633
0.8734 632
0.8744 631
0.8754 630
0.8765 629
0.8775 628
0.8785 627
0.8795 626
0.8805 625
0.8815 624
0.8825 623
0.8835 622
0.8845 621
0.8855 620
0.8865 619
0.8874 618
0.8884 617
0.8894 616
0.8904 615
0.8914 614
0.8924 613
0.8933 612
0.8943 611
0.8953 610
0.8962 609
0.8972 608
0.8982 607
0.8991 606
0.9001 605
0.9010 604
0.9020 603
0.9029 602
0.9039 601
0.9048 600
0.9058 599
0.9067 598
0.9076 597
0.9086 596
0.9095 595
0.9105 594
0.9114 593
0.9123 592
0.9133 591
0.9142 590
0.9151 589
0.9160 588
0.9169 587
0.9179 586
0.9188 585
0.9197 584
0.9206 583
0.9215 582
0.9224 581
0.9233 580
0.9242 579
0.9251 578
0.9260 577
0.9269 576
0.9278 575
0.9287 574
0.9296 573
0.9305 572
0.9314 571
0.9323 570
0.9332 569
0.9340 568
0.9349 567
0.9358 566
0.9367 565
0.9375 564
0.9384 563
0.9393 562
0.9401 561
0.9410 560
0.9418 559
0.9427 558
0.9435 557
0.9444 556
0.9453 555
0.9461 554
0.9470 553
0.9478 552
0.9486 551
0.9495 550
0.9503 549
0.9511 548
0.9520 547
0.9528 546
0.9536 545
0.9545 544
0.9553 543
0.9561 542
0.9569 541
0.9577 540
0.9585 539
0.9593 538
0.9601 537
0.9609 536
0.9617 535
0.9625 534
0.9633 533
0.9641 532
0.9649 531
0.9657 530
0.9665 529
0.9673 528
0.9680 527
0.9688 526
0.9696 525
0.9704 524
0.9711 523
0.9719 522
0.9727 521
0.9734 520
0.9742 519
0.9750 518
0.9757 517
0.9765 516
0.9772 515
0.9780 514
0.9788 513
0.9795 512
0.9803 511
0.9810 510
0.9817 509
0.9825 508
0.9832 507
0.9839 506
0.9847 505
0.9854 504
0.9861 503
0.9869 502
0.9876 501
0.9885 500
0.9893 499
0.9900 498
0.9907 497
0.9915 496
0.9922 495
0.9929 494
0.9936 493
0.9943 492
0.9950 491
0.9957 490
0.9964 489
0.9971 488
0.9978 487
0.9987 486
0.9997 485
1.0004 484
1.0012 483
1.0019 482
1.0026 481
1.0033 480
1.0040 479
1.0047 478
1.0053 477
1.0060 476
1.0067 475
1.0074 474
1.0080 473
1.0087 472
1.0094 471
1.0100 470
1.0107 469
1.0114 468
1.0120 467
1.0127 466
1.0133 465
1.0140 464
1.0146 463
1.0152 462
1.0159 461
1.0165 460
1.0171 459
1.0178 458
1.0184 457
1.0190 456
1.0197 455
1.0203 454
1.0209 453
1.0215 452
1.0221 451
1.0227 450
1.0233 449
1.0240 448
1.0246 447
1.0252 446
1.0258 445
1.0264 444
1.0270 443
1.0276 442
1.0282 441
1.0288 440
1.0294 439
1.0300 438
1.0306 437
1.0311 436
1.0317 435
1.0323 434
1.0329 433
1.0334 432
1.0340 431
1.0346 430
1.0352 429
1.0357 428
1.0363 427
1.0368 426
1.0374 425
1.0379 424
1.0385 423
1.0390 422
1.0396 421
1.0401 420
1.0407 419
1.0412 418
1.0417 417
1.0423 416
1.0428 415
1.0433 414
1.0439 413
1.0444 412
1.0449 411
1.0454 410
1.0459 409
1.0464 408
1.0470 407
1.0475 406
1.0480 405
1.0485 404
1.0490 403
1.0495 402
1.0500 401
1.0505 400
1.0510 399
14.9226 398
27.6824 397
41.0544 396
53.4313 394
67.3549 393
79.0193 392
90.9420 390
102.3438 389
114.1222 387
138.3505 386
138.3521 385
150.4474 384
165.9153 383
165.9164 382
176.9848 381
176.9871 380
203.9007 379
203.9018 378
223.2451 377
223.2469 376
223.2475 375
223.2481 374
251.1702 373
251.1712 372
251.1717 371
251.1722 370
281.4463 369
281.4471 368
281.4476 367
294.4679 366
294.4685 365
304.6448 364
316.9690 363
316.9698 362
316.9703 361
316.9708 360
330.6610 359
330.6625 358
330.6629 357
343.2276 356
343.2291 355
373.7538 354
373.7553 353
373.7558 352
373.7562 351
373.7566 350
424.0670 349
565.2236 348
565.2253 347
