0.0000 1010
0.2852 1009
0.2868 1008
0.2884 1007
0.2900 1006
0.2916 1005
0.2936 1004
0.2953 1003
0.2969 1002
0.2985 1001
0.3001 1000
0.3021 999
0.3039 998
0.3056 997
0.3072 996
0.3089 995
0.3105 994
0.3121 993
0.3137 992
0.3153 991
0.3170 990
0.3185 989
0.3201 988
0.3217 987
0.3233 986
0.3249 985
0.3265 984
0.3280 983
0.3296 982
0.3312 981
0.3328 980
0.3344 979
0.3359 978
0.3375 977
0.3391 976
0.3407 975
0.3422 974
0.3438 973
0.3454 972
0.3470 971
0.3486 970
0.3502 969
0.3518 968
0.3533 967
0.3549 966
0.3565 965
0.3580 964
0.3596 963
0.3612 962
0.3627 961
0.3642 960
0.3658 959
0.3673 958
0.3689 957
0.3705 956
0.3721 955
0.3737 954
0.3752 953
0.3768 952
0.3783 951
0.3799 950
0.3814 949
0.3830 948
0.3845 947
0.3861 946
0.3876 945
0.3891 944
0.3938 943
0.3954 942
0.3970 941
0.3986 940
0.4001 939
0.4017 938
0.4032 937
0.4047 936
0.4062 935
0.4078 934
0.4093 933
0.4108 932
0.4124 931
0.4139 930
0.4154 929
0.4169 928
0.4185 927
0.4200 926
0.4215 925
0.4230 924
0.4245 923
0.4260 922
0.4275 921
0.4290 920
0.4306 919
0.4321 918
0.4336 917
0.4351 916
0.4366 915
0.4381 914
0.4396 913
0.4410 912
0.4426 911
0.4441 910
0.4456 909
0.4471 908
0.4486 907
0.4501 906
0.4516 905
0.4531 904
0.4546 903
0.4562 902
0.4577 901
0.4592 900
0.4607 899
0.4622 898
0.4637 897
0.4652 896
0.4667 895
0.4683 894
0.4699 893
0.4717 892
0.4733 891
0.4748 890
0.4763 889
0.4781 888
0.4799 887
0.4814 886
0.4832 885
0.4851 884
0.4869 883
0.4886 882
0.4902 881
0.4921 880
0.4939 879
0.4958 878
0.4973 877
0.4990 876
0.5005 875
0.5019 874
0.5034 873
0.5048 872
0.5063 871
0.5078 870
0.5098 869
0.5114 868
0.5129 867
0.5145 866
0.5163 865
0.5181 864
0.5199 863
0.5215 862
0.5231 861
0.5248 860
0.5265 859
0.5283 858
0.5301 857
0.5317 856
0.5332 855
0.5346 854
0.5360 853
0.5377 852
0.5396 851
0.5415 850
0.5432 849
0.5447 848
0.5461 847
0.5476 846
0.5493 845
0.5510 844
0.5525 843
0.5539 842
0.5553 841
0.5567 840
0.5583 839
0.5601 838
0.5616 837
0.5631 836
0.5644 835
0.5660 834
0.5676 833
0.5690 832
0.5703 831
0.5720 830
0.5736 829
0.5752 828
0.5766 827
0.5779 826
0.5793 825
0.5806 824
0.5824 823
0.5838 822
0.5852 821
0.5865 820
0.5878 819
0.5891 818
0.5905 817
0.5922 816
0.5936 815
0.5949 814
0.5962 813
0.5976 812
0.5989 811
0.6006 810
0.6024 809
0.6040 808
0.6055 807
0.6068 806
0.6084 805
0.6098 804
0.6112 803
0.6128 802
0.6142 801
0.6156 800
0.6172 799
0.6186 798
0.6199 797
0.6213 796
0.6226 795
0.6240 794
0.6257 793
0.6271 792
0.6284 791
0.6297 790
0.6310 789
0.6324 788
0.6339 787
0.6354 786
0.6367 785
0.6380 784
0.6393 783
0.6409 782
0.6423 781
0.6436 780
0.6453 779
0.6467 778
0.6481 777
0.6498 776
0.6512 775
0.6525 774
0.6538 773
0.6556 772
0.6569 771
0.6582 770
0.6595 769
0.6608 768
0.6621 767
0.6634 766
0.6650 765
0.6664 764
0.6678 763
0.6691 762
0.6704 761
0.6719 760
0.6733 759
0.6748 758
0.6762 757
0.6775 756
0.6788 755
0.6801 754
0.6813 753
0.6825 752
0.6838 751
0.6850 750
0.6863 749
0.6876 748
0.6888 747
0.6900 746
0.6912 745
0.6925 744
0.6937 743
0.6950 742
0.6962 741
0.6974 740
0.6987 739
0.6999 738
0.7011 737
0.7023 736
0.7035 735
0.7047 734
0.7059 733
0.7071 732
0.7083 731
0.7095 730
0.7108 729
0.7120 728
0.7132 727
0.7144 726
0.7156 725
0.7167 724
0.7179 723
0.7191 722
0.7203 721
0.7214 720
0.7226 719
0.7238 718
0.7250 717
0.7261 716
0.7273 715
0.7285 714
0.7296 713
0.7308 712
0.7319 711
0.7331 710
0.7342 709
0.7354 708
0.7366 707
0.7377 706
0.7388 705
0.7400 704
0.7412 703
0.7424 702
0.7436 701
0.7448 700
0.7461 699
0.7473 698
0.7485 697
0.7497 696
0.7509 695
0.7520 694
0.7531 693
0.7543 692
0.7554 691
0.7565 690
0.7577 689
0.7588 688
0.7599 687
0.7611 686
0.7622 685
0.7634 684
0.7645 683
0.7657 682
0.7668 681
0.7680 680
0.7691 679
0.7703 678
0.7715 677
0.7727 676
0.7740 675
0.7752 674
0.7763 673
0.7774 672
0.7786 671
0.7797 670
0.7809 669
0.7823 668
0.7834 667
0.7845 666
0.7855 665
0.7866 664
0.7877 663
0.7887 662
0.7898 661
0.7910 660
0.7921 659
0.7931 658
0.7942 657
0.7952 656
0.7963 655
0.7973 654
0.7984 653
0.7995 652
0.8005 651
0.8018 650
0.8032 649
0.8043 648
0.8054 647
0.8064 646
0.8075 645
0.8086 644
0.8096 643
0.8107 642
0.8117 641
0.8127 640
0.8138 639
0.8150 638
0.8161 637
0.8171 636
0.8182 635
0.8192 634
0.8203 633
0.8213 632
0.8224 631
0.8234 630
0.8245 629
0.8256 628
0.8268 627
0.8279 626
0.8289 625
0.8299 624
0.8309 623
0.8319 622
0.8329 621
0.8339 620
0.8349 619
0.8359 618
0.8372 617
0.8383 616
0.8393 615
0.8403 614
0.8413 613
0.8423 612
0.8432 611
0.8442 610
0.8452 609
0.8462 608
0.8472 607
0.8482 606
0.8492 605
0.8501 604
0.8511 603
0.8521 602
0.8531 601
0.8541 600
0.8551 599
0.8560 598
0.8570 597
0.8579 596
0.8589 595
0.8598 594
0.8608 593
0.8618 592
0.8627 591
0.8636 590
0.8646 589
0.8655 588
0.8664 587
0.8673 586
0.8682 585
0.8692 584
0.8701 583
0.8710 582
0.8720 581
0.8731 580
0.8741 579
0.8751 578
0.8760 577
0.8771 576
0.8780 575
0.8789 574
0.8799 573
0.8807 572
0.8816 571
0.8827 570
0.8837 569
0.8846 568
0.8855 567
0.8863 566
0.8872 565
0.8881 564
0.8890 563
0.8899 562
0.8907 561
0.8916 560
0.8925 559
0.8938 558
0.8947 557
0.8956 556
0.8966 555
0.8975 554
0.8983 553
0.8992 552
0.9000 551
0.9009 550
0.9018 549
0.9028 548
0.9040 547
0.9048 546
0.9057 545
0.9065 544
0.9073 543
0.9082 542
0.9090 541
0.9098 540
0.9106 539
0.9115 538
0.9123 537
0.9135 536
0.9146 535
0.9157 534
0.9166 533
0.9175 532
0.9183 531
0.9192 530
0.9201 529
0.9209 528
0.9218 527
0.9227 526
0.9238 525
0.9248 524
0.9258 523
0.9267 522
0.9275 521
0.9283 520
0.9291 519
0.9299 518
0.9306 517
0.9314 516
0.9322 515
0.9330 514
0.9338 513
0.9346 512
0.9354 511
0.9362 510
0.9369 509
0.9377 508
0.9384 507
0.9392 506
0.9400 505
0.9407 504
0.9415 503
0.9423 502
0.9430 501
0.9437 500
0.9448 499
0.9457 498
0.9464 497
0.9472 496
0.9479 495
0.9487 494
0.9496 493
0.9504 492
0.9511 491
0.9518 490
0.9525 489
0.9532 488
0.9539 487
0.9549 486
0.9558 485
0.9565 484
0.9574 483
0.9582 482
0.9589 481
0.9596 480
0.9603 479
0.9610 478
0.9616 477
0.9623 476
0.9630 475
0.9637 474
0.9646 473
0.9656 472
0.9663 471
0.9674 470
0.9684 469
0.9692 468
0.9699 467
0.9705 466
0.9712 465
0.9719 464
0.9726 463
0.9733 462
0.9739 461
0.9747 460
0.9753 459
0.9760 458
0.9767 457
0.9773 456
0.9780 455
0.9786 454
0.9792 453
0.9799 452
0.9805 451
0.9811 450
0.9817 449
0.9824 448
0.9833 447
0.9842 446
0.9850 445
0.9857 444
0.9864 443
0.9871 442
0.9879 441
0.9886 440
0.9892 439
0.9898 438
0.9904 437
0.9911 436
0.9917 435
0.9924 434
0.9932 433
0.9939 432
0.9947 431
0.9953 430
0.9958 429
0.9964 428
0.9970 427
0.9976 426
0.9982 425
0.9988 424
0.9994 423
1.0000 422
1.0006 421
1.0012 420
1.0018 419
1.0023 418
1.0031 417
1.0038 416
1.0044 415
1.0049 414
1.0056 413
1.0062 412
1.0067 411
1.0073 410
1.0079 409
1.0084 408
1.0090 407
1.0095 406
1.0100 405
1.0106 404
1.0111 403
1.0116 402
1.0121 401
1.0126 400
1.0134 399
1.0139 398
1.0144 397
1.0149 396
1.0154 395
1.0159 394
1.0164 393
1.0170 392
13.6487 391
13.6494 390
25.9768 389
25.9787 388
38.2462 387
38.2468 386
49.2880 385
49.2887 384
62.8135 383
77.0489 382
77.0507 381
77.0512 380
91.4096 379
113.1029 378
113.1035 377
133.7183 376
133.7191 375
133.7196 374
133.7201 373
150.8857 372
150.8865 371
150.8869 370
177.9583 369
177.9590 368
177.9594 367
187.7729 366
202.5569 365
229.4374 364
229.4391 363
229.4396 362
260.9912 361
260.9918 360
260.9923 359
312.1589 358
312.1607 357
312.1611 356
448.0714 355
448.0730 354
448.0735 353
590.2043 352
590.2060 351
590.2065 350
590.2070 349
590.2074 348
590.2079 347
669.2442 346
669.2458 345
669.2462 344
669.2467 343
669.2471 342
669.2475 341
669.2480 340
669.2484 339
