0.0000 985
0.2984 984
0.3000 983
0.3016 982
0.3032 981
0.3047 980
0.3063 979
0.3083 978
0.3099 977
0.3115 976
0.3131 975
0.3146 974
0.3162 973
0.3178 972
0.3193 971
0.3209 970
0.3225 969
0.3240 968
0.3256 967
0.3272 966
0.3287 965
0.3303 964
0.3319 963
0.3334 962
0.3350 961
0.3365 960
0.3381 959
0.3396 958
0.3412 957
0.3427 956
0.3443 955
0.3459 954
0.3474 953
0.3490 952
0.3505 951
0.3521 950
0.3536 949
0.3551 948
0.3567 947
0.3583 946
0.3598 945
0.3614 944
0.3629 943
0.3645 942
0.3660 941
0.3675 940
0.3691 939
0.3706 938
0.3721 937
0.3736 936
0.3751 935
0.3767 934
0.3782 933
0.3797 932
0.3813 931
0.3828 930
0.3843 929
0.3858 928
0.3873 927
0.3888 926
0.3903 925
0.3918 924
0.3934 923
0.3949 922
0.3964 921
0.3979 920
0.3994 919
0.4009 918
0.4055 917
0.4071 916
0.4086 915
0.4102 914
0.4118 913
0.4133 912
0.4148 911
0.4163 910
0.4178 909
0.4194 908
0.4208 907
0.4223 906
0.4238 905
0.4253 904
0.4268 903
0.4283 902
0.4298 901
0.4313 900
0.4328 899
0.4343 898
0.4358 897
0.4373 896
0.4388 895
0.4402 894
0.4417 893
0.4432 892
0.4447 891
0.4461 890
0.4476 889
0.4492 888
0.4506 887
0.4521 886
0.4536 885
0.4551 884
0.4565 883
0.4580 882
0.4595 881
0.4610 880
0.4625 879
0.4639 878
0.4654 877
0.4668 876
0.4683 875
0.4697 874
0.4712 873
0.4726 872
0.4741 871
0.4756 870
0.4770 869
0.4785 868
0.4799 867
0.4813 866
0.4828 865
0.4842 864
0.4856 863
0.4871 862
0.4885 861
0.4900 860
0.4914 859
0.4928 858
0.4943 857
0.4957 856
0.4972 855
0.4986 854
0.5000 853
0.5014 852
0.5029 851
0.5043 850
0.5057 849
0.5070 848
0.5084 847
0.5098 846
0.5112 845
0.5126 844
0.5139 843
0.5153 842
0.5167 841
0.5180 840
0.5194 839
0.5208 838
0.5221 837
0.5235 836
0.5249 835
0.5262 834
0.5276 833
0.5289 832
0.5303 831
0.5316 830
0.5330 829
0.5343 828
0.5357 827
0.5370 826
0.5384 825
0.5397 824
0.5410 823
0.5424 822
0.5437 821
0.5451 820
0.5464 819
0.5478 818
0.5491 817
0.5504 816
0.5518 815
0.5531 814
0.5544 813
0.5558 812
0.5571 811
0.5584 810
0.5597 809
0.5611 808
0.5624 807
0.5637 806
0.5651 805
0.5664 804
0.5677 803
0.5690 802
0.5703 801
0.5717 800
0.5730 799
0.5743 798
0.5756 797
0.5769 796
0.5782 795
0.5795 794
0.5808 793
0.5821 792
0.5834 791
0.5847 790
0.5860 789
0.5873 788
0.5886 787
0.5898 786
0.5911 785
0.5924 784
0.5937 783
0.5951 782
0.5964 781
0.5977 780
0.5990 779
0.6003 778
0.6016 777
0.6029 776
0.6042 775
0.6055 774
0.6067 773
0.6080 772
0.6093 771
0.6106 770
0.6118 769
0.6131 768
0.6144 767
0.6159 766
0.6174 765
0.6187 764
0.6200 763
0.6212 762
0.6225 761
0.6238 760
0.6250 759
0.6265 758
0.6280 757
0.6292 756
0.6305 755
0.6317 754
0.6330 753
0.6342 752
0.6355 751
0.6367 750
0.6380 749
0.6392 748
0.6404 747
0.6417 746
0.6429 745
0.6441 744
0.6453 743
0.6465 742
0.6478 741
0.6491 740
0.6504 739
0.6519 738
0.6531 737
0.6544 736
0.6556 735
0.6568 734
0.6580 733
0.6593 732
0.6606 731
0.6622 730
0.6635 729
0.6647 728
0.6660 727
0.6671 726
0.6683 725
0.6695 724
0.6707 723
0.6722 722
0.6735 721
0.6746 720
0.6758 719
0.6770 718
0.6782 717
0.6798 716
0.6810 715
0.6822 714
0.6835 713
0.6847 712
0.6859 711
0.6871 710
0.6882 709
0.6893 708
0.6905 707
0.6916 706
0.6928 705
0.6943 704
0.6957 703
0.6971 702
0.6982 701
0.6994 700
0.7005 699
0.7017 698
0.7028 697
0.7044 696
0.7056 695
0.7068 694
0.7079 693
0.7090 692
0.7102 691
0.7113 690
0.7124 689
0.7138 688
0.7151 687
0.7163 686
0.7176 685
0.7187 684
0.7199 683
0.7210 682
0.7221 681
0.7234 680
0.7248 679
0.7262 678
0.7273 677
0.7285 676
0.7296 675
0.7307 674
0.7318 673
0.7329 672
0.7340 671
0.7351 670
0.7362 669
0.7373 668
0.7384 667
0.7395 666
0.7406 665
0.7417 664
0.7427 663
0.7441 662
0.7453 661
0.7464 660
0.7475 659
0.7486 658
0.7499 657
0.7510 656
0.7521 655
0.7533 654
0.7546 653
0.7557 652
0.7568 651
0.7578 650
0.7592 649
0.7604 648
0.7614 647
0.7625 646
0.7637 645
0.7650 644
0.7661 643
0.7674 642
0.7685 641
0.7696 640
0.7706 639
0.7716 638
0.7727 637
0.7739 636
0.7752 635
0.7762 634
0.7773 633
0.7783 632
0.7793 631
0.7803 630
0.7813 629
0.7823 628
0.7834 627
0.7847 626
0.7857 625
0.7868 624
0.7878 623
0.7888 622
0.7898 621
0.7907 620
0.7918 619
0.7928 618
0.7938 617
0.7947 616
0.7957 615
0.7967 614
0.7977 613
0.7987 612
0.7998 611
0.8010 610
0.8020 609
0.8030 608
0.8039 607
0.8049 606
0.8059 605
0.8068 604
0.8078 603
0.8088 602
0.8099 601
0.8111 600
0.8120 599
0.8130 598
0.8140 597
0.8150 596
0.8160 595
0.8170 594
0.8181 593
0.8191 592
0.8203 591
0.8215 590
0.8225 589
0.8235 588
0.8245 587
0.8255 586
0.8265 585
0.8274 584
0.8283 583
0.8292 582
0.8304 581
0.8315 580
0.8324 579
0.8335 578
0.8344 577
0.8353 576
0.8362 575
0.8371 574
0.8380 573
0.8389 572
0.8399 571
0.8411 570
0.8420 569
0.8430 568
0.8439 567
0.8448 566
0.8457 565
0.8467 564
0.8477 563
0.8487 562
0.8497 561
0.8506 560
0.8516 559
0.8525 558
0.8534 557
0.8542 556
0.8551 555
0.8559 554
0.8568 553
0.8576 552
0.8585 551
0.8594 550
0.8602 549
0.8611 548
0.8619 547
0.8628 546
0.8636 545
0.8644 544
0.8653 543
0.8664 542
0.8675 541
0.8685 540
0.8695 539
0.8704 538
0.8713 537
0.8721 536
0.8730 535
0.8738 534
0.8746 533
0.8755 532
0.8765 531
0.8774 530
0.8783 529
0.8791 528
0.8800 527
0.8808 526
0.8816 525
0.8825 524
0.8836 523
0.8846 522
0.8856 521
0.8866 520
0.8875 519
0.8882 518
0.8890 517
0.8898 516
0.8906 515
0.8913 514
0.8921 513
0.8929 512
0.8936 511
0.8944 510
0.8953 509
0.8963 508
0.8973 507
0.8981 506
0.8989 505
0.8997 504
0.9007 503
0.9015 502
0.9022 501
0.9030 500
0.9039 499
0.9050 498
0.9062 497
0.9073 496
0.9083 495
0.9092 494
0.9101 493
0.9110 492
0.9117 491
0.9125 490
0.9132 489
0.9139 488
0.9145 487
0.9152 486
0.9159 485
0.9168 484
0.9177 483
0.9184 482
0.9191 481
0.9198 480
0.9206 479
0.9215 478
0.9223 477
0.9230 476
0.9238 475
0.9245 474
0.9253 473
0.9260 472
0.9266 471
0.9273 470
0.9279 469
0.9286 468
0.9292 467
0.9299 466
0.9308 465
0.9316 464
0.9323 463
0.9331 462
0.9338 461
0.9344 460
0.9351 459
0.9357 458
0.9363 457
0.9370 456
0.9376 455
0.9382 454
0.9388 453
0.9394 452
0.9401 451
0.9410 450
0.9418 449
0.9424 448
0.9430 447
0.9436 446
0.9442 445
0.9448 444
0.9454 443
0.9460 442
0.9466 441
0.9472 440
0.9478 439
0.9484 438
0.9490 437
0.9495 436
0.9501 435
0.9509 434
0.9516 433
0.9522 432
0.9528 431
0.9534 430
0.9540 429
0.9545 428
0.9551 427
0.9556 426
0.9562 425
0.9568 424
0.9573 423
0.9579 422
0.9585 421
0.9591 420
0.9606 419
0.9614 418
0.9620 417
0.9626 416
0.9632 415
0.9637 414
0.9656 413
0.9666 412
0.9673 411
0.9679 410
0.9685 409
0.9692 408
0.9699 407
0.9706 406
0.9712 405
0.9717 404
0.9722 403
0.9727 402
0.9732 401
0.9738 400
0.9743 399
13.9590 397
26.5233 396
40.5791 395
40.5798 394
40.5804 393
55.6386 392
55.6392 391
55.6397 390
67.1875 389
81.9303 388
93.4717 387
104.4961 386
115.2041 385
126.0436 384
145.1261 383
145.1267 382
145.1272 381
155.3968 380
165.7190 379
184.0070 378
184.0077 377
194.1214 376
214.0430 375
214.0437 374
214.0442 373
232.6497 372
232.6504 371
232.6508 370
232.6513 369
232.6517 368
242.4026 367
252.0122 366
277.5652 365
277.5659 364
277.5664 363
299.6950 362
299.6956 361
335.9353 360
335.9367 359
335.9371 358
335.9376 357
335.9380 356
354.5623 355
354.5629 354
354.5633 353
354.5638 352
414.7531 351
414.7537 350
414.7542 349
414.7546 348
442.9947 347
442.9954 346
594.7225 345
594.7243 344
594.7248 343
649.0175 342
649.0189 341
649.0194 340
649.0198 339
649.0202 338
