0.0000 995
0.2672 994
0.2688 993
0.2704 992
0.2719 991
0.2735 990
0.2751 989
0.2771 988
0.2787 987
0.2803 986
0.2819 985
0.2835 984
0.2850 983
0.2866 982
0.2882 981
0.2898 980
0.2913 979
0.2929 978
0.2945 977
0.2960 976
0.2976 975
0.3021 974
0.3040 973
0.3099 972
0.3121 971
0.3164 970
0.3181 969
0.3197 968
0.3212 967
0.3228 966
0.3246 965
0.3266 964
0.3283 963
0.3299 962
0.3314 961
0.3330 960
0.3348 959
0.3366 958
0.3383 957
0.3398 956
0.3414 955
0.3431 954
0.3446 953
0.3462 952
0.3477 951
0.3493 950
0.3510 949
0.3527 948
0.3543 947
0.3558 946
0.3574 945
0.3593 944
0.3611 943
0.3626 942
0.3642 941
0.3657 940
0.3673 939
0.3691 938
0.3707 937
0.3723 936
0.3738 935
0.3754 934
0.3772 933
0.3790 932
0.3807 931
0.3822 930
0.3838 929
0.3853 928
0.3901 927
0.3917 926
0.3932 925
0.3947 924
0.3962 923
0.3977 922
0.3993 921
0.4007 920
0.4022 919
0.4037 918
0.4052 917
0.4067 916
0.4082 915
0.4097 914
0.4112 913
0.4126 912
0.4141 911
0.4156 910
0.4171 909
0.4185 908
0.4200 907
0.4215 906
0.4229 905
0.4244 904
0.4258 903
0.4273 902
0.4288 901
0.4302 900
0.4317 899
0.4331 898
0.4345 897
0.4360 896
0.4374 895
0.4389 894
0.4403 893
0.4417 892
0.4432 891
0.4447 890
0.4461 889
0.4475 888
0.4490 887
0.4504 886
0.4518 885
0.4533 884
0.4547 883
0.4561 882
0.4576 881
0.4590 880
0.4604 879
0.4619 878
0.4633 877
0.4647 876
0.4661 875
0.4675 874
0.4690 873
0.4704 872
0.4718 871
0.4732 870
0.4746 869
0.4760 868
0.4775 867
0.4789 866
0.4803 865
0.4817 864
0.4831 863
0.4845 862
0.4859 861
0.4874 860
0.4888 859
0.4902 858
0.4916 857
0.4930 856
0.4944 855
0.4958 854
0.4972 853
0.4986 852
0.5000 851
0.5014 850
0.5028 849
0.5041 848
0.5055 847
0.5069 846
0.5083 845
0.5097 844
0.5111 843
0.5124 842
0.5138 841
0.5153 840
0.5167 839
0.5181 838
0.5196 837
0.5210 836
0.5223 835
0.5238 834
0.5251 833
0.5269 832
0.5283 831
0.5297 830
0.5310 829
0.5324 828
0.5338 827
0.5351 826
0.5368 825
0.5382 824
0.5396 823
0.5410 822
0.5424 821
0.5437 820
0.5450 819
0.5463 818
0.5476 817
0.5489 816
0.5502 815
0.5515 814
0.5529 813
0.5542 812
0.5554 811
0.5567 810
0.5580 809
0.5593 808
0.5606 807
0.5619 806
0.5632 805
0.5645 804
0.5658 803
0.5671 802
0.5683 801
0.5696 800
0.5709 799
0.5722 798
0.5735 797
0.5747 796
0.5760 795
0.5773 794
0.5786 793
0.5799 792
0.5811 791
0.5824 790
0.5837 789
0.5849 788
0.5862 787
0.5875 786
0.5888 785
0.5900 784
0.5913 783
0.5925 782
0.5938 781
0.5951 780
0.5963 779
0.5976 778
0.5988 777
0.6001 776
0.6013 775
0.6026 774
0.6039 773
0.6051 772
0.6064 771
0.6076 770
0.6089 769
0.6101 768
0.6114 767
0.6126 766
0.6139 765
0.6151 764
0.6163 763
0.6176 762
0.6188 761
0.6200 760
0.6212 759
0.6225 758
0.6237 757
0.6249 756
0.6262 755
0.6274 754
0.6286 753
0.6299 752
0.6311 751
0.6324 750
0.6336 749
0.6348 748
0.6360 747
0.6373 746
0.6385 745
0.6397 744
0.6409 743
0.6421 742
0.6433 741
0.6445 740
0.6459 739
0.6475 738
0.6490 737
0.6503 736
0.6516 735
0.6528 734
0.6540 733
0.6552 732
0.6567 731
0.6579 730
0.6591 729
0.6603 728
0.6618 727
0.6630 726
0.6642 725
0.6655 724
0.6672 723
0.6684 722
0.6696 721
0.6708 720
0.6719 719
0.6731 718
0.6743 717
0.6755 716
0.6767 715
0.6779 714
0.6791 713
0.6803 712
0.6816 711
0.6828 710
0.6839 709
0.6851 708
0.6868 707
0.6880 706
0.6892 705
0.6903 704
0.6915 703
0.6926 702
0.6938 701
0.6949 700
0.6965 699
0.6978 698
0.6989 697
0.7000 696
0.7012 695
0.7023 694
0.7034 693
0.7046 692
0.7058 691
0.7073 690
0.7086 689
0.7098 688
0.7110 687
0.7121 686
0.7132 685
0.7144 684
0.7156 683
0.7171 682
0.7183 681
0.7194 680
0.7206 679
0.7217 678
0.7228 677
0.7239 676
0.7250 675
0.7263 674
0.7277 673
0.7288 672
0.7299 671
0.7310 670
0.7321 669
0.7332 668
0.7346 667
0.7359 666
0.7372 665
0.7383 664
0.7394 663
0.7405 662
0.7416 661
0.7429 660
0.7440 659
0.7451 658
0.7464 657
0.7476 656
0.7487 655
0.7498 654
0.7512 653
0.7523 652
0.7534 651
0.7544 650
0.7555 649
0.7568 648
0.7579 647
0.7591 646
0.7602 645
0.7613 644
0.7623 643
0.7634 642
0.7644 641
0.7654 640
0.7667 639
0.7681 638
0.7691 637
0.7702 636
0.7712 635
0.7722 634
0.7733 633
0.7743 632
0.7753 631
0.7766 630
0.7778 629
0.7789 628
0.7799 627
0.7809 626
0.7819 625
0.7829 624
0.7839 623
0.7849 622
0.7861 621
0.7874 620
0.7884 619
0.7894 618
0.7904 617
0.7914 616
0.7926 615
0.7937 614
0.7947 613
0.7957 612
0.7970 611
0.7980 610
0.7990 609
0.7999 608
0.8012 607
0.8022 606
0.8032 605
0.8042 604
0.8051 603
0.8063 602
0.8074 601
0.8083 600
0.8093 599
0.8103 598
0.8113 597
0.8122 596
0.8132 595
0.8141 594
0.8151 593
0.8160 592
0.8170 591
0.8179 590
0.8189 589
0.8198 588
0.8208 587
0.8217 586
0.8226 585
0.8236 584
0.8245 583
0.8254 582
0.8263 581
0.8273 580
0.8282 579
0.8291 578
0.8300 577
0.8309 576
0.8318 575
0.8327 574
0.8336 573
0.8345 572
0.8354 571
0.8363 570
0.8372 569
0.8381 568
0.8390 567
0.8399 566
0.8408 565
0.8416 564
0.8425 563
0.8434 562
0.8443 561
0.8451 560
0.8460 559
0.8469 558
0.8477 557
0.8486 556
0.8494 555
0.8503 554
0.8512 553
0.8520 552
0.8529 551
0.8537 550
0.8546 549
0.8554 548
0.8563 547
0.8571 546
0.8579 545
0.8588 544
0.8596 543
0.8605 542
0.8613 541
0.8621 540
0.8630 539
0.8638 538
0.8646 537
0.8654 536
0.8662 535
0.8670 534
0.8679 533
0.8687 532
0.8695 531
0.8703 530
0.8711 529
0.8719 528
0.8727 527
0.8735 526
0.8743 525
0.8751 524
0.8759 523
0.8767 522
0.8775 521
0.8782 520
0.8790 519
0.8798 518
0.8806 517
0.8813 516
0.8821 515
0.8829 514
0.8837 513
0.8844 512
0.8852 511
0.8860 510
0.8867 509
0.8875 508
0.8882 507
0.8890 506
0.8897 505
0.8905 504
0.8912 503
0.8920 502
0.8927 501
0.8934 500
0.8942 499
0.8949 498
0.8956 497
0.8963 496
0.8971 495
0.8978 494
0.8985 493
0.8992 492
0.9000 491
0.9007 490
0.9014 489
0.9021 488
0.9029 487
0.9036 486
0.9043 485
0.9050 484
0.9057 483
0.9064 482
0.9071 481
0.9078 480
0.9084 479
0.9091 478
0.9098 477
0.9105 476
0.9111 475
0.9118 474
0.9125 473
0.9132 472
0.9138 471
0.9145 470
0.9151 469
0.9158 468
0.9165 467
0.9171 466
0.9178 465
0.9184 464
0.9191 463
0.9197 462
0.9204 461
0.9210 460
0.9216 459
0.9222 458
0.9229 457
0.9235 456
0.9241 455
0.9247 454
0.9254 453
0.9260 452
0.9266 451
0.9272 450
0.9278 449
0.9285 448
0.9291 447
0.9297 446
0.9303 445
0.9308 444
0.9314 443
0.9320 442
0.9326 441
0.9332 440
0.9338 439
0.9344 438
0.9350 437
0.9356 436
0.9362 435
0.9368 434
0.9373 433
0.9379 432
0.9385 431
0.9390 430
0.9396 429
0.9402 428
0.9407 427
0.9413 426
0.9418 425
0.9424 424
0.9429 423
0.9435 422
0.9441 421
0.9446 420
0.9451 419
0.9457 418
0.9462 417
0.9467 416
0.9473 415
0.9478 414
0.9483 413
0.9488 412
0.9494 411
0.9499 410
0.9504 409
0.9509 408
0.9514 407
0.9519 406
0.9524 405
0.9530 404
0.9535 403
0.9540 402
0.9545 401
0.9549 400
0.9554 399
0.9559 398
0.9564 397
14.4716 396
14.4723 395
27.0946 394
42.7261 393
42.7268 392
42.7273 391
57.6233 390
57.6239 389
57.6244 388
57.6249 387
73.6166 386
73.6173 385
84.8525 384
95.7962 383
113.0843 381
113.0860 380
113.0865 379
113.0870 378
131.0753 377
131.0759 376
131.0764 375
147.0436 373
147.0443 372
147.0447 371
157.3312 370
157.3319 369
178.4132 368
199.3155 367
208.8559 366
222.3106 365
222.3113 364
222.3117 363
244.7692 362
244.7699 361
244.7703 360
254.0504 359
271.7404 358
271.7410 357
308.4976 356
308.4983 355
308.4987 354
308.4992 353
445.0781 352
445.0796 351
445.0801 350
545.5717 349
545.5733 348
545.5737 347
545.5741 346
580.3329 345
580.3343 344
