0.0000 986
0.3093 985
0.3109 984
0.3125 983
0.3141 982
0.3157 981
0.3173 980
0.3193 979
0.3210 978
0.3226 977
0.3241 976
0.3257 975
0.3273 974
0.3288 973
0.3304 972
0.3319 971
0.3335 970
0.3350 969
0.3366 968
0.3381 967
0.3396 966
0.3412 965
0.3427 964
0.3443 963
0.3458 962
0.3474 961
0.3489 960
0.3504 959
0.3520 958
0.3535 957
0.3550 956
0.3566 955
0.3581 954
0.3597 953
0.3612 952
0.3627 951
0.3643 950
0.3658 949
0.3679 948
0.3695 947
0.3711 946
0.3726 945
0.3741 944
0.3756 943
0.3772 942
0.3787 941
0.3802 940
0.3817 939
0.3832 938
0.3847 937
0.3862 936
0.3877 935
0.3892 934
0.3907 933
0.3922 932
0.3938 931
0.3954 930
0.3970 929
0.3985 928
0.4000 927
0.4015 926
0.4031 925
0.4046 924
0.4063 923
0.4078 922
0.4093 921
0.4109 920
0.4124 919
0.4170 918
0.4187 917
0.4202 916
0.4218 915
0.4233 914
0.4247 913
0.4262 912
0.4278 911
0.4293 910
0.4309 909
0.4323 908
0.4338 907
0.4353 906
0.4368 905
0.4383 904
0.4398 903
0.4413 902
0.4428 901
0.4443 900
0.4458 899
0.4472 898
0.4487 897
0.4501 896
0.4516 895
0.4531 894
0.4545 893
0.4560 892
0.4574 891
0.4589 890
0.4603 889
0.4618 888
0.4632 887
0.4647 886
0.4661 885
0.4675 884
0.4690 883
0.4704 882
0.4719 881
0.4733 880
0.4747 879
0.4762 878
0.4776 877
0.4790 876
0.4804 875
0.4819 874
0.4833 873
0.4848 872
0.4862 871
0.4876 870
0.4890 869
0.4904 868
0.4933 867
0.4947 866
0.4962 865
0.4977 864
0.4991 863
0.5005 862
0.5020 861
0.5034 860
0.5048 859
0.5062 858
0.5076 857
0.5090 856
0.5103 855
0.5117 854
0.5130 853
0.5144 852
0.5157 851
0.5171 850
0.5185 849
0.5198 848
0.5212 847
0.5226 846
0.5239 845
0.5253 844
0.5266 843
0.5280 842
0.5294 841
0.5307 840
0.5321 839
0.5334 838
0.5348 837
0.5361 836
0.5374 835
0.5388 834
0.5401 833
0.5414 832
0.5428 831
0.5441 830
0.5454 829
0.5467 828
0.5480 827
0.5493 826
0.5506 825
0.5520 824
0.5533 823
0.5546 822
0.5559 821
0.5572 820
0.5585 819
0.5598 818
0.5611 817
0.5624 816
0.5637 815
0.5650 814
0.5663 813
0.5676 812
0.5689 811
0.5702 810
0.5715 809
0.5728 808
0.5740 807
0.5753 806
0.5766 805
0.5779 804
0.5792 803
0.5804 802
0.5817 801
0.5830 800
0.5843 799
0.5855 798
0.5868 797
0.5881 796
0.5894 795
0.5906 794
0.5919 793
0.5931 792
0.5944 791
0.5957 790
0.5969 789
0.5982 788
0.5994 787
0.6007 786
0.6019 785
0.6032 784
0.6045 783
0.6057 782
0.6069 781
0.6083 780
0.6096 779
0.6108 778
0.6121 777
0.6136 776
0.6151 775
0.6164 774
0.6179 773
0.6193 772
0.6206 771
0.6218 770
0.6231 769
0.6243 768
0.6255 767
0.6267 766
0.6280 765
0.6294 764
0.6307 763
0.6319 762
0.6331 761
0.6343 760
0.6355 759
0.6367 758
0.6380 757
0.6396 756
0.6409 755
0.6421 754
0.6436 753
0.6449 752
0.6461 751
0.6473 750
0.6487 749
0.6501 748
0.6515 747
0.6528 746
0.6540 745
0.6552 744
0.6564 743
0.6575 742
0.6591 741
0.6605 740
0.6618 739
0.6630 738
0.6641 737
0.6653 736
0.6665 735
0.6676 734
0.6692 733
0.6705 732
0.6717 731
0.6728 730
0.6740 729
0.6751 728
0.6763 727
0.6774 726
0.6789 725
0.6803 724
0.6814 723
0.6826 722
0.6838 721
0.6851 720
0.6864 719
0.6875 718
0.6887 717
0.6901 716
0.6913 715
0.6924 714
0.6935 713
0.6947 712
0.6958 711
0.6969 710
0.6980 709
0.6993 708
0.7007 707
0.7020 706
0.7033 705
0.7044 704
0.7055 703
0.7066 702
0.7077 701
0.7088 700
0.7102 699
0.7115 698
0.7126 697
0.7137 696
0.7148 695
0.7159 694
0.7170 693
0.7181 692
0.7193 691
0.7207 690
0.7219 689
0.7230 688
0.7241 687
0.7252 686
0.7265 685
0.7277 684
0.7288 683
0.7302 682
0.7315 681
0.7327 680
0.7337 679
0.7349 678
0.7361 677
0.7371 676
0.7382 675
0.7395 674
0.7408 673
0.7419 672
0.7430 671
0.7442 670
0.7453 669
0.7464 668
0.7475 667
0.7486 666
0.7497 665
0.7507 664
0.7520 663
0.7532 662
0.7543 661
0.7553 660
0.7564 659
0.7574 658
0.7584 657
0.7594 656
0.7605 655
0.7616 654
0.7628 653
0.7640 652
0.7651 651
0.7661 650
0.7672 649
0.7683 648
0.7693 647
0.7704 646
0.7714 645
0.7724 644
0.7734 643
0.7744 642
0.7754 641
0.7764 640
0.7774 639
0.7784 638
0.7794 637
0.7804 636
0.7814 635
0.7824 634
0.7833 633
0.7843 632
0.7853 631
0.7863 630
0.7873 629
0.7882 628
0.7892 627
0.7902 626
0.7911 625
0.7921 624
0.7931 623
0.7940 622
0.7950 621
0.7959 620
0.7969 619
0.7979 618
0.7988 617
0.7997 616
0.8007 615
0.8016 614
0.8026 613
0.8036 612
0.8045 611
0.8055 610
0.8064 609
0.8073 608
0.8083 607
0.8093 606
0.8103 605
0.8113 604
0.8123 603
0.8134 602
0.8143 601
0.8152 600
0.8162 599
0.8172 598
0.8183 597
0.8193 596
0.8202 595
0.8211 594
0.8223 593
0.8234 592
0.8244 591
0.8254 590
0.8265 589
0.8277 588
0.8287 587
0.8297 586
0.8306 585
0.8316 584
0.8326 583
0.8335 582
0.8344 581
0.8356 580
0.8366 579
0.8375 578
0.8384 577
0.8392 576
0.8401 575
0.8410 574
0.8420 573
0.8434 572
0.8443 571
0.8452 570
0.8461 569
0.8471 568
0.8480 567
0.8488 566
0.8497 565
0.8506 564
0.8514 563
0.8522 562
0.8532 561
0.8543 560
0.8552 559
0.8561 558
0.8569 557
0.8578 556
0.8586 555
0.8594 554
0.8603 553
0.8611 552
0.8619 551
0.8628 550
0.8636 549
0.8644 548
0.8652 547
0.8661 546
0.8669 545
0.8677 544
0.8685 543
0.8693 542
0.8701 541
0.8709 540
0.8717 539
0.8725 538
0.8733 537
0.8741 536
0.8749 535
0.8757 534
0.8765 533
0.8773 532
0.8781 531
0.8789 530
0.8797 529
0.8804 528
0.8812 527
0.8820 526
0.8827 525
0.8835 524
0.8843 523
0.8850 522
0.8858 521
0.8866 520
0.8873 519
0.8881 518
0.8888 517
0.8896 516
0.8904 515
0.8911 514
0.8919 513
0.8926 512
0.8933 511
0.8941 510
0.8948 509
0.8955 508
0.8963 507
0.8971 506
0.8978 505
0.8985 504
0.8992 503
0.9000 502
0.9007 501
0.9014 500
0.9021 499
0.9028 498
0.9035 497
0.9042 496
0.9049 495
0.9056 494
0.9063 493
0.9070 492
0.9077 491
0.9084 490
0.9091 489
0.9098 488
0.9105 487
0.9111 486
0.9118 485
0.9125 484
0.9132 483
0.9139 482
0.9146 481
0.9152 480
0.9159 479
0.9166 478
0.9172 477
0.9179 476
0.9185 475
0.9192 474
0.9199 473
0.9205 472
0.9212 471
0.9218 470
0.9225 469
0.9231 468
0.9238 467
0.9244 466
0.9250 465
0.9257 464
0.9263 463
0.9270 462
0.9276 461
0.9283 460
0.9292 459
0.9298 458
0.9305 457
0.9311 456
0.9317 455
0.9324 454
0.9330 453
0.9336 452
0.9342 451
0.9349 450
0.9355 449
0.9361 448
0.9367 447
0.9373 446
0.9379 445
0.9386 444
0.9394 443
0.9400 442
0.9406 441
0.9412 440
0.9418 439
0.9424 438
0.9430 437
0.9436 436
0.9442 435
0.9448 434
0.9453 433
0.9459 432
0.9465 431
0.9471 430
0.9476 429
0.9482 428
0.9487 427
0.9493 426
0.9498 425
0.9504 424
0.9509 423
0.9515 422
0.9521 421
0.9526 420
0.9531 419
0.9537 418
0.9542 417
0.9548 416
0.9553 415
0.9558 414
0.9563 413
0.9569 412
0.9574 411
0.9579 410
0.9584 409
0.9589 408
0.9595 407
0.9600 406
0.9605 405
0.9610 404
0.9615 403
0.9620 402
0.9625 401
0.9630 400
0.9635 399
0.9640 398
0.9645 397
0.9650 396
0.9655 395
0.9660 394
13.5255 393
25.7386 391
42.5904 390
42.5911 389
54.2122 388
54.2129 387
77.5482 386
77.5489 385
77.5494 384
77.5499 383
77.5503 382
92.5562 380
92.5569 379
92.5573 378
103.8470 376
103.8477 375
116.0686 374
116.0692 373
116.0697 372
116.0702 371
140.4962 370
140.4969 369
140.4974 368
170.4045 367
185.5541 366
200.8140 365
200.8146 364
200.8151 363
200.8155 362
241.5578 361
241.5584 360
241.5589 359
241.5593 358
255.5572 357
255.5578 356
273.2614 355
273.2620 354
273.2625 353
273.2629 352
273.2634 351
273.2638 350
286.0978 349
366.2753 348
366.2767 347
538.5229 346
538.5244 345
538.5249 344
538.5253 343
