0.0000 1031
0.2865 1030
0.2881 1029
0.2897 1028
0.2914 1027
0.2930 1026
0.2950 1025
0.2966 1024
0.2983 1023
0.2999 1022
0.3015 1021
0.3031 1020
0.3047 1019
0.3063 1018
0.3079 1017
0.3095 1016
0.3112 1015
0.3129 1014
0.3145 1013
0.3161 1012
0.3177 1011
0.3193 1010
0.3212 1009
0.3229 1008
0.3246 1007
0.3262 1006
0.3278 1005
0.3294 1004
0.3314 1003
0.3331 1002
0.3347 1001
0.3363 1000
0.3379 999
0.3395 998
0.3411 997
0.3426 996
0.3442 995
0.3458 994
0.3475 993
0.3491 992
0.3507 991
0.3523 990
0.3540 989
0.3556 988
0.3572 987
0.3587 986
0.3603 985
0.3618 984
0.3634 983
0.3650 982
0.3666 981
0.3682 980
0.3698 979
0.3715 978
0.3730 977
0.3746 976
0.3762 975
0.3777 974
0.3793 973
0.3808 972
0.3824 971
0.3840 970
0.3857 969
0.3874 968
0.3890 967
0.3905 966
0.3921 965
0.3965 964
0.3981 963
0.3997 962
0.4013 961
0.4028 960
0.4044 959
0.4059 958
0.4075 957
0.4090 956
0.4107 955
0.4125 954
0.4142 953
0.4158 952
0.4173 951
0.4189 950
0.4204 949
0.4222 948
0.4242 947
0.4258 946
0.4274 945
0.4289 944
0.4305 943
0.4320 942
0.4336 941
0.4352 940
0.4368 939
0.4383 938
0.4399 937
0.4414 936
0.4429 935
0.4444 934
0.4459 933
0.4474 932
0.4489 931
0.4504 930
0.4519 929
0.4534 928
0.4549 927
0.4564 926
0.4579 925
0.4595 924
0.4610 923
0.4625 922
0.4640 921
0.4655 920
0.4671 919
0.4686 918
0.4701 917
0.4716 916
0.4731 915
0.4746 914
0.4761 913
0.4776 912
0.4791 911
0.4806 910
0.4822 909
0.4837 908
0.4852 907
0.4867 906
0.4882 905
0.4897 904
0.4911 903
0.4926 902
0.4941 901
0.4956 900
0.4972 899
0.4988 898
0.5003 897
0.5018 896
0.5033 895
0.5048 894
0.5063 893
0.5078 892
0.5093 891
0.5108 890
0.5122 889
0.5137 888
0.5152 887
0.5166 886
0.5181 885
0.5196 884
0.5210 883
0.5225 882
0.5242 881
0.5259 880
0.5274 879
0.5288 878
0.5303 877
0.5317 876
0.5332 875
0.5350 874
0.5367 873
0.5382 872
0.5396 871
0.5411 870
0.5426 869
0.5441 868
0.5456 867
0.5474 866
0.5489 865
0.5504 864
0.5519 863
0.5533 862
0.5547 861
0.5566 860
0.5581 859
0.5595 858
0.5610 857
0.5624 856
0.5638 855
0.5653 854
0.5667 853
0.5685 852
0.5699 851
0.5713 850
0.5727 849
0.5741 848
0.5756 847
0.5772 846
0.5787 845
0.5801 844
0.5815 843
0.5829 842
0.5843 841
0.5857 840
0.5872 839
0.5885 838
0.5899 837
0.5912 836
0.5926 835
0.5939 834
0.5953 833
0.5966 832
0.5979 831
0.5993 830
0.6006 829
0.6019 828
0.6033 827
0.6046 826
0.6059 825
0.6072 824
0.6085 823
0.6098 822
0.6112 821
0.6125 820
0.6138 819
0.6151 818
0.6164 817
0.6177 816
0.6190 815
0.6203 814
0.6216 813
0.6230 812
0.6245 811
0.6260 810
0.6273 809
0.6286 808
0.6299 807
0.6315 806
0.6330 805
0.6346 804
0.6360 803
0.6373 802
0.6386 801
0.6401 800
0.6414 799
0.6429 798
0.6445 797
0.6460 796
0.6473 795
0.6486 794
0.6499 793
0.6512 792
0.6524 791
0.6540 790
0.6553 789
0.6566 788
0.6579 787
0.6591 786
0.6604 785
0.6617 784
0.6632 783
0.6646 782
0.6659 781
0.6672 780
0.6684 779
0.6697 778
0.6709 777
0.6721 776
0.6738 775
0.6754 774
0.6767 773
0.6780 772
0.6793 771
0.6805 770
0.6817 769
0.6830 768
0.6843 767
0.6855 766
0.6867 765
0.6880 764
0.6892 763
0.6904 762
0.6917 761
0.6931 760
0.6948 759
0.6963 758
0.6977 757
0.6990 756
0.7002 755
0.7015 754
0.7027 753
0.7042 752
0.7056 751
0.7068 750
0.7082 749
0.7095 748
0.7108 747
0.7120 746
0.7133 745
0.7147 744
0.7162 743
0.7176 742
0.7188 741
0.7201 740
0.7213 739
0.7225 738
0.7239 737
0.7253 736
0.7266 735
0.7278 734
0.7290 733
0.7302 732
0.7313 731
0.7328 730
0.7343 729
0.7356 728
0.7368 727
0.7380 726
0.7391 725
0.7403 724
0.7416 723
0.7428 722
0.7440 721
0.7452 720
0.7463 719
0.7475 718
0.7486 717
0.7501 716
0.7515 715
0.7526 714
0.7538 713
0.7549 712
0.7561 711
0.7572 710
0.7584 709
0.7599 708
0.7614 707
0.7627 706
0.7639 705
0.7651 704
0.7666 703
0.7679 702
0.7693 701
0.7706 700
0.7717 699
0.7729 698
0.7740 697
0.7755 696
0.7768 695
0.7779 694
0.7790 693
0.7805 692
0.7818 691
0.7831 690
0.7843 689
0.7854 688
0.7865 687
0.7876 686
0.7887 685
0.7901 684
0.7914 683
0.7926 682
0.7938 681
0.7950 680
0.7964 679
0.7977 678
0.7988 677
0.8001 676
0.8014 675
0.8026 674
0.8037 673
0.8048 672
0.8059 671
0.8070 670
0.8081 669
0.8092 668
0.8103 667
0.8113 666
0.8124 665
0.8135 664
0.8145 663
0.8156 662
0.8168 661
0.8178 660
0.8189 659
0.8200 658
0.8210 657
0.8220 656
0.8231 655
0.8241 654
0.8252 653
0.8262 652
0.8273 651
0.8283 650
0.8293 649
0.8303 648
0.8314 647
0.8324 646
0.8334 645
0.8344 644
0.8355 643
0.8365 642
0.8375 641
0.8385 640
0.8395 639
0.8405 638
0.8416 637
0.8426 636
0.8436 635
0.8446 634
0.8457 633
0.8468 632
0.8478 631
0.8488 630
0.8498 629
0.8508 628
0.8518 627
0.8528 626
0.8537 625
0.8547 624
0.8557 623
0.8566 622
0.8576 621
0.8586 620
0.8595 619
0.8605 618
0.8615 617
0.8624 616
0.8634 615
0.8643 614
0.8653 613
0.8663 612
0.8672 611
0.8682 610
0.8691 609
0.8701 608
0.8710 607
0.8719 606
0.8729 605
0.8738 604
0.8747 603
0.8757 602
0.8766 601
0.8776 600
0.8785 599
0.8794 598
0.8803 597
0.8813 596
0.8822 595
0.8831 594
0.8840 593
0.8849 592
0.8858 591
0.8867 590
0.8876 589
0.8886 588
0.8894 587
0.8903 586
0.8915 585
0.8926 584
0.8935 583
0.8944 582
0.8953 581
0.8962 580
0.8971 579
0.8980 578
0.8989 577
0.8998 576
0.9007 575
0.9018 574
0.9028 573
0.9037 572
0.9046 571
0.9055 570
0.9063 569
0.9072 568
0.9080 567
0.9089 566
0.9098 565
0.9107 564
0.9115 563
0.9124 562
0.9132 561
0.9140 560
0.9149 559
0.9157 558
0.9166 557
0.9174 556
0.9182 555
0.9191 554
0.9199 553
0.9207 552
0.9216 551
0.9224 550
0.9232 549
0.9240 548
0.9248 547
0.9256 546
0.9265 545
0.9273 544
0.9281 543
0.9289 542
0.9297 541
0.9305 540
0.9313 539
0.9321 538
0.9329 537
0.9337 536
0.9345 535
0.9354 534
0.9362 533
0.9370 532
0.9377 531
0.9385 530
0.9393 529
0.9401 528
0.9408 527
0.9416 526
0.9424 525
0.9432 524
0.9440 523
0.9447 522
0.9455 521
0.9462 520
0.9470 519
0.9477 518
0.9485 517
0.9492 516
0.9500 515
0.9508 514
0.9515 513
0.9523 512
0.9530 511
0.9538 510
0.9545 509
0.9552 508
0.9559 507
0.9567 506
0.9574 505
0.9581 504
0.9589 503
0.9596 502
0.9603 501
0.9611 500
0.9618 499
0.9626 498
0.9633 497
0.9640 496
0.9647 495
0.9655 494
0.9662 493
0.9669 492
0.9676 491
0.9682 490
0.9689 489
0.9696 488
0.9703 487
0.9710 486
0.9717 485
0.9723 484
0.9730 483
0.9737 482
0.9744 481
0.9750 480
0.9757 479
0.9764 478
0.9771 477
0.9777 476
0.9784 475
0.9790 474
0.9797 473
0.9803 472
0.9810 471
0.9816 470
0.9823 469
0.9829 468
0.9836 467
0.9842 466
0.9849 465
0.9855 464
0.9862 463
0.9868 462
0.9874 461
0.9880 460
0.9887 459
0.9893 458
0.9899 457
0.9905 456
0.9911 455
0.9918 454
0.9924 453
0.9930 452
0.9936 451
0.9942 450
0.9948 449
0.9954 448
0.9960 447
0.9966 446
0.9972 445
0.9977 444
0.9983 443
0.9989 442
0.9995 441
1.0001 440
1.0007 439
1.0012 438
1.0018 437
1.0024 436
1.0030 435
1.0035 434
1.0041 433
1.0046 432
1.0052 431
1.0057 430
1.0063 429
1.0068 428
1.0074 427
1.0079 426
1.0085 425
1.0090 424
1.0096 423
1.0101 422
1.0107 421
1.0112 420
1.0118 419
1.0123 418
1.0128 417
1.0133 416
1.0139 415
1.0144 414
1.0149 413
1.0154 412
1.0159 411
1.0164 410
1.0171 409
1.0177 408
1.0182 407
1.0187 406
1.0192 405
1.0197 404
1.0204 403
1.0209 402
1.0214 401
1.0219 400
1.0224 399
1.0229 398
1.0234 397
1.0239 396
1.0244 395
1.0249 394
1.0254 393
1.0259 392
16.7171 391
16.7178 390
34.6982 389
55.1894 388
55.1902 387
55.1907 386
73.5505 385
73.5512 384
92.2848 383
92.2855 382
104.1094 381
115.5935 380
127.0025 379
146.7525 378
146.7531 377
146.7536 376
146.7542 375
157.6581 374
187.5294 373
187.5301 372
187.5306 371
187.5311 370
187.5316 369
205.3761 368
205.3768 367
219.3735 366
219.3742 365
243.7311 364
243.7318 363
243.7322 362
243.7327 361
278.1301 360
278.1312 359
278.1318 358
278.1323 357
278.1329 356
329.5580 355
329.5595 354
329.5599 353
339.0911 352
339.0917 351
368.7401 350
368.7407 349
402.8314 348
402.8320 347
402.8324 346
402.8328 345
402.8333 344
439.7713 343
439.7728 342
439.7732 341
439.7736 340
