0.0000 1010
0.3227 1009
0.3243 1008
0.3260 1007
0.3276 1006
0.3292 1005
0.3312 1004
0.3329 1003
0.3346 1002
0.3362 1001
0.3378 1000
0.3394 999
0.3410 998
0.3427 997
0.3443 996
0.3460 995
0.3476 994
0.3492 993
0.3509 992
0.3525 991
0.3541 990
0.3557 989
0.3574 988
0.3590 987
0.3607 986
0.3623 985
0.3639 984
0.3655 983
0.3671 982
0.3687 981
0.3703 980
0.3719 979
0.3735 978
0.3751 977
0.3767 976
0.3783 975
0.3799 974
0.3815 973
0.3831 972
0.3847 971
0.3863 970
0.3879 969
0.3895 968
0.3911 967
0.3927 966
0.3942 965
0.3958 964
0.3973 963
0.3989 962
0.4005 961
0.4021 960
0.4037 959
0.4052 958
0.4068 957
0.4083 956
0.4099 955
0.4115 954
0.4130 953
0.4146 952
0.4162 951
0.4177 950
0.4193 949
0.4208 948
0.4224 947
0.4239 946
0.4255 945
0.4270 944
0.4314 943
0.4330 942
0.4346 941
0.4362 940
0.4377 939
0.4393 938
0.4408 937
0.4424 936
0.4439 935
0.4455 934
0.4470 933
0.4485 932
0.4501 931
0.4516 930
0.4532 929
0.4547 928
0.4562 927
0.4578 926
0.4593 925
0.4608 924
0.4623 923
0.4639 922
0.4654 921
0.4669 920
0.4684 919
0.4699 918
0.4715 917
0.4730 916
0.4745 915
0.4760 914
0.4775 913
0.4790 912
0.4805 911
0.4820 910
0.4835 909
0.4851 908
0.4866 907
0.4881 906
0.4896 905
0.4911 904
0.4926 903
0.4941 902
0.4956 901
0.4971 900
0.4986 899
0.5001 898
0.5016 897
0.5031 896
0.5046 895
0.5060 894
0.5075 893
0.5090 892
0.5105 891
0.5120 890
0.5135 889
0.5150 888
0.5165 887
0.5180 886
0.5194 885
0.5209 884
0.5224 883
0.5239 882
0.5254 881
0.5269 880
0.5283 879
0.5298 878
0.5312 877
0.5327 876
0.5342 875
0.5357 874
0.5371 873
0.5386 872
0.5400 871
0.5415 870
0.5430 869
0.5444 868
0.5459 867
0.5474 866
0.5488 865
0.5503 864
0.5517 863
0.5532 862
0.5546 861
0.5561 860
0.5576 859
0.5590 858
0.5605 857
0.5619 856
0.5633 855
0.5647 854
0.5662 853
0.5676 852
0.5691 851
0.5705 850
0.5719 849
0.5733 848
0.5747 847
0.5761 846
0.5774 845
0.5788 844
0.5802 843
0.5816 842
0.5830 841
0.5844 840
0.5858 839
0.5871 838
0.5885 837
0.5899 836
0.5912 835
0.5926 834
0.5940 833
0.5953 832
0.5967 831
0.5980 830
0.5994 829
0.6008 828
0.6024 827
0.6041 826
0.6055 825
0.6069 824
0.6084 823
0.6098 822
0.6113 821
0.6130 820
0.6146 819
0.6161 818
0.6177 817
0.6191 816
0.6204 815
0.6220 814
0.6236 813
0.6250 812
0.6263 811
0.6277 810
0.6290 809
0.6304 808
0.6318 807
0.6333 806
0.6347 805
0.6360 804
0.6373 803
0.6386 802
0.6400 801
0.6413 800
0.6430 799
0.6445 798
0.6459 797
0.6474 796
0.6490 795
0.6506 794
0.6520 793
0.6535 792
0.6548 791
0.6561 790
0.6575 789
0.6588 788
0.6601 787
0.6614 786
0.6630 785
0.6646 784
0.6662 783
0.6675 782
0.6688 781
0.6701 780
0.6714 779
0.6730 778
0.6745 777
0.6758 776
0.6770 775
0.6783 774
0.6796 773
0.6809 772
0.6822 771
0.6838 770
0.6851 769
0.6865 768
0.6878 767
0.6890 766
0.6906 765
0.6920 764
0.6936 763
0.6949 762
0.6962 761
0.6975 760
0.6992 759
0.7006 758
0.7019 757
0.7035 756
0.7048 755
0.7062 754
0.7078 753
0.7090 752
0.7103 751
0.7116 750
0.7130 749
0.7145 748
0.7161 747
0.7173 746
0.7186 745
0.7199 744
0.7211 743
0.7224 742
0.7240 741
0.7252 740
0.7265 739
0.7277 738
0.7289 737
0.7302 736
0.7314 735
0.7327 734
0.7341 733
0.7353 732
0.7365 731
0.7377 730
0.7389 729
0.7401 728
0.7413 727
0.7427 726
0.7442 725
0.7454 724
0.7467 723
0.7479 722
0.7491 721
0.7504 720
0.7516 719
0.7528 718
0.7540 717
0.7552 716
0.7564 715
0.7576 714
0.7589 713
0.7601 712
0.7612 711
0.7624 710
0.7636 709
0.7648 708
0.7659 707
0.7671 706
0.7683 705
0.7694 704
0.7706 703
0.7718 702
0.7729 701
0.7741 700
0.7753 699
0.7764 698
0.7776 697
0.7787 696
0.7799 695
0.7810 694
0.7822 693
0.7833 692
0.7845 691
0.7856 690
0.7868 689
0.7879 688
0.7891 687
0.7902 686
0.7914 685
0.7925 684
0.7936 683
0.7948 682
0.7959 681
0.7970 680
0.7981 679
0.7993 678
0.8004 677
0.8015 676
0.8026 675
0.8037 674
0.8048 673
0.8060 672
0.8071 671
0.8082 670
0.8093 669
0.8104 668
0.8115 667
0.8126 666
0.8136 665
0.8147 664
0.8158 663
0.8169 662
0.8180 661
0.8191 660
0.8202 659
0.8213 658
0.8223 657
0.8234 656
0.8245 655
0.8256 654
0.8266 653
0.8277 652
0.8288 651
0.8298 650
0.8309 649
0.8320 648
0.8330 647
0.8341 646
0.8351 645
0.8362 644
0.8372 643
0.8383 642
0.8394 641
0.8404 640
0.8415 639
0.8426 638
0.8436 637
0.8447 636
0.8457 635
0.8467 634
0.8478 633
0.8488 632
0.8499 631
0.8509 630
0.8520 629
0.8530 628
0.8540 627
0.8550 626
0.8561 625
0.8571 624
0.8581 623
0.8592 622
0.8602 621
0.8612 620
0.8622 619
0.8632 618
0.8642 617
0.8652 616
0.8662 615
0.8672 614
0.8682 613
0.8692 612
0.8702 611
0.8712 610
0.8722 609
0.8732 608
0.8742 607
0.8752 606
0.8762 605
0.8772 604
0.8782 603
0.8791 602
0.8801 601
0.8811 600
0.8820 599
0.8830 598
0.8840 597
0.8850 596
0.8859 595
0.8869 594
0.8878 593
0.8888 592
0.8898 591
0.8907 590
0.8917 589
0.8926 588
0.8936 587
0.8945 586
0.8954 585
0.8964 584
0.8973 583
0.8983 582
0.8992 581
0.9001 580
0.9010 579
0.9020 578
0.9029 577
0.9038 576
0.9047 575
0.9056 574
0.9066 573
0.9075 572
0.9084 571
0.9093 570
0.9102 569
0.9111 568
0.9120 567
0.9129 566
0.9138 565
0.9147 564
0.9156 563
0.9165 562
0.9174 561
0.9183 560
0.9191 559
0.9200 558
0.9209 557
0.9218 556
0.9226 555
0.9235 554
0.9244 553
0.9253 552
0.9261 551
0.9270 550
0.9278 549
0.9287 548
0.9296 547
0.9304 546
0.9313 545
0.9321 544
0.9330 543
0.9338 542
0.9346 541
0.9355 540
0.9363 539
0.9371 538
0.9379 537
0.9388 536
0.9396 535
0.9405 534
0.9413 533
0.9421 532
0.9429 531
0.9438 530
0.9446 529
0.9454 528
0.9462 527
0.9470 526
0.9478 525
0.9486 524
0.9494 523
0.9502 522
0.9510 521
0.9518 520
0.9526 519
0.9534 518
0.9542 517
0.9550 516
0.9558 515
0.9565 514
0.9573 513
0.9581 512
0.9589 511
0.9597 510
0.9604 509
0.9612 508
0.9620 507
0.9628 506
0.9636 505
0.9644 504
0.9652 503
0.9659 502
0.9667 501
0.9674 500
0.9682 499
0.9689 498
0.9697 497
0.9704 496
0.9712 495
0.9719 494
0.9726 493
0.9734 492
0.9742 491
0.9749 490
0.9757 489
0.9765 488
0.9773 487
0.9780 486
0.9788 485
0.9795 484
0.9803 483
0.9810 482
0.9818 481
0.9825 480
0.9832 479
0.9840 478
0.9847 477
0.9854 476
0.9862 475
0.9869 474
0.9876 473
0.9883 472
0.9890 471
0.9897 470
0.9905 469
0.9912 468
0.9919 467
0.9926 466
0.9933 465
0.9940 464
0.9947 463
0.9954 462
0.9960 461
0.9967 460
0.9974 459
0.9981 458
0.9988 457
0.9994 456
1.0001 455
1.0008 454
1.0014 453
1.0021 452
1.0028 451
1.0036 450
1.0043 449
1.0049 448
1.0056 447
1.0062 446
1.0068 445
1.0075 444
1.0081 443
1.0087 442
1.0093 441
1.0100 440
1.0106 439
1.0112 438
1.0118 437
1.0124 436
1.0130 435
1.0138 434
1.0145 433
1.0151 432
1.0157 431
1.0163 430
1.0169 429
1.0175 428
1.0181 427
1.0187 426
1.0193 425
1.0198 424
1.0204 423
1.0210 422
1.0215 421
1.0221 420
1.0227 419
1.0232 418
1.0238 417
1.0243 416
1.0249 415
1.0254 414
1.0260 413
1.0265 412
1.0271 411
1.0276 410
1.0282 409
1.0287 408
1.0292 407
1.0298 406
1.0303 405
1.0308 404
1.0313 403
1.0319 402
1.0324 401
1.0329 400
1.0334 399
1.0339 398
1.0345 397
1.0350 396
1.0355 395
1.0360 394
1.0364 393
1.0369 392
1.0374 391
1.0379 390
1.0384 389
12.7316 388
24.4964 387
36.1031 386
47.3857 385
58.5558 384
80.4662 383
80.4668 382
80.4673 381
94.7365 380
94.7371 379
94.7376 378
105.7753 377
116.4193 376
127.4112 375
144.4763 374
144.4769 373
155.0580 372
185.3343 370
185.3350 369
202.0206 368
202.0212 367
211.7865 366
245.0651 365
245.0657 364
245.0662 363
245.0666 362
261.8600 361
261.8607 360
261.8612 359
261.8616 358
290.5751 357
290.5758 356
290.5762 355
290.5766 354
301.0586 353
301.0592 352
301.0597 351
330.9213 350
330.9219 349
330.9224 348
330.9228 347
330.9232 346
511.2131 345
511.2137 344
511.2141 343
511.2146 342
511.2150 341
