0.0000 1031
0.2800 1030
0.2817 1029
0.2834 1028
0.2851 1027
0.2868 1026
0.2888 1025
0.2905 1024
0.2922 1023
0.2939 1022
0.2956 1021
0.2973 1020
0.2990 1019
0.3007 1018
0.3024 1017
0.3041 1016
0.3059 1015
0.3076 1014
0.3093 1013
0.3111 1012
0.3153 1011
0.3170 1010
0.3187 1009
0.3222 1008
0.3239 1007
0.3256 1006
0.3277 1005
0.3295 1004
0.3311 1003
0.3329 1002
0.3347 1001
0.3366 1000
0.3386 999
0.3403 998
0.3420 997
0.3438 996
0.3455 995
0.3472 994
0.3488 993
0.3503 992
0.3519 991
0.3539 990
0.3556 989
0.3572 988
0.3587 987
0.3603 986
0.3619 985
0.3638 984
0.3658 983
0.3675 982
0.3692 981
0.3711 980
0.3727 979
0.3748 978
0.3766 977
0.3782 976
0.3797 975
0.3813 974
0.3829 973
0.3846 972
0.3861 971
0.3877 970
0.3892 969
0.3908 968
0.3930 967
0.3952 966
0.3970 965
0.4020 964
0.4039 963
0.4059 962
0.4076 961
0.4093 960
0.4110 959
0.4126 958
0.4142 957
0.4159 956
0.4176 955
0.4193 954
0.4209 953
0.4226 952
0.4244 951
0.4260 950
0.4281 949
0.4298 948
0.4315 947
0.4334 946
0.4350 945
0.4367 944
0.4382 943
0.4397 942
0.4413 941
0.4428 940
0.4443 939
0.4458 938
0.4478 937
0.4496 936
0.4515 935
0.4530 934
0.4545 933
0.4560 932
0.4580 931
0.4599 930
0.4617 929
0.4634 928
0.4649 927
0.4664 926
0.4680 925
0.4696 924
0.4712 923
0.4728 922
0.4743 921
0.4760 920
0.4776 919
0.4792 918
0.4807 917
0.4824 916
0.4840 915
0.4855 914
0.4871 913
0.4887 912
0.4905 911
0.4921 910
0.4936 909
0.4951 908
0.4965 907
0.4980 906
0.4997 905
0.5016 904
0.5032 903
0.5047 902
0.5061 901
0.5076 900
0.5091 899
0.5110 898
0.5127 897
0.5142 896
0.5157 895
0.5172 894
0.5187 893
0.5207 892
0.5225 891
0.5240 890
0.5255 889
0.5275 888
0.5291 887
0.5308 886
0.5324 885
0.5339 884
0.5355 883
0.5371 882
0.5388 881
0.5403 880
0.5418 879
0.5434 878
0.5452 877
0.5467 876
0.5483 875
0.5497 874
0.5512 873
0.5527 872
0.5544 871
0.5563 870
0.5579 869
0.5596 868
0.5611 867
0.5626 866
0.5642 865
0.5660 864
0.5675 863
0.5689 862
0.5704 861
0.5719 860
0.5733 859
0.5747 858
0.5761 857
0.5776 856
0.5791 855
0.5806 854
0.5820 853
0.5834 852
0.5848 851
0.5862 850
0.5876 849
0.5890 848
0.5904 847
0.5918 846
0.5932 845
0.5946 844
0.5961 843
0.5975 842
0.5989 841
0.6002 840
0.6016 839
0.6029 838
0.6043 837
0.6056 836
0.6070 835
0.6083 834
0.6096 833
0.6110 832
0.6125 831
0.6140 830
0.6155 829
0.6169 828
0.6183 827
0.6197 826
0.6212 825
0.6226 824
0.6240 823
0.6254 822
0.6268 821
0.6282 820
0.6296 819
0.6313 818
0.6328 817
0.6342 816
0.6356 815
0.6369 814
0.6382 813
0.6396 812
0.6411 811
0.6426 810
0.6440 809
0.6455 808
0.6468 807
0.6482 806
0.6499 805
0.6513 804
0.6532 803
0.6547 802
0.6561 801
0.6574 800
0.6590 799
0.6604 798
0.6618 797
0.6631 796
0.6645 795
0.6661 794
0.6696 793
0.6721 792
0.6742 791
0.6759 790
0.6779 789
0.6795 788
0.6810 787
0.6824 786
0.6839 785
0.6852 784
0.6865 783
0.6878 782
0.6894 781
0.6909 780
0.6958 779
0.6977 778
0.6991 777
0.7004 776
0.7017 775
0.7034 774
0.7048 773
0.7061 772
0.7074 771
0.7087 770
0.7099 769
0.7112 768
0.7127 767
0.7143 766
0.7157 765
0.7170 764
0.7183 763
0.7196 762
0.7209 761
0.7221 760
0.7237 759
0.7253 758
0.7266 757
0.7278 756
0.7291 755
0.7303 754
0.7316 753
0.7329 752
0.7341 751
0.7354 750
0.7366 749
0.7378 748
0.7390 747
0.7402 746
0.7414 745
0.7429 744
0.7445 743
0.7460 742
0.7473 741
0.7486 740
0.7497 739
0.7510 738
0.7522 737
0.7539 736
0.7553 735
0.7566 734
0.7580 733
0.7592 732
0.7604 731
0.7616 730
0.7630 729
0.7646 728
0.7659 727
0.7672 726
0.7685 725
0.7697 724
0.7710 723
0.7731 722
0.7748 721
0.7760 720
0.7772 719
0.7784 718
0.7798 717
0.7811 716
0.7822 715
0.7837 714
0.7851 713
0.7864 712
0.7877 711
0.7889 710
0.7901 709
0.7914 708
0.7927 707
0.7942 706
0.7954 705
0.7966 704
0.7978 703
0.7990 702
0.8002 701
0.8014 700
0.8025 699
0.8037 698
0.8049 697
0.8061 696
0.8072 695
0.8084 694
0.8096 693
0.8107 692
0.8119 691
0.8130 690
0.8142 689
0.8153 688
0.8165 687
0.8176 686
0.8187 685
0.8199 684
0.8210 683
0.8221 682
0.8232 681
0.8244 680
0.8255 679
0.8266 678
0.8277 677
0.8288 676
0.8299 675
0.8310 674
0.8321 673
0.8332 672
0.8343 671
0.8354 670
0.8365 669
0.8376 668
0.8386 667
0.8397 666
0.8408 665
0.8419 664
0.8429 663
0.8440 662
0.8451 661
0.8462 660
0.8473 659
0.8483 658
0.8494 657
0.8504 656
0.8515 655
0.8525 654
0.8536 653
0.8546 652
0.8557 651
0.8567 650
0.8578 649
0.8588 648
0.8598 647
0.8609 646
0.8619 645
0.8630 644
0.8640 643
0.8650 642
0.8661 641
0.8671 640
0.8681 639
0.8691 638
0.8701 637
0.8712 636
0.8722 635
0.8732 634
0.8742 633
0.8752 632
0.8762 631
0.8772 630
0.8782 629
0.8793 628
0.8804 627
0.8814 626
0.8824 625
0.8834 624
0.8844 623
0.8853 622
0.8863 621
0.8873 620
0.8883 619
0.8893 618
0.8902 617
0.8912 616
0.8922 615
0.8932 614
0.8942 613
0.8951 612
0.8961 611
0.8970 610
0.8980 609
0.8990 608
0.8999 607
0.9009 606
0.9019 605
0.9028 604
0.9038 603
0.9047 602
0.9057 601
0.9066 600
0.9075 599
0.9085 598
0.9094 597
0.9103 596
0.9113 595
0.9122 594
0.9131 593
0.9141 592
0.9150 591
0.9159 590
0.9168 589
0.9178 588
0.9187 587
0.9196 586
0.9205 585
0.9214 584
0.9223 583
0.9232 582
0.9241 581
0.9250 580
0.9259 579
0.9268 578
0.9277 577
0.9286 576
0.9294 575
0.9303 574
0.9312 573
0.9323 572
0.9332 571
0.9341 570
0.9350 569
0.9359 568
0.9368 567
0.9376 566
0.9385 565
0.9394 564
0.9403 563
0.9411 562
0.9422 561
0.9433 560
0.9442 559
0.9451 558
0.9461 557
0.9470 556
0.9478 555
0.9487 554
0.9496 553
0.9504 552
0.9513 551
0.9522 550
0.9530 549
0.9539 548
0.9547 547
0.9555 546
0.9564 545
0.9572 544
0.9581 543
0.9589 542
0.9597 541
0.9605 540
0.9614 539
0.9622 538
0.9630 537
0.9638 536
0.9646 535
0.9654 534
0.9662 533
0.9670 532
0.9678 531
0.9686 530
0.9694 529
0.9703 528
0.9711 527
0.9719 526
0.9727 525
0.9735 524
0.9742 523
0.9750 522
0.9758 521
0.9765 520
0.9773 519
0.9781 518
0.9788 517
0.9796 516
0.9803 515
0.9811 514
0.9819 513
0.9826 512
0.9834 511
0.9841 510
0.9849 509
0.9856 508
0.9863 507
0.9871 506
0.9878 505
0.9885 504
0.9892 503
0.9900 502
0.9907 501
0.9916 500
0.9924 499
0.9932 498
0.9939 497
0.9947 496
0.9954 495
0.9961 494
0.9968 493
0.9975 492
0.9982 491
0.9989 490
0.9997 489
1.0004 488
1.0012 487
1.0021 486
1.0028 485
1.0035 484
1.0042 483
1.0049 482
1.0056 481
1.0063 480
1.0070 479
1.0077 478
1.0084 477
1.0091 476
1.0097 475
1.0104 474
1.0111 473
1.0118 472
1.0125 471
1.0131 470
1.0138 469
1.0144 468
1.0151 467
1.0158 466
1.0164 465
1.0171 464
1.0177 463
1.0184 462
1.0190 461
1.0197 460
1.0203 459
1.0210 458
1.0216 457
1.0222 456
1.0229 455
1.0235 454
1.0241 453
1.0248 452
1.0254 451
1.0260 450
1.0266 449
1.0273 448
1.0279 447
1.0285 446
1.0291 445
1.0297 444
1.0303 443
1.0309 442
1.0315 441
1.0321 440
1.0327 439
1.0333 438
1.0339 437
1.0345 436
1.0351 435
1.0357 434
1.0363 433
1.0369 432
1.0375 431
1.0381 430
1.0387 429
1.0393 428
1.0398 427
1.0404 426
1.0410 425
1.0415 424
1.0421 423
1.0427 422
1.0432 421
1.0438 420
1.0443 419
1.0449 418
1.0454 417
1.0460 416
1.0465 415
1.0470 414
1.0476 413
1.0481 412
1.0486 411
1.0491 410
1.0497 409
1.0502 408
1.0508 407
1.0513 406
1.0518 405
1.0523 404
1.0528 403
1.0533 402
1.0538 401
1.0543 400
1.0548 399
1.0553 398
1.0558 397
1.0563 396
1.0568 395
1.0573 394
1.0578 393
1.0583 392
1.0588 391
1.0592 390
1.0597 389
1.0602 388
1.0607 387
1.0611 386
78.9525 385
90.2948 384
146.5156 383
157.1008 382
537.7821 381
537.7830 380
537.7835 379
