0.0000 1055
0.3218 1054
0.3235 1053
0.3251 1052
0.3268 1051
0.3285 1050
0.3306 1049
0.3323 1048
0.3340 1047
0.3357 1046
0.3373 1045
0.3390 1044
0.3406 1043
0.3423 1042
0.3439 1041
0.3456 1040
0.3472 1039
0.3489 1038
0.3505 1037
0.3522 1036
0.3538 1035
0.3554 1034
0.3571 1033
0.3587 1032
0.3603 1031
0.3620 1030
0.3636 1029
0.3652 1028
0.3668 1027
0.3685 1026
0.3701 1025
0.3717 1024
0.3733 1023
0.3750 1022
0.3766 1021
0.3782 1020
0.3798 1019
0.3815 1018
0.3831 1017
0.3847 1016
0.3863 1015
0.3879 1014
0.3895 1013
0.3914 1012
0.3932 1011
0.3948 1010
0.3965 1009
0.3981 1008
0.3997 1007
0.4015 1006
0.4034 1005
0.4051 1004
0.4068 1003
0.4084 1002
0.4101 1001
0.4117 1000
0.4133 999
0.4149 998
0.4166 997
0.4182 996
0.4198 995
0.4214 994
0.4231 993
0.4247 992
0.4263 991
0.4279 990
0.4294 989
0.4340 988
0.4357 987
0.4373 986
0.4389 985
0.4405 984
0.4421 983
0.4436 982
0.4452 981
0.4468 980
0.4484 979
0.4500 978
0.4515 977
0.4531 976
0.4546 975
0.4562 974
0.4578 973
0.4593 972
0.4609 971
0.4625 970
0.4640 969
0.4656 968
0.4671 967
0.4687 966
0.4702 965
0.4718 964
0.4733 963
0.4749 962
0.4764 961
0.4780 960
0.4795 959
0.4811 958
0.4826 957
0.4842 956
0.4857 955
0.4873 954
0.4888 953
0.4904 952
0.4919 951
0.4934 950
0.4949 949
0.4965 948
0.4980 947
0.4995 946
0.5011 945
0.5026 944
0.5041 943
0.5056 942
0.5071 941
0.5087 940
0.5102 939
0.5117 938
0.5132 937
0.5148 936
0.5163 935
0.5178 934
0.5193 933
0.5208 932
0.5224 931
0.5239 930
0.5254 929
0.5269 928
0.5284 927
0.5299 926
0.5314 925
0.5330 924
0.5345 923
0.5360 922
0.5375 921
0.5390 920
0.5405 919
0.5420 918
0.5435 917
0.5450 916
0.5465 915
0.5480 914
0.5495 913
0.5509 912
0.5524 911
0.5539 910
0.5554 909
0.5569 908
0.5584 907
0.5599 906
0.5614 905
0.5629 904
0.5643 903
0.5658 902
0.5673 901
0.5688 900
0.5703 899
0.5718 898
0.5732 897
0.5747 896
0.5762 895
0.5776 894
0.5791 893
0.5806 892
0.5821 891
0.5836 890
0.5850 889
0.5865 888
0.5879 887
0.5894 886
0.5909 885
0.5924 884
0.5938 883
0.5953 882
0.5967 881
0.5982 880
0.5996 879
0.6010 878
0.6025 877
0.6039 876
0.6054 875
0.6068 874
0.6083 873
0.6097 872
0.6111 871
0.6126 870
0.6140 869
0.6155 868
0.6169 867
0.6183 866
0.6201 865
0.6216 864
0.6231 863
0.6245 862
0.6260 861
0.6274 860
0.6290 859
0.6307 858
0.6321 857
0.6336 856
0.6376 855
0.6393 854
0.6411 853
0.6425 852
0.6440 851
0.6454 850
0.6468 849
0.6483 848
0.6496 847
0.6511 846
0.6525 845
0.6539 844
0.6553 843
0.6567 842
0.6581 841
0.6594 840
0.6610 839
0.6623 838
0.6637 837
0.6650 836
0.6665 835
0.6683 834
0.6700 833
0.6716 832
0.6731 831
0.6744 830
0.6758 829
0.6772 828
0.6788 827
0.6803 826
0.6817 825
0.6838 824
0.6855 823
0.6869 822
0.6882 821
0.6896 820
0.6909 819
0.6923 818
0.6941 817
0.6956 816
0.6971 815
0.6985 814
0.6999 813
0.7012 812
0.7027 811
0.7044 810
0.7057 809
0.7070 808
0.7084 807
0.7097 806
0.7110 805
0.7124 804
0.7141 803
0.7156 802
0.7172 801
0.7186 800
0.7199 799
0.7213 798
0.7228 797
0.7245 796
0.7258 795
0.7271 794
0.7284 793
0.7297 792
0.7310 791
0.7324 790
0.7343 789
0.7356 788
0.7371 787
0.7387 786
0.7400 785
0.7413 784
0.7427 783
0.7443 782
0.7458 781
0.7472 780
0.7485 779
0.7498 778
0.7511 777
0.7523 776
0.7539 775
0.7553 774
0.7565 773
0.7578 772
0.7590 771
0.7603 770
0.7618 769
0.7635 768
0.7651 767
0.7664 766
0.7677 765
0.7689 764
0.7703 763
0.7720 762
0.7734 761
0.7749 760
0.7763 759
0.7777 758
0.7792 757
0.7805 756
0.7818 755
0.7832 754
0.7847 753
0.7860 752
0.7875 751
0.7888 750
0.7900 749
0.7912 748
0.7925 747
0.7940 746
0.7954 745
0.7970 744
0.7984 743
0.7996 742
0.8008 741
0.8020 740
0.8036 739
0.8050 738
0.8063 737
0.8075 736
0.8088 735
0.8100 734
0.8112 733
0.8128 732
0.8143 731
0.8156 730
0.8170 729
0.8182 728
0.8195 727
0.8207 726
0.8220 725
0.8232 724
0.8244 723
0.8256 722
0.8268 721
0.8282 720
0.8295 719
0.8310 718
0.8322 717
0.8334 716
0.8346 715
0.8358 714
0.8372 713
0.8384 712
0.8397 711
0.8409 710
0.8421 709
0.8433 708
0.8445 707
0.8462 706
0.8476 705
0.8490 704
0.8502 703
0.8513 702
0.8525 701
0.8546 700
0.8560 699
0.8575 698
0.8587 697
0.8599 696
0.8611 695
0.8623 694
0.8635 693
0.8646 692
0.8658 691
0.8669 690
0.8683 689
0.8694 688
0.8706 687
0.8717 686
0.8728 685
0.8739 684
0.8751 683
0.8762 682
0.8775 681
0.8789 680
0.8800 679
0.8811 678
0.8822 677
0.8833 676
0.8844 675
0.8855 674
0.8867 673
0.8880 672
0.8896 671
0.8908 670
0.8919 669
0.8930 668
0.8941 667
0.8955 666
0.8967 665
0.8980 664
0.8994 663
0.9006 662
0.9017 661
0.9028 660
0.9038 659
0.9049 658
0.9060 657
0.9070 656
0.9084 655
0.9096 654
0.9109 653
0.9120 652
0.9131 651
0.9141 650
0.9152 649
0.9162 648
0.9173 647
0.9184 646
0.9194 645
0.9205 644
0.9215 643
0.9226 642
0.9245 641
0.9263 640
0.9303 639
0.9316 638
0.9329 637
0.9340 636
0.9350 635
0.9361 634
0.9373 633
0.9384 632
0.9395 631
0.9405 630
0.9415 629
0.9428 628
0.9440 627
0.9451 626
0.9463 625
0.9473 624
0.9484 623
0.9495 622
0.9505 621
0.9515 620
0.9525 619
0.9536 618
0.9547 617
0.9557 616
0.9567 615
0.9577 614
0.9587 613
0.9597 612
0.9607 611
0.9617 610
0.9627 609
0.9640 608
0.9651 607
0.9661 606
0.9671 605
0.9681 604
0.9691 603
0.9702 602
0.9713 601
0.9723 600
0.9734 599
0.9746 598
0.9756 597
0.9765 596
0.9775 595
0.9786 594
0.9797 593
0.9810 592
0.9821 591
0.9830 590
0.9840 589
0.9849 588
0.9859 587
0.9870 586
0.9880 585
0.9889 584
0.9899 583
0.9908 582
0.9918 581
0.9927 580
0.9936 579
0.9945 578
0.9954 577
0.9964 576
0.9976 575
0.9986 574
0.9995 573
1.0004 572
1.0013 571
1.0022 570
1.0032 569
1.0041 568
1.0050 567
1.0059 566
1.0068 565
1.0077 564
1.0086 563
1.0095 562
1.0104 561
1.0112 560
1.0124 559
1.0133 558
1.0142 557
1.0151 556
1.0159 555
1.0168 554
1.0176 553
1.0185 552
1.0193 551
1.0202 550
1.0210 549
1.0221 548
1.0231 547
1.0241 546
1.0250 545
1.0259 544
1.0267 543
1.0277 542
1.0288 541
1.0297 540
1.0306 539
1.0315 538
1.0325 537
1.0333 536
1.0342 535
1.0350 534
1.0359 533
1.0369 532
1.0377 531
1.0385 530
1.0394 529
1.0402 528
1.0410 527
1.0419 526
1.0429 525
1.0439 524
1.0447 523
1.0457 522
1.0465 521
1.0473 520
1.0481 519
1.0489 518
1.0496 517
1.0504 516
1.0512 515
1.0522 514
1.0530 513
1.0539 512
1.0547 511
1.0554 510
1.0562 509
1.0569 508
1.0577 507
1.0585 506
1.0592 505
1.0600 504
1.0608 503
1.0617 502
1.0626 501
1.0633 500
1.0641 499
1.0648 498
1.0656 497
1.0663 496
1.0670 495
1.0677 494
1.0685 493
1.0692 492
1.0700 491
1.0707 490
1.0714 489
1.0725 488
1.0732 487
1.0739 486
1.0746 485
1.0754 484
1.0762 483
1.0769 482
1.0776 481
1.0783 480
1.0790 479
1.0797 478
1.0804 477
1.0811 476
1.0819 475
1.0828 474
1.0835 473
1.0843 472
1.0849 471
1.0856 470
1.0863 469
1.0871 468
1.0878 467
1.0884 466
1.0892 465
1.0898 464
1.0905 463
1.0911 462
1.0919 461
1.0927 460
1.0933 459
1.0940 458
1.0946 457
1.0953 456
1.0959 455
1.0965 454
1.0972 453
1.0979 452
1.0985 451
1.0992 450
1.0998 449
1.1005 448
1.1011 447
1.1017 446
1.1023 445
1.1029 444
1.1035 443
1.1042 442
1.1049 441
1.1055 440
1.1061 439
1.1067 438
1.1073 437
1.1079 436
1.1085 435
1.1090 434
1.1096 433
1.1102 432
1.1107 431
1.1113 430
1.1119 429
1.1125 428
1.1131 427
1.1136 426
1.1142 425
1.1149 424
1.1155 423
1.1161 422
1.1166 421
1.1171 420
1.1177 419
1.1182 418
1.1188 417
1.1193 416
1.1198 415
1.1204 414
1.1209 413
1.1216 412
1.1223 411
1.1229 410
1.1234 409
1.1239 408
1.1244 407
1.1249 406
1.1254 405
1.1259 404
1.1264 403
1.1269 402
1.1274 401
1.1279 400
1.1285 399
1.1290 398
1.1295 397
1.1300 396
1.1306 395
1.1311 394
1.1317 393
1.1323 392
1.1327 391
12.8878 390
25.2137 389
40.3614 388
40.3621 387
58.8010 386
58.8018 385
58.8023 384
69.6742 383
83.1525 382
83.1531 381
83.1536 380
96.6767 379
96.6774 378
96.6779 377
113.3450 376
113.3466 375
113.3471 374
113.3476 373
113.3480 372
123.3585 371
143.7644 370
171.1421 369
171.1429 368
171.1434 367
171.1439 366
185.8030 365
205.0221 364
205.0228 363
205.0233 362
205.0237 361
243.6094 360
243.6101 359
257.1244 358
257.1249 357
267.0065 356
267.0071 355
267.0075 354
310.3728 353
310.3734 352
310.3738 351
310.3743 350
629.8146 349
629.8153 348
629.8157 347
629.8162 346
629.8166 345
629.8170 344
