0.0000 1013
0.2890 1012
0.2908 1011
0.2925 1010
0.2941 1009
0.2957 1008
0.2977 1007
0.2997 1006
0.3017 1005
0.3035 1004
0.3051 1003
0.3068 1002
0.3086 1001
0.3107 1000
0.3124 999
0.3141 998
0.3157 997
0.3173 996
0.3189 995
0.3206 994
0.3224 993
0.3242 992
0.3259 991
0.3276 990
0.3292 989
0.3308 988
0.3324 987
0.3341 986
0.3358 985
0.3375 984
0.3391 983
0.3407 982
0.3423 981
0.3439 980
0.3456 979
0.3472 978
0.3488 977
0.3504 976
0.3521 975
0.3537 974
0.3553 973
0.3569 972
0.3585 971
0.3602 970
0.3618 969
0.3633 968
0.3649 967
0.3665 966
0.3681 965
0.3698 964
0.3713 963
0.3729 962
0.3745 961
0.3766 960
0.3785 959
0.3802 958
0.3818 957
0.3833 956
0.3849 955
0.3865 954
0.3881 953
0.3897 952
0.3913 951
0.3929 950
0.3945 949
0.3961 948
0.3977 947
0.4028 946
0.4046 945
0.4062 944
0.4078 943
0.4095 942
0.4111 941
0.4128 940
0.4144 939
0.4161 938
0.4178 937
0.4194 936
0.4209 935
0.4225 934
0.4241 933
0.4258 932
0.4278 931
0.4294 930
0.4310 929
0.4326 928
0.4343 927
0.4360 926
0.4376 925
0.4392 924
0.4408 923
0.4425 922
0.4442 921
0.4459 920
0.4479 919
0.4495 918
0.4510 917
0.4525 916
0.4540 915
0.4555 914
0.4574 913
0.4592 912
0.4609 911
0.4625 910
0.4641 909
0.4656 908
0.4671 907
0.4686 906
0.4701 905
0.4716 904
0.4731 903
0.4746 902
0.4761 901
0.4776 900
0.4791 899
0.4806 898
0.4821 897
0.4836 896
0.4852 895
0.4867 894
0.4882 893
0.4897 892
0.4911 891
0.4926 890
0.4941 889
0.4955 888
0.4971 887
0.4986 886
0.5000 885
0.5015 884
0.5029 883
0.5044 882
0.5059 881
0.5074 880
0.5089 879
0.5104 878
0.5120 877
0.5134 876
0.5152 875
0.5167 874
0.5183 873
0.5198 872
0.5212 871
0.5226 870
0.5241 869
0.5262 868
0.5278 867
0.5293 866
0.5308 865
0.5323 864
0.5337 863
0.5352 862
0.5366 861
0.5381 860
0.5396 859
0.5411 858
0.5425 857
0.5439 856
0.5454 855
0.5469 854
0.5485 853
0.5499 852
0.5515 851
0.5530 850
0.5545 849
0.5559 848
0.5573 847
0.5587 846
0.5602 845
0.5616 844
0.5630 843
0.5644 842
0.5658 841
0.5672 840
0.5686 839
0.5700 838
0.5717 837
0.5733 836
0.5747 835
0.5760 834
0.5774 833
0.5788 832
0.5801 831
0.5818 830
0.5833 829
0.5848 828
0.5862 827
0.5876 826
0.5890 825
0.5903 824
0.5917 823
0.5930 822
0.5944 821
0.5958 820
0.5971 819
0.5985 818
0.5998 817
0.6012 816
0.6026 815
0.6039 814
0.6052 813
0.6066 812
0.6079 811
0.6092 810
0.6105 809
0.6118 808
0.6131 807
0.6144 806
0.6157 805
0.6171 804
0.6184 803
0.6198 802
0.6211 801
0.6224 800
0.6237 799
0.6250 798
0.6264 797
0.6277 796
0.6290 795
0.6303 794
0.6316 793
0.6329 792
0.6342 791
0.6354 790
0.6367 789
0.6380 788
0.6393 787
0.6406 786
0.6419 785
0.6432 784
0.6445 783
0.6458 782
0.6474 781
0.6491 780
0.6505 779
0.6519 778
0.6532 777
0.6545 776
0.6559 775
0.6575 774
0.6591 773
0.6603 772
0.6616 771
0.6628 770
0.6641 769
0.6653 768
0.6667 767
0.6683 766
0.6697 765
0.6711 764
0.6727 763
0.6742 762
0.6758 761
0.6775 760
0.6788 759
0.6802 758
0.6817 757
0.6830 756
0.6842 755
0.6854 754
0.6868 753
0.6884 752
0.6899 751
0.6911 750
0.6924 749
0.6936 748
0.6948 747
0.6961 746
0.6977 745
0.6991 744
0.7003 743
0.7015 742
0.7028 741
0.7040 740
0.7052 739
0.7065 738
0.7080 737
0.7093 736
0.7105 735
0.7117 734
0.7128 733
0.7140 732
0.7152 731
0.7165 730
0.7180 729
0.7192 728
0.7204 727
0.7217 726
0.7229 725
0.7241 724
0.7255 723
0.7272 722
0.7284 721
0.7296 720
0.7308 719
0.7319 718
0.7331 717
0.7343 716
0.7355 715
0.7367 714
0.7383 713
0.7397 712
0.7409 711
0.7421 710
0.7436 709
0.7448 708
0.7460 707
0.7471 706
0.7482 705
0.7494 704
0.7506 703
0.7517 702
0.7530 701
0.7545 700
0.7558 699
0.7571 698
0.7583 697
0.7595 696
0.7606 695
0.7617 694
0.7631 693
0.7645 692
0.7657 691
0.7668 690
0.7682 689
0.7696 688
0.7708 687
0.7721 686
0.8335 685
0.8351 684
0.8365 683
0.8377 682
0.8388 681
0.8399 680
0.8414 679
0.8427 678
0.8465 677
0.8503 676
0.8517 675
0.8532 674
0.8547 673
0.8559 672
0.8570 671
0.8581 670
0.8593 669
0.8607 668
0.8618 667
0.8629 666
0.8641 665
0.8652 664
0.8663 663
0.8675 662
0.8686 661
0.8696 660
0.8708 659
0.8719 658
0.8730 657
0.8741 656
0.8752 655
0.8766 654
0.8779 653
0.8791 652
0.8801 651
0.8812 650
0.8823 649
0.8833 648
0.8844 647
0.8854 646
0.8865 645
0.8876 644
0.8888 643
0.8898 642
0.8911 641
0.8924 640
0.8935 639
0.8946 638
0.8956 637
0.8967 636
0.8977 635
0.8988 634
0.8998 633
0.9008 632
0.9021 631
0.9033 630
0.9043 629
0.9054 628
0.9064 627
0.9074 626
0.9085 625
0.9097 624
0.9108 623
0.9118 622
0.9129 621
0.9139 620
0.9150 619
0.9160 618
0.9170 617
0.9180 616
0.9190 615
0.9201 614
0.9213 613
0.9224 612
0.9234 611
0.9244 610
0.9254 609
0.9264 608
0.9274 607
0.9284 606
0.9293 605
0.9303 604
0.9312 603
0.9322 602
0.9331 601
0.9341 600
0.9350 599
0.9360 598
0.9369 597
0.9379 596
0.9388 595
0.9398 594
0.9409 593
0.9422 592
0.9434 591
0.9444 590
0.9453 589
0.9463 588
0.9472 587
0.9481 586
0.9490 585
0.9500 584
0.9511 583
0.9523 582
0.9533 581
0.9542 580
0.9553 579
0.9563 578
0.9572 577
0.9581 576
0.9590 575
0.9599 574
0.9608 573
0.9617 572
0.9626 571
0.9635 570
0.9644 569
0.9653 568
0.9661 567
0.9670 566
0.9679 565
0.9687 564
0.9696 563
0.9705 562
0.9716 561
0.9726 560
0.9736 559
0.9746 558
0.9755 557
0.9764 556
0.9773 555
0.9782 554
0.9791 553
0.9800 552
0.9809 551
0.9817 550
0.9826 549
0.9835 548
0.9843 547
0.9852 546
0.9861 545
0.9869 544
0.9878 543
0.9887 542
0.9895 541
0.9903 540
0.9911 539
0.9920 538
0.9929 537
0.9939 536
0.9947 535
0.9955 534
0.9963 533
0.9971 532
0.9979 531
0.9987 530
0.9995 529
1.0003 528
1.0011 527
1.0019 526
1.0027 525
1.0038 524
1.0047 523
1.0055 522
1.0063 521
1.0070 520
1.0078 519
1.0086 518
1.0094 517
1.0102 516
1.0110 515
1.0118 514
1.0125 513
1.0133 512
1.0142 511
1.0149 510
1.0157 509
1.0164 508
1.0172 507
1.0179 506
1.0187 505
1.0194 504
1.0202 503
1.0209 502
1.0217 501
1.0224 500
1.0231 499
1.0239 498
1.0249 497
1.0257 496
1.0264 495
1.0271 494
1.0279 493
1.0286 492
1.0293 491
1.0300 490
1.0307 489
1.0314 488
1.0322 487
1.0329 486
1.0336 485
1.0345 484
1.0353 483
1.0360 482
1.0367 481
1.0374 480
1.0381 479
1.0388 478
1.0395 477
1.0402 476
1.0409 475
1.0416 474
1.0422 473
1.0429 472
1.0436 471
1.0443 470
1.0450 469
1.0456 468
1.0463 467
1.0470 466
1.0477 465
1.0483 464
1.0490 463
1.0497 462
1.0503 461
1.0510 460
1.0516 459
1.0522 458
1.0529 457
1.0535 456
1.0541 455
1.0547 454
1.0554 453
1.0560 452
1.0566 451
1.0572 450
1.0578 449
1.0585 448
1.0591 447
1.0597 446
1.0603 445
1.0609 444
1.0615 443
1.0621 442
1.0627 441
1.0633 440
1.0640 439
1.0645 438
1.0651 437
1.0657 436
1.0663 435
1.0669 434
1.0674 433
1.0680 432
1.0686 431
1.0691 430
1.0697 429
1.0703 428
1.0708 427
1.0714 426
1.0719 425
1.0725 424
1.0730 423
1.0736 422
1.0741 421
1.0746 420
1.0752 419
1.0757 418
1.0763 417
1.0768 416
1.0773 415
1.0778 414
1.0784 413
1.0789 412
1.0794 411
1.0800 410
1.0805 409
1.0810 408
1.0815 407
1.0821 406
1.0826 405
1.0831 404
1.0836 403
1.0841 402
1.0846 401
1.0851 400
1.0856 399
1.0861 398
1.0865 397
1.0870 396
1.0875 395
1.0880 394
1.0885 393
1.0889 392
12.3118 391
24.7451 390
24.7459 389
24.7464 388
36.3927 387
36.3934 386
58.0097 385
58.0106 384
58.0111 383
58.0116 382
58.0121 381
58.0126 380
72.8019 379
83.7520 378
96.8502 377
96.8509 376
106.7633 375
116.8037 374
133.8422 373
133.8429 372
143.5022 371
166.8974 370
207.2122 369
207.2152 368
207.2158 367
207.2167 366
207.2174 365
207.2179 364
207.2184 363
235.7026 362
235.7042 361
258.4412 360
258.4431 359
258.4435 358
268.1126 357
310.7046 356
310.7063 355
310.7068 354
348.7964 353
348.7980 352
348.7985 351
411.3194 350
411.3212 349
411.3218 348
487.3994 347
487.4003 346
487.4010 345
487.4016 344
