0.0000 993
0.3755 992
0.3773 991
0.3788 990
0.3804 989
0.3820 988
0.3836 987
0.3862 986
0.3882 985
0.3900 984
0.3920 983
0.3939 982
0.3959 981
0.3977 980
0.3994 979
0.4013 978
0.4029 977
0.4048 976
0.4066 975
0.4082 974
0.4098 973
0.4114 972
0.4131 971
0.4149 970
0.4169 969
0.4188 968
0.4204 967
0.4220 966
0.4236 965
0.4256 964
0.4272 963
0.4288 962
0.4303 961
0.4319 960
0.4335 959
0.4354 958
0.4371 957
0.4387 956
0.4403 955
0.4419 954
0.4436 953
0.4455 952
0.4474 951
0.4490 950
0.4508 949
0.4524 948
0.4539 947
0.4558 946
0.4575 945
0.4593 944
0.4609 943
0.4625 942
0.4640 941
0.4661 940
0.4680 939
0.4696 938
0.4712 937
0.4728 936
0.4744 935
0.4765 934
0.4782 933
0.4800 932
0.4818 931
0.4834 930
0.4852 929
0.4872 928
0.4889 927
0.4905 926
0.4957 925
0.4976 924
0.4994 923
0.5010 922
0.5026 921
0.5041 920
0.5060 919
0.5078 918
0.5096 917
0.5113 916
0.5129 915
0.5144 914
0.5163 913
0.5180 912
0.5195 911
0.5210 910
0.5225 909
0.5241 908
0.5260 907
0.5277 906
0.5292 905
0.5307 904
0.5322 903
0.5340 902
0.5363 901
0.5379 900
0.5401 899
0.5435 898
0.5455 897
0.5558 896
0.5587 895
0.5608 894
0.5628 893
0.5644 892
0.5659 891
0.5678 890
0.5696 889
0.5718 888
0.5735 887
0.5750 886
0.5765 885
0.5785 884
0.5800 883
0.5815 882
0.5829 881
0.5845 880
0.5860 879
0.5877 878
0.5895 877
0.5910 876
0.5928 875
0.5946 874
0.5963 873
0.5981 872
0.5998 871
0.6016 870
0.6031 869
0.6047 868
0.6061 867
0.6078 866
0.6100 865
0.6116 864
0.6130 863
0.6145 862
0.6159 861
0.6176 860
0.6195 859
0.6211 858
0.6228 857
0.6243 856
0.6261 855
0.6279 854
0.6295 853
0.6313 852
0.6327 851
0.6342 850
0.6357 849
0.6371 848
0.6385 847
0.6404 846
0.6420 845
0.6435 844
0.6449 843
0.6462 842
0.6477 841
0.6491 840
0.6507 839
0.6524 838
0.6539 837
0.6554 836
0.6568 835
0.6581 834
0.6599 833
0.6618 832
0.6633 831
0.6646 830
0.6660 829
0.6674 828
0.6688 827
0.6702 826
0.6718 825
0.6736 824
0.6750 823
0.6767 822
0.6781 821
0.6794 820
0.6808 819
0.6821 818
0.6834 817
0.6849 816
0.6868 815
0.6883 814
0.6897 813
0.6910 812
0.6926 811
0.6942 810
0.6958 809
0.6974 808
0.6988 807
0.7004 806
0.7021 805
0.7036 804
0.7052 803
0.7066 802
0.7085 801
0.7101 800
0.7115 799
0.7130 798
0.7145 797
0.7159 796
0.7176 795
0.7191 794
0.7207 793
0.7224 792
0.7240 791
0.7256 790
0.7273 789
0.7289 788
0.7305 787
0.7319 786
0.7332 785
0.7345 784
0.7359 783
0.7375 782
0.7388 781
0.7401 780
0.7414 779
0.7429 778
0.7443 777
0.7456 776
0.7473 775
0.7488 774
0.7504 773
0.7518 772
0.7531 771
0.7544 770
0.7557 769
0.7574 768
0.7591 767
0.7605 766
0.7618 765
0.7631 764
0.7643 763
0.7656 762
0.7671 761
0.7685 760
0.7698 759
0.7710 758
0.7723 757
0.7735 756
0.7747 755
0.7760 754
0.7777 753
0.7790 752
0.7803 751
0.7816 750
0.7829 749
0.7845 748
0.7858 747
0.7870 746
0.7884 745
0.7897 744
0.7910 743
0.7926 742
0.7939 741
0.7951 740
0.7963 739
0.7975 738
0.7988 737
0.8002 736
0.8017 735
0.8031 734
0.8043 733
0.8055 732
0.8067 731
0.8079 730
0.8093 729
0.8108 728
0.8123 727
0.8135 726
0.8147 725
0.8159 724
0.8173 723
0.8186 722
0.8197 721
0.8212 720
0.8225 719
0.8238 718
0.8255 717
0.8268 716
0.8280 715
0.8292 714
0.8305 713
0.8321 712
0.8335 711
0.8350 710
0.8362 709
0.8374 708
0.8385 707
0.8397 706
0.8411 705
0.8424 704
0.8437 703
0.8449 702
0.8461 701
0.8472 700
0.8484 699
0.8495 698
0.8508 697
0.8519 696
0.8531 695
0.8542 694
0.8554 693
0.8565 692
0.8577 691
0.8588 690
0.8599 689
0.8615 688
0.8628 687
0.8640 686
0.8651 685
0.8663 684
0.8677 683
0.8689 682
0.8700 681
0.8714 680
0.8726 679
0.8739 678
0.8753 677
0.8765 676
0.8776 675
0.8788 674
0.8799 673
0.8812 672
0.8825 671
0.8838 670
0.8851 669
0.8862 668
0.8874 667
0.8884 666
0.8896 665
0.8908 664
0.8924 663
0.8937 662
0.8949 661
0.8961 660
0.8972 659
0.8983 658
0.8994 657
0.9007 656
0.9020 655
0.9032 654
0.9043 653
0.9053 652
0.9064 651
0.9075 650
0.9085 649
0.9095 648
0.9107 647
0.9121 646
0.9131 645
0.9142 644
0.9152 643
0.9163 642
0.9173 641
0.9183 640
0.9194 639
0.9204 638
0.9215 637
0.9226 636
0.9237 635
0.9247 634
0.9258 633
0.9269 632
0.9281 631
0.9293 630
0.9304 629
0.9317 628
0.9329 627
0.9340 626
0.9351 625
0.9363 624
0.9374 623
0.9384 622
0.9394 621
0.9408 620
0.9420 619
0.9433 618
0.9443 617
0.9453 616
0.9462 615
0.9472 614
0.9482 613
0.9492 612
0.9505 611
0.9518 610
0.9529 609
0.9538 608
0.9548 607
0.9558 606
0.9568 605
0.9577 604
0.9587 603
0.9597 602
0.9610 601
0.9620 600
0.9630 599
0.9639 598
0.9649 597
0.9659 596
0.9671 595
0.9682 594
0.9693 593
0.9704 592
0.9715 591
0.9725 590
0.9734 589
0.9743 588
0.9753 587
0.9762 586
0.9771 585
0.9780 584
0.9789 583
0.9799 582
0.9808 581
0.9817 580
0.9827 579
0.9838 578
0.9848 577
0.9857 576
0.9866 575
0.9875 574
0.9884 573
0.9893 572
0.9904 571
0.9914 570
0.9923 569
0.9932 568
0.9942 567
0.9951 566
0.9959 565
0.9968 564
0.9977 563
0.9986 562
0.9998 561
1.0009 560
1.0018 559
1.0027 558
1.0036 557
1.0045 556
1.0055 555
1.0064 554
1.0074 553
1.0084 552
1.0092 551
1.0102 550
1.0112 549
1.0121 548
1.0129 547
1.0138 546
1.0146 545
1.0156 544
1.0165 543
1.0173 542
1.0181 541
1.0189 540
1.0198 539
1.0209 538
1.0217 537
1.0225 536
1.0234 535
1.0243 534
1.0252 533
1.0260 532
1.0268 531
1.0276 530
1.0284 529
1.0292 528
1.0301 527
1.0311 526
1.0320 525
1.0328 524
1.0336 523
1.0344 522
1.0352 521
1.0359 520
1.0367 519
1.0375 518
1.0382 517
1.0390 516
1.0398 515
1.0407 514
1.0416 513
1.0424 512
1.0432 511
1.0439 510
1.0446 509
1.0454 508
1.0461 507
1.0470 506
1.0479 505
1.0486 504
1.0494 503
1.0502 502
1.0513 501
1.0521 500
1.0528 499
1.0536 498
1.0544 497
1.0553 496
1.0560 495
1.0568 494
1.0575 493
1.0582 492
1.0590 491
1.0597 490
1.0605 489
1.0615 488
1.0622 487
1.0630 486
1.0638 485
1.0645 484
1.0652 483
1.0659 482
1.0666 481
1.0672 480
1.0679 479
1.0686 478
1.0693 477
1.0700 476
1.0710 475
1.0717 474
1.0723 473
1.0730 472
1.0737 471
1.0743 470
1.0750 469
1.0756 468
1.0763 467
1.0769 466
1.0776 465
1.0783 464
1.0789 463
1.0796 462
1.0804 461
1.0813 460
1.0819 459
1.0826 458
1.0833 457
1.0839 456
1.0846 455
1.0854 454
1.0862 453
1.0868 452
1.0874 451
1.0880 450
1.0886 449
1.0892 448
1.0898 447
1.0905 446
1.0913 445
1.0920 444
1.0926 443
1.0932 442
1.0939 441
1.0945 440
1.0950 439
1.0956 438
1.0962 437
1.0968 436
1.0974 435
1.0979 434
1.0985 433
1.0991 432
1.0996 431
1.1002 430
1.1008 429
1.1013 428
1.1019 427
1.1025 426
1.1030 425
1.1036 424
1.1042 423
1.1048 422
1.1054 421
1.1059 420
1.1065 419
1.1070 418
1.1075 417
1.1081 416
1.1087 415
1.1093 414
1.1098 413
1.1103 412
1.1108 411
1.1114 410
1.1119 409
1.1124 408
1.1129 407
1.1134 406
1.1139 405
1.1148 404
1.1154 403
1.1159 402
1.1164 401
1.1169 400
1.1174 399
1.1179 398
1.1184 397
1.1189 396
17.6256 395
29.8655 394
50.0135 393
50.0151 392
50.0156 391
62.1975 390
73.9416 389
85.5740 388
103.9518 387
103.9526 386
103.9531 385
116.6672 384
116.6684 383
128.0458 382
139.1491 381
154.1877 380
154.1884 379
154.1889 378
168.9720 377
168.9727 376
183.7651 375
183.7658 374
183.7663 373
183.7668 372
203.3449 371
203.3459 370
220.6504 369
220.6510 368
220.6515 367
241.0644 366
241.0661 365
241.0666 364
241.0670 363
241.0675 362
241.0679 361
268.4726 360
268.4742 359
268.4747 358
268.4751 357
291.1607 356
291.1624 355
291.1629 354
291.1634 353
291.1638 352
291.1643 351
309.0544 350
309.0550 349
373.2536 348
373.2543 347
373.2547 346
373.2551 345
381.7750 344
456.4910 343
456.4916 342
456.4920 341
465.0625 340
465.0632 339
