0.0000 1004
0.2727 1003
0.2743 1002
0.2759 1001
0.2775 1000
0.2791 999
0.2811 998
0.2827 997
0.2843 996
0.2860 995
0.2876 994
0.2892 993
0.2907 992
0.2923 991
0.2939 990
0.2955 989
0.2971 988
0.2987 987
0.3003 986
0.3019 985
0.3035 984
0.3051 983
0.3067 982
0.3082 981
0.3100 980
0.3120 979
0.3138 978
0.3154 977
0.3170 976
0.3186 975
0.3205 974
0.3221 973
0.3237 972
0.3253 971
0.3269 970
0.3285 969
0.3303 968
0.3322 967
0.3338 966
0.3354 965
0.3372 964
0.3389 963
0.3405 962
0.3421 961
0.3437 960
0.3453 959
0.3468 958
0.3484 957
0.3500 956
0.3515 955
0.3531 954
0.3546 953
0.3562 952
0.3580 951
0.3598 950
0.3615 949
0.3633 948
0.3650 947
0.3667 946
0.3684 945
0.3701 944
0.3717 943
0.3733 942
0.3749 941
0.3765 940
0.3781 939
0.3797 938
0.3844 937
0.3861 936
0.3877 935
0.3893 934
0.3909 933
0.3926 932
0.3942 931
0.3958 930
0.3974 929
0.3989 928
0.4005 927
0.4021 926
0.4038 925
0.4053 924
0.4069 923
0.4085 922
0.4100 921
0.4115 920
0.4130 919
0.4145 918
0.4160 917
0.4175 916
0.4190 915
0.4205 914
0.4220 913
0.4235 912
0.4250 911
0.4265 910
0.4280 909
0.4294 908
0.4309 907
0.4324 906
0.4339 905
0.4354 904
0.4369 903
0.4384 902
0.4399 901
0.4414 900
0.4429 899
0.4444 898
0.4459 897
0.4473 896
0.4488 895
0.4502 894
0.4517 893
0.4532 892
0.4547 891
0.4561 890
0.4576 889
0.4590 888
0.4605 887
0.4620 886
0.4634 885
0.4649 884
0.4663 883
0.4678 882
0.4693 881
0.4707 880
0.4722 879
0.4736 878
0.4751 877
0.4766 876
0.4781 875
0.4796 874
0.4810 873
0.4824 872
0.4839 871
0.4853 870
0.4868 869
0.4883 868
0.4897 867
0.4912 866
0.4926 865
0.4940 864
0.4955 863
0.4969 862
0.4984 861
0.5002 860
0.5018 859
0.5034 858
0.5049 857
0.5065 856
0.5079 855
0.5097 854
0.5115 853
0.5132 852
0.5149 851
0.5165 850
0.5180 849
0.5195 848
0.5210 847
0.5226 846
0.5242 845
0.5261 844
0.5277 843
0.5300 842
0.5318 841
0.5335 840
0.5350 839
0.5365 838
0.5380 837
0.5395 836
0.5412 835
0.5429 834
0.5444 833
0.5458 832
0.5473 831
0.5487 830
0.5501 829
0.5515 828
0.5528 827
0.5542 826
0.5557 825
0.5571 824
0.5584 823
0.5597 822
0.5611 821
0.5624 820
0.5637 819
0.5650 818
0.5663 817
0.5677 816
0.5691 815
0.5704 814
0.5717 813
0.5731 812
0.5744 811
0.5757 810
0.5771 809
0.5784 808
0.5797 807
0.5810 806
0.5823 805
0.5836 804
0.5849 803
0.5863 802
0.5876 801
0.5888 800
0.5902 799
0.5916 798
0.5929 797
0.5942 796
0.5955 795
0.5968 794
0.5981 793
0.5993 792
0.6006 791
0.6019 790
0.6032 789
0.6045 788
0.6057 787
0.6070 786
0.6083 785
0.6095 784
0.6108 783
0.6121 782
0.6133 781
0.6146 780
0.6158 779
0.6171 778
0.6183 777
0.6196 776
0.6209 775
0.6221 774
0.6233 773
0.6246 772
0.6258 771
0.6271 770
0.6283 769
0.6296 768
0.6308 767
0.6323 766
0.6337 765
0.6350 764
0.6362 763
0.6375 762
0.6387 761
0.6400 760
0.6412 759
0.6427 758
0.6441 757
0.6453 756
0.6466 755
0.6478 754
0.6491 753
0.6504 752
0.6516 751
0.6528 750
0.6540 749
0.6552 748
0.6564 747
0.6576 746
0.6588 745
0.6601 744
0.6613 743
0.6625 742
0.6637 741
0.6649 740
0.6661 739
0.6672 738
0.6684 737
0.6696 736
0.6708 735
0.6720 734
0.6732 733
0.6744 732
0.6756 731
0.6768 730
0.6780 729
0.6792 728
0.6803 727
0.6815 726
0.6827 725
0.6839 724
0.6850 723
0.6862 722
0.6874 721
0.6886 720
0.6898 719
0.6912 718
0.6925 717
0.6938 716
0.6950 715
0.6964 714
0.6977 713
0.6990 712
0.7002 711
0.7014 710
0.7026 709
0.7038 708
0.7050 707
0.7062 706
0.7074 705
0.7085 704
0.7098 703
0.7110 702
0.7122 701
0.7134 700
0.7145 699
0.7159 698
0.7173 697
0.7185 696
0.7196 695
0.7208 694
0.7222 693
0.7236 692
0.7249 691
0.7262 690
0.7274 689
0.7286 688
0.7299 687
0.7311 686
0.7323 685
0.7336 684
0.7348 683
0.7361 682
0.7373 681
0.7385 680
0.7397 679
0.7409 678
0.7420 677
0.7432 676
0.7443 675
0.7454 674
0.7466 673
0.7477 672
0.7488 671
0.7498 670
0.7509 669
0.7520 668
0.7531 667
0.7541 666
0.7552 665
0.7563 664
0.7573 663
0.7584 662
0.7594 661
0.7605 660
0.7616 659
0.7626 658
0.7637 657
0.7647 656
0.7658 655
0.7668 654
0.7679 653
0.7689 652
0.7699 651
0.7710 650
0.7720 649
0.7730 648
0.7740 647
0.7751 646
0.7761 645
0.7771 644
0.7782 643
0.7792 642
0.7802 641
0.7813 640
0.7823 639
0.7834 638
0.7844 637
0.7854 636
0.7864 635
0.7874 634
0.7884 633
0.7895 632
0.7905 631
0.7915 630
0.7925 629
0.7935 628
0.7945 627
0.7955 626
0.7965 625
0.7975 624
0.7985 623
0.7995 622
0.8008 621
0.8019 620
0.8029 619
0.8039 618
0.8049 617
0.8058 616
0.8068 615
0.8078 614
0.8088 613
0.8100 612
0.8113 611
0.8124 610
0.8134 609
0.8144 608
0.8154 607
0.8163 606
0.8173 605
0.8182 604
0.8192 603
0.8204 602
0.8215 601
0.8225 600
0.8234 599
0.8244 598
0.8253 597
0.8263 596
0.8273 595
0.8282 594
0.8291 593
0.8300 592
0.8310 591
0.8319 590
0.8328 589
0.8337 588
0.8346 587
0.8355 586
0.8366 585
0.8376 584
0.8385 583
0.8395 582
0.8404 581
0.8416 580
0.8427 579
0.8437 578
0.8447 577
0.8456 576
0.8465 575
0.8475 574
0.8484 573
0.8493 572
0.8502 571
0.8550 570
0.8568 569
0.8584 568
0.8610 567
0.8631 566
0.8653 565
0.8694 564
0.8715 563
0.8828 562
0.9059 561
0.9072 560
0.9082 559
0.9091 558
0.9100 557
0.9145 556
0.9160 555
0.9200 554
0.9214 553
0.9224 552
0.9232 551
0.9240 550
0.9250 549
0.9261 548
0.9270 547
0.9278 546
0.9286 545
0.9296 544
0.9306 543
0.9314 542
0.9323 541
0.9332 540
0.9341 539
0.9349 538
0.9357 537
0.9365 536
0.9373 535
0.9381 534
0.9389 533
0.9400 532
0.9408 531
0.9418 530
0.9427 529
0.9435 528
0.9442 527
0.9450 526
0.9458 525
0.9466 524
0.9474 523
0.9481 522
0.9489 521
0.9499 520
0.9507 519
0.9515 518
0.9523 517
0.9530 516
0.9538 515
0.9545 514
0.9553 513
0.9560 512
0.9568 511
0.9575 510
0.9584 509
0.9593 508
0.9602 507
0.9609 506
0.9617 505
0.9624 504
0.9631 503
0.9638 502
0.9646 501
0.9653 500
0.9660 499
0.9669 498
0.9676 497
0.9683 496
0.9690 495
0.9700 494
0.9707 493
0.9714 492
0.9721 491
0.9728 490
0.9735 489
0.9742 488
0.9751 487
0.9758 486
0.9765 485
0.9772 484
0.9779 483
0.9785 482
0.9793 481
0.9802 480
0.9809 479
0.9816 478
0.9822 477
0.9829 476
0.9836 475
0.9842 474
0.9849 473
0.9855 472
0.9862 471
0.9869 470
0.9875 469
0.9882 468
0.9888 467
0.9894 466
0.9901 465
0.9907 464
0.9914 463
0.9921 462
0.9927 461
0.9934 460
0.9942 459
0.9948 458
0.9954 457
0.9961 456
0.9967 455
0.9973 454
0.9979 453
0.9985 452
0.9991 451
0.9997 450
1.0003 449
1.0010 448
1.0017 447
1.0024 446
1.0030 445
1.0036 444
1.0042 443
1.0047 442
1.0053 441
1.0059 440
1.0065 439
1.0070 438
1.0076 437
1.0082 436
1.0088 435
1.0093 434
1.0099 433
1.0104 432
1.0110 431
1.0115 430
1.0121 429
1.0126 428
1.0132 427
1.0137 426
1.0143 425
1.0148 424
1.0153 423
1.0159 422
1.0164 421
1.0169 420
1.0174 419
1.0180 418
1.0185 417
1.0190 416
1.0195 415
1.0200 414
1.0205 413
1.0211 412
1.0216 411
1.0221 410
1.0226 409
1.0231 408
1.0236 407
1.0241 406
1.0246 405
1.0251 404
1.0256 403
1.0260 402
1.0265 401
1.0270 400
1.0275 399
1.0280 398
1.0285 397
1.0290 396
1.0295 395
1.0300 394
1.0304 393
1.0309 392
1.0314 391
15.1179 390
15.1189 389
15.1195 388
141.6819 387
382.5445 386
382.5455 385
382.5460 384
393.8781 383
521.0122 382
521.0138 381
521.0142 380
521.0147 379
