0.0000 972
0.3139 971
0.3155 970
0.3171 969
0.3186 968
0.3202 967
0.3218 966
0.3237 965
0.3254 964
0.3270 963
0.3285 962
0.3301 961
0.3316 960
0.3332 959
0.3347 958
0.3363 957
0.3379 956
0.3394 955
0.3410 954
0.3425 953
0.3441 952
0.3456 951
0.3472 950
0.3487 949
0.3502 948
0.3518 947
0.3533 946
0.3549 945
0.3564 944
0.3579 943
0.3594 942
0.3610 941
0.3625 940
0.3640 939
0.3656 938
0.3671 937
0.3687 936
0.3702 935
0.3717 934
0.3733 933
0.3748 932
0.3764 931
0.3779 930
0.3795 929
0.3810 928
0.3825 927
0.3840 926
0.3855 925
0.3870 924
0.3885 923
0.3900 922
0.3915 921
0.3930 920
0.3945 919
0.3960 918
0.3975 917
0.3990 916
0.4005 915
0.4020 914
0.4035 913
0.4050 912
0.4065 911
0.4080 910
0.4095 909
0.4110 908
0.4125 907
0.4140 906
0.4155 905
0.4200 904
0.4216 903
0.4230 902
0.4245 901
0.4260 900
0.4275 899
0.4290 898
0.4305 897
0.4320 896
0.4335 895
0.4349 894
0.4364 893
0.4379 892
0.4393 891
0.4408 890
0.4423 889
0.4437 888
0.4452 887
0.4467 886
0.4481 885
0.4496 884
0.4510 883
0.4525 882
0.4539 881
0.4554 880
0.4569 879
0.4583 878
0.4597 877
0.4612 876
0.4626 875
0.4641 874
0.4655 873
0.4669 872
0.4684 871
0.4698 870
0.4712 869
0.4727 868
0.4741 867
0.4755 866
0.4770 865
0.4784 864
0.4799 863
0.4813 862
0.4827 861
0.4841 860
0.4856 859
0.4870 858
0.4884 857
0.4898 856
0.4912 855
0.4926 854
0.4940 853
0.4955 852
0.4969 851
0.4982 850
0.4996 849
0.5009 848
0.5023 847
0.5037 846
0.5051 845
0.5064 844
0.5078 843
0.5091 842
0.5105 841
0.5118 840
0.5132 839
0.5146 838
0.5159 837
0.5173 836
0.5186 835
0.5200 834
0.5213 833
0.5227 832
0.5240 831
0.5253 830
0.5267 829
0.5280 828
0.5294 827
0.5307 826
0.5320 825
0.5333 824
0.5347 823
0.5360 822
0.5373 821
0.5387 820
0.5400 819
0.5413 818
0.5426 817
0.5439 816
0.5453 815
0.5466 814
0.5479 813
0.5492 812
0.5505 811
0.5518 810
0.5531 809
0.5544 808
0.5557 807
0.5570 806
0.5583 805
0.5596 804
0.5609 803
0.5622 802
0.5636 801
0.5648 800
0.5661 799
0.5674 798
0.5687 797
0.5700 796
0.5712 795
0.5725 794
0.5738 793
0.5751 792
0.5764 791
0.5777 790
0.5790 789
0.5802 788
0.5815 787
0.5828 786
0.5840 785
0.5853 784
0.5866 783
0.5879 782
0.5892 781
0.5904 780
0.5917 779
0.5929 778
0.5942 777
0.5955 776
0.5967 775
0.5980 774
0.5993 773
0.6005 772
0.6017 771
0.6030 770
0.6042 769
0.6055 768
0.6067 767
0.6079 766
0.6092 765
0.6104 764
0.6117 763
0.6129 762
0.6141 761
0.6153 760
0.6166 759
0.6178 758
0.6190 757
0.6203 756
0.6215 755
0.6227 754
0.6239 753
0.6251 752
0.6264 751
0.6277 750
0.6289 749
0.6301 748
0.6313 747
0.6325 746
0.6337 745
0.6349 744
0.6361 743
0.6373 742
0.6386 741
0.6397 740
0.6409 739
0.6421 738
0.6433 737
0.6445 736
0.6457 735
0.6469 734
0.6481 733
0.6493 732
0.6505 731
0.6516 730
0.6529 729
0.6545 728
0.6559 727
0.6572 726
0.6583 725
0.6595 724
0.6607 723
0.6619 722
0.6633 721
0.6648 720
0.6661 719
0.6673 718
0.6684 717
0.6696 716
0.6708 715
0.6719 714
0.6733 713
0.6750 712
0.6763 711
0.6776 710
0.6788 709
0.6800 708
0.6811 707
0.6823 706
0.6837 705
0.6852 704
0.6864 703
0.6876 702
0.6888 701
0.6899 700
0.6911 699
0.6923 698
0.6936 697
0.6948 696
0.6960 695
0.6971 694
0.6982 693
0.6994 692
0.7005 691
0.7016 690
0.7027 689
0.7042 688
0.7055 687
0.7068 686
0.7080 685
0.7091 684
0.7104 683
0.7116 682
0.7127 681
0.7139 680
0.7151 679
0.7163 678
0.7174 677
0.7187 676
0.7199 675
0.7211 674
0.7222 673
0.7233 672
0.7246 671
0.7258 670
0.7271 669
0.7283 668
0.7295 667
0.7306 666
0.7316 665
0.7327 664
0.7340 663
0.7354 662
0.7365 661
0.7376 660
0.7387 659
0.7398 658
0.7409 657
0.7420 656
0.7432 655
0.7445 654
0.7457 653
0.7468 652
0.7478 651
0.7489 650
0.7499 649
0.7511 648
0.7524 647
0.7534 646
0.7548 645
0.7561 644
0.7572 643
0.7582 642
0.7593 641
0.7605 640
0.7616 639
0.7627 638
0.7637 637
0.7648 636
0.7658 635
0.7668 634
0.7679 633
0.7690 632
0.7701 631
0.7712 630
0.7723 629
0.7733 628
0.7743 627
0.7753 626
0.7763 625
0.7775 624
0.7786 623
0.7797 622
0.7807 621
0.7817 620
0.7827 619
0.7836 618
0.7846 617
0.7856 616
0.7866 615
0.7876 614
0.7888 613
0.7900 612
0.7910 611
0.7920 610
0.7929 609
0.7940 608
0.7950 607
0.7960 606
0.7970 605
0.7979 604
0.7989 603
0.7999 602
0.8009 601
0.8019 600
0.8029 599
0.8038 598
0.8048 597
0.8059 596
0.8069 595
0.8080 594
0.8090 593
0.8102 592
0.8112 591
0.8121 590
0.8131 589
0.8140 588
0.8150 587
0.8159 586
0.8168 585
0.8177 584
0.8188 583
0.8198 582
0.8207 581
0.8217 580
0.8226 579
0.8236 578
0.8245 577
0.8255 576
0.8264 575
0.8273 574
0.8284 573
0.8297 572
0.8306 571
0.8316 570
0.8325 569
0.8335 568
0.8344 567
0.8354 566
0.8363 565
0.8373 564
0.8383 563
0.8393 562
0.8403 561
0.8412 560
0.8424 559
0.8435 558
0.8444 557
0.8453 556
0.8462 555
0.8471 554
0.8479 553
0.8488 552
0.8498 551
0.8509 550
0.8518 549
0.8527 548
0.8535 547
0.8544 546
0.8552 545
0.8561 544
0.8569 543
0.8578 542
0.8586 541
0.8594 540
0.8603 539
0.8611 538
0.8619 537
0.8628 536
0.8636 535
0.8644 534
0.8652 533
0.8660 532
0.8668 531
0.8676 530
0.8685 529
0.8693 528
0.8701 527
0.8709 526
0.8717 525
0.8725 524
0.8733 523
0.8741 522
0.8749 521
0.8756 520
0.8764 519
0.8772 518
0.8780 517
0.8788 516
0.8796 515
0.8804 514
0.8812 513
0.8820 512
0.8827 511
0.8835 510
0.8842 509
0.8850 508
0.8858 507
0.8865 506
0.8873 505
0.8880 504
0.8888 503
0.8895 502
0.8903 501
0.8910 500
0.8918 499
0.8925 498
0.8933 497
0.8940 496
0.8947 495
0.8955 494
0.8962 493
0.8969 492
0.8976 491
0.8983 490
0.8991 489
0.8998 488
0.9005 487
0.9012 486
0.9019 485
0.9026 484
0.9033 483
0.9040 482
0.9048 481
0.9054 480
0.9061 479
0.9068 478
0.9075 477
0.9082 476
0.9090 475
0.9096 474
0.9104 473
0.9110 472
0.9117 471
0.9124 470
0.9131 469
0.9138 468
0.9144 467
0.9151 466
0.9158 465
0.9164 464
0.9171 463
0.9177 462
0.9184 461
0.9191 460
0.9197 459
0.9204 458
0.9210 457
0.9216 456
0.9223 455
0.9229 454
0.9236 453
0.9242 452
0.9248 451
0.9254 450
0.9261 449
0.9267 448
0.9273 447
0.9280 446
0.9286 445
0.9292 444
0.9299 443
0.9305 442
0.9311 441
0.9317 440
0.9323 439
0.9329 438
0.9335 437
0.9341 436
0.9347 435
0.9353 434
0.9359 433
0.9365 432
0.9371 431
0.9377 430
0.9383 429
0.9389 428
0.9395 427
0.9400 426
0.9406 425
0.9412 424
0.9418 423
0.9423 422
0.9429 421
0.9435 420
0.9440 419
0.9446 418
0.9452 417
0.9457 416
0.9463 415
0.9468 414
0.9474 413
0.9479 412
0.9485 411
0.9490 410
0.9495 409
0.9501 408
0.9506 407
0.9511 406
0.9517 405
0.9522 404
0.9527 403
0.9532 402
0.9538 401
0.9543 400
0.9548 399
0.9553 398
0.9558 397
0.9563 396
0.9568 395
0.9573 394
0.9578 393
0.9583 392
0.9588 391
0.9593 390
0.9598 389
0.9603 388
21.5656 387
21.5662 386
36.3529 385
48.0608 384
60.5642 383
72.5507 382
72.5514 381
83.8685 380
98.7471 379
98.7478 378
113.8261 377
113.8267 376
113.8272 375
113.8277 374
133.5663 373
147.0688 372
172.0726 371
182.1423 370
193.4645 369
203.3236 368
224.0751 367
224.0757 366
240.6018 365
240.6024 364
253.7817 363
253.7823 362
274.2998 361
274.3005 360
274.3009 359
333.8671 358
333.8679 357
353.6241 356
353.6257 355
362.9135 354
399.5632 353
399.5639 352
399.5643 351
399.5648 350
399.5652 349
465.0917 348
465.0932 347
465.0936 346
465.0941 345
514.6212 344
514.6217 343
514.6222 342
