0.0000 979
0.3034 978
0.3050 977
0.3066 976
0.3082 975
0.3098 974
0.3114 973
0.3134 972
0.3150 971
0.3166 970
0.3182 969
0.3198 968
0.3214 967
0.3233 966
0.3251 965
0.3268 964
0.3284 963
0.3299 962
0.3315 961
0.3334 960
0.3353 959
0.3369 958
0.3385 957
0.3401 956
0.3417 955
0.3433 954
0.3448 953
0.3464 952
0.3480 951
0.3495 950
0.3514 949
0.3531 948
0.3547 947
0.3563 946
0.3578 945
0.3594 944
0.3612 943
0.3630 942
0.3648 941
0.3665 940
0.3681 939
0.3697 938
0.3716 937
0.3733 936
0.3749 935
0.3765 934
0.3781 933
0.3796 932
0.3811 931
0.3827 930
0.3843 929
0.3859 928
0.3874 927
0.3889 926
0.3904 925
0.3920 924
0.3935 923
0.3951 922
0.3966 921
0.3981 920
0.3996 919
0.4011 918
0.4026 917
0.4041 916
0.4056 915
0.4071 914
0.4087 913
0.4103 912
0.4148 911
0.4164 910
0.4180 909
0.4195 908
0.4210 907
0.4225 906
0.4240 905
0.4255 904
0.4270 903
0.4285 902
0.4300 901
0.4315 900
0.4330 899
0.4345 898
0.4360 897
0.4375 896
0.4390 895
0.4405 894
0.4420 893
0.4435 892
0.4449 891
0.4464 890
0.4479 889
0.4493 888
0.4508 887
0.4523 886
0.4538 885
0.4552 884
0.4567 883
0.4582 882
0.4596 881
0.4611 880
0.4625 879
0.4640 878
0.4655 877
0.4669 876
0.4684 875
0.4698 874
0.4713 873
0.4727 872
0.4741 871
0.4756 870
0.4770 869
0.4785 868
0.4799 867
0.4814 866
0.4828 865
0.4842 864
0.4856 863
0.4871 862
0.4885 861
0.4899 860
0.4914 859
0.4928 858
0.4942 857
0.4956 856
0.4970 855
0.4984 854
0.4998 853
0.5012 852
0.5026 851
0.5039 850
0.5053 849
0.5067 848
0.5080 847
0.5094 846
0.5108 845
0.5121 844
0.5135 843
0.5149 842
0.5162 841
0.5176 840
0.5190 839
0.5203 838
0.5217 837
0.5230 836
0.5244 835
0.5257 834
0.5271 833
0.5284 832
0.5297 831
0.5311 830
0.5324 829
0.5338 828
0.5352 827
0.5365 826
0.5378 825
0.5392 824
0.5405 823
0.5418 822
0.5431 821
0.5445 820
0.5458 819
0.5471 818
0.5484 817
0.5497 816
0.5510 815
0.5524 814
0.5537 813
0.5550 812
0.5563 811
0.5577 810
0.5590 809
0.5603 808
0.5617 807
0.5630 806
0.5643 805
0.5656 804
0.5669 803
0.5683 802
0.5696 801
0.5708 800
0.5721 799
0.5734 798
0.5747 797
0.5760 796
0.5773 795
0.5785 794
0.5798 793
0.5811 792
0.5824 791
0.5837 790
0.5850 789
0.5862 788
0.5875 787
0.5888 786
0.5901 785
0.5913 784
0.5926 783
0.5939 782
0.5951 781
0.5964 780
0.5976 779
0.5989 778
0.6001 777
0.6014 776
0.6027 775
0.6039 774
0.6052 773
0.6064 772
0.6077 771
0.6089 770
0.6102 769
0.6114 768
0.6127 767
0.6139 766
0.6152 765
0.6164 764
0.6177 763
0.6190 762
0.6202 761
0.6214 760
0.6227 759
0.6239 758
0.6251 757
0.6264 756
0.6276 755
0.6288 754
0.6300 753
0.6313 752
0.6325 751
0.6337 750
0.6350 749
0.6362 748
0.6374 747
0.6386 746
0.6398 745
0.6410 744
0.6423 743
0.6435 742
0.6447 741
0.6459 740
0.6471 739
0.6483 738
0.6495 737
0.6507 736
0.6519 735
0.6530 734
0.6543 733
0.6556 732
0.6570 731
0.6582 730
0.6596 729
0.6609 728
0.6621 727
0.6633 726
0.6648 725
0.6663 724
0.6679 723
0.6692 722
0.6704 721
0.6716 720
0.6729 719
0.6741 718
0.6757 717
0.6771 716
0.6784 715
0.6796 714
0.6808 713
0.6820 712
0.6832 711
0.6844 710
0.6859 709
0.6871 708
0.6883 707
0.6897 706
0.6910 705
0.6922 704
0.6934 703
0.6946 702
0.6958 701
0.6969 700
0.6981 699
0.6992 698
0.7004 697
0.7015 696
0.7026 695
0.7037 694
0.7051 693
0.7066 692
0.7078 691
0.7090 690
0.7101 689
0.7112 688
0.7123 687
0.7134 686
0.7145 685
0.7160 684
0.7172 683
0.7185 682
0.7198 681
0.7209 680
0.7220 679
0.7231 678
0.7242 677
0.7256 676
0.7270 675
0.7282 674
0.7294 673
0.7305 672
0.7320 671
0.7333 670
0.7344 669
0.7357 668
0.7368 667
0.7378 666
0.7389 665
0.7400 664
0.7411 663
0.7422 662
0.7432 661
0.7443 660
0.7456 659
0.7469 658
0.7482 657
0.7493 656
0.7504 655
0.7515 654
0.7526 653
0.7536 652
0.7547 651
0.7561 650
0.7574 649
0.7584 648
0.7595 647
0.7606 646
0.7616 645
0.7626 644
0.7637 643
0.7647 642
0.7660 641
0.7671 640
0.7682 639
0.7692 638
0.7703 637
0.7713 636
0.7723 635
0.7734 634
0.7747 633
0.7759 632
0.7770 631
0.7781 630
0.7791 629
0.7801 628
0.7811 627
0.7822 626
0.7832 625
0.7842 624
0.7852 623
0.7862 622
0.7872 621
0.7882 620
0.7893 619
0.7905 618
0.7915 617
0.7925 616
0.7935 615
0.7944 614
0.7954 613
0.7964 612
0.7974 611
0.7983 610
0.7995 609
0.8008 608
0.8018 607
0.8029 606
0.8040 605
0.8050 604
0.8061 603
0.8071 602
0.8081 601
0.8090 600
0.8103 599
0.8113 598
0.8123 597
0.8134 596
0.8143 595
0.8153 594
0.8163 593
0.8173 592
0.8183 591
0.8193 590
0.8202 589
0.8212 588
0.8221 587
0.8233 586
0.8242 585
0.8251 584
0.8261 583
0.8270 582
0.8279 581
0.8289 580
0.8298 579
0.8307 578
0.8316 577
0.8325 576
0.8337 575
0.8348 574
0.8357 573
0.8366 572
0.8375 571
0.8384 570
0.8393 569
0.8403 568
0.8412 567
0.8420 566
0.8429 565
0.8438 564
0.8447 563
0.8456 562
0.8464 561
0.8473 560
0.8482 559
0.8490 558
0.8500 557
0.8509 556
0.8517 555
0.8526 554
0.8534 553
0.8543 552
0.8551 551
0.8560 550
0.8569 549
0.8577 548
0.8586 547
0.8594 546
0.8602 545
0.8611 544
0.8619 543
0.8627 542
0.8636 541
0.8644 540
0.8652 539
0.8661 538
0.8669 537
0.8677 536
0.8685 535
0.8694 534
0.8702 533
0.8710 532
0.8718 531
0.8726 530
0.8734 529
0.8742 528
0.8750 527
0.8758 526
0.8766 525
0.8774 524
0.8782 523
0.8790 522
0.8798 521
0.8806 520
0.8813 519
0.8821 518
0.8829 517
0.8837 516
0.8845 515
0.8852 514
0.8860 513
0.8868 512
0.8875 511
0.8883 510
0.8890 509
0.8898 508
0.8905 507
0.8913 506
0.8920 505
0.8928 504
0.8935 503
0.8943 502
0.8950 501
0.8957 500
0.8965 499
0.8972 498
0.8979 497
0.8986 496
0.8994 495
0.9001 494
0.9008 493
0.9015 492
0.9023 491
0.9030 490
0.9037 489
0.9044 488
0.9051 487
0.9058 486
0.9065 485
0.9072 484
0.9079 483
0.9086 482
0.9093 481
0.9100 480
0.9107 479
0.9114 478
0.9120 477
0.9127 476
0.9134 475
0.9141 474
0.9147 473
0.9154 472
0.9161 471
0.9168 470
0.9175 469
0.9182 468
0.9189 467
0.9195 466
0.9202 465
0.9209 464
0.9215 463
0.9222 462
0.9229 461
0.9235 460
0.9242 459
0.9248 458
0.9255 457
0.9261 456
0.9268 455
0.9274 454
0.9281 453
0.9287 452
0.9293 451
0.9300 450
0.9306 449
0.9312 448
0.9318 447
0.9325 446
0.9331 445
0.9337 444
0.9343 443
0.9349 442
0.9355 441
0.9361 440
0.9367 439
0.9373 438
0.9379 437
0.9385 436
0.9391 435
0.9397 434
0.9403 433
0.9409 432
0.9415 431
0.9421 430
0.9427 429
0.9432 428
0.9438 427
0.9444 426
0.9449 425
0.9455 424
0.9461 423
0.9466 422
0.9472 421
0.9478 420
0.9483 419
0.9489 418
0.9494 417
0.9500 416
0.9505 415
0.9511 414
0.9516 413
0.9522 412
0.9527 411
0.9532 410
0.9538 409
0.9543 408
0.9548 407
0.9554 406
0.9559 405
0.9564 404
0.9570 403
0.9575 402
0.9580 401
0.9585 400
0.9590 399
0.9595 398
0.9600 397
0.9605 396
0.9610 395
0.9615 394
0.9620 393
0.9625 392
0.9630 391
0.9635 390
12.9142 389
29.2541 388
29.2547 387
40.6804 386
52.0381 385
52.0388 384
67.5403 383
67.5410 382
67.5415 381
87.9245 380
87.9252 379
87.9257 378
98.1633 377
115.6900 376
115.6906 375
135.2105 374
150.0884 373
150.0890 372
150.0895 371
150.0900 370
160.4876 369
185.4648 368
185.4655 367
185.4660 366
201.0492 365
201.0499 364
215.7025 363
243.8484 362
243.8490 361
243.8495 360
243.8499 359
243.8504 358
253.7645 357
296.5957 356
296.5973 355
296.5978 354
296.5983 353
328.3993 352
328.4000 351
328.4005 350
328.4009 349
350.1375 348
350.1381 347
350.1386 346
350.1390 345
570.3199 344
570.3214 343
570.3219 342
570.3223 341
570.3228 340
579.0867 339
