0.0000 965
0.3133 964
0.3149 963
0.3165 962
0.3182 961
0.3199 960
0.3216 959
0.3237 958
0.3253 957
0.3270 956
0.3286 955
0.3303 954
0.3320 953
0.3336 952
0.3351 951
0.3367 950
0.3382 949
0.3399 948
0.3418 947
0.3435 946
0.3451 945
0.3467 944
0.3483 943
0.3498 942
0.3519 941
0.3536 940
0.3553 939
0.3570 938
0.3586 937
0.3606 936
0.3623 935
0.3640 934
0.3658 933
0.3676 932
0.3692 931
0.3710 930
0.3729 929
0.3746 928
0.3763 927
0.3780 926
0.3796 925
0.3814 924
0.3829 923
0.3844 922
0.3859 921
0.3874 920
0.3889 919
0.3905 918
0.3925 917
0.3942 916
0.3958 915
0.3975 914
0.3991 913
0.4007 912
0.4024 911
0.4040 910
0.4056 909
0.4072 908
0.4088 907
0.4103 906
0.4118 905
0.4133 904
0.4149 903
0.4165 902
0.4182 901
0.4198 900
0.4212 899
0.4227 898
0.4271 897
0.4291 896
0.4308 895
0.4323 894
0.4340 893
0.4356 892
0.4371 891
0.4387 890
0.4404 889
0.4419 888
0.4434 887
0.4449 886
0.4464 885
0.4479 884
0.4494 883
0.4510 882
0.4527 881
0.4543 880
0.4557 879
0.4571 878
0.4586 877
0.4600 876
0.4614 875
0.4631 874
0.4649 873
0.4665 872
0.4680 871
0.4695 870
0.4711 869
0.4725 868
0.4740 867
0.4754 866
0.4768 865
0.4782 864
0.4797 863
0.4811 862
0.4825 861
0.4840 860
0.4854 859
0.4868 858
0.4882 857
0.4897 856
0.4910 855
0.4924 854
0.4938 853
0.4952 852
0.4966 851
0.4979 850
0.4993 849
0.5009 848
0.5023 847
0.5037 846
0.5051 845
0.5064 844
0.5078 843
0.5091 842
0.5107 841
0.5123 840
0.5139 839
0.5155 838
0.5169 837
0.5184 836
0.5199 835
0.5214 834
0.5230 833
0.5245 832
0.5260 831
0.5274 830
0.5287 829
0.5300 828
0.5314 827
0.5331 826
0.5347 825
0.5361 824
0.5375 823
0.5390 822
0.5406 821
0.5421 820
0.5438 819
0.5453 818
0.5467 817
0.5481 816
0.5495 815
0.5509 814
0.5523 813
0.5537 812
0.5551 811
0.5565 810
0.5578 809
0.5591 808
0.5604 807
0.5617 806
0.5630 805
0.5643 804
0.5659 803
0.5675 802
0.5689 801
0.5702 800
0.5715 799
0.5727 798
0.5740 797
0.5756 796
0.5772 795
0.5786 794
0.5800 793
0.5814 792
0.5827 791
0.5841 790
0.5857 789
0.5870 788
0.5883 787
0.5897 786
0.5910 785
0.5924 784
0.5937 783
0.5949 782
0.5962 781
0.5975 780
0.5988 779
0.6000 778
0.6013 777
0.6026 776
0.6043 775
0.6056 774
0.6069 773
0.6081 772
0.6094 771
0.6107 770
0.6121 769
0.6137 768
0.6152 767
0.6165 766
0.6178 765
0.6192 764
0.6207 763
0.6220 762
0.6235 761
0.6249 760
0.6261 759
0.6275 758
0.6290 757
0.6303 756
0.6315 755
0.6328 754
0.6342 753
0.6357 752
0.6372 751
0.6385 750
0.6399 749
0.6412 748
0.6424 747
0.6439 746
0.6452 745
0.6464 744
0.6477 743
0.6490 742
0.6503 741
0.6515 740
0.6527 739
0.6542 738
0.6555 737
0.6569 736
0.6581 735
0.6594 734
0.6610 733
0.6625 732
0.6638 731
0.6652 730
0.6664 729
0.6676 728
0.6691 727
0.6704 726
0.6717 725
0.6729 724
0.6742 723
0.6755 722
0.6767 721
0.6780 720
0.6792 719
0.6803 718
0.6815 717
0.6826 716
0.6838 715
0.6849 714
0.6865 713
0.6877 712
0.6889 711
0.6900 710
0.6911 709
0.6923 708
0.6934 707
0.6946 706
0.6959 705
0.6971 704
0.6983 703
0.6995 702
0.7006 701
0.7019 700
0.7032 699
0.7043 698
0.7055 697
0.7067 696
0.7079 695
0.7091 694
0.7103 693
0.7115 692
0.7126 691
0.7137 690
0.7148 689
0.7159 688
0.7171 687
0.7184 686
0.7197 685
0.7209 684
0.7221 683
0.7232 682
0.7243 681
0.7255 680
0.7266 679
0.7277 678
0.7288 677
0.7299 676
0.7312 675
0.7326 674
0.7338 673
0.7350 672
0.7364 671
0.7376 670
0.7387 669
0.7398 668
0.7410 667
0.7423 666
0.7436 665
0.7448 664
0.7460 663
0.7472 662
0.7482 661
0.7493 660
0.7503 659
0.7517 658
0.7530 657
0.7541 656
0.7552 655
0.7563 654
0.7577 653
0.7589 652
0.7600 651
0.7629 650
0.7642 649
0.7653 648
0.7663 647
0.7674 646
0.7685 645
0.7695 644
0.7706 643
0.7716 642
0.7729 641
0.7742 640
0.7754 639
0.7764 638
0.7775 637
0.7789 636
0.7801 635
0.7812 634
0.7822 633
0.7833 632
0.7843 631
0.7908 630
0.7927 629
0.7940 628
0.7952 627
0.7963 626
0.7978 625
0.7993 624
0.8005 623
0.8020 622
0.8031 621
0.8041 620
0.8052 619
0.8079 618
0.8091 617
0.8106 616
0.8116 615
0.8126 614
0.8137 613
0.8153 612
0.8166 611
0.8177 610
0.8187 609
0.8198 608
0.8208 607
0.8219 606
0.8230 605
0.8243 604
0.8254 603
0.8268 602
0.8279 601
0.8289 600
0.8298 599
0.8308 598
0.8320 597
0.8332 596
0.8343 595
0.8353 594
0.8364 593
0.8376 592
0.8388 591
0.8398 590
0.8408 589
0.8419 588
0.8431 587
0.8442 586
0.8454 585
0.8464 584
0.8474 583
0.8484 582
0.8498 581
0.8508 580
0.8517 579
0.8527 578
0.8537 577
0.8546 576
0.8561 575
0.8574 574
0.8583 573
0.8592 572
0.8601 571
0.8610 570
0.8619 569
0.8628 568
0.8639 567
0.8658 566
0.8726 565
0.8761 564
0.8777 563
0.8793 562
0.8806 561
0.8822 560
0.8833 559
0.8842 558
0.8855 557
0.8869 556
0.8903 555
0.8931 554
0.8955 553
0.8965 552
0.8977 551
0.8988 550
0.8998 549
0.9010 548
0.9020 547
0.9030 546
0.9042 545
0.9052 544
0.9062 543
0.9071 542
0.9080 541
0.9089 540
0.9097 539
0.9106 538
0.9114 537
0.9125 536
0.9135 535
0.9144 534
0.9153 533
0.9164 532
0.9173 531
0.9182 530
0.9190 529
0.9198 528
0.9206 527
0.9214 526
0.9222 525
0.9230 524
0.9238 523
0.9246 522
0.9254 521
0.9262 520
0.9270 519
0.9277 518
0.9285 517
0.9293 516
0.9301 515
0.9308 514
0.9316 513
0.9323 512
0.9331 511
0.9342 510
0.9351 509
0.9359 508
0.9368 507
0.9376 506
0.9383 505
0.9391 504
0.9398 503
0.9405 502
0.9413 501
0.9420 500
0.9427 499
0.9436 498
0.9445 497
0.9452 496
0.9459 495
0.9467 494
0.9474 493
0.9481 492
0.9488 491
0.9495 490
0.9503 489
0.9510 488
0.9520 487
0.9527 486
0.9535 485
0.9544 484
0.9552 483
0.9560 482
0.9567 481
0.9574 480
0.9581 479
0.9588 478
0.9594 477
0.9601 476
0.9608 475
0.9615 474
0.9621 473
0.9628 472
0.9636 471
0.9645 470
0.9652 469
0.9659 468
0.9666 467
0.9673 466
0.9680 465
0.9687 464
0.9693 463
0.9700 462
0.9707 461
0.9714 460
0.9721 459
0.9728 458
0.9734 457
0.9741 456
0.9747 455
0.9753 454
0.9760 453
0.9766 452
0.9773 451
0.9779 450
0.9786 449
0.9794 448
0.9800 447
0.9807 446
0.9813 445
0.9819 444
0.9827 443
0.9835 442
0.9841 441
0.9847 440
0.9854 439
0.9862 438
0.9869 437
0.9875 436
0.9882 435
0.9888 434
0.9893 433
0.9899 432
0.9905 431
0.9911 430
0.9917 429
0.9923 428
0.9929 427
0.9936 426
0.9942 425
0.9947 424
0.9953 423
0.9959 422
0.9964 421
0.9971 420
0.9978 419
0.9984 418
0.9989 417
0.9995 416
1.0000 415
1.0006 414
1.0011 413
1.0016 412
1.0022 411
1.0028 410
1.0034 409
1.0039 408
1.0044 407
1.0049 406
1.0054 405
1.0060 404
1.0065 403
1.0070 402
1.0077 401
1.0081 400
1.0086 399
1.0091 398
1.0096 397
1.0101 396
1.0106 395
1.0111 394
1.0116 393
176.3240 392
706.1749 391
823.1879 390
823.1915 389
823.1921 388
823.1926 387
823.1930 386
823.1935 385
