0.0000 1012
0.2840 1011
0.2857 1010
0.2874 1009
0.2895 1008
0.2915 1007
0.2936 1006
0.2954 1005
0.2973 1004
0.2990 1003
0.3010 1002
0.3027 1001
0.3044 1000
0.3062 999
0.3078 998
0.3096 997
0.3115 996
0.3133 995
0.3150 994
0.3166 993
0.3182 992
0.3201 991
0.3220 990
0.3237 989
0.3253 988
0.3269 987
0.3284 986
0.3303 985
0.3321 984
0.3337 983
0.3353 982
0.3369 981
0.3390 980
0.3409 979
0.3426 978
0.3442 977
0.3460 976
0.3478 975
0.3496 974
0.3516 973
0.3532 972
0.3551 971
0.3568 970
0.3584 969
0.3602 968
0.3620 967
0.3638 966
0.3654 965
0.3670 964
0.3685 963
0.3704 962
0.3723 961
0.3739 960
0.3755 959
0.3771 958
0.3786 957
0.3802 956
0.3821 955
0.3837 954
0.3853 953
0.3869 952
0.3888 951
0.3904 950
0.3920 949
0.3935 948
0.3951 947
0.3969 946
0.4014 945
0.4030 944
0.4046 943
0.4064 942
0.4084 941
0.4100 940
0.4116 939
0.4135 938
0.4151 937
0.4170 936
0.4187 935
0.4202 934
0.4221 933
0.4237 932
0.4254 931
0.4270 930
0.4285 929
0.4304 928
0.4321 927
0.4336 926
0.4352 925
0.4367 924
0.4382 923
0.4400 922
0.4417 921
0.4432 920
0.4448 919
0.4464 918
0.4480 917
0.4495 916
0.4510 915
0.4525 914
0.4541 913
0.4559 912
0.4574 911
0.4589 910
0.4604 909
0.4619 908
0.4634 907
0.4653 906
0.4669 905
0.4684 904
0.4699 903
0.4716 902
0.4733 901
0.4751 900
0.4767 899
0.4782 898
0.4799 897
0.4815 896
0.4830 895
0.4847 894
0.4864 893
0.4881 892
0.4897 891
0.4913 890
0.4927 889
0.4943 888
0.4962 887
0.4978 886
0.4993 885
0.5008 884
0.5022 883
0.5037 882
0.5052 881
0.5067 880
0.5082 879
0.5096 878
0.5111 877
0.5125 876
0.5140 875
0.5158 874
0.5173 873
0.5188 872
0.5202 871
0.5218 870
0.5233 869
0.5248 868
0.5262 867
0.5276 866
0.5293 865
0.5310 864
0.5324 863
0.5339 862
0.5354 861
0.5368 860
0.5383 859
0.5400 858
0.5416 857
0.5430 856
0.5444 855
0.5460 854
0.5476 853
0.5492 852
0.5511 851
0.5525 850
0.5541 849
0.5555 848
0.5569 847
0.5584 846
0.5597 845
0.5611 844
0.5627 843
0.5644 842
0.5658 841
0.5671 840
0.5685 839
0.5699 838
0.5712 837
0.5728 836
0.5744 835
0.5758 834
0.5772 833
0.5786 832
0.5803 831
0.5817 830
0.5833 829
0.5847 828
0.5861 827
0.5876 826
0.5892 825
0.5906 824
0.5919 823
0.5936 822
0.5950 821
0.5965 820
0.5979 819
0.5992 818
0.6005 817
0.6018 816
0.6032 815
0.6048 814
0.6062 813
0.6076 812
0.6089 811
0.6103 810
0.6116 809
0.6129 808
0.6144 807
0.6160 806
0.6173 805
0.6186 804
0.6200 803
0.6215 802
0.6229 801
0.6244 800
0.6260 799
0.6273 798
0.6286 797
0.6300 796
0.6313 795
0.6327 794
0.6340 793
0.6357 792
0.6373 791
0.6390 790
0.6405 789
0.6420 788
0.6434 787
0.6450 786
0.6469 785
0.6485 784
0.6500 783
0.6513 782
0.6526 781
0.6546 780
0.6561 779
0.6576 778
0.6592 777
0.6605 776
0.6619 775
0.6633 774
0.6646 773
0.6659 772
0.6672 771
0.6688 770
0.6703 769
0.6719 768
0.6733 767
0.6746 766
0.6758 765
0.6770 764
0.6783 763
0.6795 762
0.6807 761
0.6820 760
0.6832 759
0.6844 758
0.6857 757
0.6869 756
0.6884 755
0.6899 754
0.6911 753
0.6924 752
0.6937 751
0.6950 750
0.6966 749
0.6980 748
0.6997 747
0.7010 746
0.7023 745
0.7035 744
0.7050 743
0.7063 742
0.7075 741
0.7090 740
0.7103 739
0.7116 738
0.7130 737
0.7144 736
0.7156 735
0.7168 734
0.7181 733
0.7196 732
0.7210 731
0.7224 730
0.7237 729
0.7248 728
0.7260 727
0.7272 726
0.7286 725
0.7300 724
0.7313 723
0.7325 722
0.7337 721
0.7349 720
0.7360 719
0.7372 718
0.7386 717
0.7399 716
0.7411 715
0.7423 714
0.7435 713
0.7447 712
0.7460 711
0.7472 710
0.7483 709
0.7495 708
0.7506 707
0.7518 706
0.7529 705
0.7541 704
0.7556 703
0.7568 702
0.7579 701
0.7591 700
0.7602 699
0.7613 698
0.7625 697
0.7636 696
0.7651 695
0.7663 694
0.7674 693
0.7686 692
0.7697 691
0.7709 690
0.7721 689
0.7732 688
0.7743 687
0.7754 686
0.7766 685
0.7777 684
0.7788 683
0.7802 682
0.7814 681
0.7825 680
0.7836 679
0.7847 678
0.7858 677
0.7869 676
0.7880 675
0.7892 674
0.7906 673
0.7917 672
0.7928 671
0.7939 670
0.7950 669
0.7963 668
0.7975 667
0.7986 666
0.8001 665
0.8013 664
0.8024 663
0.8035 662
0.8048 661
0.8059 660
0.8070 659
0.8081 658
0.8092 657
0.8105 656
0.8115 655
0.8127 654
0.8140 653
0.8150 652
0.8161 651
0.8171 650
0.8182 649
0.8193 648
0.8206 647
0.8219 646
0.8230 645
0.8240 644
0.8250 643
0.8261 642
0.8271 641
0.8281 640
0.8293 639
0.8305 638
0.8316 637
0.8326 636
0.8337 635
0.8347 634
0.8357 633
0.8367 632
0.8379 631
0.8390 630
0.8404 629
0.8415 628
0.8426 627
0.8437 626
0.8447 625
0.8459 624
0.8470 623
0.8481 622
0.8491 621
0.8504 620
0.8515 619
0.8526 618
0.8537 617
0.8549 616
0.8561 615
0.8574 614
0.8584 613
0.8595 612
0.8606 611
0.8617 610
0.8628 609
0.8638 608
0.8648 607
0.8657 606
0.8667 605
0.8676 604
0.8685 603
0.8696 602
0.8708 601
0.8719 600
0.8728 599
0.8738 598
0.8747 597
0.8756 596
0.8765 595
0.8775 594
0.8784 593
0.8794 592
0.8806 591
0.8816 590
0.8825 589
0.8834 588
0.8843 587
0.8852 586
0.8861 585
0.8870 584
0.8882 583
0.8891 582
0.8903 581
0.8913 580
0.8922 579
0.8931 578
0.8940 577
0.8949 576
0.8959 575
0.8970 574
0.8979 573
0.8988 572
0.8998 571
0.9008 570
0.9017 569
0.9026 568
0.9035 567
0.9045 566
0.9055 565
0.9064 564
0.9072 563
0.9081 562
0.9089 561
0.9100 560
0.9109 559
0.9118 558
0.9128 557
0.9138 556
0.9147 555
0.9156 554
0.9164 553
0.9172 552
0.9181 551
0.9189 550
0.9199 549
0.9209 548
0.9219 547
0.9228 546
0.9236 545
0.9244 544
0.9252 543
0.9261 542
0.9269 541
0.9277 540
0.9285 539
0.9293 538
0.9304 537
0.9315 536
0.9323 535
0.9331 534
0.9339 533
0.9347 532
0.9354 531
0.9362 530
0.9370 529
0.9378 528
0.9385 527
0.9393 526
0.9403 525
0.9413 524
0.9422 523
0.9430 522
0.9439 521
0.9447 520
0.9455 519
0.9465 518
0.9473 517
0.9480 516
0.9488 515
0.9495 514
0.9505 513
0.9513 512
0.9520 511
0.9527 510
0.9535 509
0.9543 508
0.9550 507
0.9558 506
0.9565 505
0.9572 504
0.9580 503
0.9587 502
0.9594 501
0.9601 500
0.9608 499
0.9615 498
0.9623 497
0.9630 496
0.9637 495
0.9644 494
0.9651 493
0.9658 492
0.9665 491
0.9672 490
0.9679 489
0.9686 488
0.9692 487
0.9699 486
0.9706 485
0.9713 484
0.9720 483
0.9726 482
0.9733 481
0.9740 480
0.9746 479
0.9753 478
0.9759 477
0.9766 476
0.9772 475
0.9779 474
0.9785 473
0.9792 472
0.9798 471
0.9804 470
0.9811 469
0.9817 468
0.9824 467
0.9830 466
0.9836 465
0.9842 464
0.9848 463
0.9855 462
0.9861 461
0.9867 460
0.9873 459
0.9879 458
0.9885 457
0.9892 456
0.9898 455
0.9904 454
0.9910 453
0.9916 452
0.9922 451
0.9928 450
0.9933 449
0.9939 448
0.9945 447
0.9951 446
0.9957 445
0.9963 444
0.9969 443
0.9974 442
0.9980 441
0.9986 440
0.9992 439
0.9998 438
1.0004 437
1.0009 436
1.0015 435
1.0020 434
1.0026 433
1.0032 432
1.0037 431
1.0043 430
1.0048 429
1.0054 428
1.0059 427
1.0065 426
1.0070 425
1.0076 424
1.0081 423
1.0086 422
1.0092 421
1.0097 420
1.0102 419
1.0108 418
1.0113 417
1.0118 416
1.0123 415
1.0128 414
1.0134 413
1.0139 412
1.0144 411
1.0149 410
1.0154 409
1.0159 408
1.0164 407
1.0169 406
1.0174 405
1.0179 404
1.0184 403
1.0189 402
1.0194 401
1.0199 400
13.6253 398
13.6260 397
25.2633 396
36.8328 395
49.9612 394
49.9619 393
61.6499 391
75.7341 390
75.7348 389
86.9703 388
102.2176 387
113.5079 386
125.4757 385
125.4763 384
139.0605 383
139.0612 382
139.0617 381
139.0621 380
139.0626 379
150.0330 378
150.0337 377
166.1500 376
166.1506 375
166.1511 374
166.1516 373
166.1520 372
176.2195 371
186.2759 370
199.3743 369
199.3750 368
199.3754 367
208.8425 366
229.3717 365
229.3724 364
229.3728 363
229.3733 362
256.2392 361
256.2399 360
256.2404 359
283.2211 358
283.2218 357
292.0948 356
310.3030 355
310.3036 354
310.3040 353
388.1189 352
388.1195 351
388.1200 350
412.8482 349
412.8489 348
412.8494 347
412.8498 346
433.4973 345
433.4979 344
433.4983 343
493.7885 342
493.7891 341
493.7895 340
493.7899 339
