0.0000 1013
0.2698 1012
0.2714 1011
0.2730 1010
0.2746 1009
0.2762 1008
0.2782 1007
0.2798 1006
0.2815 1005
0.2831 1004
0.2847 1003
0.2863 1002
0.2879 1001
0.2895 1000
0.2911 999
0.2928 998
0.2944 997
0.2960 996
0.2975 995
0.2991 994
0.3007 993
0.3023 992
0.3039 991
0.3055 990
0.3071 989
0.3087 988
0.3103 987
0.3119 986
0.3134 985
0.3150 984
0.3166 983
0.3182 982
0.3198 981
0.3214 980
0.3233 979
0.3252 978
0.3268 977
0.3284 976
0.3300 975
0.3316 974
0.3335 973
0.3353 972
0.3370 971
0.3386 970
0.3403 969
0.3419 968
0.3438 967
0.3455 966
0.3471 965
0.3487 964
0.3503 963
0.3519 962
0.3537 961
0.3555 960
0.3571 959
0.3587 958
0.3603 957
0.3619 956
0.3635 955
0.3650 954
0.3666 953
0.3681 952
0.3697 951
0.3712 950
0.3728 949
0.3743 948
0.3759 947
0.3802 946
0.3819 945
0.3835 944
0.3850 943
0.3865 942
0.3881 941
0.3896 940
0.3911 939
0.3927 938
0.3942 937
0.3957 936
0.3972 935
0.3988 934
0.4003 933
0.4018 932
0.4034 931
0.4049 930
0.4064 929
0.4079 928
0.4094 927
0.4109 926
0.4124 925
0.4139 924
0.4154 923
0.4169 922
0.4184 921
0.4200 920
0.4216 919
0.4233 918
0.4250 917
0.4266 916
0.4281 915
0.4296 914
0.4311 913
0.4327 912
0.4342 911
0.4357 910
0.4372 909
0.4387 908
0.4402 907
0.4417 906
0.4435 905
0.4453 904
0.4468 903
0.4483 902
0.4502 901
0.4518 900
0.4536 899
0.4552 898
0.4568 897
0.4586 896
0.4601 895
0.4616 894
0.4634 893
0.4651 892
0.4666 891
0.4680 890
0.4695 889
0.4710 888
0.4725 887
0.4740 886
0.4754 885
0.4769 884
0.4784 883
0.4798 882
0.4813 881
0.4827 880
0.4842 879
0.4857 878
0.4872 877
0.4887 876
0.4902 875
0.4916 874
0.4930 873
0.4945 872
0.4959 871
0.4973 870
0.4988 869
0.5002 868
0.5016 867
0.5031 866
0.5045 865
0.5059 864
0.5073 863
0.5087 862
0.5102 861
0.5116 860
0.5132 859
0.5146 858
0.5160 857
0.5174 856
0.5189 855
0.5203 854
0.5216 853
0.5230 852
0.5244 851
0.5258 850
0.5273 849
0.5287 848
0.5301 847
0.5315 846
0.5329 845
0.5344 844
0.5357 843
0.5371 842
0.5384 841
0.5398 840
0.5415 839
0.5431 838
0.5446 837
0.5460 836
0.5474 835
0.5488 834
0.5504 833
0.5518 832
0.5535 831
0.5549 830
0.5562 829
0.5576 828
0.5589 827
0.5603 826
0.5616 825
0.5629 824
0.5643 823
0.5656 822
0.5669 821
0.5682 820
0.5695 819
0.5709 818
0.5722 817
0.5735 816
0.5748 815
0.5762 814
0.5775 813
0.5788 812
0.5801 811
0.5814 810
0.5827 809
0.5840 808
0.5853 807
0.5866 806
0.5879 805
0.5892 804
0.5905 803
0.5918 802
0.5930 801
0.5943 800
0.5956 799
0.5969 798
0.5982 797
0.5995 796
0.6008 795
0.6020 794
0.6033 793
0.6046 792
0.6059 791
0.6071 790
0.6084 789
0.6097 788
0.6110 787
0.6122 786
0.6135 785
0.6147 784
0.6160 783
0.6173 782
0.6185 781
0.6198 780
0.6210 779
0.6223 778
0.6236 777
0.6248 776
0.6261 775
0.6273 774
0.6286 773
0.6298 772
0.6311 771
0.6323 770
0.6336 769
0.6348 768
0.6361 767
0.6373 766
0.6385 765
0.6398 764
0.6410 763
0.6423 762
0.6435 761
0.6448 760
0.6462 759
0.6476 758
0.6488 757
0.6501 756
0.6513 755
0.6525 754
0.6538 753
0.6550 752
0.6564 751
0.6580 750
0.6594 749
0.6607 748
0.6619 747
0.6631 746
0.6643 745
0.6655 744
0.6673 743
0.6687 742
0.6700 741
0.6713 740
0.6725 739
0.6737 738
0.6752 737
0.6767 736
0.6781 735
0.6795 734
0.6807 733
0.6819 732
0.6832 731
0.6847 730
0.6859 729
0.6874 728
0.6886 727
0.6900 726
0.6912 725
0.6924 724
0.6936 723
0.6948 722
0.6960 721
0.6972 720
0.6984 719
0.6996 718
0.7008 717
0.7019 716
0.7031 715
0.7043 714
0.7055 713
0.7070 712
0.7085 711
0.7098 710
0.7110 709
0.7122 708
0.7133 707
0.7145 706
0.7156 705
0.7169 704
0.7181 703
0.7192 702
0.7204 701
0.7215 700
0.7226 699
0.7238 698
0.7250 697
0.7264 696
0.7278 695
0.7292 694
0.7304 693
0.7316 692
0.7327 691
0.7341 690
0.7353 689
0.7364 688
0.7378 687
0.7390 686
0.7402 685
0.7413 684
0.7427 683
0.7439 682
0.7450 681
0.7461 680
0.7474 679
0.7487 678
0.7499 677
0.7511 676
0.7523 675
0.7533 674
0.7544 673
0.7555 672
0.7566 671
0.7581 670
0.7595 669
0.7607 668
0.7618 667
0.7628 666
0.7639 665
0.7649 664
0.7660 663
0.7673 662
0.7688 661
0.7700 660
0.7710 659
0.7721 658
0.7731 657
0.7742 656
0.7752 655
0.7763 654
0.7776 653
0.7789 652
0.7800 651
0.7811 650
0.7821 649
0.7833 648
0.7846 647
0.7857 646
0.7867 645
0.7882 644
0.7893 643
0.7904 642
0.7915 641
0.7926 640
0.7936 639
0.7947 638
0.7957 637
0.7968 636
0.7978 635
0.7989 634
0.8002 633
0.8012 632
0.8023 631
0.8033 630
0.8043 629
0.8053 628
0.8063 627
0.8073 626
0.8083 625
0.8095 624
0.8106 623
0.8117 622
0.8127 621
0.8137 620
0.8147 619
0.8157 618
0.8167 617
0.8177 616
0.8187 615
0.8197 614
0.8207 613
0.8218 612
0.8228 611
0.8238 610
0.8247 609
0.8257 608
0.8267 607
0.8276 606
0.8286 605
0.8295 604
0.8305 603
0.8314 602
0.8324 601
0.8334 600
0.8343 599
0.8353 598
0.8363 597
0.8372 596
0.8382 595
0.8391 594
0.8401 593
0.8411 592
0.8421 591
0.8432 590
0.8441 589
0.8451 588
0.8461 587
0.8471 586
0.8481 585
0.8491 584
0.8501 583
0.8510 582
0.8520 581
0.8529 580
0.8539 579
0.8548 578
0.8557 577
0.8567 576
0.8576 575
0.8588 574
0.8598 573
0.8607 572
0.8616 571
0.8625 570
0.8634 569
0.8642 568
0.8651 567
0.8660 566
0.8669 565
0.8678 564
0.8689 563
0.8699 562
0.8707 561
0.8716 560
0.8725 559
0.8733 558
0.8742 557
0.8751 556
0.8759 555
0.8768 554
0.8776 553
0.8787 552
0.8798 551
0.8807 550
0.8816 549
0.8825 548
0.8833 547
0.8842 546
0.8850 545
0.8859 544
0.8867 543
0.8876 542
0.8884 541
0.8892 540
0.8901 539
0.8909 538
0.8917 537
0.8925 536
0.8934 535
0.8942 534
0.8950 533
0.8958 532
0.8966 531
0.8974 530
0.8982 529
0.8990 528
0.8998 527
0.9006 526
0.9014 525
0.9022 524
0.9030 523
0.9038 522
0.9046 521
0.9054 520
0.9062 519
0.9070 518
0.9078 517
0.9085 516
0.9093 515
0.9101 514
0.9109 513
0.9116 512
0.9124 511
0.9131 510
0.9139 509
0.9146 508
0.9154 507
0.9161 506
0.9169 505
0.9176 504
0.9184 503
0.9191 502
0.9199 501
0.9206 500
0.9213 499
0.9221 498
0.9228 497
0.9235 496
0.9242 495
0.9250 494
0.9257 493
0.9264 492
0.9271 491
0.9279 490
0.9286 489
0.9293 488
0.9300 487
0.9307 486
0.9314 485
0.9321 484
0.9328 483
0.9335 482
0.9342 481
0.9349 480
0.9356 479
0.9363 478
0.9369 477
0.9376 476
0.9383 475
0.9390 474
0.9397 473
0.9403 472
0.9410 471
0.9417 470
0.9423 469
0.9430 468
0.9437 467
0.9443 466
0.9450 465
0.9456 464
0.9463 463
0.9469 462
0.9475 461
0.9482 460
0.9488 459
0.9495 458
0.9501 457
0.9507 456
0.9514 455
0.9520 454
0.9526 453
0.9533 452
0.9539 451
0.9545 450
0.9551 449
0.9557 448
0.9563 447
0.9569 446
0.9575 445
0.9581 444
0.9588 443
0.9594 442
0.9600 441
0.9606 440
0.9612 439
0.9617 438
0.9623 437
0.9629 436
0.9635 435
0.9641 434
0.9646 433
0.9652 432
0.9658 431
0.9663 430
0.9669 429
0.9675 428
0.9680 427
0.9686 426
0.9692 425
0.9697 424
0.9703 423
0.9708 422
0.9714 421
0.9719 420
0.9725 419
0.9730 418
0.9735 417
0.9741 416
0.9746 415
0.9751 414
0.9757 413
0.9762 412
0.9767 411
0.9772 410
0.9778 409
0.9783 408
0.9788 407
0.9793 406
0.9798 405
0.9803 404
0.9808 403
0.9813 402
0.9818 401
0.9823 400
0.9828 399
0.9833 398
0.9838 397
0.9843 396
0.9848 395
0.9853 394
0.9858 393
0.9863 392
0.9868 391
0.9872 390
0.9877 389
18.4002 388
18.4010 387
18.4015 386
18.4020 385
36.8016 384
36.8023 383
36.8028 382
36.8032 381
36.8037 380
51.0070 379
51.0076 378
70.7981 377
70.7988 376
70.7992 375
87.7945 374
109.5784 373
109.5799 372
109.5804 371
109.5808 370
121.7701 369
152.9242 368
152.9254 367
152.9260 366
152.9264 365
180.4994 364
180.5009 363
180.5013 362
180.5018 361
214.7722 360
214.7737 359
214.7742 358
214.7746 357
214.7751 356
242.5593 355
242.5599 354
251.4790 353
264.0810 352
264.0825 351
301.4615 350
301.4621 349
301.4625 348
301.4630 347
301.4634 346
309.9382 345
343.6988 344
343.6995 343
351.9286 342
